[2023-03-30T04:59:49.712+0000] {taskinstance.py:1083} INFO - Dependencies all met for <TaskInstance: ufrn_etl.run_intake_courses manual__2023-03-30T04:58:07.091481+00:00 [queued]>
[2023-03-30T04:59:49.726+0000] {taskinstance.py:1083} INFO - Dependencies all met for <TaskInstance: ufrn_etl.run_intake_courses manual__2023-03-30T04:58:07.091481+00:00 [queued]>
[2023-03-30T04:59:49.726+0000] {taskinstance.py:1279} INFO - 
--------------------------------------------------------------------------------
[2023-03-30T04:59:49.726+0000] {taskinstance.py:1280} INFO - Starting attempt 1 of 2
[2023-03-30T04:59:49.726+0000] {taskinstance.py:1281} INFO - 
--------------------------------------------------------------------------------
[2023-03-30T04:59:49.737+0000] {taskinstance.py:1300} INFO - Executing <Task(PythonOperator): run_intake_courses> on 2023-03-30 04:58:07.091481+00:00
[2023-03-30T04:59:49.743+0000] {standard_task_runner.py:55} INFO - Started process 4115 to run task
[2023-03-30T04:59:49.746+0000] {standard_task_runner.py:82} INFO - Running: ['***', 'tasks', 'run', 'ufrn_etl', 'run_intake_courses', 'manual__2023-03-30T04:58:07.091481+00:00', '--job-id', '56', '--raw', '--subdir', 'DAGS_FOLDER/ufrn_dag.py', '--cfg-path', '/tmp/tmpfxlebkx7']
[2023-03-30T04:59:49.747+0000] {standard_task_runner.py:83} INFO - Job 56: Subtask run_intake_courses
[2023-03-30T04:59:49.797+0000] {task_command.py:388} INFO - Running <TaskInstance: ufrn_etl.run_intake_courses manual__2023-03-30T04:58:07.091481+00:00 [running]> on host 86c02526f58b
[2023-03-30T04:59:49.859+0000] {taskinstance.py:1509} INFO - Exporting the following env vars:
AIRFLOW_CTX_DAG_EMAIL=breno.nahuz@discente.ufma.br
AIRFLOW_CTX_DAG_OWNER=***
AIRFLOW_CTX_DAG_ID=ufrn_etl
AIRFLOW_CTX_TASK_ID=run_intake_courses
AIRFLOW_CTX_EXECUTION_DATE=2023-03-30T04:58:07.091481+00:00
AIRFLOW_CTX_TRY_NUMBER=1
AIRFLOW_CTX_DAG_RUN_ID=manual__2023-03-30T04:58:07.091481+00:00
[2023-03-30T04:59:49.860+0000] {logging_mixin.py:137} INFO - [INFO] - Getting data from https://dados.ufrn.br/dataset/08b0dc59-faa9-4281-bd1e-2a39f532489e/resource/949be3d1-e85b-4d0f-9f60-1d9a7484bb06/download/cursos-ufrn.csv
[2023-03-30T04:59:55.592+0000] {python.py:177} INFO - Done. Returned value was: Inserted courses
[2023-03-30T04:59:55.639+0000] {taskinstance.py:1323} INFO - Marking task as SUCCESS. dag_id=ufrn_etl, task_id=run_intake_courses, execution_date=20230330T045807, start_date=20230330T045949, end_date=20230330T045955
[2023-03-30T04:59:55.712+0000] {local_task_job.py:208} INFO - Task exited with return code 0
[2023-03-30T04:59:55.741+0000] {taskinstance.py:2578} INFO - 0 downstream tasks scheduled from follow-on schedule check
