[2023-03-30T04:47:15.713+0000] {taskinstance.py:1083} INFO - Dependencies all met for <TaskInstance: ufrn_etl.drop_discentes scheduled__2023-03-29T00:00:00+00:00 [queued]>
[2023-03-30T04:47:15.748+0000] {taskinstance.py:1083} INFO - Dependencies all met for <TaskInstance: ufrn_etl.drop_discentes scheduled__2023-03-29T00:00:00+00:00 [queued]>
[2023-03-30T04:47:15.749+0000] {taskinstance.py:1279} INFO - 
--------------------------------------------------------------------------------
[2023-03-30T04:47:15.749+0000] {taskinstance.py:1280} INFO - Starting attempt 1 of 2
[2023-03-30T04:47:15.749+0000] {taskinstance.py:1281} INFO - 
--------------------------------------------------------------------------------
[2023-03-30T04:47:15.800+0000] {taskinstance.py:1300} INFO - Executing <Task(PythonOperator): drop_discentes> on 2023-03-29 00:00:00+00:00
[2023-03-30T04:47:15.822+0000] {standard_task_runner.py:55} INFO - Started process 2184 to run task
[2023-03-30T04:47:15.829+0000] {standard_task_runner.py:82} INFO - Running: ['***', 'tasks', 'run', 'ufrn_etl', 'drop_discentes', 'scheduled__2023-03-29T00:00:00+00:00', '--job-id', '19', '--raw', '--subdir', 'DAGS_FOLDER/ufrn_dag.py', '--cfg-path', '/tmp/tmp71bjclnu']
[2023-03-30T04:47:15.833+0000] {standard_task_runner.py:83} INFO - Job 19: Subtask drop_discentes
[2023-03-30T04:47:15.970+0000] {task_command.py:388} INFO - Running <TaskInstance: ufrn_etl.drop_discentes scheduled__2023-03-29T00:00:00+00:00 [running]> on host 86c02526f58b
[2023-03-30T04:47:16.148+0000] {taskinstance.py:1509} INFO - Exporting the following env vars:
AIRFLOW_CTX_DAG_EMAIL=breno.nahuz@discente.ufma.br
AIRFLOW_CTX_DAG_OWNER=***
AIRFLOW_CTX_DAG_ID=ufrn_etl
AIRFLOW_CTX_TASK_ID=drop_discentes
AIRFLOW_CTX_EXECUTION_DATE=2023-03-29T00:00:00+00:00
AIRFLOW_CTX_TRY_NUMBER=1
AIRFLOW_CTX_DAG_RUN_ID=scheduled__2023-03-29T00:00:00+00:00
[2023-03-30T04:47:20.860+0000] {python.py:177} INFO - Done. Returned value was: {'status': 'Success droping collection.', 'count': 0}
[2023-03-30T04:47:20.896+0000] {taskinstance.py:1323} INFO - Marking task as SUCCESS. dag_id=ufrn_etl, task_id=drop_discentes, execution_date=20230329T000000, start_date=20230330T044715, end_date=20230330T044720
[2023-03-30T04:47:20.947+0000] {local_task_job.py:208} INFO - Task exited with return code 0
[2023-03-30T04:47:20.980+0000] {taskinstance.py:2578} INFO - 0 downstream tasks scheduled from follow-on schedule check
