[2023-03-30T04:59:40.461+0000] {taskinstance.py:1083} INFO - Dependencies all met for <TaskInstance: ufrn_etl.run_intake_units manual__2023-03-30T04:58:07.091481+00:00 [queued]>
[2023-03-30T04:59:40.476+0000] {taskinstance.py:1083} INFO - Dependencies all met for <TaskInstance: ufrn_etl.run_intake_units manual__2023-03-30T04:58:07.091481+00:00 [queued]>
[2023-03-30T04:59:40.477+0000] {taskinstance.py:1279} INFO - 
--------------------------------------------------------------------------------
[2023-03-30T04:59:40.477+0000] {taskinstance.py:1280} INFO - Starting attempt 1 of 2
[2023-03-30T04:59:40.477+0000] {taskinstance.py:1281} INFO - 
--------------------------------------------------------------------------------
[2023-03-30T04:59:40.489+0000] {taskinstance.py:1300} INFO - Executing <Task(PythonOperator): run_intake_units> on 2023-03-30 04:58:07.091481+00:00
[2023-03-30T04:59:40.494+0000] {standard_task_runner.py:55} INFO - Started process 4105 to run task
[2023-03-30T04:59:40.496+0000] {standard_task_runner.py:82} INFO - Running: ['***', 'tasks', 'run', 'ufrn_etl', 'run_intake_units', 'manual__2023-03-30T04:58:07.091481+00:00', '--job-id', '55', '--raw', '--subdir', 'DAGS_FOLDER/ufrn_dag.py', '--cfg-path', '/tmp/tmp9r4qbnkw']
[2023-03-30T04:59:40.497+0000] {standard_task_runner.py:83} INFO - Job 55: Subtask run_intake_units
[2023-03-30T04:59:40.546+0000] {task_command.py:388} INFO - Running <TaskInstance: ufrn_etl.run_intake_units manual__2023-03-30T04:58:07.091481+00:00 [running]> on host 86c02526f58b
[2023-03-30T04:59:40.611+0000] {taskinstance.py:1509} INFO - Exporting the following env vars:
AIRFLOW_CTX_DAG_EMAIL=breno.nahuz@discente.ufma.br
AIRFLOW_CTX_DAG_OWNER=***
AIRFLOW_CTX_DAG_ID=ufrn_etl
AIRFLOW_CTX_TASK_ID=run_intake_units
AIRFLOW_CTX_EXECUTION_DATE=2023-03-30T04:58:07.091481+00:00
AIRFLOW_CTX_TRY_NUMBER=1
AIRFLOW_CTX_DAG_RUN_ID=manual__2023-03-30T04:58:07.091481+00:00
[2023-03-30T04:59:40.612+0000] {logging_mixin.py:137} INFO - [INFO] - Getting data from https://dados.ufrn.br/dataset/da6451a5-1a59-4630-bdc2-97f6be4a59c2/resource/3f2e4e32-ef1a-4396-8037-cbc22a89d97f/download/unidades.csv
[2023-03-30T04:59:47.999+0000] {python.py:177} INFO - Done. Returned value was: Inserted units
[2023-03-30T04:59:48.037+0000] {taskinstance.py:1323} INFO - Marking task as SUCCESS. dag_id=ufrn_etl, task_id=run_intake_units, execution_date=20230330T045807, start_date=20230330T045940, end_date=20230330T045948
[2023-03-30T04:59:48.118+0000] {local_task_job.py:208} INFO - Task exited with return code 0
[2023-03-30T04:59:48.154+0000] {taskinstance.py:2578} INFO - 1 downstream tasks scheduled from follow-on schedule check
