[2023-03-30T04:56:20.308+0000] {taskinstance.py:1083} INFO - Dependencies all met for <TaskInstance: ufrn_etl.drop_tccs manual__2023-03-30T04:56:18.612398+00:00 [queued]>
[2023-03-30T04:56:20.327+0000] {taskinstance.py:1083} INFO - Dependencies all met for <TaskInstance: ufrn_etl.drop_tccs manual__2023-03-30T04:56:18.612398+00:00 [queued]>
[2023-03-30T04:56:20.327+0000] {taskinstance.py:1279} INFO - 
--------------------------------------------------------------------------------
[2023-03-30T04:56:20.327+0000] {taskinstance.py:1280} INFO - Starting attempt 1 of 2
[2023-03-30T04:56:20.327+0000] {taskinstance.py:1281} INFO - 
--------------------------------------------------------------------------------
[2023-03-30T04:56:20.366+0000] {taskinstance.py:1300} INFO - Executing <Task(PythonOperator): drop_tccs> on 2023-03-30 04:56:18.612398+00:00
[2023-03-30T04:56:20.376+0000] {standard_task_runner.py:55} INFO - Started process 3491 to run task
[2023-03-30T04:56:20.383+0000] {standard_task_runner.py:82} INFO - Running: ['***', 'tasks', 'run', 'ufrn_etl', 'drop_tccs', 'manual__2023-03-30T04:56:18.612398+00:00', '--job-id', '40', '--raw', '--subdir', 'DAGS_FOLDER/ufrn_dag.py', '--cfg-path', '/tmp/tmpbd1mo0t1']
[2023-03-30T04:56:20.385+0000] {standard_task_runner.py:83} INFO - Job 40: Subtask drop_tccs
[2023-03-30T04:56:20.462+0000] {task_command.py:388} INFO - Running <TaskInstance: ufrn_etl.drop_tccs manual__2023-03-30T04:56:18.612398+00:00 [running]> on host 86c02526f58b
[2023-03-30T04:56:20.536+0000] {taskinstance.py:1509} INFO - Exporting the following env vars:
AIRFLOW_CTX_DAG_EMAIL=breno.nahuz@discente.ufma.br
AIRFLOW_CTX_DAG_OWNER=***
AIRFLOW_CTX_DAG_ID=ufrn_etl
AIRFLOW_CTX_TASK_ID=drop_tccs
AIRFLOW_CTX_EXECUTION_DATE=2023-03-30T04:56:18.612398+00:00
AIRFLOW_CTX_TRY_NUMBER=1
AIRFLOW_CTX_DAG_RUN_ID=manual__2023-03-30T04:56:18.612398+00:00
[2023-03-30T04:56:23.612+0000] {python.py:177} INFO - Done. Returned value was: {'status': 'Success droping collection.', 'count': 0}
[2023-03-30T04:56:23.644+0000] {taskinstance.py:1323} INFO - Marking task as SUCCESS. dag_id=ufrn_etl, task_id=drop_tccs, execution_date=20230330T045618, start_date=20230330T045620, end_date=20230330T045623
[2023-03-30T04:56:23.687+0000] {local_task_job.py:208} INFO - Task exited with return code 0
[2023-03-30T04:56:23.798+0000] {taskinstance.py:2578} INFO - 0 downstream tasks scheduled from follow-on schedule check
