[2023-03-30T04:58:27.400+0000] {taskinstance.py:1083} INFO - Dependencies all met for <TaskInstance: ufrn_etl.run_intake_discentes manual__2023-03-30T04:58:07.091481+00:00 [queued]>
[2023-03-30T04:58:27.415+0000] {taskinstance.py:1083} INFO - Dependencies all met for <TaskInstance: ufrn_etl.run_intake_discentes manual__2023-03-30T04:58:07.091481+00:00 [queued]>
[2023-03-30T04:58:27.415+0000] {taskinstance.py:1279} INFO - 
--------------------------------------------------------------------------------
[2023-03-30T04:58:27.415+0000] {taskinstance.py:1280} INFO - Starting attempt 1 of 2
[2023-03-30T04:58:27.415+0000] {taskinstance.py:1281} INFO - 
--------------------------------------------------------------------------------
[2023-03-30T04:58:27.428+0000] {taskinstance.py:1300} INFO - Executing <Task(PythonOperator): run_intake_discentes> on 2023-03-30 04:58:07.091481+00:00
[2023-03-30T04:58:27.434+0000] {standard_task_runner.py:55} INFO - Started process 3919 to run task
[2023-03-30T04:58:27.437+0000] {standard_task_runner.py:82} INFO - Running: ['***', 'tasks', 'run', 'ufrn_etl', 'run_intake_discentes', 'manual__2023-03-30T04:58:07.091481+00:00', '--job-id', '52', '--raw', '--subdir', 'DAGS_FOLDER/ufrn_dag.py', '--cfg-path', '/tmp/tmp69w3v280']
[2023-03-30T04:58:27.439+0000] {standard_task_runner.py:83} INFO - Job 52: Subtask run_intake_discentes
[2023-03-30T04:58:27.490+0000] {task_command.py:388} INFO - Running <TaskInstance: ufrn_etl.run_intake_discentes manual__2023-03-30T04:58:07.091481+00:00 [running]> on host 86c02526f58b
[2023-03-30T04:58:27.551+0000] {taskinstance.py:1509} INFO - Exporting the following env vars:
AIRFLOW_CTX_DAG_EMAIL=breno.nahuz@discente.ufma.br
AIRFLOW_CTX_DAG_OWNER=***
AIRFLOW_CTX_DAG_ID=ufrn_etl
AIRFLOW_CTX_TASK_ID=run_intake_discentes
AIRFLOW_CTX_EXECUTION_DATE=2023-03-30T04:58:07.091481+00:00
AIRFLOW_CTX_TRY_NUMBER=1
AIRFLOW_CTX_DAG_RUN_ID=manual__2023-03-30T04:58:07.091481+00:00
[2023-03-30T04:58:27.552+0000] {logging_mixin.py:137} INFO - [INFO] - Getting data from https://dados.ufrn.br//dataset/554c2d41-cfce-4278-93c6-eb9aa49c5d16/resource/14afbb6c-395e-411c-b24d-0e494cb95866/download/discentes-2023.csv
[2023-03-30T04:58:50.648+0000] {python.py:177} INFO - Done. Returned value was: Inserted students
[2023-03-30T04:58:50.673+0000] {taskinstance.py:1323} INFO - Marking task as SUCCESS. dag_id=ufrn_etl, task_id=run_intake_discentes, execution_date=20230330T045807, start_date=20230330T045827, end_date=20230330T045850
[2023-03-30T04:58:50.732+0000] {local_task_job.py:208} INFO - Task exited with return code 0
[2023-03-30T04:58:50.760+0000] {taskinstance.py:2578} INFO - 1 downstream tasks scheduled from follow-on schedule check
