[2023-03-30T04:47:15.761+0000] {taskinstance.py:1083} INFO - Dependencies all met for <TaskInstance: ufrn_etl.drop_cursos scheduled__2023-03-29T00:00:00+00:00 [queued]>
[2023-03-30T04:47:15.783+0000] {taskinstance.py:1083} INFO - Dependencies all met for <TaskInstance: ufrn_etl.drop_cursos scheduled__2023-03-29T00:00:00+00:00 [queued]>
[2023-03-30T04:47:15.784+0000] {taskinstance.py:1279} INFO - 
--------------------------------------------------------------------------------
[2023-03-30T04:47:15.784+0000] {taskinstance.py:1280} INFO - Starting attempt 1 of 2
[2023-03-30T04:47:15.784+0000] {taskinstance.py:1281} INFO - 
--------------------------------------------------------------------------------
[2023-03-30T04:47:15.824+0000] {taskinstance.py:1300} INFO - Executing <Task(PythonOperator): drop_cursos> on 2023-03-29 00:00:00+00:00
[2023-03-30T04:47:15.853+0000] {standard_task_runner.py:55} INFO - Started process 2187 to run task
[2023-03-30T04:47:15.877+0000] {standard_task_runner.py:82} INFO - Running: ['***', 'tasks', 'run', 'ufrn_etl', 'drop_cursos', 'scheduled__2023-03-29T00:00:00+00:00', '--job-id', '23', '--raw', '--subdir', 'DAGS_FOLDER/ufrn_dag.py', '--cfg-path', '/tmp/tmp5874jral']
[2023-03-30T04:47:15.883+0000] {standard_task_runner.py:83} INFO - Job 23: Subtask drop_cursos
[2023-03-30T04:47:16.065+0000] {task_command.py:388} INFO - Running <TaskInstance: ufrn_etl.drop_cursos scheduled__2023-03-29T00:00:00+00:00 [running]> on host 86c02526f58b
[2023-03-30T04:47:16.172+0000] {taskinstance.py:1509} INFO - Exporting the following env vars:
AIRFLOW_CTX_DAG_EMAIL=breno.nahuz@discente.ufma.br
AIRFLOW_CTX_DAG_OWNER=***
AIRFLOW_CTX_DAG_ID=ufrn_etl
AIRFLOW_CTX_TASK_ID=drop_cursos
AIRFLOW_CTX_EXECUTION_DATE=2023-03-29T00:00:00+00:00
AIRFLOW_CTX_TRY_NUMBER=1
AIRFLOW_CTX_DAG_RUN_ID=scheduled__2023-03-29T00:00:00+00:00
[2023-03-30T04:47:19.877+0000] {python.py:177} INFO - Done. Returned value was: {'status': 'Success droping collection.', 'count': 0}
[2023-03-30T04:47:19.909+0000] {taskinstance.py:1323} INFO - Marking task as SUCCESS. dag_id=ufrn_etl, task_id=drop_cursos, execution_date=20230329T000000, start_date=20230330T044715, end_date=20230330T044719
[2023-03-30T04:47:19.978+0000] {local_task_job.py:208} INFO - Task exited with return code 0
[2023-03-30T04:47:20.017+0000] {taskinstance.py:2578} INFO - 0 downstream tasks scheduled from follow-on schedule check
