[2023-03-30T04:59:32.661+0000] {taskinstance.py:1083} INFO - Dependencies all met for <TaskInstance: ufrn_etl.run_intake_research_groups manual__2023-03-30T04:58:07.091481+00:00 [queued]>
[2023-03-30T04:59:32.677+0000] {taskinstance.py:1083} INFO - Dependencies all met for <TaskInstance: ufrn_etl.run_intake_research_groups manual__2023-03-30T04:58:07.091481+00:00 [queued]>
[2023-03-30T04:59:32.677+0000] {taskinstance.py:1279} INFO - 
--------------------------------------------------------------------------------
[2023-03-30T04:59:32.678+0000] {taskinstance.py:1280} INFO - Starting attempt 1 of 2
[2023-03-30T04:59:32.678+0000] {taskinstance.py:1281} INFO - 
--------------------------------------------------------------------------------
[2023-03-30T04:59:32.696+0000] {taskinstance.py:1300} INFO - Executing <Task(PythonOperator): run_intake_research_groups> on 2023-03-30 04:58:07.091481+00:00
[2023-03-30T04:59:32.704+0000] {standard_task_runner.py:55} INFO - Started process 4071 to run task
[2023-03-30T04:59:32.708+0000] {standard_task_runner.py:82} INFO - Running: ['***', 'tasks', 'run', 'ufrn_etl', 'run_intake_research_groups', 'manual__2023-03-30T04:58:07.091481+00:00', '--job-id', '54', '--raw', '--subdir', 'DAGS_FOLDER/ufrn_dag.py', '--cfg-path', '/tmp/tmp_w3w4ksl']
[2023-03-30T04:59:32.709+0000] {standard_task_runner.py:83} INFO - Job 54: Subtask run_intake_research_groups
[2023-03-30T04:59:32.770+0000] {task_command.py:388} INFO - Running <TaskInstance: ufrn_etl.run_intake_research_groups manual__2023-03-30T04:58:07.091481+00:00 [running]> on host 86c02526f58b
[2023-03-30T04:59:32.847+0000] {taskinstance.py:1509} INFO - Exporting the following env vars:
AIRFLOW_CTX_DAG_EMAIL=breno.nahuz@discente.ufma.br
AIRFLOW_CTX_DAG_OWNER=***
AIRFLOW_CTX_DAG_ID=ufrn_etl
AIRFLOW_CTX_TASK_ID=run_intake_research_groups
AIRFLOW_CTX_EXECUTION_DATE=2023-03-30T04:58:07.091481+00:00
AIRFLOW_CTX_TRY_NUMBER=1
AIRFLOW_CTX_DAG_RUN_ID=manual__2023-03-30T04:58:07.091481+00:00
[2023-03-30T04:59:32.848+0000] {logging_mixin.py:137} INFO - [INFO] - Getting data from https://dados.ufrn.br/dataset/e8835880-9cc8-4d36-b578-af09d16fa5e4/resource/09951a7c-46c4-4d1b-a537-2e50caa070c4/download/grupos-de-pesquisa.csv
[2023-03-30T04:59:39.789+0000] {python.py:177} INFO - Done. Returned value was: Inserted research groups
[2023-03-30T04:59:39.822+0000] {taskinstance.py:1323} INFO - Marking task as SUCCESS. dag_id=ufrn_etl, task_id=run_intake_research_groups, execution_date=20230330T045807, start_date=20230330T045932, end_date=20230330T045939
[2023-03-30T04:59:39.885+0000] {local_task_job.py:208} INFO - Task exited with return code 0
[2023-03-30T04:59:39.942+0000] {taskinstance.py:2578} INFO - 0 downstream tasks scheduled from follow-on schedule check
