[2023-03-30T04:56:09.546+0000] {taskinstance.py:1083} INFO - Dependencies all met for <TaskInstance: ufrn_etl.run_intake_docentes scheduled__2023-03-28T00:00:00+00:00 [queued]>
[2023-03-30T04:56:09.558+0000] {taskinstance.py:1083} INFO - Dependencies all met for <TaskInstance: ufrn_etl.run_intake_docentes scheduled__2023-03-28T00:00:00+00:00 [queued]>
[2023-03-30T04:56:09.558+0000] {taskinstance.py:1279} INFO - 
--------------------------------------------------------------------------------
[2023-03-30T04:56:09.558+0000] {taskinstance.py:1280} INFO - Starting attempt 2 of 2
[2023-03-30T04:56:09.558+0000] {taskinstance.py:1281} INFO - 
--------------------------------------------------------------------------------
[2023-03-30T04:56:09.573+0000] {taskinstance.py:1300} INFO - Executing <Task(PythonOperator): run_intake_docentes> on 2023-03-28 00:00:00+00:00
[2023-03-30T04:56:09.583+0000] {standard_task_runner.py:55} INFO - Started process 3435 to run task
[2023-03-30T04:56:09.586+0000] {standard_task_runner.py:82} INFO - Running: ['***', 'tasks', 'run', 'ufrn_etl', 'run_intake_docentes', 'scheduled__2023-03-28T00:00:00+00:00', '--job-id', '34', '--raw', '--subdir', 'DAGS_FOLDER/ufrn_dag.py', '--cfg-path', '/tmp/tmpxr4pnfap']
[2023-03-30T04:56:09.589+0000] {standard_task_runner.py:83} INFO - Job 34: Subtask run_intake_docentes
[2023-03-30T04:56:09.687+0000] {task_command.py:388} INFO - Running <TaskInstance: ufrn_etl.run_intake_docentes scheduled__2023-03-28T00:00:00+00:00 [running]> on host 86c02526f58b
[2023-03-30T04:56:09.762+0000] {taskinstance.py:1509} INFO - Exporting the following env vars:
AIRFLOW_CTX_DAG_EMAIL=breno.nahuz@discente.ufma.br
AIRFLOW_CTX_DAG_OWNER=***
AIRFLOW_CTX_DAG_ID=ufrn_etl
AIRFLOW_CTX_TASK_ID=run_intake_docentes
AIRFLOW_CTX_EXECUTION_DATE=2023-03-28T00:00:00+00:00
AIRFLOW_CTX_TRY_NUMBER=2
AIRFLOW_CTX_DAG_RUN_ID=scheduled__2023-03-28T00:00:00+00:00
[2023-03-30T04:56:09.764+0000] {logging_mixin.py:137} INFO - [INFO] - Getting data from https://dados.ufrn.br/dataset/8bf1a468-48ff-4f4d-95ee-b17b7a3a5592/resource/6a8e5461-e748-45c6-aac6-432188d88dde/download/docentes.csv
[2023-03-30T04:56:20.210+0000] {python.py:177} INFO - Done. Returned value was: Inserted docentes
[2023-03-30T04:56:20.251+0000] {taskinstance.py:1323} INFO - Marking task as SUCCESS. dag_id=ufrn_etl, task_id=run_intake_docentes, execution_date=20230328T000000, start_date=20230330T045609, end_date=20230330T045620
[2023-03-30T04:56:20.333+0000] {local_task_job.py:208} INFO - Task exited with return code 0
[2023-03-30T04:56:20.381+0000] {taskinstance.py:2578} INFO - 1 downstream tasks scheduled from follow-on schedule check
