[2023-03-10T02:05:48.967+0000] {processor.py:153} INFO - Started process (PID=192) to work on /home/airflow/.local/lib/python3.7/site-packages/airflow/example_dags/example_python_operator.py
[2023-03-10T02:05:48.968+0000] {processor.py:743} INFO - Processing file /home/airflow/.local/lib/python3.7/site-packages/airflow/example_dags/example_python_operator.py for tasks to queue
[2023-03-10T02:05:48.968+0000] {logging_mixin.py:137} INFO - [2023-03-10T02:05:48.968+0000] {dagbag.py:538} INFO - Filling up the DagBag from /home/airflow/.local/lib/python3.7/site-packages/airflow/example_dags/example_python_operator.py
[2023-03-10T02:05:48.988+0000] {logging_mixin.py:137} INFO - [2023-03-10T02:05:48.988+0000] {taskmixin.py:205} WARNING - Dependency <Task(_PythonDecoratedOperator): print_the_context>, log_sql_query already registered for DAG: example_python_operator
[2023-03-10T02:05:48.988+0000] {logging_mixin.py:137} INFO - [2023-03-10T02:05:48.988+0000] {taskmixin.py:205} WARNING - Dependency <Task(_PythonDecoratedOperator): log_sql_query>, print_the_context already registered for DAG: example_python_operator
[2023-03-10T02:05:48.989+0000] {logging_mixin.py:137} INFO - [2023-03-10T02:05:48.989+0000] {taskmixin.py:205} WARNING - Dependency <Task(_PythonDecoratedOperator): print_the_context>, log_sql_query already registered for DAG: example_python_operator
[2023-03-10T02:05:48.989+0000] {logging_mixin.py:137} INFO - [2023-03-10T02:05:48.989+0000] {taskmixin.py:205} WARNING - Dependency <Task(_PythonDecoratedOperator): log_sql_query>, print_the_context already registered for DAG: example_python_operator
[2023-03-10T02:05:48.990+0000] {logging_mixin.py:137} INFO - [2023-03-10T02:05:48.990+0000] {taskmixin.py:205} WARNING - Dependency <Task(_PythonDecoratedOperator): print_the_context>, log_sql_query already registered for DAG: example_python_operator
[2023-03-10T02:05:48.990+0000] {logging_mixin.py:137} INFO - [2023-03-10T02:05:48.990+0000] {taskmixin.py:205} WARNING - Dependency <Task(_PythonDecoratedOperator): log_sql_query>, print_the_context already registered for DAG: example_python_operator
[2023-03-10T02:05:48.991+0000] {logging_mixin.py:137} INFO - [2023-03-10T02:05:48.991+0000] {taskmixin.py:205} WARNING - Dependency <Task(_PythonDecoratedOperator): print_the_context>, log_sql_query already registered for DAG: example_python_operator
[2023-03-10T02:05:48.991+0000] {logging_mixin.py:137} INFO - [2023-03-10T02:05:48.991+0000] {taskmixin.py:205} WARNING - Dependency <Task(_PythonDecoratedOperator): log_sql_query>, print_the_context already registered for DAG: example_python_operator
[2023-03-10T02:05:49.000+0000] {processor.py:753} INFO - DAG(s) dict_keys(['example_python_operator']) retrieved from /home/airflow/.local/lib/python3.7/site-packages/airflow/example_dags/example_python_operator.py
[2023-03-10T02:05:49.012+0000] {logging_mixin.py:137} INFO - [2023-03-10T02:05:49.012+0000] {dag.py:2690} INFO - Sync 1 DAGs
[2023-03-10T02:05:49.052+0000] {logging_mixin.py:137} INFO - [2023-03-10T02:05:49.051+0000] {dag.py:3441} INFO - Setting next_dagrun for example_python_operator to None, run_after=None
[2023-03-10T02:05:49.084+0000] {processor.py:175} INFO - Processing /home/airflow/.local/lib/python3.7/site-packages/airflow/example_dags/example_python_operator.py took 0.121 seconds
[2023-03-10T02:06:19.567+0000] {processor.py:153} INFO - Started process (PID=464) to work on /home/airflow/.local/lib/python3.7/site-packages/airflow/example_dags/example_python_operator.py
[2023-03-10T02:06:19.568+0000] {processor.py:743} INFO - Processing file /home/airflow/.local/lib/python3.7/site-packages/airflow/example_dags/example_python_operator.py for tasks to queue
[2023-03-10T02:06:19.569+0000] {logging_mixin.py:137} INFO - [2023-03-10T02:06:19.569+0000] {dagbag.py:538} INFO - Filling up the DagBag from /home/airflow/.local/lib/python3.7/site-packages/airflow/example_dags/example_python_operator.py
[2023-03-10T02:06:19.584+0000] {logging_mixin.py:137} INFO - [2023-03-10T02:06:19.584+0000] {taskmixin.py:205} WARNING - Dependency <Task(_PythonDecoratedOperator): print_the_context>, log_sql_query already registered for DAG: example_python_operator
[2023-03-10T02:06:19.585+0000] {logging_mixin.py:137} INFO - [2023-03-10T02:06:19.585+0000] {taskmixin.py:205} WARNING - Dependency <Task(_PythonDecoratedOperator): log_sql_query>, print_the_context already registered for DAG: example_python_operator
[2023-03-10T02:06:19.585+0000] {logging_mixin.py:137} INFO - [2023-03-10T02:06:19.585+0000] {taskmixin.py:205} WARNING - Dependency <Task(_PythonDecoratedOperator): print_the_context>, log_sql_query already registered for DAG: example_python_operator
[2023-03-10T02:06:19.585+0000] {logging_mixin.py:137} INFO - [2023-03-10T02:06:19.585+0000] {taskmixin.py:205} WARNING - Dependency <Task(_PythonDecoratedOperator): log_sql_query>, print_the_context already registered for DAG: example_python_operator
[2023-03-10T02:06:19.586+0000] {logging_mixin.py:137} INFO - [2023-03-10T02:06:19.586+0000] {taskmixin.py:205} WARNING - Dependency <Task(_PythonDecoratedOperator): print_the_context>, log_sql_query already registered for DAG: example_python_operator
[2023-03-10T02:06:19.586+0000] {logging_mixin.py:137} INFO - [2023-03-10T02:06:19.586+0000] {taskmixin.py:205} WARNING - Dependency <Task(_PythonDecoratedOperator): log_sql_query>, print_the_context already registered for DAG: example_python_operator
[2023-03-10T02:06:19.586+0000] {logging_mixin.py:137} INFO - [2023-03-10T02:06:19.586+0000] {taskmixin.py:205} WARNING - Dependency <Task(_PythonDecoratedOperator): print_the_context>, log_sql_query already registered for DAG: example_python_operator
[2023-03-10T02:06:19.586+0000] {logging_mixin.py:137} INFO - [2023-03-10T02:06:19.586+0000] {taskmixin.py:205} WARNING - Dependency <Task(_PythonDecoratedOperator): log_sql_query>, print_the_context already registered for DAG: example_python_operator
[2023-03-10T02:06:19.592+0000] {processor.py:753} INFO - DAG(s) dict_keys(['example_python_operator']) retrieved from /home/airflow/.local/lib/python3.7/site-packages/airflow/example_dags/example_python_operator.py
[2023-03-10T02:06:19.652+0000] {logging_mixin.py:137} INFO - [2023-03-10T02:06:19.652+0000] {dag.py:2690} INFO - Sync 1 DAGs
[2023-03-10T02:06:19.674+0000] {logging_mixin.py:137} INFO - [2023-03-10T02:06:19.674+0000] {dag.py:3441} INFO - Setting next_dagrun for example_python_operator to None, run_after=None
[2023-03-10T02:06:19.694+0000] {processor.py:175} INFO - Processing /home/airflow/.local/lib/python3.7/site-packages/airflow/example_dags/example_python_operator.py took 0.130 seconds
[2023-03-10T02:06:50.137+0000] {processor.py:153} INFO - Started process (PID=712) to work on /home/airflow/.local/lib/python3.7/site-packages/airflow/example_dags/example_python_operator.py
[2023-03-10T02:06:50.137+0000] {processor.py:743} INFO - Processing file /home/airflow/.local/lib/python3.7/site-packages/airflow/example_dags/example_python_operator.py for tasks to queue
[2023-03-10T02:06:50.138+0000] {logging_mixin.py:137} INFO - [2023-03-10T02:06:50.138+0000] {dagbag.py:538} INFO - Filling up the DagBag from /home/airflow/.local/lib/python3.7/site-packages/airflow/example_dags/example_python_operator.py
[2023-03-10T02:06:50.153+0000] {logging_mixin.py:137} INFO - [2023-03-10T02:06:50.153+0000] {taskmixin.py:205} WARNING - Dependency <Task(_PythonDecoratedOperator): print_the_context>, log_sql_query already registered for DAG: example_python_operator
[2023-03-10T02:06:50.153+0000] {logging_mixin.py:137} INFO - [2023-03-10T02:06:50.153+0000] {taskmixin.py:205} WARNING - Dependency <Task(_PythonDecoratedOperator): log_sql_query>, print_the_context already registered for DAG: example_python_operator
[2023-03-10T02:06:50.154+0000] {logging_mixin.py:137} INFO - [2023-03-10T02:06:50.154+0000] {taskmixin.py:205} WARNING - Dependency <Task(_PythonDecoratedOperator): print_the_context>, log_sql_query already registered for DAG: example_python_operator
[2023-03-10T02:06:50.154+0000] {logging_mixin.py:137} INFO - [2023-03-10T02:06:50.154+0000] {taskmixin.py:205} WARNING - Dependency <Task(_PythonDecoratedOperator): log_sql_query>, print_the_context already registered for DAG: example_python_operator
[2023-03-10T02:06:50.154+0000] {logging_mixin.py:137} INFO - [2023-03-10T02:06:50.154+0000] {taskmixin.py:205} WARNING - Dependency <Task(_PythonDecoratedOperator): print_the_context>, log_sql_query already registered for DAG: example_python_operator
[2023-03-10T02:06:50.155+0000] {logging_mixin.py:137} INFO - [2023-03-10T02:06:50.155+0000] {taskmixin.py:205} WARNING - Dependency <Task(_PythonDecoratedOperator): log_sql_query>, print_the_context already registered for DAG: example_python_operator
[2023-03-10T02:06:50.155+0000] {logging_mixin.py:137} INFO - [2023-03-10T02:06:50.155+0000] {taskmixin.py:205} WARNING - Dependency <Task(_PythonDecoratedOperator): print_the_context>, log_sql_query already registered for DAG: example_python_operator
[2023-03-10T02:06:50.155+0000] {logging_mixin.py:137} INFO - [2023-03-10T02:06:50.155+0000] {taskmixin.py:205} WARNING - Dependency <Task(_PythonDecoratedOperator): log_sql_query>, print_the_context already registered for DAG: example_python_operator
[2023-03-10T02:06:50.167+0000] {processor.py:753} INFO - DAG(s) dict_keys(['example_python_operator']) retrieved from /home/airflow/.local/lib/python3.7/site-packages/airflow/example_dags/example_python_operator.py
[2023-03-10T02:06:50.209+0000] {logging_mixin.py:137} INFO - [2023-03-10T02:06:50.208+0000] {dag.py:2690} INFO - Sync 1 DAGs
[2023-03-10T02:06:50.249+0000] {logging_mixin.py:137} INFO - [2023-03-10T02:06:50.248+0000] {dag.py:3441} INFO - Setting next_dagrun for example_python_operator to None, run_after=None
[2023-03-10T02:06:50.282+0000] {processor.py:175} INFO - Processing /home/airflow/.local/lib/python3.7/site-packages/airflow/example_dags/example_python_operator.py took 0.148 seconds
[2023-03-10T02:07:20.953+0000] {processor.py:153} INFO - Started process (PID=985) to work on /home/airflow/.local/lib/python3.7/site-packages/airflow/example_dags/example_python_operator.py
[2023-03-10T02:07:20.954+0000] {processor.py:743} INFO - Processing file /home/airflow/.local/lib/python3.7/site-packages/airflow/example_dags/example_python_operator.py for tasks to queue
[2023-03-10T02:07:20.955+0000] {logging_mixin.py:137} INFO - [2023-03-10T02:07:20.955+0000] {dagbag.py:538} INFO - Filling up the DagBag from /home/airflow/.local/lib/python3.7/site-packages/airflow/example_dags/example_python_operator.py
[2023-03-10T02:07:20.973+0000] {logging_mixin.py:137} INFO - [2023-03-10T02:07:20.973+0000] {taskmixin.py:205} WARNING - Dependency <Task(_PythonDecoratedOperator): print_the_context>, log_sql_query already registered for DAG: example_python_operator
[2023-03-10T02:07:20.973+0000] {logging_mixin.py:137} INFO - [2023-03-10T02:07:20.973+0000] {taskmixin.py:205} WARNING - Dependency <Task(_PythonDecoratedOperator): log_sql_query>, print_the_context already registered for DAG: example_python_operator
[2023-03-10T02:07:20.974+0000] {logging_mixin.py:137} INFO - [2023-03-10T02:07:20.974+0000] {taskmixin.py:205} WARNING - Dependency <Task(_PythonDecoratedOperator): print_the_context>, log_sql_query already registered for DAG: example_python_operator
[2023-03-10T02:07:20.974+0000] {logging_mixin.py:137} INFO - [2023-03-10T02:07:20.974+0000] {taskmixin.py:205} WARNING - Dependency <Task(_PythonDecoratedOperator): log_sql_query>, print_the_context already registered for DAG: example_python_operator
[2023-03-10T02:07:20.975+0000] {logging_mixin.py:137} INFO - [2023-03-10T02:07:20.975+0000] {taskmixin.py:205} WARNING - Dependency <Task(_PythonDecoratedOperator): print_the_context>, log_sql_query already registered for DAG: example_python_operator
[2023-03-10T02:07:20.975+0000] {logging_mixin.py:137} INFO - [2023-03-10T02:07:20.975+0000] {taskmixin.py:205} WARNING - Dependency <Task(_PythonDecoratedOperator): log_sql_query>, print_the_context already registered for DAG: example_python_operator
[2023-03-10T02:07:20.976+0000] {logging_mixin.py:137} INFO - [2023-03-10T02:07:20.976+0000] {taskmixin.py:205} WARNING - Dependency <Task(_PythonDecoratedOperator): print_the_context>, log_sql_query already registered for DAG: example_python_operator
[2023-03-10T02:07:20.976+0000] {logging_mixin.py:137} INFO - [2023-03-10T02:07:20.976+0000] {taskmixin.py:205} WARNING - Dependency <Task(_PythonDecoratedOperator): log_sql_query>, print_the_context already registered for DAG: example_python_operator
[2023-03-10T02:07:20.982+0000] {processor.py:753} INFO - DAG(s) dict_keys(['example_python_operator']) retrieved from /home/airflow/.local/lib/python3.7/site-packages/airflow/example_dags/example_python_operator.py
[2023-03-10T02:07:21.008+0000] {logging_mixin.py:137} INFO - [2023-03-10T02:07:21.007+0000] {dag.py:2690} INFO - Sync 1 DAGs
[2023-03-10T02:07:21.032+0000] {logging_mixin.py:137} INFO - [2023-03-10T02:07:21.032+0000] {dag.py:3441} INFO - Setting next_dagrun for example_python_operator to None, run_after=None
[2023-03-10T02:07:21.052+0000] {processor.py:175} INFO - Processing /home/airflow/.local/lib/python3.7/site-packages/airflow/example_dags/example_python_operator.py took 0.101 seconds
[2023-03-10T02:07:51.386+0000] {processor.py:153} INFO - Started process (PID=1233) to work on /home/airflow/.local/lib/python3.7/site-packages/airflow/example_dags/example_python_operator.py
[2023-03-10T02:07:51.386+0000] {processor.py:743} INFO - Processing file /home/airflow/.local/lib/python3.7/site-packages/airflow/example_dags/example_python_operator.py for tasks to queue
[2023-03-10T02:07:51.387+0000] {logging_mixin.py:137} INFO - [2023-03-10T02:07:51.387+0000] {dagbag.py:538} INFO - Filling up the DagBag from /home/airflow/.local/lib/python3.7/site-packages/airflow/example_dags/example_python_operator.py
[2023-03-10T02:07:51.402+0000] {logging_mixin.py:137} INFO - [2023-03-10T02:07:51.402+0000] {taskmixin.py:205} WARNING - Dependency <Task(_PythonDecoratedOperator): print_the_context>, log_sql_query already registered for DAG: example_python_operator
[2023-03-10T02:07:51.403+0000] {logging_mixin.py:137} INFO - [2023-03-10T02:07:51.403+0000] {taskmixin.py:205} WARNING - Dependency <Task(_PythonDecoratedOperator): log_sql_query>, print_the_context already registered for DAG: example_python_operator
[2023-03-10T02:07:51.403+0000] {logging_mixin.py:137} INFO - [2023-03-10T02:07:51.403+0000] {taskmixin.py:205} WARNING - Dependency <Task(_PythonDecoratedOperator): print_the_context>, log_sql_query already registered for DAG: example_python_operator
[2023-03-10T02:07:51.403+0000] {logging_mixin.py:137} INFO - [2023-03-10T02:07:51.403+0000] {taskmixin.py:205} WARNING - Dependency <Task(_PythonDecoratedOperator): log_sql_query>, print_the_context already registered for DAG: example_python_operator
[2023-03-10T02:07:51.404+0000] {logging_mixin.py:137} INFO - [2023-03-10T02:07:51.404+0000] {taskmixin.py:205} WARNING - Dependency <Task(_PythonDecoratedOperator): print_the_context>, log_sql_query already registered for DAG: example_python_operator
[2023-03-10T02:07:51.404+0000] {logging_mixin.py:137} INFO - [2023-03-10T02:07:51.404+0000] {taskmixin.py:205} WARNING - Dependency <Task(_PythonDecoratedOperator): log_sql_query>, print_the_context already registered for DAG: example_python_operator
[2023-03-10T02:07:51.404+0000] {logging_mixin.py:137} INFO - [2023-03-10T02:07:51.404+0000] {taskmixin.py:205} WARNING - Dependency <Task(_PythonDecoratedOperator): print_the_context>, log_sql_query already registered for DAG: example_python_operator
[2023-03-10T02:07:51.404+0000] {logging_mixin.py:137} INFO - [2023-03-10T02:07:51.404+0000] {taskmixin.py:205} WARNING - Dependency <Task(_PythonDecoratedOperator): log_sql_query>, print_the_context already registered for DAG: example_python_operator
[2023-03-10T02:07:51.410+0000] {processor.py:753} INFO - DAG(s) dict_keys(['example_python_operator']) retrieved from /home/airflow/.local/lib/python3.7/site-packages/airflow/example_dags/example_python_operator.py
[2023-03-10T02:07:51.433+0000] {logging_mixin.py:137} INFO - [2023-03-10T02:07:51.433+0000] {dag.py:2690} INFO - Sync 1 DAGs
[2023-03-10T02:07:51.456+0000] {logging_mixin.py:137} INFO - [2023-03-10T02:07:51.456+0000] {dag.py:3441} INFO - Setting next_dagrun for example_python_operator to None, run_after=None
[2023-03-10T02:07:51.475+0000] {processor.py:175} INFO - Processing /home/airflow/.local/lib/python3.7/site-packages/airflow/example_dags/example_python_operator.py took 0.092 seconds
[2023-03-10T02:08:21.743+0000] {processor.py:153} INFO - Started process (PID=1505) to work on /home/airflow/.local/lib/python3.7/site-packages/airflow/example_dags/example_python_operator.py
[2023-03-10T02:08:21.744+0000] {processor.py:743} INFO - Processing file /home/airflow/.local/lib/python3.7/site-packages/airflow/example_dags/example_python_operator.py for tasks to queue
[2023-03-10T02:08:21.744+0000] {logging_mixin.py:137} INFO - [2023-03-10T02:08:21.744+0000] {dagbag.py:538} INFO - Filling up the DagBag from /home/airflow/.local/lib/python3.7/site-packages/airflow/example_dags/example_python_operator.py
[2023-03-10T02:08:21.759+0000] {logging_mixin.py:137} INFO - [2023-03-10T02:08:21.759+0000] {taskmixin.py:205} WARNING - Dependency <Task(_PythonDecoratedOperator): print_the_context>, log_sql_query already registered for DAG: example_python_operator
[2023-03-10T02:08:21.759+0000] {logging_mixin.py:137} INFO - [2023-03-10T02:08:21.759+0000] {taskmixin.py:205} WARNING - Dependency <Task(_PythonDecoratedOperator): log_sql_query>, print_the_context already registered for DAG: example_python_operator
[2023-03-10T02:08:21.760+0000] {logging_mixin.py:137} INFO - [2023-03-10T02:08:21.760+0000] {taskmixin.py:205} WARNING - Dependency <Task(_PythonDecoratedOperator): print_the_context>, log_sql_query already registered for DAG: example_python_operator
[2023-03-10T02:08:21.760+0000] {logging_mixin.py:137} INFO - [2023-03-10T02:08:21.760+0000] {taskmixin.py:205} WARNING - Dependency <Task(_PythonDecoratedOperator): log_sql_query>, print_the_context already registered for DAG: example_python_operator
[2023-03-10T02:08:21.760+0000] {logging_mixin.py:137} INFO - [2023-03-10T02:08:21.760+0000] {taskmixin.py:205} WARNING - Dependency <Task(_PythonDecoratedOperator): print_the_context>, log_sql_query already registered for DAG: example_python_operator
[2023-03-10T02:08:21.761+0000] {logging_mixin.py:137} INFO - [2023-03-10T02:08:21.761+0000] {taskmixin.py:205} WARNING - Dependency <Task(_PythonDecoratedOperator): log_sql_query>, print_the_context already registered for DAG: example_python_operator
[2023-03-10T02:08:21.761+0000] {logging_mixin.py:137} INFO - [2023-03-10T02:08:21.761+0000] {taskmixin.py:205} WARNING - Dependency <Task(_PythonDecoratedOperator): print_the_context>, log_sql_query already registered for DAG: example_python_operator
[2023-03-10T02:08:21.761+0000] {logging_mixin.py:137} INFO - [2023-03-10T02:08:21.761+0000] {taskmixin.py:205} WARNING - Dependency <Task(_PythonDecoratedOperator): log_sql_query>, print_the_context already registered for DAG: example_python_operator
[2023-03-10T02:08:21.767+0000] {processor.py:753} INFO - DAG(s) dict_keys(['example_python_operator']) retrieved from /home/airflow/.local/lib/python3.7/site-packages/airflow/example_dags/example_python_operator.py
[2023-03-10T02:08:21.790+0000] {logging_mixin.py:137} INFO - [2023-03-10T02:08:21.790+0000] {dag.py:2690} INFO - Sync 1 DAGs
[2023-03-10T02:08:21.815+0000] {logging_mixin.py:137} INFO - [2023-03-10T02:08:21.814+0000] {dag.py:3441} INFO - Setting next_dagrun for example_python_operator to None, run_after=None
[2023-03-10T02:08:21.834+0000] {processor.py:175} INFO - Processing /home/airflow/.local/lib/python3.7/site-packages/airflow/example_dags/example_python_operator.py took 0.094 seconds
[2023-03-10T02:08:52.109+0000] {processor.py:153} INFO - Started process (PID=1765) to work on /home/airflow/.local/lib/python3.7/site-packages/airflow/example_dags/example_python_operator.py
[2023-03-10T02:08:52.109+0000] {processor.py:743} INFO - Processing file /home/airflow/.local/lib/python3.7/site-packages/airflow/example_dags/example_python_operator.py for tasks to queue
[2023-03-10T02:08:52.110+0000] {logging_mixin.py:137} INFO - [2023-03-10T02:08:52.110+0000] {dagbag.py:538} INFO - Filling up the DagBag from /home/airflow/.local/lib/python3.7/site-packages/airflow/example_dags/example_python_operator.py
[2023-03-10T02:08:52.124+0000] {logging_mixin.py:137} INFO - [2023-03-10T02:08:52.124+0000] {taskmixin.py:205} WARNING - Dependency <Task(_PythonDecoratedOperator): print_the_context>, log_sql_query already registered for DAG: example_python_operator
[2023-03-10T02:08:52.124+0000] {logging_mixin.py:137} INFO - [2023-03-10T02:08:52.124+0000] {taskmixin.py:205} WARNING - Dependency <Task(_PythonDecoratedOperator): log_sql_query>, print_the_context already registered for DAG: example_python_operator
[2023-03-10T02:08:52.125+0000] {logging_mixin.py:137} INFO - [2023-03-10T02:08:52.125+0000] {taskmixin.py:205} WARNING - Dependency <Task(_PythonDecoratedOperator): print_the_context>, log_sql_query already registered for DAG: example_python_operator
[2023-03-10T02:08:52.125+0000] {logging_mixin.py:137} INFO - [2023-03-10T02:08:52.125+0000] {taskmixin.py:205} WARNING - Dependency <Task(_PythonDecoratedOperator): log_sql_query>, print_the_context already registered for DAG: example_python_operator
[2023-03-10T02:08:52.126+0000] {logging_mixin.py:137} INFO - [2023-03-10T02:08:52.126+0000] {taskmixin.py:205} WARNING - Dependency <Task(_PythonDecoratedOperator): print_the_context>, log_sql_query already registered for DAG: example_python_operator
[2023-03-10T02:08:52.126+0000] {logging_mixin.py:137} INFO - [2023-03-10T02:08:52.126+0000] {taskmixin.py:205} WARNING - Dependency <Task(_PythonDecoratedOperator): log_sql_query>, print_the_context already registered for DAG: example_python_operator
[2023-03-10T02:08:52.126+0000] {logging_mixin.py:137} INFO - [2023-03-10T02:08:52.126+0000] {taskmixin.py:205} WARNING - Dependency <Task(_PythonDecoratedOperator): print_the_context>, log_sql_query already registered for DAG: example_python_operator
[2023-03-10T02:08:52.126+0000] {logging_mixin.py:137} INFO - [2023-03-10T02:08:52.126+0000] {taskmixin.py:205} WARNING - Dependency <Task(_PythonDecoratedOperator): log_sql_query>, print_the_context already registered for DAG: example_python_operator
[2023-03-10T02:08:52.131+0000] {processor.py:753} INFO - DAG(s) dict_keys(['example_python_operator']) retrieved from /home/airflow/.local/lib/python3.7/site-packages/airflow/example_dags/example_python_operator.py
[2023-03-10T02:08:52.156+0000] {logging_mixin.py:137} INFO - [2023-03-10T02:08:52.156+0000] {dag.py:2690} INFO - Sync 1 DAGs
[2023-03-10T02:08:52.179+0000] {logging_mixin.py:137} INFO - [2023-03-10T02:08:52.179+0000] {dag.py:3441} INFO - Setting next_dagrun for example_python_operator to None, run_after=None
[2023-03-10T02:08:52.198+0000] {processor.py:175} INFO - Processing /home/airflow/.local/lib/python3.7/site-packages/airflow/example_dags/example_python_operator.py took 0.091 seconds
[2023-03-10T02:09:22.762+0000] {processor.py:153} INFO - Started process (PID=2037) to work on /home/airflow/.local/lib/python3.7/site-packages/airflow/example_dags/example_python_operator.py
[2023-03-10T02:09:22.763+0000] {processor.py:743} INFO - Processing file /home/airflow/.local/lib/python3.7/site-packages/airflow/example_dags/example_python_operator.py for tasks to queue
[2023-03-10T02:09:22.764+0000] {logging_mixin.py:137} INFO - [2023-03-10T02:09:22.764+0000] {dagbag.py:538} INFO - Filling up the DagBag from /home/airflow/.local/lib/python3.7/site-packages/airflow/example_dags/example_python_operator.py
[2023-03-10T02:09:22.781+0000] {logging_mixin.py:137} INFO - [2023-03-10T02:09:22.780+0000] {taskmixin.py:205} WARNING - Dependency <Task(_PythonDecoratedOperator): print_the_context>, log_sql_query already registered for DAG: example_python_operator
[2023-03-10T02:09:22.781+0000] {logging_mixin.py:137} INFO - [2023-03-10T02:09:22.781+0000] {taskmixin.py:205} WARNING - Dependency <Task(_PythonDecoratedOperator): log_sql_query>, print_the_context already registered for DAG: example_python_operator
[2023-03-10T02:09:22.782+0000] {logging_mixin.py:137} INFO - [2023-03-10T02:09:22.782+0000] {taskmixin.py:205} WARNING - Dependency <Task(_PythonDecoratedOperator): print_the_context>, log_sql_query already registered for DAG: example_python_operator
[2023-03-10T02:09:22.782+0000] {logging_mixin.py:137} INFO - [2023-03-10T02:09:22.782+0000] {taskmixin.py:205} WARNING - Dependency <Task(_PythonDecoratedOperator): log_sql_query>, print_the_context already registered for DAG: example_python_operator
[2023-03-10T02:09:22.783+0000] {logging_mixin.py:137} INFO - [2023-03-10T02:09:22.783+0000] {taskmixin.py:205} WARNING - Dependency <Task(_PythonDecoratedOperator): print_the_context>, log_sql_query already registered for DAG: example_python_operator
[2023-03-10T02:09:22.783+0000] {logging_mixin.py:137} INFO - [2023-03-10T02:09:22.783+0000] {taskmixin.py:205} WARNING - Dependency <Task(_PythonDecoratedOperator): log_sql_query>, print_the_context already registered for DAG: example_python_operator
[2023-03-10T02:09:22.784+0000] {logging_mixin.py:137} INFO - [2023-03-10T02:09:22.784+0000] {taskmixin.py:205} WARNING - Dependency <Task(_PythonDecoratedOperator): print_the_context>, log_sql_query already registered for DAG: example_python_operator
[2023-03-10T02:09:22.784+0000] {logging_mixin.py:137} INFO - [2023-03-10T02:09:22.784+0000] {taskmixin.py:205} WARNING - Dependency <Task(_PythonDecoratedOperator): log_sql_query>, print_the_context already registered for DAG: example_python_operator
[2023-03-10T02:09:22.790+0000] {processor.py:753} INFO - DAG(s) dict_keys(['example_python_operator']) retrieved from /home/airflow/.local/lib/python3.7/site-packages/airflow/example_dags/example_python_operator.py
[2023-03-10T02:09:22.817+0000] {logging_mixin.py:137} INFO - [2023-03-10T02:09:22.817+0000] {dag.py:2690} INFO - Sync 1 DAGs
[2023-03-10T02:09:22.840+0000] {logging_mixin.py:137} INFO - [2023-03-10T02:09:22.840+0000] {dag.py:3441} INFO - Setting next_dagrun for example_python_operator to None, run_after=None
[2023-03-10T02:09:22.859+0000] {processor.py:175} INFO - Processing /home/airflow/.local/lib/python3.7/site-packages/airflow/example_dags/example_python_operator.py took 0.100 seconds
