[2023-03-10T02:05:50.092+0000] {processor.py:153} INFO - Started process (PID=292) to work on /home/airflow/.local/lib/python3.7/site-packages/airflow/example_dags/example_nested_branch_dag.py
[2023-03-10T02:05:50.092+0000] {processor.py:743} INFO - Processing file /home/airflow/.local/lib/python3.7/site-packages/airflow/example_dags/example_nested_branch_dag.py for tasks to queue
[2023-03-10T02:05:50.093+0000] {logging_mixin.py:137} INFO - [2023-03-10T02:05:50.093+0000] {dagbag.py:538} INFO - Filling up the DagBag from /home/airflow/.local/lib/python3.7/site-packages/airflow/example_dags/example_nested_branch_dag.py
[2023-03-10T02:05:50.127+0000] {processor.py:753} INFO - DAG(s) dict_keys(['example_nested_branch_dag']) retrieved from /home/airflow/.local/lib/python3.7/site-packages/airflow/example_dags/example_nested_branch_dag.py
[2023-03-10T02:05:50.143+0000] {logging_mixin.py:137} INFO - [2023-03-10T02:05:50.143+0000] {dag.py:2690} INFO - Sync 1 DAGs
[2023-03-10T02:05:50.171+0000] {logging_mixin.py:137} INFO - [2023-03-10T02:05:50.171+0000] {dag.py:3441} INFO - Setting next_dagrun for example_nested_branch_dag to 2023-03-09T00:00:00+00:00, run_after=2023-03-10T00:00:00+00:00
[2023-03-10T02:05:50.197+0000] {processor.py:175} INFO - Processing /home/airflow/.local/lib/python3.7/site-packages/airflow/example_dags/example_nested_branch_dag.py took 0.108 seconds
[2023-03-10T02:06:20.787+0000] {processor.py:153} INFO - Started process (PID=566) to work on /home/airflow/.local/lib/python3.7/site-packages/airflow/example_dags/example_nested_branch_dag.py
[2023-03-10T02:06:20.788+0000] {processor.py:743} INFO - Processing file /home/airflow/.local/lib/python3.7/site-packages/airflow/example_dags/example_nested_branch_dag.py for tasks to queue
[2023-03-10T02:06:20.789+0000] {logging_mixin.py:137} INFO - [2023-03-10T02:06:20.788+0000] {dagbag.py:538} INFO - Filling up the DagBag from /home/airflow/.local/lib/python3.7/site-packages/airflow/example_dags/example_nested_branch_dag.py
[2023-03-10T02:06:20.809+0000] {processor.py:753} INFO - DAG(s) dict_keys(['example_nested_branch_dag']) retrieved from /home/airflow/.local/lib/python3.7/site-packages/airflow/example_dags/example_nested_branch_dag.py
[2023-03-10T02:06:20.837+0000] {logging_mixin.py:137} INFO - [2023-03-10T02:06:20.836+0000] {dag.py:2690} INFO - Sync 1 DAGs
[2023-03-10T02:06:20.868+0000] {logging_mixin.py:137} INFO - [2023-03-10T02:06:20.868+0000] {dag.py:3441} INFO - Setting next_dagrun for example_nested_branch_dag to 2023-03-09T00:00:00+00:00, run_after=2023-03-10T00:00:00+00:00
[2023-03-10T02:06:20.890+0000] {processor.py:175} INFO - Processing /home/airflow/.local/lib/python3.7/site-packages/airflow/example_dags/example_nested_branch_dag.py took 0.104 seconds
[2023-03-10T02:06:51.566+0000] {processor.py:153} INFO - Started process (PID=812) to work on /home/airflow/.local/lib/python3.7/site-packages/airflow/example_dags/example_nested_branch_dag.py
[2023-03-10T02:06:51.567+0000] {processor.py:743} INFO - Processing file /home/airflow/.local/lib/python3.7/site-packages/airflow/example_dags/example_nested_branch_dag.py for tasks to queue
[2023-03-10T02:06:51.567+0000] {logging_mixin.py:137} INFO - [2023-03-10T02:06:51.567+0000] {dagbag.py:538} INFO - Filling up the DagBag from /home/airflow/.local/lib/python3.7/site-packages/airflow/example_dags/example_nested_branch_dag.py
[2023-03-10T02:06:51.587+0000] {processor.py:753} INFO - DAG(s) dict_keys(['example_nested_branch_dag']) retrieved from /home/airflow/.local/lib/python3.7/site-packages/airflow/example_dags/example_nested_branch_dag.py
[2023-03-10T02:06:51.611+0000] {logging_mixin.py:137} INFO - [2023-03-10T02:06:51.610+0000] {dag.py:2690} INFO - Sync 1 DAGs
[2023-03-10T02:06:51.636+0000] {logging_mixin.py:137} INFO - [2023-03-10T02:06:51.635+0000] {dag.py:3441} INFO - Setting next_dagrun for example_nested_branch_dag to 2023-03-09T00:00:00+00:00, run_after=2023-03-10T00:00:00+00:00
[2023-03-10T02:06:51.657+0000] {processor.py:175} INFO - Processing /home/airflow/.local/lib/python3.7/site-packages/airflow/example_dags/example_nested_branch_dag.py took 0.093 seconds
[2023-03-10T02:07:22.241+0000] {processor.py:153} INFO - Started process (PID=1085) to work on /home/airflow/.local/lib/python3.7/site-packages/airflow/example_dags/example_nested_branch_dag.py
[2023-03-10T02:07:22.242+0000] {processor.py:743} INFO - Processing file /home/airflow/.local/lib/python3.7/site-packages/airflow/example_dags/example_nested_branch_dag.py for tasks to queue
[2023-03-10T02:07:22.242+0000] {logging_mixin.py:137} INFO - [2023-03-10T02:07:22.242+0000] {dagbag.py:538} INFO - Filling up the DagBag from /home/airflow/.local/lib/python3.7/site-packages/airflow/example_dags/example_nested_branch_dag.py
[2023-03-10T02:07:22.262+0000] {processor.py:753} INFO - DAG(s) dict_keys(['example_nested_branch_dag']) retrieved from /home/airflow/.local/lib/python3.7/site-packages/airflow/example_dags/example_nested_branch_dag.py
[2023-03-10T02:07:22.285+0000] {logging_mixin.py:137} INFO - [2023-03-10T02:07:22.284+0000] {dag.py:2690} INFO - Sync 1 DAGs
[2023-03-10T02:07:22.308+0000] {logging_mixin.py:137} INFO - [2023-03-10T02:07:22.308+0000] {dag.py:3441} INFO - Setting next_dagrun for example_nested_branch_dag to 2023-03-09T00:00:00+00:00, run_after=2023-03-10T00:00:00+00:00
[2023-03-10T02:07:22.327+0000] {processor.py:175} INFO - Processing /home/airflow/.local/lib/python3.7/site-packages/airflow/example_dags/example_nested_branch_dag.py took 0.089 seconds
[2023-03-10T02:07:52.577+0000] {processor.py:153} INFO - Started process (PID=1333) to work on /home/airflow/.local/lib/python3.7/site-packages/airflow/example_dags/example_nested_branch_dag.py
[2023-03-10T02:07:52.577+0000] {processor.py:743} INFO - Processing file /home/airflow/.local/lib/python3.7/site-packages/airflow/example_dags/example_nested_branch_dag.py for tasks to queue
[2023-03-10T02:07:52.578+0000] {logging_mixin.py:137} INFO - [2023-03-10T02:07:52.578+0000] {dagbag.py:538} INFO - Filling up the DagBag from /home/airflow/.local/lib/python3.7/site-packages/airflow/example_dags/example_nested_branch_dag.py
[2023-03-10T02:07:52.597+0000] {processor.py:753} INFO - DAG(s) dict_keys(['example_nested_branch_dag']) retrieved from /home/airflow/.local/lib/python3.7/site-packages/airflow/example_dags/example_nested_branch_dag.py
[2023-03-10T02:07:52.618+0000] {logging_mixin.py:137} INFO - [2023-03-10T02:07:52.617+0000] {dag.py:2690} INFO - Sync 1 DAGs
[2023-03-10T02:07:52.641+0000] {logging_mixin.py:137} INFO - [2023-03-10T02:07:52.641+0000] {dag.py:3441} INFO - Setting next_dagrun for example_nested_branch_dag to 2023-03-09T00:00:00+00:00, run_after=2023-03-10T00:00:00+00:00
[2023-03-10T02:07:52.658+0000] {processor.py:175} INFO - Processing /home/airflow/.local/lib/python3.7/site-packages/airflow/example_dags/example_nested_branch_dag.py took 0.084 seconds
[2023-03-10T02:08:22.841+0000] {processor.py:153} INFO - Started process (PID=1605) to work on /home/airflow/.local/lib/python3.7/site-packages/airflow/example_dags/example_nested_branch_dag.py
[2023-03-10T02:08:22.842+0000] {processor.py:743} INFO - Processing file /home/airflow/.local/lib/python3.7/site-packages/airflow/example_dags/example_nested_branch_dag.py for tasks to queue
[2023-03-10T02:08:22.842+0000] {logging_mixin.py:137} INFO - [2023-03-10T02:08:22.842+0000] {dagbag.py:538} INFO - Filling up the DagBag from /home/airflow/.local/lib/python3.7/site-packages/airflow/example_dags/example_nested_branch_dag.py
[2023-03-10T02:08:22.862+0000] {processor.py:753} INFO - DAG(s) dict_keys(['example_nested_branch_dag']) retrieved from /home/airflow/.local/lib/python3.7/site-packages/airflow/example_dags/example_nested_branch_dag.py
[2023-03-10T02:08:22.884+0000] {logging_mixin.py:137} INFO - [2023-03-10T02:08:22.884+0000] {dag.py:2690} INFO - Sync 1 DAGs
[2023-03-10T02:08:22.906+0000] {logging_mixin.py:137} INFO - [2023-03-10T02:08:22.906+0000] {dag.py:3441} INFO - Setting next_dagrun for example_nested_branch_dag to 2023-03-09T00:00:00+00:00, run_after=2023-03-10T00:00:00+00:00
[2023-03-10T02:08:22.926+0000] {processor.py:175} INFO - Processing /home/airflow/.local/lib/python3.7/site-packages/airflow/example_dags/example_nested_branch_dag.py took 0.087 seconds
[2023-03-10T02:08:53.390+0000] {processor.py:153} INFO - Started process (PID=1863) to work on /home/airflow/.local/lib/python3.7/site-packages/airflow/example_dags/example_nested_branch_dag.py
[2023-03-10T02:08:53.391+0000] {processor.py:743} INFO - Processing file /home/airflow/.local/lib/python3.7/site-packages/airflow/example_dags/example_nested_branch_dag.py for tasks to queue
[2023-03-10T02:08:53.391+0000] {logging_mixin.py:137} INFO - [2023-03-10T02:08:53.391+0000] {dagbag.py:538} INFO - Filling up the DagBag from /home/airflow/.local/lib/python3.7/site-packages/airflow/example_dags/example_nested_branch_dag.py
[2023-03-10T02:08:53.411+0000] {processor.py:753} INFO - DAG(s) dict_keys(['example_nested_branch_dag']) retrieved from /home/airflow/.local/lib/python3.7/site-packages/airflow/example_dags/example_nested_branch_dag.py
[2023-03-10T02:08:53.432+0000] {logging_mixin.py:137} INFO - [2023-03-10T02:08:53.432+0000] {dag.py:2690} INFO - Sync 1 DAGs
[2023-03-10T02:08:53.459+0000] {logging_mixin.py:137} INFO - [2023-03-10T02:08:53.459+0000] {dag.py:3441} INFO - Setting next_dagrun for example_nested_branch_dag to 2023-03-09T00:00:00+00:00, run_after=2023-03-10T00:00:00+00:00
[2023-03-10T02:08:53.479+0000] {processor.py:175} INFO - Processing /home/airflow/.local/lib/python3.7/site-packages/airflow/example_dags/example_nested_branch_dag.py took 0.092 seconds
[2023-03-10T02:09:24.018+0000] {processor.py:153} INFO - Started process (PID=2137) to work on /home/airflow/.local/lib/python3.7/site-packages/airflow/example_dags/example_nested_branch_dag.py
[2023-03-10T02:09:24.019+0000] {processor.py:743} INFO - Processing file /home/airflow/.local/lib/python3.7/site-packages/airflow/example_dags/example_nested_branch_dag.py for tasks to queue
[2023-03-10T02:09:24.019+0000] {logging_mixin.py:137} INFO - [2023-03-10T02:09:24.019+0000] {dagbag.py:538} INFO - Filling up the DagBag from /home/airflow/.local/lib/python3.7/site-packages/airflow/example_dags/example_nested_branch_dag.py
[2023-03-10T02:09:24.040+0000] {processor.py:753} INFO - DAG(s) dict_keys(['example_nested_branch_dag']) retrieved from /home/airflow/.local/lib/python3.7/site-packages/airflow/example_dags/example_nested_branch_dag.py
[2023-03-10T02:09:24.063+0000] {logging_mixin.py:137} INFO - [2023-03-10T02:09:24.063+0000] {dag.py:2690} INFO - Sync 1 DAGs
[2023-03-10T02:09:24.088+0000] {logging_mixin.py:137} INFO - [2023-03-10T02:09:24.088+0000] {dag.py:3441} INFO - Setting next_dagrun for example_nested_branch_dag to 2023-03-09T00:00:00+00:00, run_after=2023-03-10T00:00:00+00:00
[2023-03-10T02:09:24.107+0000] {processor.py:175} INFO - Processing /home/airflow/.local/lib/python3.7/site-packages/airflow/example_dags/example_nested_branch_dag.py took 0.092 seconds
