[2023-03-10T02:05:50.189+0000] {processor.py:153} INFO - Started process (PID=297) to work on /home/airflow/.local/lib/python3.7/site-packages/airflow/example_dags/example_xcomargs.py
[2023-03-10T02:05:50.190+0000] {processor.py:743} INFO - Processing file /home/airflow/.local/lib/python3.7/site-packages/airflow/example_dags/example_xcomargs.py for tasks to queue
[2023-03-10T02:05:50.190+0000] {logging_mixin.py:137} INFO - [2023-03-10T02:05:50.190+0000] {dagbag.py:538} INFO - Filling up the DagBag from /home/airflow/.local/lib/python3.7/site-packages/airflow/example_dags/example_xcomargs.py
[2023-03-10T02:05:50.216+0000] {processor.py:753} INFO - DAG(s) dict_keys(['example_xcom_args', 'example_xcom_args_with_operators']) retrieved from /home/airflow/.local/lib/python3.7/site-packages/airflow/example_dags/example_xcomargs.py
[2023-03-10T02:05:50.232+0000] {logging_mixin.py:137} INFO - [2023-03-10T02:05:50.232+0000] {dag.py:2690} INFO - Sync 2 DAGs
[2023-03-10T02:05:50.259+0000] {logging_mixin.py:137} INFO - [2023-03-10T02:05:50.259+0000] {dag.py:3441} INFO - Setting next_dagrun for example_xcom_args to None, run_after=None
[2023-03-10T02:05:50.263+0000] {logging_mixin.py:137} INFO - [2023-03-10T02:05:50.263+0000] {dag.py:3441} INFO - Setting next_dagrun for example_xcom_args_with_operators to None, run_after=None
[2023-03-10T02:05:50.282+0000] {processor.py:175} INFO - Processing /home/airflow/.local/lib/python3.7/site-packages/airflow/example_dags/example_xcomargs.py took 0.096 seconds
[2023-03-10T02:06:20.796+0000] {processor.py:153} INFO - Started process (PID=569) to work on /home/airflow/.local/lib/python3.7/site-packages/airflow/example_dags/example_xcomargs.py
[2023-03-10T02:06:20.797+0000] {processor.py:743} INFO - Processing file /home/airflow/.local/lib/python3.7/site-packages/airflow/example_dags/example_xcomargs.py for tasks to queue
[2023-03-10T02:06:20.797+0000] {logging_mixin.py:137} INFO - [2023-03-10T02:06:20.797+0000] {dagbag.py:538} INFO - Filling up the DagBag from /home/airflow/.local/lib/python3.7/site-packages/airflow/example_dags/example_xcomargs.py
[2023-03-10T02:06:20.818+0000] {processor.py:753} INFO - DAG(s) dict_keys(['example_xcom_args_with_operators', 'example_xcom_args']) retrieved from /home/airflow/.local/lib/python3.7/site-packages/airflow/example_dags/example_xcomargs.py
[2023-03-10T02:06:20.846+0000] {logging_mixin.py:137} INFO - [2023-03-10T02:06:20.846+0000] {dag.py:2690} INFO - Sync 2 DAGs
[2023-03-10T02:06:20.870+0000] {logging_mixin.py:137} INFO - [2023-03-10T02:06:20.870+0000] {dag.py:3441} INFO - Setting next_dagrun for example_xcom_args to None, run_after=None
[2023-03-10T02:06:20.874+0000] {logging_mixin.py:137} INFO - [2023-03-10T02:06:20.874+0000] {dag.py:3441} INFO - Setting next_dagrun for example_xcom_args_with_operators to None, run_after=None
[2023-03-10T02:06:20.893+0000] {processor.py:175} INFO - Processing /home/airflow/.local/lib/python3.7/site-packages/airflow/example_dags/example_xcomargs.py took 0.099 seconds
[2023-03-10T02:06:51.629+0000] {processor.py:153} INFO - Started process (PID=817) to work on /home/airflow/.local/lib/python3.7/site-packages/airflow/example_dags/example_xcomargs.py
[2023-03-10T02:06:51.630+0000] {processor.py:743} INFO - Processing file /home/airflow/.local/lib/python3.7/site-packages/airflow/example_dags/example_xcomargs.py for tasks to queue
[2023-03-10T02:06:51.630+0000] {logging_mixin.py:137} INFO - [2023-03-10T02:06:51.630+0000] {dagbag.py:538} INFO - Filling up the DagBag from /home/airflow/.local/lib/python3.7/site-packages/airflow/example_dags/example_xcomargs.py
[2023-03-10T02:06:51.650+0000] {processor.py:753} INFO - DAG(s) dict_keys(['example_xcom_args', 'example_xcom_args_with_operators']) retrieved from /home/airflow/.local/lib/python3.7/site-packages/airflow/example_dags/example_xcomargs.py
[2023-03-10T02:06:51.680+0000] {logging_mixin.py:137} INFO - [2023-03-10T02:06:51.680+0000] {dag.py:2690} INFO - Sync 2 DAGs
[2023-03-10T02:06:51.704+0000] {logging_mixin.py:137} INFO - [2023-03-10T02:06:51.703+0000] {dag.py:3441} INFO - Setting next_dagrun for example_xcom_args to None, run_after=None
[2023-03-10T02:06:51.707+0000] {logging_mixin.py:137} INFO - [2023-03-10T02:06:51.706+0000] {dag.py:3441} INFO - Setting next_dagrun for example_xcom_args_with_operators to None, run_after=None
[2023-03-10T02:06:51.723+0000] {processor.py:175} INFO - Processing /home/airflow/.local/lib/python3.7/site-packages/airflow/example_dags/example_xcomargs.py took 0.097 seconds
[2023-03-10T02:07:22.262+0000] {processor.py:153} INFO - Started process (PID=1090) to work on /home/airflow/.local/lib/python3.7/site-packages/airflow/example_dags/example_xcomargs.py
[2023-03-10T02:07:22.263+0000] {processor.py:743} INFO - Processing file /home/airflow/.local/lib/python3.7/site-packages/airflow/example_dags/example_xcomargs.py for tasks to queue
[2023-03-10T02:07:22.263+0000] {logging_mixin.py:137} INFO - [2023-03-10T02:07:22.263+0000] {dagbag.py:538} INFO - Filling up the DagBag from /home/airflow/.local/lib/python3.7/site-packages/airflow/example_dags/example_xcomargs.py
[2023-03-10T02:07:22.282+0000] {processor.py:753} INFO - DAG(s) dict_keys(['example_xcom_args', 'example_xcom_args_with_operators']) retrieved from /home/airflow/.local/lib/python3.7/site-packages/airflow/example_dags/example_xcomargs.py
[2023-03-10T02:07:22.308+0000] {logging_mixin.py:137} INFO - [2023-03-10T02:07:22.307+0000] {dag.py:2690} INFO - Sync 2 DAGs
[2023-03-10T02:07:22.330+0000] {logging_mixin.py:137} INFO - [2023-03-10T02:07:22.330+0000] {dag.py:3441} INFO - Setting next_dagrun for example_xcom_args to None, run_after=None
[2023-03-10T02:07:22.333+0000] {logging_mixin.py:137} INFO - [2023-03-10T02:07:22.333+0000] {dag.py:3441} INFO - Setting next_dagrun for example_xcom_args_with_operators to None, run_after=None
[2023-03-10T02:07:22.351+0000] {processor.py:175} INFO - Processing /home/airflow/.local/lib/python3.7/site-packages/airflow/example_dags/example_xcomargs.py took 0.092 seconds
[2023-03-10T02:07:52.606+0000] {processor.py:153} INFO - Started process (PID=1338) to work on /home/airflow/.local/lib/python3.7/site-packages/airflow/example_dags/example_xcomargs.py
[2023-03-10T02:07:52.607+0000] {processor.py:743} INFO - Processing file /home/airflow/.local/lib/python3.7/site-packages/airflow/example_dags/example_xcomargs.py for tasks to queue
[2023-03-10T02:07:52.607+0000] {logging_mixin.py:137} INFO - [2023-03-10T02:07:52.607+0000] {dagbag.py:538} INFO - Filling up the DagBag from /home/airflow/.local/lib/python3.7/site-packages/airflow/example_dags/example_xcomargs.py
[2023-03-10T02:07:52.625+0000] {processor.py:753} INFO - DAG(s) dict_keys(['example_xcom_args_with_operators', 'example_xcom_args']) retrieved from /home/airflow/.local/lib/python3.7/site-packages/airflow/example_dags/example_xcomargs.py
[2023-03-10T02:07:52.649+0000] {logging_mixin.py:137} INFO - [2023-03-10T02:07:52.649+0000] {dag.py:2690} INFO - Sync 2 DAGs
[2023-03-10T02:07:52.672+0000] {logging_mixin.py:137} INFO - [2023-03-10T02:07:52.672+0000] {dag.py:3441} INFO - Setting next_dagrun for example_xcom_args to None, run_after=None
[2023-03-10T02:07:52.676+0000] {logging_mixin.py:137} INFO - [2023-03-10T02:07:52.676+0000] {dag.py:3441} INFO - Setting next_dagrun for example_xcom_args_with_operators to None, run_after=None
[2023-03-10T02:07:52.692+0000] {processor.py:175} INFO - Processing /home/airflow/.local/lib/python3.7/site-packages/airflow/example_dags/example_xcomargs.py took 0.087 seconds
[2023-03-10T02:08:22.928+0000] {processor.py:153} INFO - Started process (PID=1610) to work on /home/airflow/.local/lib/python3.7/site-packages/airflow/example_dags/example_xcomargs.py
[2023-03-10T02:08:22.929+0000] {processor.py:743} INFO - Processing file /home/airflow/.local/lib/python3.7/site-packages/airflow/example_dags/example_xcomargs.py for tasks to queue
[2023-03-10T02:08:22.929+0000] {logging_mixin.py:137} INFO - [2023-03-10T02:08:22.929+0000] {dagbag.py:538} INFO - Filling up the DagBag from /home/airflow/.local/lib/python3.7/site-packages/airflow/example_dags/example_xcomargs.py
[2023-03-10T02:08:22.947+0000] {processor.py:753} INFO - DAG(s) dict_keys(['example_xcom_args', 'example_xcom_args_with_operators']) retrieved from /home/airflow/.local/lib/python3.7/site-packages/airflow/example_dags/example_xcomargs.py
[2023-03-10T02:08:22.975+0000] {logging_mixin.py:137} INFO - [2023-03-10T02:08:22.975+0000] {dag.py:2690} INFO - Sync 2 DAGs
[2023-03-10T02:08:22.998+0000] {logging_mixin.py:137} INFO - [2023-03-10T02:08:22.998+0000] {dag.py:3441} INFO - Setting next_dagrun for example_xcom_args to None, run_after=None
[2023-03-10T02:08:23.001+0000] {logging_mixin.py:137} INFO - [2023-03-10T02:08:23.001+0000] {dag.py:3441} INFO - Setting next_dagrun for example_xcom_args_with_operators to None, run_after=None
[2023-03-10T02:08:23.019+0000] {processor.py:175} INFO - Processing /home/airflow/.local/lib/python3.7/site-packages/airflow/example_dags/example_xcomargs.py took 0.093 seconds
[2023-03-10T02:08:53.457+0000] {processor.py:153} INFO - Started process (PID=1868) to work on /home/airflow/.local/lib/python3.7/site-packages/airflow/example_dags/example_xcomargs.py
[2023-03-10T02:08:53.458+0000] {processor.py:743} INFO - Processing file /home/airflow/.local/lib/python3.7/site-packages/airflow/example_dags/example_xcomargs.py for tasks to queue
[2023-03-10T02:08:53.458+0000] {logging_mixin.py:137} INFO - [2023-03-10T02:08:53.458+0000] {dagbag.py:538} INFO - Filling up the DagBag from /home/airflow/.local/lib/python3.7/site-packages/airflow/example_dags/example_xcomargs.py
[2023-03-10T02:08:53.477+0000] {processor.py:753} INFO - DAG(s) dict_keys(['example_xcom_args_with_operators', 'example_xcom_args']) retrieved from /home/airflow/.local/lib/python3.7/site-packages/airflow/example_dags/example_xcomargs.py
[2023-03-10T02:08:53.505+0000] {logging_mixin.py:137} INFO - [2023-03-10T02:08:53.505+0000] {dag.py:2690} INFO - Sync 2 DAGs
[2023-03-10T02:08:53.531+0000] {logging_mixin.py:137} INFO - [2023-03-10T02:08:53.531+0000] {dag.py:3441} INFO - Setting next_dagrun for example_xcom_args to None, run_after=None
[2023-03-10T02:08:53.534+0000] {logging_mixin.py:137} INFO - [2023-03-10T02:08:53.534+0000] {dag.py:3441} INFO - Setting next_dagrun for example_xcom_args_with_operators to None, run_after=None
[2023-03-10T02:08:53.551+0000] {processor.py:175} INFO - Processing /home/airflow/.local/lib/python3.7/site-packages/airflow/example_dags/example_xcomargs.py took 0.097 seconds
[2023-03-10T02:09:24.022+0000] {processor.py:153} INFO - Started process (PID=2140) to work on /home/airflow/.local/lib/python3.7/site-packages/airflow/example_dags/example_xcomargs.py
[2023-03-10T02:09:24.023+0000] {processor.py:743} INFO - Processing file /home/airflow/.local/lib/python3.7/site-packages/airflow/example_dags/example_xcomargs.py for tasks to queue
[2023-03-10T02:09:24.023+0000] {logging_mixin.py:137} INFO - [2023-03-10T02:09:24.023+0000] {dagbag.py:538} INFO - Filling up the DagBag from /home/airflow/.local/lib/python3.7/site-packages/airflow/example_dags/example_xcomargs.py
[2023-03-10T02:09:24.042+0000] {processor.py:753} INFO - DAG(s) dict_keys(['example_xcom_args_with_operators', 'example_xcom_args']) retrieved from /home/airflow/.local/lib/python3.7/site-packages/airflow/example_dags/example_xcomargs.py
[2023-03-10T02:09:24.067+0000] {logging_mixin.py:137} INFO - [2023-03-10T02:09:24.067+0000] {dag.py:2690} INFO - Sync 2 DAGs
[2023-03-10T02:09:24.091+0000] {logging_mixin.py:137} INFO - [2023-03-10T02:09:24.091+0000] {dag.py:3441} INFO - Setting next_dagrun for example_xcom_args to None, run_after=None
[2023-03-10T02:09:24.094+0000] {logging_mixin.py:137} INFO - [2023-03-10T02:09:24.094+0000] {dag.py:3441} INFO - Setting next_dagrun for example_xcom_args_with_operators to None, run_after=None
[2023-03-10T02:09:24.112+0000] {processor.py:175} INFO - Processing /home/airflow/.local/lib/python3.7/site-packages/airflow/example_dags/example_xcomargs.py took 0.092 seconds
