[2023-03-10T02:05:49.848+0000] {processor.py:153} INFO - Started process (PID=267) to work on /home/airflow/.local/lib/python3.7/site-packages/airflow/example_dags/example_branch_operator.py
[2023-03-10T02:05:49.848+0000] {processor.py:743} INFO - Processing file /home/airflow/.local/lib/python3.7/site-packages/airflow/example_dags/example_branch_operator.py for tasks to queue
[2023-03-10T02:05:49.849+0000] {logging_mixin.py:137} INFO - [2023-03-10T02:05:49.849+0000] {dagbag.py:538} INFO - Filling up the DagBag from /home/airflow/.local/lib/python3.7/site-packages/airflow/example_dags/example_branch_operator.py
[2023-03-10T02:05:49.876+0000] {processor.py:753} INFO - DAG(s) dict_keys(['example_branch_operator']) retrieved from /home/airflow/.local/lib/python3.7/site-packages/airflow/example_dags/example_branch_operator.py
[2023-03-10T02:05:49.888+0000] {logging_mixin.py:137} INFO - [2023-03-10T02:05:49.888+0000] {dag.py:2690} INFO - Sync 1 DAGs
[2023-03-10T02:05:49.916+0000] {logging_mixin.py:137} INFO - [2023-03-10T02:05:49.915+0000] {dag.py:3441} INFO - Setting next_dagrun for example_branch_operator to 2023-03-09T00:00:00+00:00, run_after=2023-03-10T00:00:00+00:00
[2023-03-10T02:05:49.936+0000] {processor.py:175} INFO - Processing /home/airflow/.local/lib/python3.7/site-packages/airflow/example_dags/example_branch_operator.py took 0.091 seconds
[2023-03-10T02:06:20.432+0000] {processor.py:153} INFO - Started process (PID=539) to work on /home/airflow/.local/lib/python3.7/site-packages/airflow/example_dags/example_branch_operator.py
[2023-03-10T02:06:20.433+0000] {processor.py:743} INFO - Processing file /home/airflow/.local/lib/python3.7/site-packages/airflow/example_dags/example_branch_operator.py for tasks to queue
[2023-03-10T02:06:20.434+0000] {logging_mixin.py:137} INFO - [2023-03-10T02:06:20.434+0000] {dagbag.py:538} INFO - Filling up the DagBag from /home/airflow/.local/lib/python3.7/site-packages/airflow/example_dags/example_branch_operator.py
[2023-03-10T02:06:20.447+0000] {processor.py:753} INFO - DAG(s) dict_keys(['example_branch_operator']) retrieved from /home/airflow/.local/lib/python3.7/site-packages/airflow/example_dags/example_branch_operator.py
[2023-03-10T02:06:20.469+0000] {logging_mixin.py:137} INFO - [2023-03-10T02:06:20.469+0000] {dag.py:2690} INFO - Sync 1 DAGs
[2023-03-10T02:06:20.493+0000] {logging_mixin.py:137} INFO - [2023-03-10T02:06:20.493+0000] {dag.py:3441} INFO - Setting next_dagrun for example_branch_operator to 2023-03-09T00:00:00+00:00, run_after=2023-03-10T00:00:00+00:00
[2023-03-10T02:06:20.512+0000] {processor.py:175} INFO - Processing /home/airflow/.local/lib/python3.7/site-packages/airflow/example_dags/example_branch_operator.py took 0.082 seconds
[2023-03-10T02:06:51.249+0000] {processor.py:153} INFO - Started process (PID=787) to work on /home/airflow/.local/lib/python3.7/site-packages/airflow/example_dags/example_branch_operator.py
[2023-03-10T02:06:51.251+0000] {processor.py:743} INFO - Processing file /home/airflow/.local/lib/python3.7/site-packages/airflow/example_dags/example_branch_operator.py for tasks to queue
[2023-03-10T02:06:51.251+0000] {logging_mixin.py:137} INFO - [2023-03-10T02:06:51.251+0000] {dagbag.py:538} INFO - Filling up the DagBag from /home/airflow/.local/lib/python3.7/site-packages/airflow/example_dags/example_branch_operator.py
[2023-03-10T02:06:51.271+0000] {processor.py:753} INFO - DAG(s) dict_keys(['example_branch_operator']) retrieved from /home/airflow/.local/lib/python3.7/site-packages/airflow/example_dags/example_branch_operator.py
[2023-03-10T02:06:51.306+0000] {logging_mixin.py:137} INFO - [2023-03-10T02:06:51.306+0000] {dag.py:2690} INFO - Sync 1 DAGs
[2023-03-10T02:06:51.334+0000] {logging_mixin.py:137} INFO - [2023-03-10T02:06:51.334+0000] {dag.py:3441} INFO - Setting next_dagrun for example_branch_operator to 2023-03-09T00:00:00+00:00, run_after=2023-03-10T00:00:00+00:00
[2023-03-10T02:06:51.353+0000] {processor.py:175} INFO - Processing /home/airflow/.local/lib/python3.7/site-packages/airflow/example_dags/example_branch_operator.py took 0.107 seconds
[2023-03-10T02:07:21.910+0000] {processor.py:153} INFO - Started process (PID=1062) to work on /home/airflow/.local/lib/python3.7/site-packages/airflow/example_dags/example_branch_operator.py
[2023-03-10T02:07:21.911+0000] {processor.py:743} INFO - Processing file /home/airflow/.local/lib/python3.7/site-packages/airflow/example_dags/example_branch_operator.py for tasks to queue
[2023-03-10T02:07:21.912+0000] {logging_mixin.py:137} INFO - [2023-03-10T02:07:21.911+0000] {dagbag.py:538} INFO - Filling up the DagBag from /home/airflow/.local/lib/python3.7/site-packages/airflow/example_dags/example_branch_operator.py
[2023-03-10T02:07:21.927+0000] {processor.py:753} INFO - DAG(s) dict_keys(['example_branch_operator']) retrieved from /home/airflow/.local/lib/python3.7/site-packages/airflow/example_dags/example_branch_operator.py
[2023-03-10T02:07:21.955+0000] {logging_mixin.py:137} INFO - [2023-03-10T02:07:21.955+0000] {dag.py:2690} INFO - Sync 1 DAGs
[2023-03-10T02:07:21.983+0000] {logging_mixin.py:137} INFO - [2023-03-10T02:07:21.983+0000] {dag.py:3441} INFO - Setting next_dagrun for example_branch_operator to 2023-03-09T00:00:00+00:00, run_after=2023-03-10T00:00:00+00:00
[2023-03-10T02:07:22.005+0000] {processor.py:175} INFO - Processing /home/airflow/.local/lib/python3.7/site-packages/airflow/example_dags/example_branch_operator.py took 0.098 seconds
[2023-03-10T02:07:52.271+0000] {processor.py:153} INFO - Started process (PID=1310) to work on /home/airflow/.local/lib/python3.7/site-packages/airflow/example_dags/example_branch_operator.py
[2023-03-10T02:07:52.272+0000] {processor.py:743} INFO - Processing file /home/airflow/.local/lib/python3.7/site-packages/airflow/example_dags/example_branch_operator.py for tasks to queue
[2023-03-10T02:07:52.272+0000] {logging_mixin.py:137} INFO - [2023-03-10T02:07:52.272+0000] {dagbag.py:538} INFO - Filling up the DagBag from /home/airflow/.local/lib/python3.7/site-packages/airflow/example_dags/example_branch_operator.py
[2023-03-10T02:07:52.284+0000] {processor.py:753} INFO - DAG(s) dict_keys(['example_branch_operator']) retrieved from /home/airflow/.local/lib/python3.7/site-packages/airflow/example_dags/example_branch_operator.py
[2023-03-10T02:07:52.305+0000] {logging_mixin.py:137} INFO - [2023-03-10T02:07:52.305+0000] {dag.py:2690} INFO - Sync 1 DAGs
[2023-03-10T02:07:52.328+0000] {logging_mixin.py:137} INFO - [2023-03-10T02:07:52.328+0000] {dag.py:3441} INFO - Setting next_dagrun for example_branch_operator to 2023-03-09T00:00:00+00:00, run_after=2023-03-10T00:00:00+00:00
[2023-03-10T02:07:52.348+0000] {processor.py:175} INFO - Processing /home/airflow/.local/lib/python3.7/site-packages/airflow/example_dags/example_branch_operator.py took 0.079 seconds
[2023-03-10T02:08:22.588+0000] {processor.py:153} INFO - Started process (PID=1580) to work on /home/airflow/.local/lib/python3.7/site-packages/airflow/example_dags/example_branch_operator.py
[2023-03-10T02:08:22.589+0000] {processor.py:743} INFO - Processing file /home/airflow/.local/lib/python3.7/site-packages/airflow/example_dags/example_branch_operator.py for tasks to queue
[2023-03-10T02:08:22.589+0000] {logging_mixin.py:137} INFO - [2023-03-10T02:08:22.589+0000] {dagbag.py:538} INFO - Filling up the DagBag from /home/airflow/.local/lib/python3.7/site-packages/airflow/example_dags/example_branch_operator.py
[2023-03-10T02:08:22.604+0000] {processor.py:753} INFO - DAG(s) dict_keys(['example_branch_operator']) retrieved from /home/airflow/.local/lib/python3.7/site-packages/airflow/example_dags/example_branch_operator.py
[2023-03-10T02:08:22.628+0000] {logging_mixin.py:137} INFO - [2023-03-10T02:08:22.627+0000] {dag.py:2690} INFO - Sync 1 DAGs
[2023-03-10T02:08:22.654+0000] {logging_mixin.py:137} INFO - [2023-03-10T02:08:22.654+0000] {dag.py:3441} INFO - Setting next_dagrun for example_branch_operator to 2023-03-09T00:00:00+00:00, run_after=2023-03-10T00:00:00+00:00
[2023-03-10T02:08:22.678+0000] {processor.py:175} INFO - Processing /home/airflow/.local/lib/python3.7/site-packages/airflow/example_dags/example_branch_operator.py took 0.094 seconds
[2023-03-10T02:08:53.092+0000] {processor.py:153} INFO - Started process (PID=1838) to work on /home/airflow/.local/lib/python3.7/site-packages/airflow/example_dags/example_branch_operator.py
[2023-03-10T02:08:53.093+0000] {processor.py:743} INFO - Processing file /home/airflow/.local/lib/python3.7/site-packages/airflow/example_dags/example_branch_operator.py for tasks to queue
[2023-03-10T02:08:53.093+0000] {logging_mixin.py:137} INFO - [2023-03-10T02:08:53.093+0000] {dagbag.py:538} INFO - Filling up the DagBag from /home/airflow/.local/lib/python3.7/site-packages/airflow/example_dags/example_branch_operator.py
[2023-03-10T02:08:53.107+0000] {processor.py:753} INFO - DAG(s) dict_keys(['example_branch_operator']) retrieved from /home/airflow/.local/lib/python3.7/site-packages/airflow/example_dags/example_branch_operator.py
[2023-03-10T02:08:53.131+0000] {logging_mixin.py:137} INFO - [2023-03-10T02:08:53.131+0000] {dag.py:2690} INFO - Sync 1 DAGs
[2023-03-10T02:08:53.154+0000] {logging_mixin.py:137} INFO - [2023-03-10T02:08:53.154+0000] {dag.py:3441} INFO - Setting next_dagrun for example_branch_operator to 2023-03-09T00:00:00+00:00, run_after=2023-03-10T00:00:00+00:00
[2023-03-10T02:08:53.174+0000] {processor.py:175} INFO - Processing /home/airflow/.local/lib/python3.7/site-packages/airflow/example_dags/example_branch_operator.py took 0.084 seconds
[2023-03-10T02:09:23.673+0000] {processor.py:153} INFO - Started process (PID=2110) to work on /home/airflow/.local/lib/python3.7/site-packages/airflow/example_dags/example_branch_operator.py
[2023-03-10T02:09:23.674+0000] {processor.py:743} INFO - Processing file /home/airflow/.local/lib/python3.7/site-packages/airflow/example_dags/example_branch_operator.py for tasks to queue
[2023-03-10T02:09:23.674+0000] {logging_mixin.py:137} INFO - [2023-03-10T02:09:23.674+0000] {dagbag.py:538} INFO - Filling up the DagBag from /home/airflow/.local/lib/python3.7/site-packages/airflow/example_dags/example_branch_operator.py
[2023-03-10T02:09:23.689+0000] {processor.py:753} INFO - DAG(s) dict_keys(['example_branch_operator']) retrieved from /home/airflow/.local/lib/python3.7/site-packages/airflow/example_dags/example_branch_operator.py
[2023-03-10T02:09:23.713+0000] {logging_mixin.py:137} INFO - [2023-03-10T02:09:23.712+0000] {dag.py:2690} INFO - Sync 1 DAGs
[2023-03-10T02:09:23.738+0000] {logging_mixin.py:137} INFO - [2023-03-10T02:09:23.738+0000] {dag.py:3441} INFO - Setting next_dagrun for example_branch_operator to 2023-03-09T00:00:00+00:00, run_after=2023-03-10T00:00:00+00:00
[2023-03-10T02:09:23.757+0000] {processor.py:175} INFO - Processing /home/airflow/.local/lib/python3.7/site-packages/airflow/example_dags/example_branch_operator.py took 0.086 seconds
