[2023-03-10T02:05:50.905+0000] {processor.py:153} INFO - Started process (PID=353) to work on /home/airflow/.local/lib/python3.7/site-packages/airflow/example_dags/example_external_task_marker_dag.py
[2023-03-10T02:05:50.906+0000] {processor.py:743} INFO - Processing file /home/airflow/.local/lib/python3.7/site-packages/airflow/example_dags/example_external_task_marker_dag.py for tasks to queue
[2023-03-10T02:05:50.907+0000] {logging_mixin.py:137} INFO - [2023-03-10T02:05:50.907+0000] {dagbag.py:538} INFO - Filling up the DagBag from /home/airflow/.local/lib/python3.7/site-packages/airflow/example_dags/example_external_task_marker_dag.py
[2023-03-10T02:05:50.925+0000] {processor.py:753} INFO - DAG(s) dict_keys(['example_external_task_marker_parent', 'example_external_task_marker_child']) retrieved from /home/airflow/.local/lib/python3.7/site-packages/airflow/example_dags/example_external_task_marker_dag.py
[2023-03-10T02:05:50.942+0000] {logging_mixin.py:137} INFO - [2023-03-10T02:05:50.942+0000] {dag.py:2690} INFO - Sync 2 DAGs
[2023-03-10T02:05:50.985+0000] {logging_mixin.py:137} INFO - [2023-03-10T02:05:50.985+0000] {dag.py:3441} INFO - Setting next_dagrun for example_external_task_marker_child to None, run_after=None
[2023-03-10T02:05:50.991+0000] {logging_mixin.py:137} INFO - [2023-03-10T02:05:50.991+0000] {dag.py:3441} INFO - Setting next_dagrun for example_external_task_marker_parent to None, run_after=None
[2023-03-10T02:05:51.015+0000] {processor.py:175} INFO - Processing /home/airflow/.local/lib/python3.7/site-packages/airflow/example_dags/example_external_task_marker_dag.py took 0.113 seconds
[2023-03-10T02:06:21.461+0000] {processor.py:153} INFO - Started process (PID=614) to work on /home/airflow/.local/lib/python3.7/site-packages/airflow/example_dags/example_external_task_marker_dag.py
[2023-03-10T02:06:21.461+0000] {processor.py:743} INFO - Processing file /home/airflow/.local/lib/python3.7/site-packages/airflow/example_dags/example_external_task_marker_dag.py for tasks to queue
[2023-03-10T02:06:21.462+0000] {logging_mixin.py:137} INFO - [2023-03-10T02:06:21.462+0000] {dagbag.py:538} INFO - Filling up the DagBag from /home/airflow/.local/lib/python3.7/site-packages/airflow/example_dags/example_external_task_marker_dag.py
[2023-03-10T02:06:21.472+0000] {processor.py:753} INFO - DAG(s) dict_keys(['example_external_task_marker_parent', 'example_external_task_marker_child']) retrieved from /home/airflow/.local/lib/python3.7/site-packages/airflow/example_dags/example_external_task_marker_dag.py
[2023-03-10T02:06:21.531+0000] {logging_mixin.py:137} INFO - [2023-03-10T02:06:21.531+0000] {dag.py:2690} INFO - Sync 2 DAGs
[2023-03-10T02:06:21.552+0000] {logging_mixin.py:137} INFO - [2023-03-10T02:06:21.552+0000] {dag.py:3441} INFO - Setting next_dagrun for example_external_task_marker_child to None, run_after=None
[2023-03-10T02:06:21.556+0000] {logging_mixin.py:137} INFO - [2023-03-10T02:06:21.555+0000] {dag.py:3441} INFO - Setting next_dagrun for example_external_task_marker_parent to None, run_after=None
[2023-03-10T02:06:21.575+0000] {processor.py:175} INFO - Processing /home/airflow/.local/lib/python3.7/site-packages/airflow/example_dags/example_external_task_marker_dag.py took 0.117 seconds
[2023-03-10T02:06:52.262+0000] {processor.py:153} INFO - Started process (PID=864) to work on /home/airflow/.local/lib/python3.7/site-packages/airflow/example_dags/example_external_task_marker_dag.py
[2023-03-10T02:06:52.263+0000] {processor.py:743} INFO - Processing file /home/airflow/.local/lib/python3.7/site-packages/airflow/example_dags/example_external_task_marker_dag.py for tasks to queue
[2023-03-10T02:06:52.263+0000] {logging_mixin.py:137} INFO - [2023-03-10T02:06:52.263+0000] {dagbag.py:538} INFO - Filling up the DagBag from /home/airflow/.local/lib/python3.7/site-packages/airflow/example_dags/example_external_task_marker_dag.py
[2023-03-10T02:06:52.275+0000] {processor.py:753} INFO - DAG(s) dict_keys(['example_external_task_marker_parent', 'example_external_task_marker_child']) retrieved from /home/airflow/.local/lib/python3.7/site-packages/airflow/example_dags/example_external_task_marker_dag.py
[2023-03-10T02:06:52.303+0000] {logging_mixin.py:137} INFO - [2023-03-10T02:06:52.303+0000] {dag.py:2690} INFO - Sync 2 DAGs
[2023-03-10T02:06:52.327+0000] {logging_mixin.py:137} INFO - [2023-03-10T02:06:52.327+0000] {dag.py:3441} INFO - Setting next_dagrun for example_external_task_marker_child to None, run_after=None
[2023-03-10T02:06:52.331+0000] {logging_mixin.py:137} INFO - [2023-03-10T02:06:52.331+0000] {dag.py:3441} INFO - Setting next_dagrun for example_external_task_marker_parent to None, run_after=None
[2023-03-10T02:06:52.348+0000] {processor.py:175} INFO - Processing /home/airflow/.local/lib/python3.7/site-packages/airflow/example_dags/example_external_task_marker_dag.py took 0.089 seconds
[2023-03-10T02:07:22.775+0000] {processor.py:153} INFO - Started process (PID=1135) to work on /home/airflow/.local/lib/python3.7/site-packages/airflow/example_dags/example_external_task_marker_dag.py
[2023-03-10T02:07:22.776+0000] {processor.py:743} INFO - Processing file /home/airflow/.local/lib/python3.7/site-packages/airflow/example_dags/example_external_task_marker_dag.py for tasks to queue
[2023-03-10T02:07:22.776+0000] {logging_mixin.py:137} INFO - [2023-03-10T02:07:22.776+0000] {dagbag.py:538} INFO - Filling up the DagBag from /home/airflow/.local/lib/python3.7/site-packages/airflow/example_dags/example_external_task_marker_dag.py
[2023-03-10T02:07:22.787+0000] {processor.py:753} INFO - DAG(s) dict_keys(['example_external_task_marker_child', 'example_external_task_marker_parent']) retrieved from /home/airflow/.local/lib/python3.7/site-packages/airflow/example_dags/example_external_task_marker_dag.py
[2023-03-10T02:07:22.810+0000] {logging_mixin.py:137} INFO - [2023-03-10T02:07:22.810+0000] {dag.py:2690} INFO - Sync 2 DAGs
[2023-03-10T02:07:22.832+0000] {logging_mixin.py:137} INFO - [2023-03-10T02:07:22.832+0000] {dag.py:3441} INFO - Setting next_dagrun for example_external_task_marker_child to None, run_after=None
[2023-03-10T02:07:22.835+0000] {logging_mixin.py:137} INFO - [2023-03-10T02:07:22.835+0000] {dag.py:3441} INFO - Setting next_dagrun for example_external_task_marker_parent to None, run_after=None
[2023-03-10T02:07:22.855+0000] {processor.py:175} INFO - Processing /home/airflow/.local/lib/python3.7/site-packages/airflow/example_dags/example_external_task_marker_dag.py took 0.083 seconds
[2023-03-10T02:07:53.105+0000] {processor.py:153} INFO - Started process (PID=1383) to work on /home/airflow/.local/lib/python3.7/site-packages/airflow/example_dags/example_external_task_marker_dag.py
[2023-03-10T02:07:53.106+0000] {processor.py:743} INFO - Processing file /home/airflow/.local/lib/python3.7/site-packages/airflow/example_dags/example_external_task_marker_dag.py for tasks to queue
[2023-03-10T02:07:53.106+0000] {logging_mixin.py:137} INFO - [2023-03-10T02:07:53.106+0000] {dagbag.py:538} INFO - Filling up the DagBag from /home/airflow/.local/lib/python3.7/site-packages/airflow/example_dags/example_external_task_marker_dag.py
[2023-03-10T02:07:53.116+0000] {processor.py:753} INFO - DAG(s) dict_keys(['example_external_task_marker_parent', 'example_external_task_marker_child']) retrieved from /home/airflow/.local/lib/python3.7/site-packages/airflow/example_dags/example_external_task_marker_dag.py
[2023-03-10T02:07:53.141+0000] {logging_mixin.py:137} INFO - [2023-03-10T02:07:53.141+0000] {dag.py:2690} INFO - Sync 2 DAGs
[2023-03-10T02:07:53.172+0000] {logging_mixin.py:137} INFO - [2023-03-10T02:07:53.172+0000] {dag.py:3441} INFO - Setting next_dagrun for example_external_task_marker_child to None, run_after=None
[2023-03-10T02:07:53.176+0000] {logging_mixin.py:137} INFO - [2023-03-10T02:07:53.176+0000] {dag.py:3441} INFO - Setting next_dagrun for example_external_task_marker_parent to None, run_after=None
[2023-03-10T02:07:53.199+0000] {processor.py:175} INFO - Processing /home/airflow/.local/lib/python3.7/site-packages/airflow/example_dags/example_external_task_marker_dag.py took 0.096 seconds
[2023-03-10T02:08:23.446+0000] {processor.py:153} INFO - Started process (PID=1655) to work on /home/airflow/.local/lib/python3.7/site-packages/airflow/example_dags/example_external_task_marker_dag.py
[2023-03-10T02:08:23.446+0000] {processor.py:743} INFO - Processing file /home/airflow/.local/lib/python3.7/site-packages/airflow/example_dags/example_external_task_marker_dag.py for tasks to queue
[2023-03-10T02:08:23.447+0000] {logging_mixin.py:137} INFO - [2023-03-10T02:08:23.447+0000] {dagbag.py:538} INFO - Filling up the DagBag from /home/airflow/.local/lib/python3.7/site-packages/airflow/example_dags/example_external_task_marker_dag.py
[2023-03-10T02:08:23.456+0000] {processor.py:753} INFO - DAG(s) dict_keys(['example_external_task_marker_parent', 'example_external_task_marker_child']) retrieved from /home/airflow/.local/lib/python3.7/site-packages/airflow/example_dags/example_external_task_marker_dag.py
[2023-03-10T02:08:23.480+0000] {logging_mixin.py:137} INFO - [2023-03-10T02:08:23.480+0000] {dag.py:2690} INFO - Sync 2 DAGs
[2023-03-10T02:08:23.505+0000] {logging_mixin.py:137} INFO - [2023-03-10T02:08:23.505+0000] {dag.py:3441} INFO - Setting next_dagrun for example_external_task_marker_child to None, run_after=None
[2023-03-10T02:08:23.510+0000] {logging_mixin.py:137} INFO - [2023-03-10T02:08:23.509+0000] {dag.py:3441} INFO - Setting next_dagrun for example_external_task_marker_parent to None, run_after=None
[2023-03-10T02:08:23.529+0000] {processor.py:175} INFO - Processing /home/airflow/.local/lib/python3.7/site-packages/airflow/example_dags/example_external_task_marker_dag.py took 0.086 seconds
[2023-03-10T02:08:54.073+0000] {processor.py:153} INFO - Started process (PID=1915) to work on /home/airflow/.local/lib/python3.7/site-packages/airflow/example_dags/example_external_task_marker_dag.py
[2023-03-10T02:08:54.074+0000] {processor.py:743} INFO - Processing file /home/airflow/.local/lib/python3.7/site-packages/airflow/example_dags/example_external_task_marker_dag.py for tasks to queue
[2023-03-10T02:08:54.074+0000] {logging_mixin.py:137} INFO - [2023-03-10T02:08:54.074+0000] {dagbag.py:538} INFO - Filling up the DagBag from /home/airflow/.local/lib/python3.7/site-packages/airflow/example_dags/example_external_task_marker_dag.py
[2023-03-10T02:08:54.085+0000] {processor.py:753} INFO - DAG(s) dict_keys(['example_external_task_marker_parent', 'example_external_task_marker_child']) retrieved from /home/airflow/.local/lib/python3.7/site-packages/airflow/example_dags/example_external_task_marker_dag.py
[2023-03-10T02:08:54.111+0000] {logging_mixin.py:137} INFO - [2023-03-10T02:08:54.110+0000] {dag.py:2690} INFO - Sync 2 DAGs
[2023-03-10T02:08:54.133+0000] {logging_mixin.py:137} INFO - [2023-03-10T02:08:54.133+0000] {dag.py:3441} INFO - Setting next_dagrun for example_external_task_marker_child to None, run_after=None
[2023-03-10T02:08:54.137+0000] {logging_mixin.py:137} INFO - [2023-03-10T02:08:54.136+0000] {dag.py:3441} INFO - Setting next_dagrun for example_external_task_marker_parent to None, run_after=None
[2023-03-10T02:08:54.154+0000] {processor.py:175} INFO - Processing /home/airflow/.local/lib/python3.7/site-packages/airflow/example_dags/example_external_task_marker_dag.py took 0.083 seconds
[2023-03-10T02:09:24.707+0000] {processor.py:153} INFO - Started process (PID=2185) to work on /home/airflow/.local/lib/python3.7/site-packages/airflow/example_dags/example_external_task_marker_dag.py
[2023-03-10T02:09:24.707+0000] {processor.py:743} INFO - Processing file /home/airflow/.local/lib/python3.7/site-packages/airflow/example_dags/example_external_task_marker_dag.py for tasks to queue
[2023-03-10T02:09:24.708+0000] {logging_mixin.py:137} INFO - [2023-03-10T02:09:24.708+0000] {dagbag.py:538} INFO - Filling up the DagBag from /home/airflow/.local/lib/python3.7/site-packages/airflow/example_dags/example_external_task_marker_dag.py
[2023-03-10T02:09:24.718+0000] {processor.py:753} INFO - DAG(s) dict_keys(['example_external_task_marker_parent', 'example_external_task_marker_child']) retrieved from /home/airflow/.local/lib/python3.7/site-packages/airflow/example_dags/example_external_task_marker_dag.py
[2023-03-10T02:09:24.743+0000] {logging_mixin.py:137} INFO - [2023-03-10T02:09:24.743+0000] {dag.py:2690} INFO - Sync 2 DAGs
[2023-03-10T02:09:24.768+0000] {logging_mixin.py:137} INFO - [2023-03-10T02:09:24.768+0000] {dag.py:3441} INFO - Setting next_dagrun for example_external_task_marker_child to None, run_after=None
[2023-03-10T02:09:24.771+0000] {logging_mixin.py:137} INFO - [2023-03-10T02:09:24.771+0000] {dag.py:3441} INFO - Setting next_dagrun for example_external_task_marker_parent to None, run_after=None
[2023-03-10T02:09:24.788+0000] {processor.py:175} INFO - Processing /home/airflow/.local/lib/python3.7/site-packages/airflow/example_dags/example_external_task_marker_dag.py took 0.084 seconds
