[2023-03-10T02:05:51.061+0000] {processor.py:153} INFO - Started process (PID=366) to work on /home/airflow/.local/lib/python3.7/site-packages/airflow/example_dags/example_branch_datetime_operator.py
[2023-03-10T02:05:51.061+0000] {processor.py:743} INFO - Processing file /home/airflow/.local/lib/python3.7/site-packages/airflow/example_dags/example_branch_datetime_operator.py for tasks to queue
[2023-03-10T02:05:51.062+0000] {logging_mixin.py:137} INFO - [2023-03-10T02:05:51.062+0000] {dagbag.py:538} INFO - Filling up the DagBag from /home/airflow/.local/lib/python3.7/site-packages/airflow/example_dags/example_branch_datetime_operator.py
[2023-03-10T02:05:51.082+0000] {processor.py:753} INFO - DAG(s) dict_keys(['example_branch_datetime_operator_3', 'example_branch_datetime_operator', 'example_branch_datetime_operator_2']) retrieved from /home/airflow/.local/lib/python3.7/site-packages/airflow/example_dags/example_branch_datetime_operator.py
[2023-03-10T02:05:51.098+0000] {logging_mixin.py:137} INFO - [2023-03-10T02:05:51.098+0000] {dag.py:2690} INFO - Sync 3 DAGs
[2023-03-10T02:05:51.129+0000] {logging_mixin.py:137} INFO - [2023-03-10T02:05:51.129+0000] {dag.py:3441} INFO - Setting next_dagrun for example_branch_datetime_operator to 2023-03-09T00:00:00+00:00, run_after=2023-03-10T00:00:00+00:00
[2023-03-10T02:05:51.135+0000] {logging_mixin.py:137} INFO - [2023-03-10T02:05:51.135+0000] {dag.py:3441} INFO - Setting next_dagrun for example_branch_datetime_operator_2 to 2023-03-09T00:00:00+00:00, run_after=2023-03-10T00:00:00+00:00
[2023-03-10T02:05:51.139+0000] {logging_mixin.py:137} INFO - [2023-03-10T02:05:51.139+0000] {dag.py:3441} INFO - Setting next_dagrun for example_branch_datetime_operator_3 to 2023-03-09T00:00:00+00:00, run_after=2023-03-10T00:00:00+00:00
[2023-03-10T02:05:51.167+0000] {processor.py:175} INFO - Processing /home/airflow/.local/lib/python3.7/site-packages/airflow/example_dags/example_branch_datetime_operator.py took 0.109 seconds
[2023-03-10T02:06:21.664+0000] {processor.py:153} INFO - Started process (PID=629) to work on /home/airflow/.local/lib/python3.7/site-packages/airflow/example_dags/example_branch_datetime_operator.py
[2023-03-10T02:06:21.665+0000] {processor.py:743} INFO - Processing file /home/airflow/.local/lib/python3.7/site-packages/airflow/example_dags/example_branch_datetime_operator.py for tasks to queue
[2023-03-10T02:06:21.666+0000] {logging_mixin.py:137} INFO - [2023-03-10T02:06:21.665+0000] {dagbag.py:538} INFO - Filling up the DagBag from /home/airflow/.local/lib/python3.7/site-packages/airflow/example_dags/example_branch_datetime_operator.py
[2023-03-10T02:06:21.681+0000] {processor.py:753} INFO - DAG(s) dict_keys(['example_branch_datetime_operator_2', 'example_branch_datetime_operator_3', 'example_branch_datetime_operator']) retrieved from /home/airflow/.local/lib/python3.7/site-packages/airflow/example_dags/example_branch_datetime_operator.py
[2023-03-10T02:06:21.715+0000] {logging_mixin.py:137} INFO - [2023-03-10T02:06:21.715+0000] {dag.py:2690} INFO - Sync 3 DAGs
[2023-03-10T02:06:21.742+0000] {logging_mixin.py:137} INFO - [2023-03-10T02:06:21.742+0000] {dag.py:3441} INFO - Setting next_dagrun for example_branch_datetime_operator to 2023-03-09T00:00:00+00:00, run_after=2023-03-10T00:00:00+00:00
[2023-03-10T02:06:21.747+0000] {logging_mixin.py:137} INFO - [2023-03-10T02:06:21.747+0000] {dag.py:3441} INFO - Setting next_dagrun for example_branch_datetime_operator_2 to 2023-03-09T00:00:00+00:00, run_after=2023-03-10T00:00:00+00:00
[2023-03-10T02:06:21.750+0000] {logging_mixin.py:137} INFO - [2023-03-10T02:06:21.749+0000] {dag.py:3441} INFO - Setting next_dagrun for example_branch_datetime_operator_3 to 2023-03-09T00:00:00+00:00, run_after=2023-03-10T00:00:00+00:00
[2023-03-10T02:06:21.773+0000] {processor.py:175} INFO - Processing /home/airflow/.local/lib/python3.7/site-packages/airflow/example_dags/example_branch_datetime_operator.py took 0.111 seconds
[2023-03-10T02:06:52.479+0000] {processor.py:153} INFO - Started process (PID=879) to work on /home/airflow/.local/lib/python3.7/site-packages/airflow/example_dags/example_branch_datetime_operator.py
[2023-03-10T02:06:52.480+0000] {processor.py:743} INFO - Processing file /home/airflow/.local/lib/python3.7/site-packages/airflow/example_dags/example_branch_datetime_operator.py for tasks to queue
[2023-03-10T02:06:52.480+0000] {logging_mixin.py:137} INFO - [2023-03-10T02:06:52.480+0000] {dagbag.py:538} INFO - Filling up the DagBag from /home/airflow/.local/lib/python3.7/site-packages/airflow/example_dags/example_branch_datetime_operator.py
[2023-03-10T02:06:52.493+0000] {processor.py:753} INFO - DAG(s) dict_keys(['example_branch_datetime_operator', 'example_branch_datetime_operator_3', 'example_branch_datetime_operator_2']) retrieved from /home/airflow/.local/lib/python3.7/site-packages/airflow/example_dags/example_branch_datetime_operator.py
[2023-03-10T02:06:52.523+0000] {logging_mixin.py:137} INFO - [2023-03-10T02:06:52.523+0000] {dag.py:2690} INFO - Sync 3 DAGs
[2023-03-10T02:06:52.547+0000] {logging_mixin.py:137} INFO - [2023-03-10T02:06:52.547+0000] {dag.py:3441} INFO - Setting next_dagrun for example_branch_datetime_operator to 2023-03-09T00:00:00+00:00, run_after=2023-03-10T00:00:00+00:00
[2023-03-10T02:06:52.552+0000] {logging_mixin.py:137} INFO - [2023-03-10T02:06:52.552+0000] {dag.py:3441} INFO - Setting next_dagrun for example_branch_datetime_operator_2 to 2023-03-09T00:00:00+00:00, run_after=2023-03-10T00:00:00+00:00
[2023-03-10T02:06:52.554+0000] {logging_mixin.py:137} INFO - [2023-03-10T02:06:52.554+0000] {dag.py:3441} INFO - Setting next_dagrun for example_branch_datetime_operator_3 to 2023-03-09T00:00:00+00:00, run_after=2023-03-10T00:00:00+00:00
[2023-03-10T02:06:52.571+0000] {processor.py:175} INFO - Processing /home/airflow/.local/lib/python3.7/site-packages/airflow/example_dags/example_branch_datetime_operator.py took 0.094 seconds
[2023-03-10T02:07:22.959+0000] {processor.py:153} INFO - Started process (PID=1150) to work on /home/airflow/.local/lib/python3.7/site-packages/airflow/example_dags/example_branch_datetime_operator.py
[2023-03-10T02:07:22.960+0000] {processor.py:743} INFO - Processing file /home/airflow/.local/lib/python3.7/site-packages/airflow/example_dags/example_branch_datetime_operator.py for tasks to queue
[2023-03-10T02:07:22.960+0000] {logging_mixin.py:137} INFO - [2023-03-10T02:07:22.960+0000] {dagbag.py:538} INFO - Filling up the DagBag from /home/airflow/.local/lib/python3.7/site-packages/airflow/example_dags/example_branch_datetime_operator.py
[2023-03-10T02:07:22.975+0000] {processor.py:753} INFO - DAG(s) dict_keys(['example_branch_datetime_operator_3', 'example_branch_datetime_operator', 'example_branch_datetime_operator_2']) retrieved from /home/airflow/.local/lib/python3.7/site-packages/airflow/example_dags/example_branch_datetime_operator.py
[2023-03-10T02:07:23.003+0000] {logging_mixin.py:137} INFO - [2023-03-10T02:07:23.003+0000] {dag.py:2690} INFO - Sync 3 DAGs
[2023-03-10T02:07:23.027+0000] {logging_mixin.py:137} INFO - [2023-03-10T02:07:23.027+0000] {dag.py:3441} INFO - Setting next_dagrun for example_branch_datetime_operator to 2023-03-09T00:00:00+00:00, run_after=2023-03-10T00:00:00+00:00
[2023-03-10T02:07:23.032+0000] {logging_mixin.py:137} INFO - [2023-03-10T02:07:23.032+0000] {dag.py:3441} INFO - Setting next_dagrun for example_branch_datetime_operator_2 to 2023-03-09T00:00:00+00:00, run_after=2023-03-10T00:00:00+00:00
[2023-03-10T02:07:23.034+0000] {logging_mixin.py:137} INFO - [2023-03-10T02:07:23.034+0000] {dag.py:3441} INFO - Setting next_dagrun for example_branch_datetime_operator_3 to 2023-03-09T00:00:00+00:00, run_after=2023-03-10T00:00:00+00:00
[2023-03-10T02:07:23.050+0000] {processor.py:175} INFO - Processing /home/airflow/.local/lib/python3.7/site-packages/airflow/example_dags/example_branch_datetime_operator.py took 0.093 seconds
[2023-03-10T02:07:53.314+0000] {processor.py:153} INFO - Started process (PID=1400) to work on /home/airflow/.local/lib/python3.7/site-packages/airflow/example_dags/example_branch_datetime_operator.py
[2023-03-10T02:07:53.315+0000] {processor.py:743} INFO - Processing file /home/airflow/.local/lib/python3.7/site-packages/airflow/example_dags/example_branch_datetime_operator.py for tasks to queue
[2023-03-10T02:07:53.315+0000] {logging_mixin.py:137} INFO - [2023-03-10T02:07:53.315+0000] {dagbag.py:538} INFO - Filling up the DagBag from /home/airflow/.local/lib/python3.7/site-packages/airflow/example_dags/example_branch_datetime_operator.py
[2023-03-10T02:07:53.328+0000] {processor.py:753} INFO - DAG(s) dict_keys(['example_branch_datetime_operator_2', 'example_branch_datetime_operator_3', 'example_branch_datetime_operator']) retrieved from /home/airflow/.local/lib/python3.7/site-packages/airflow/example_dags/example_branch_datetime_operator.py
[2023-03-10T02:07:53.355+0000] {logging_mixin.py:137} INFO - [2023-03-10T02:07:53.355+0000] {dag.py:2690} INFO - Sync 3 DAGs
[2023-03-10T02:07:53.378+0000] {logging_mixin.py:137} INFO - [2023-03-10T02:07:53.378+0000] {dag.py:3441} INFO - Setting next_dagrun for example_branch_datetime_operator to 2023-03-09T00:00:00+00:00, run_after=2023-03-10T00:00:00+00:00
[2023-03-10T02:07:53.383+0000] {logging_mixin.py:137} INFO - [2023-03-10T02:07:53.382+0000] {dag.py:3441} INFO - Setting next_dagrun for example_branch_datetime_operator_2 to 2023-03-09T00:00:00+00:00, run_after=2023-03-10T00:00:00+00:00
[2023-03-10T02:07:53.385+0000] {logging_mixin.py:137} INFO - [2023-03-10T02:07:53.385+0000] {dag.py:3441} INFO - Setting next_dagrun for example_branch_datetime_operator_3 to 2023-03-09T00:00:00+00:00, run_after=2023-03-10T00:00:00+00:00
[2023-03-10T02:07:53.402+0000] {processor.py:175} INFO - Processing /home/airflow/.local/lib/python3.7/site-packages/airflow/example_dags/example_branch_datetime_operator.py took 0.090 seconds
[2023-03-10T02:08:23.599+0000] {processor.py:153} INFO - Started process (PID=1670) to work on /home/airflow/.local/lib/python3.7/site-packages/airflow/example_dags/example_branch_datetime_operator.py
[2023-03-10T02:08:23.599+0000] {processor.py:743} INFO - Processing file /home/airflow/.local/lib/python3.7/site-packages/airflow/example_dags/example_branch_datetime_operator.py for tasks to queue
[2023-03-10T02:08:23.600+0000] {logging_mixin.py:137} INFO - [2023-03-10T02:08:23.600+0000] {dagbag.py:538} INFO - Filling up the DagBag from /home/airflow/.local/lib/python3.7/site-packages/airflow/example_dags/example_branch_datetime_operator.py
[2023-03-10T02:08:23.615+0000] {processor.py:753} INFO - DAG(s) dict_keys(['example_branch_datetime_operator_2', 'example_branch_datetime_operator', 'example_branch_datetime_operator_3']) retrieved from /home/airflow/.local/lib/python3.7/site-packages/airflow/example_dags/example_branch_datetime_operator.py
[2023-03-10T02:08:23.641+0000] {logging_mixin.py:137} INFO - [2023-03-10T02:08:23.641+0000] {dag.py:2690} INFO - Sync 3 DAGs
[2023-03-10T02:08:23.666+0000] {logging_mixin.py:137} INFO - [2023-03-10T02:08:23.666+0000] {dag.py:3441} INFO - Setting next_dagrun for example_branch_datetime_operator to 2023-03-09T00:00:00+00:00, run_after=2023-03-10T00:00:00+00:00
[2023-03-10T02:08:23.670+0000] {logging_mixin.py:137} INFO - [2023-03-10T02:08:23.670+0000] {dag.py:3441} INFO - Setting next_dagrun for example_branch_datetime_operator_2 to 2023-03-09T00:00:00+00:00, run_after=2023-03-10T00:00:00+00:00
[2023-03-10T02:08:23.672+0000] {logging_mixin.py:137} INFO - [2023-03-10T02:08:23.672+0000] {dag.py:3441} INFO - Setting next_dagrun for example_branch_datetime_operator_3 to 2023-03-09T00:00:00+00:00, run_after=2023-03-10T00:00:00+00:00
[2023-03-10T02:08:23.689+0000] {processor.py:175} INFO - Processing /home/airflow/.local/lib/python3.7/site-packages/airflow/example_dags/example_branch_datetime_operator.py took 0.093 seconds
[2023-03-10T02:08:54.278+0000] {processor.py:153} INFO - Started process (PID=1930) to work on /home/airflow/.local/lib/python3.7/site-packages/airflow/example_dags/example_branch_datetime_operator.py
[2023-03-10T02:08:54.278+0000] {processor.py:743} INFO - Processing file /home/airflow/.local/lib/python3.7/site-packages/airflow/example_dags/example_branch_datetime_operator.py for tasks to queue
[2023-03-10T02:08:54.279+0000] {logging_mixin.py:137} INFO - [2023-03-10T02:08:54.279+0000] {dagbag.py:538} INFO - Filling up the DagBag from /home/airflow/.local/lib/python3.7/site-packages/airflow/example_dags/example_branch_datetime_operator.py
[2023-03-10T02:08:54.292+0000] {processor.py:753} INFO - DAG(s) dict_keys(['example_branch_datetime_operator', 'example_branch_datetime_operator_3', 'example_branch_datetime_operator_2']) retrieved from /home/airflow/.local/lib/python3.7/site-packages/airflow/example_dags/example_branch_datetime_operator.py
[2023-03-10T02:08:54.325+0000] {logging_mixin.py:137} INFO - [2023-03-10T02:08:54.325+0000] {dag.py:2690} INFO - Sync 3 DAGs
[2023-03-10T02:08:54.352+0000] {logging_mixin.py:137} INFO - [2023-03-10T02:08:54.352+0000] {dag.py:3441} INFO - Setting next_dagrun for example_branch_datetime_operator to 2023-03-09T00:00:00+00:00, run_after=2023-03-10T00:00:00+00:00
[2023-03-10T02:08:54.357+0000] {logging_mixin.py:137} INFO - [2023-03-10T02:08:54.357+0000] {dag.py:3441} INFO - Setting next_dagrun for example_branch_datetime_operator_2 to 2023-03-09T00:00:00+00:00, run_after=2023-03-10T00:00:00+00:00
[2023-03-10T02:08:54.360+0000] {logging_mixin.py:137} INFO - [2023-03-10T02:08:54.360+0000] {dag.py:3441} INFO - Setting next_dagrun for example_branch_datetime_operator_3 to 2023-03-09T00:00:00+00:00, run_after=2023-03-10T00:00:00+00:00
[2023-03-10T02:08:54.380+0000] {processor.py:175} INFO - Processing /home/airflow/.local/lib/python3.7/site-packages/airflow/example_dags/example_branch_datetime_operator.py took 0.104 seconds
[2023-03-10T02:09:24.829+0000] {processor.py:153} INFO - Started process (PID=2200) to work on /home/airflow/.local/lib/python3.7/site-packages/airflow/example_dags/example_branch_datetime_operator.py
[2023-03-10T02:09:24.830+0000] {processor.py:743} INFO - Processing file /home/airflow/.local/lib/python3.7/site-packages/airflow/example_dags/example_branch_datetime_operator.py for tasks to queue
[2023-03-10T02:09:24.831+0000] {logging_mixin.py:137} INFO - [2023-03-10T02:09:24.831+0000] {dagbag.py:538} INFO - Filling up the DagBag from /home/airflow/.local/lib/python3.7/site-packages/airflow/example_dags/example_branch_datetime_operator.py
[2023-03-10T02:09:24.846+0000] {processor.py:753} INFO - DAG(s) dict_keys(['example_branch_datetime_operator_2', 'example_branch_datetime_operator_3', 'example_branch_datetime_operator']) retrieved from /home/airflow/.local/lib/python3.7/site-packages/airflow/example_dags/example_branch_datetime_operator.py
[2023-03-10T02:09:24.875+0000] {logging_mixin.py:137} INFO - [2023-03-10T02:09:24.875+0000] {dag.py:2690} INFO - Sync 3 DAGs
[2023-03-10T02:09:24.902+0000] {logging_mixin.py:137} INFO - [2023-03-10T02:09:24.902+0000] {dag.py:3441} INFO - Setting next_dagrun for example_branch_datetime_operator to 2023-03-09T00:00:00+00:00, run_after=2023-03-10T00:00:00+00:00
[2023-03-10T02:09:24.907+0000] {logging_mixin.py:137} INFO - [2023-03-10T02:09:24.907+0000] {dag.py:3441} INFO - Setting next_dagrun for example_branch_datetime_operator_2 to 2023-03-09T00:00:00+00:00, run_after=2023-03-10T00:00:00+00:00
[2023-03-10T02:09:24.910+0000] {logging_mixin.py:137} INFO - [2023-03-10T02:09:24.909+0000] {dag.py:3441} INFO - Setting next_dagrun for example_branch_datetime_operator_3 to 2023-03-09T00:00:00+00:00, run_after=2023-03-10T00:00:00+00:00
[2023-03-10T02:09:24.927+0000] {processor.py:175} INFO - Processing /home/airflow/.local/lib/python3.7/site-packages/airflow/example_dags/example_branch_datetime_operator.py took 0.100 seconds
