[2023-03-10T02:05:49.688+0000] {processor.py:153} INFO - Started process (PID=252) to work on /home/airflow/.local/lib/python3.7/site-packages/airflow/example_dags/example_branch_labels.py
[2023-03-10T02:05:49.689+0000] {processor.py:743} INFO - Processing file /home/airflow/.local/lib/python3.7/site-packages/airflow/example_dags/example_branch_labels.py for tasks to queue
[2023-03-10T02:05:49.689+0000] {logging_mixin.py:137} INFO - [2023-03-10T02:05:49.689+0000] {dagbag.py:538} INFO - Filling up the DagBag from /home/airflow/.local/lib/python3.7/site-packages/airflow/example_dags/example_branch_labels.py
[2023-03-10T02:05:49.706+0000] {processor.py:753} INFO - DAG(s) dict_keys(['example_branch_labels']) retrieved from /home/airflow/.local/lib/python3.7/site-packages/airflow/example_dags/example_branch_labels.py
[2023-03-10T02:05:49.718+0000] {logging_mixin.py:137} INFO - [2023-03-10T02:05:49.717+0000] {dag.py:2690} INFO - Sync 1 DAGs
[2023-03-10T02:05:49.747+0000] {logging_mixin.py:137} INFO - [2023-03-10T02:05:49.747+0000] {dag.py:3441} INFO - Setting next_dagrun for example_branch_labels to 2023-03-09T00:00:00+00:00, run_after=2023-03-10T00:00:00+00:00
[2023-03-10T02:05:49.766+0000] {processor.py:175} INFO - Processing /home/airflow/.local/lib/python3.7/site-packages/airflow/example_dags/example_branch_labels.py took 0.080 seconds
[2023-03-10T02:06:20.256+0000] {processor.py:153} INFO - Started process (PID=524) to work on /home/airflow/.local/lib/python3.7/site-packages/airflow/example_dags/example_branch_labels.py
[2023-03-10T02:06:20.257+0000] {processor.py:743} INFO - Processing file /home/airflow/.local/lib/python3.7/site-packages/airflow/example_dags/example_branch_labels.py for tasks to queue
[2023-03-10T02:06:20.257+0000] {logging_mixin.py:137} INFO - [2023-03-10T02:06:20.257+0000] {dagbag.py:538} INFO - Filling up the DagBag from /home/airflow/.local/lib/python3.7/site-packages/airflow/example_dags/example_branch_labels.py
[2023-03-10T02:06:20.269+0000] {processor.py:753} INFO - DAG(s) dict_keys(['example_branch_labels']) retrieved from /home/airflow/.local/lib/python3.7/site-packages/airflow/example_dags/example_branch_labels.py
[2023-03-10T02:06:20.291+0000] {logging_mixin.py:137} INFO - [2023-03-10T02:06:20.290+0000] {dag.py:2690} INFO - Sync 1 DAGs
[2023-03-10T02:06:20.314+0000] {logging_mixin.py:137} INFO - [2023-03-10T02:06:20.314+0000] {dag.py:3441} INFO - Setting next_dagrun for example_branch_labels to 2023-03-09T00:00:00+00:00, run_after=2023-03-10T00:00:00+00:00
[2023-03-10T02:06:20.335+0000] {processor.py:175} INFO - Processing /home/airflow/.local/lib/python3.7/site-packages/airflow/example_dags/example_branch_labels.py took 0.081 seconds
[2023-03-10T02:06:51.116+0000] {processor.py:153} INFO - Started process (PID=774) to work on /home/airflow/.local/lib/python3.7/site-packages/airflow/example_dags/example_branch_labels.py
[2023-03-10T02:06:51.117+0000] {processor.py:743} INFO - Processing file /home/airflow/.local/lib/python3.7/site-packages/airflow/example_dags/example_branch_labels.py for tasks to queue
[2023-03-10T02:06:51.117+0000] {logging_mixin.py:137} INFO - [2023-03-10T02:06:51.117+0000] {dagbag.py:538} INFO - Filling up the DagBag from /home/airflow/.local/lib/python3.7/site-packages/airflow/example_dags/example_branch_labels.py
[2023-03-10T02:06:51.130+0000] {processor.py:753} INFO - DAG(s) dict_keys(['example_branch_labels']) retrieved from /home/airflow/.local/lib/python3.7/site-packages/airflow/example_dags/example_branch_labels.py
[2023-03-10T02:06:51.155+0000] {logging_mixin.py:137} INFO - [2023-03-10T02:06:51.155+0000] {dag.py:2690} INFO - Sync 1 DAGs
[2023-03-10T02:06:51.181+0000] {logging_mixin.py:137} INFO - [2023-03-10T02:06:51.181+0000] {dag.py:3441} INFO - Setting next_dagrun for example_branch_labels to 2023-03-09T00:00:00+00:00, run_after=2023-03-10T00:00:00+00:00
[2023-03-10T02:06:51.203+0000] {processor.py:175} INFO - Processing /home/airflow/.local/lib/python3.7/site-packages/airflow/example_dags/example_branch_labels.py took 0.089 seconds
[2023-03-10T02:07:21.708+0000] {processor.py:153} INFO - Started process (PID=1047) to work on /home/airflow/.local/lib/python3.7/site-packages/airflow/example_dags/example_branch_labels.py
[2023-03-10T02:07:21.709+0000] {processor.py:743} INFO - Processing file /home/airflow/.local/lib/python3.7/site-packages/airflow/example_dags/example_branch_labels.py for tasks to queue
[2023-03-10T02:07:21.710+0000] {logging_mixin.py:137} INFO - [2023-03-10T02:07:21.709+0000] {dagbag.py:538} INFO - Filling up the DagBag from /home/airflow/.local/lib/python3.7/site-packages/airflow/example_dags/example_branch_labels.py
[2023-03-10T02:07:21.723+0000] {processor.py:753} INFO - DAG(s) dict_keys(['example_branch_labels']) retrieved from /home/airflow/.local/lib/python3.7/site-packages/airflow/example_dags/example_branch_labels.py
[2023-03-10T02:07:21.747+0000] {logging_mixin.py:137} INFO - [2023-03-10T02:07:21.746+0000] {dag.py:2690} INFO - Sync 1 DAGs
[2023-03-10T02:07:21.771+0000] {logging_mixin.py:137} INFO - [2023-03-10T02:07:21.771+0000] {dag.py:3441} INFO - Setting next_dagrun for example_branch_labels to 2023-03-09T00:00:00+00:00, run_after=2023-03-10T00:00:00+00:00
[2023-03-10T02:07:21.791+0000] {processor.py:175} INFO - Processing /home/airflow/.local/lib/python3.7/site-packages/airflow/example_dags/example_branch_labels.py took 0.086 seconds
[2023-03-10T02:07:52.076+0000] {processor.py:153} INFO - Started process (PID=1293) to work on /home/airflow/.local/lib/python3.7/site-packages/airflow/example_dags/example_branch_labels.py
[2023-03-10T02:07:52.077+0000] {processor.py:743} INFO - Processing file /home/airflow/.local/lib/python3.7/site-packages/airflow/example_dags/example_branch_labels.py for tasks to queue
[2023-03-10T02:07:52.077+0000] {logging_mixin.py:137} INFO - [2023-03-10T02:07:52.077+0000] {dagbag.py:538} INFO - Filling up the DagBag from /home/airflow/.local/lib/python3.7/site-packages/airflow/example_dags/example_branch_labels.py
[2023-03-10T02:07:52.089+0000] {processor.py:753} INFO - DAG(s) dict_keys(['example_branch_labels']) retrieved from /home/airflow/.local/lib/python3.7/site-packages/airflow/example_dags/example_branch_labels.py
[2023-03-10T02:07:52.111+0000] {logging_mixin.py:137} INFO - [2023-03-10T02:07:52.111+0000] {dag.py:2690} INFO - Sync 1 DAGs
[2023-03-10T02:07:52.137+0000] {logging_mixin.py:137} INFO - [2023-03-10T02:07:52.137+0000] {dag.py:3441} INFO - Setting next_dagrun for example_branch_labels to 2023-03-09T00:00:00+00:00, run_after=2023-03-10T00:00:00+00:00
[2023-03-10T02:07:52.156+0000] {processor.py:175} INFO - Processing /home/airflow/.local/lib/python3.7/site-packages/airflow/example_dags/example_branch_labels.py took 0.082 seconds
[2023-03-10T02:08:22.407+0000] {processor.py:153} INFO - Started process (PID=1565) to work on /home/airflow/.local/lib/python3.7/site-packages/airflow/example_dags/example_branch_labels.py
[2023-03-10T02:08:22.407+0000] {processor.py:743} INFO - Processing file /home/airflow/.local/lib/python3.7/site-packages/airflow/example_dags/example_branch_labels.py for tasks to queue
[2023-03-10T02:08:22.408+0000] {logging_mixin.py:137} INFO - [2023-03-10T02:08:22.408+0000] {dagbag.py:538} INFO - Filling up the DagBag from /home/airflow/.local/lib/python3.7/site-packages/airflow/example_dags/example_branch_labels.py
[2023-03-10T02:08:22.419+0000] {processor.py:753} INFO - DAG(s) dict_keys(['example_branch_labels']) retrieved from /home/airflow/.local/lib/python3.7/site-packages/airflow/example_dags/example_branch_labels.py
[2023-03-10T02:08:22.440+0000] {logging_mixin.py:137} INFO - [2023-03-10T02:08:22.440+0000] {dag.py:2690} INFO - Sync 1 DAGs
[2023-03-10T02:08:22.464+0000] {logging_mixin.py:137} INFO - [2023-03-10T02:08:22.463+0000] {dag.py:3441} INFO - Setting next_dagrun for example_branch_labels to 2023-03-09T00:00:00+00:00, run_after=2023-03-10T00:00:00+00:00
[2023-03-10T02:08:22.492+0000] {processor.py:175} INFO - Processing /home/airflow/.local/lib/python3.7/site-packages/airflow/example_dags/example_branch_labels.py took 0.088 seconds
[2023-03-10T02:08:52.958+0000] {processor.py:153} INFO - Started process (PID=1823) to work on /home/airflow/.local/lib/python3.7/site-packages/airflow/example_dags/example_branch_labels.py
[2023-03-10T02:08:52.959+0000] {processor.py:743} INFO - Processing file /home/airflow/.local/lib/python3.7/site-packages/airflow/example_dags/example_branch_labels.py for tasks to queue
[2023-03-10T02:08:52.959+0000] {logging_mixin.py:137} INFO - [2023-03-10T02:08:52.959+0000] {dagbag.py:538} INFO - Filling up the DagBag from /home/airflow/.local/lib/python3.7/site-packages/airflow/example_dags/example_branch_labels.py
[2023-03-10T02:08:52.971+0000] {processor.py:753} INFO - DAG(s) dict_keys(['example_branch_labels']) retrieved from /home/airflow/.local/lib/python3.7/site-packages/airflow/example_dags/example_branch_labels.py
[2023-03-10T02:08:52.996+0000] {logging_mixin.py:137} INFO - [2023-03-10T02:08:52.996+0000] {dag.py:2690} INFO - Sync 1 DAGs
[2023-03-10T02:08:53.021+0000] {logging_mixin.py:137} INFO - [2023-03-10T02:08:53.021+0000] {dag.py:3441} INFO - Setting next_dagrun for example_branch_labels to 2023-03-09T00:00:00+00:00, run_after=2023-03-10T00:00:00+00:00
[2023-03-10T02:08:53.042+0000] {processor.py:175} INFO - Processing /home/airflow/.local/lib/python3.7/site-packages/airflow/example_dags/example_branch_labels.py took 0.086 seconds
[2023-03-10T02:09:23.485+0000] {processor.py:153} INFO - Started process (PID=2095) to work on /home/airflow/.local/lib/python3.7/site-packages/airflow/example_dags/example_branch_labels.py
[2023-03-10T02:09:23.486+0000] {processor.py:743} INFO - Processing file /home/airflow/.local/lib/python3.7/site-packages/airflow/example_dags/example_branch_labels.py for tasks to queue
[2023-03-10T02:09:23.486+0000] {logging_mixin.py:137} INFO - [2023-03-10T02:09:23.486+0000] {dagbag.py:538} INFO - Filling up the DagBag from /home/airflow/.local/lib/python3.7/site-packages/airflow/example_dags/example_branch_labels.py
[2023-03-10T02:09:23.499+0000] {processor.py:753} INFO - DAG(s) dict_keys(['example_branch_labels']) retrieved from /home/airflow/.local/lib/python3.7/site-packages/airflow/example_dags/example_branch_labels.py
[2023-03-10T02:09:23.522+0000] {logging_mixin.py:137} INFO - [2023-03-10T02:09:23.522+0000] {dag.py:2690} INFO - Sync 1 DAGs
[2023-03-10T02:09:23.546+0000] {logging_mixin.py:137} INFO - [2023-03-10T02:09:23.546+0000] {dag.py:3441} INFO - Setting next_dagrun for example_branch_labels to 2023-03-09T00:00:00+00:00, run_after=2023-03-10T00:00:00+00:00
[2023-03-10T02:09:23.567+0000] {processor.py:175} INFO - Processing /home/airflow/.local/lib/python3.7/site-packages/airflow/example_dags/example_branch_labels.py took 0.084 seconds
