[2023-03-10T02:05:50.650+0000] {processor.py:153} INFO - Started process (PID=336) to work on /home/airflow/.local/lib/python3.7/site-packages/airflow/example_dags/example_bash_operator.py
[2023-03-10T02:05:50.651+0000] {processor.py:743} INFO - Processing file /home/airflow/.local/lib/python3.7/site-packages/airflow/example_dags/example_bash_operator.py for tasks to queue
[2023-03-10T02:05:50.651+0000] {logging_mixin.py:137} INFO - [2023-03-10T02:05:50.651+0000] {dagbag.py:538} INFO - Filling up the DagBag from /home/airflow/.local/lib/python3.7/site-packages/airflow/example_dags/example_bash_operator.py
[2023-03-10T02:05:50.672+0000] {processor.py:753} INFO - DAG(s) dict_keys(['example_bash_operator']) retrieved from /home/airflow/.local/lib/python3.7/site-packages/airflow/example_dags/example_bash_operator.py
[2023-03-10T02:05:50.686+0000] {logging_mixin.py:137} INFO - [2023-03-10T02:05:50.686+0000] {dag.py:2690} INFO - Sync 1 DAGs
[2023-03-10T02:05:50.722+0000] {logging_mixin.py:137} INFO - [2023-03-10T02:05:50.721+0000] {dag.py:3441} INFO - Setting next_dagrun for example_bash_operator to 2023-03-09T00:00:00+00:00, run_after=2023-03-10T00:00:00+00:00
[2023-03-10T02:05:50.750+0000] {processor.py:175} INFO - Processing /home/airflow/.local/lib/python3.7/site-packages/airflow/example_dags/example_bash_operator.py took 0.105 seconds
[2023-03-10T02:06:21.334+0000] {processor.py:153} INFO - Started process (PID=600) to work on /home/airflow/.local/lib/python3.7/site-packages/airflow/example_dags/example_bash_operator.py
[2023-03-10T02:06:21.334+0000] {processor.py:743} INFO - Processing file /home/airflow/.local/lib/python3.7/site-packages/airflow/example_dags/example_bash_operator.py for tasks to queue
[2023-03-10T02:06:21.335+0000] {logging_mixin.py:137} INFO - [2023-03-10T02:06:21.335+0000] {dagbag.py:538} INFO - Filling up the DagBag from /home/airflow/.local/lib/python3.7/site-packages/airflow/example_dags/example_bash_operator.py
[2023-03-10T02:06:21.352+0000] {processor.py:753} INFO - DAG(s) dict_keys(['example_bash_operator']) retrieved from /home/airflow/.local/lib/python3.7/site-packages/airflow/example_dags/example_bash_operator.py
[2023-03-10T02:06:21.383+0000] {logging_mixin.py:137} INFO - [2023-03-10T02:06:21.382+0000] {dag.py:2690} INFO - Sync 1 DAGs
[2023-03-10T02:06:21.407+0000] {logging_mixin.py:137} INFO - [2023-03-10T02:06:21.407+0000] {dag.py:3441} INFO - Setting next_dagrun for example_bash_operator to 2023-03-09T00:00:00+00:00, run_after=2023-03-10T00:00:00+00:00
[2023-03-10T02:06:21.424+0000] {processor.py:175} INFO - Processing /home/airflow/.local/lib/python3.7/site-packages/airflow/example_dags/example_bash_operator.py took 0.093 seconds
[2023-03-10T02:06:52.027+0000] {processor.py:153} INFO - Started process (PID=849) to work on /home/airflow/.local/lib/python3.7/site-packages/airflow/example_dags/example_bash_operator.py
[2023-03-10T02:06:52.028+0000] {processor.py:743} INFO - Processing file /home/airflow/.local/lib/python3.7/site-packages/airflow/example_dags/example_bash_operator.py for tasks to queue
[2023-03-10T02:06:52.029+0000] {logging_mixin.py:137} INFO - [2023-03-10T02:06:52.029+0000] {dagbag.py:538} INFO - Filling up the DagBag from /home/airflow/.local/lib/python3.7/site-packages/airflow/example_dags/example_bash_operator.py
[2023-03-10T02:06:52.045+0000] {processor.py:753} INFO - DAG(s) dict_keys(['example_bash_operator']) retrieved from /home/airflow/.local/lib/python3.7/site-packages/airflow/example_dags/example_bash_operator.py
[2023-03-10T02:06:52.081+0000] {logging_mixin.py:137} INFO - [2023-03-10T02:06:52.081+0000] {dag.py:2690} INFO - Sync 1 DAGs
[2023-03-10T02:06:52.104+0000] {logging_mixin.py:137} INFO - [2023-03-10T02:06:52.104+0000] {dag.py:3441} INFO - Setting next_dagrun for example_bash_operator to 2023-03-09T00:00:00+00:00, run_after=2023-03-10T00:00:00+00:00
[2023-03-10T02:06:52.123+0000] {processor.py:175} INFO - Processing /home/airflow/.local/lib/python3.7/site-packages/airflow/example_dags/example_bash_operator.py took 0.098 seconds
[2023-03-10T02:07:22.629+0000] {processor.py:153} INFO - Started process (PID=1120) to work on /home/airflow/.local/lib/python3.7/site-packages/airflow/example_dags/example_bash_operator.py
[2023-03-10T02:07:22.629+0000] {processor.py:743} INFO - Processing file /home/airflow/.local/lib/python3.7/site-packages/airflow/example_dags/example_bash_operator.py for tasks to queue
[2023-03-10T02:07:22.630+0000] {logging_mixin.py:137} INFO - [2023-03-10T02:07:22.630+0000] {dagbag.py:538} INFO - Filling up the DagBag from /home/airflow/.local/lib/python3.7/site-packages/airflow/example_dags/example_bash_operator.py
[2023-03-10T02:07:22.647+0000] {processor.py:753} INFO - DAG(s) dict_keys(['example_bash_operator']) retrieved from /home/airflow/.local/lib/python3.7/site-packages/airflow/example_dags/example_bash_operator.py
[2023-03-10T02:07:22.681+0000] {logging_mixin.py:137} INFO - [2023-03-10T02:07:22.681+0000] {dag.py:2690} INFO - Sync 1 DAGs
[2023-03-10T02:07:22.707+0000] {logging_mixin.py:137} INFO - [2023-03-10T02:07:22.707+0000] {dag.py:3441} INFO - Setting next_dagrun for example_bash_operator to 2023-03-09T00:00:00+00:00, run_after=2023-03-10T00:00:00+00:00
[2023-03-10T02:07:22.727+0000] {processor.py:175} INFO - Processing /home/airflow/.local/lib/python3.7/site-packages/airflow/example_dags/example_bash_operator.py took 0.100 seconds
[2023-03-10T02:07:52.973+0000] {processor.py:153} INFO - Started process (PID=1368) to work on /home/airflow/.local/lib/python3.7/site-packages/airflow/example_dags/example_bash_operator.py
[2023-03-10T02:07:52.974+0000] {processor.py:743} INFO - Processing file /home/airflow/.local/lib/python3.7/site-packages/airflow/example_dags/example_bash_operator.py for tasks to queue
[2023-03-10T02:07:52.974+0000] {logging_mixin.py:137} INFO - [2023-03-10T02:07:52.974+0000] {dagbag.py:538} INFO - Filling up the DagBag from /home/airflow/.local/lib/python3.7/site-packages/airflow/example_dags/example_bash_operator.py
[2023-03-10T02:07:52.991+0000] {processor.py:753} INFO - DAG(s) dict_keys(['example_bash_operator']) retrieved from /home/airflow/.local/lib/python3.7/site-packages/airflow/example_dags/example_bash_operator.py
[2023-03-10T02:07:53.022+0000] {logging_mixin.py:137} INFO - [2023-03-10T02:07:53.022+0000] {dag.py:2690} INFO - Sync 1 DAGs
[2023-03-10T02:07:53.045+0000] {logging_mixin.py:137} INFO - [2023-03-10T02:07:53.045+0000] {dag.py:3441} INFO - Setting next_dagrun for example_bash_operator to 2023-03-09T00:00:00+00:00, run_after=2023-03-10T00:00:00+00:00
[2023-03-10T02:07:53.061+0000] {processor.py:175} INFO - Processing /home/airflow/.local/lib/python3.7/site-packages/airflow/example_dags/example_bash_operator.py took 0.090 seconds
[2023-03-10T02:08:23.278+0000] {processor.py:153} INFO - Started process (PID=1640) to work on /home/airflow/.local/lib/python3.7/site-packages/airflow/example_dags/example_bash_operator.py
[2023-03-10T02:08:23.279+0000] {processor.py:743} INFO - Processing file /home/airflow/.local/lib/python3.7/site-packages/airflow/example_dags/example_bash_operator.py for tasks to queue
[2023-03-10T02:08:23.279+0000] {logging_mixin.py:137} INFO - [2023-03-10T02:08:23.279+0000] {dagbag.py:538} INFO - Filling up the DagBag from /home/airflow/.local/lib/python3.7/site-packages/airflow/example_dags/example_bash_operator.py
[2023-03-10T02:08:23.295+0000] {processor.py:753} INFO - DAG(s) dict_keys(['example_bash_operator']) retrieved from /home/airflow/.local/lib/python3.7/site-packages/airflow/example_dags/example_bash_operator.py
[2023-03-10T02:08:23.325+0000] {logging_mixin.py:137} INFO - [2023-03-10T02:08:23.325+0000] {dag.py:2690} INFO - Sync 1 DAGs
[2023-03-10T02:08:23.349+0000] {logging_mixin.py:137} INFO - [2023-03-10T02:08:23.349+0000] {dag.py:3441} INFO - Setting next_dagrun for example_bash_operator to 2023-03-09T00:00:00+00:00, run_after=2023-03-10T00:00:00+00:00
[2023-03-10T02:08:23.367+0000] {processor.py:175} INFO - Processing /home/airflow/.local/lib/python3.7/site-packages/airflow/example_dags/example_bash_operator.py took 0.091 seconds
[2023-03-10T02:08:53.842+0000] {processor.py:153} INFO - Started process (PID=1900) to work on /home/airflow/.local/lib/python3.7/site-packages/airflow/example_dags/example_bash_operator.py
[2023-03-10T02:08:53.842+0000] {processor.py:743} INFO - Processing file /home/airflow/.local/lib/python3.7/site-packages/airflow/example_dags/example_bash_operator.py for tasks to queue
[2023-03-10T02:08:53.843+0000] {logging_mixin.py:137} INFO - [2023-03-10T02:08:53.843+0000] {dagbag.py:538} INFO - Filling up the DagBag from /home/airflow/.local/lib/python3.7/site-packages/airflow/example_dags/example_bash_operator.py
[2023-03-10T02:08:53.860+0000] {processor.py:753} INFO - DAG(s) dict_keys(['example_bash_operator']) retrieved from /home/airflow/.local/lib/python3.7/site-packages/airflow/example_dags/example_bash_operator.py
[2023-03-10T02:08:53.894+0000] {logging_mixin.py:137} INFO - [2023-03-10T02:08:53.894+0000] {dag.py:2690} INFO - Sync 1 DAGs
[2023-03-10T02:08:53.918+0000] {logging_mixin.py:137} INFO - [2023-03-10T02:08:53.918+0000] {dag.py:3441} INFO - Setting next_dagrun for example_bash_operator to 2023-03-09T00:00:00+00:00, run_after=2023-03-10T00:00:00+00:00
[2023-03-10T02:08:53.936+0000] {processor.py:175} INFO - Processing /home/airflow/.local/lib/python3.7/site-packages/airflow/example_dags/example_bash_operator.py took 0.097 seconds
[2023-03-10T02:09:24.491+0000] {processor.py:153} INFO - Started process (PID=2170) to work on /home/airflow/.local/lib/python3.7/site-packages/airflow/example_dags/example_bash_operator.py
[2023-03-10T02:09:24.491+0000] {processor.py:743} INFO - Processing file /home/airflow/.local/lib/python3.7/site-packages/airflow/example_dags/example_bash_operator.py for tasks to queue
[2023-03-10T02:09:24.492+0000] {logging_mixin.py:137} INFO - [2023-03-10T02:09:24.492+0000] {dagbag.py:538} INFO - Filling up the DagBag from /home/airflow/.local/lib/python3.7/site-packages/airflow/example_dags/example_bash_operator.py
[2023-03-10T02:09:24.510+0000] {processor.py:753} INFO - DAG(s) dict_keys(['example_bash_operator']) retrieved from /home/airflow/.local/lib/python3.7/site-packages/airflow/example_dags/example_bash_operator.py
[2023-03-10T02:09:24.543+0000] {logging_mixin.py:137} INFO - [2023-03-10T02:09:24.543+0000] {dag.py:2690} INFO - Sync 1 DAGs
[2023-03-10T02:09:24.571+0000] {logging_mixin.py:137} INFO - [2023-03-10T02:09:24.570+0000] {dag.py:3441} INFO - Setting next_dagrun for example_bash_operator to 2023-03-09T00:00:00+00:00, run_after=2023-03-10T00:00:00+00:00
[2023-03-10T02:09:24.591+0000] {processor.py:175} INFO - Processing /home/airflow/.local/lib/python3.7/site-packages/airflow/example_dags/example_bash_operator.py took 0.103 seconds
