[2023-03-10T02:05:49.339+0000] {processor.py:153} INFO - Started process (PID=222) to work on /home/airflow/.local/lib/python3.7/site-packages/airflow/example_dags/example_branch_python_dop_operator_3.py
[2023-03-10T02:05:49.339+0000] {processor.py:743} INFO - Processing file /home/airflow/.local/lib/python3.7/site-packages/airflow/example_dags/example_branch_python_dop_operator_3.py for tasks to queue
[2023-03-10T02:05:49.340+0000] {logging_mixin.py:137} INFO - [2023-03-10T02:05:49.340+0000] {dagbag.py:538} INFO - Filling up the DagBag from /home/airflow/.local/lib/python3.7/site-packages/airflow/example_dags/example_branch_python_dop_operator_3.py
[2023-03-10T02:05:49.371+0000] {processor.py:753} INFO - DAG(s) dict_keys(['example_branch_dop_operator_v3']) retrieved from /home/airflow/.local/lib/python3.7/site-packages/airflow/example_dags/example_branch_python_dop_operator_3.py
[2023-03-10T02:05:49.383+0000] {logging_mixin.py:137} INFO - [2023-03-10T02:05:49.383+0000] {dag.py:2690} INFO - Sync 1 DAGs
[2023-03-10T02:05:49.411+0000] {logging_mixin.py:137} INFO - [2023-03-10T02:05:49.411+0000] {dag.py:3441} INFO - Setting next_dagrun for example_branch_dop_operator_v3 to 2023-03-10T02:04:00+00:00, run_after=2023-03-10T02:05:00+00:00
[2023-03-10T02:05:49.432+0000] {processor.py:175} INFO - Processing /home/airflow/.local/lib/python3.7/site-packages/airflow/example_dags/example_branch_python_dop_operator_3.py took 0.096 seconds
[2023-03-10T02:06:19.933+0000] {processor.py:153} INFO - Started process (PID=494) to work on /home/airflow/.local/lib/python3.7/site-packages/airflow/example_dags/example_branch_python_dop_operator_3.py
[2023-03-10T02:06:19.934+0000] {processor.py:743} INFO - Processing file /home/airflow/.local/lib/python3.7/site-packages/airflow/example_dags/example_branch_python_dop_operator_3.py for tasks to queue
[2023-03-10T02:06:19.934+0000] {logging_mixin.py:137} INFO - [2023-03-10T02:06:19.934+0000] {dagbag.py:538} INFO - Filling up the DagBag from /home/airflow/.local/lib/python3.7/site-packages/airflow/example_dags/example_branch_python_dop_operator_3.py
[2023-03-10T02:06:19.952+0000] {processor.py:753} INFO - DAG(s) dict_keys(['example_branch_dop_operator_v3']) retrieved from /home/airflow/.local/lib/python3.7/site-packages/airflow/example_dags/example_branch_python_dop_operator_3.py
[2023-03-10T02:06:19.972+0000] {logging_mixin.py:137} INFO - [2023-03-10T02:06:19.972+0000] {dag.py:2690} INFO - Sync 1 DAGs
[2023-03-10T02:06:20.000+0000] {logging_mixin.py:137} INFO - [2023-03-10T02:06:19.999+0000] {dag.py:3441} INFO - Setting next_dagrun for example_branch_dop_operator_v3 to 2023-03-10T02:05:00+00:00, run_after=2023-03-10T02:06:00+00:00
[2023-03-10T02:06:20.020+0000] {processor.py:175} INFO - Processing /home/airflow/.local/lib/python3.7/site-packages/airflow/example_dags/example_branch_python_dop_operator_3.py took 0.089 seconds
[2023-03-10T02:06:50.652+0000] {processor.py:153} INFO - Started process (PID=742) to work on /home/airflow/.local/lib/python3.7/site-packages/airflow/example_dags/example_branch_python_dop_operator_3.py
[2023-03-10T02:06:50.653+0000] {processor.py:743} INFO - Processing file /home/airflow/.local/lib/python3.7/site-packages/airflow/example_dags/example_branch_python_dop_operator_3.py for tasks to queue
[2023-03-10T02:06:50.653+0000] {logging_mixin.py:137} INFO - [2023-03-10T02:06:50.653+0000] {dagbag.py:538} INFO - Filling up the DagBag from /home/airflow/.local/lib/python3.7/site-packages/airflow/example_dags/example_branch_python_dop_operator_3.py
[2023-03-10T02:06:50.674+0000] {processor.py:753} INFO - DAG(s) dict_keys(['example_branch_dop_operator_v3']) retrieved from /home/airflow/.local/lib/python3.7/site-packages/airflow/example_dags/example_branch_python_dop_operator_3.py
[2023-03-10T02:06:50.702+0000] {logging_mixin.py:137} INFO - [2023-03-10T02:06:50.702+0000] {dag.py:2690} INFO - Sync 1 DAGs
[2023-03-10T02:06:50.729+0000] {logging_mixin.py:137} INFO - [2023-03-10T02:06:50.729+0000] {dag.py:3441} INFO - Setting next_dagrun for example_branch_dop_operator_v3 to 2023-03-10T02:05:00+00:00, run_after=2023-03-10T02:06:00+00:00
[2023-03-10T02:06:50.749+0000] {processor.py:175} INFO - Processing /home/airflow/.local/lib/python3.7/site-packages/airflow/example_dags/example_branch_python_dop_operator_3.py took 0.099 seconds
[2023-03-10T02:07:21.279+0000] {processor.py:153} INFO - Started process (PID=1015) to work on /home/airflow/.local/lib/python3.7/site-packages/airflow/example_dags/example_branch_python_dop_operator_3.py
[2023-03-10T02:07:21.280+0000] {processor.py:743} INFO - Processing file /home/airflow/.local/lib/python3.7/site-packages/airflow/example_dags/example_branch_python_dop_operator_3.py for tasks to queue
[2023-03-10T02:07:21.280+0000] {logging_mixin.py:137} INFO - [2023-03-10T02:07:21.280+0000] {dagbag.py:538} INFO - Filling up the DagBag from /home/airflow/.local/lib/python3.7/site-packages/airflow/example_dags/example_branch_python_dop_operator_3.py
[2023-03-10T02:07:21.298+0000] {processor.py:753} INFO - DAG(s) dict_keys(['example_branch_dop_operator_v3']) retrieved from /home/airflow/.local/lib/python3.7/site-packages/airflow/example_dags/example_branch_python_dop_operator_3.py
[2023-03-10T02:07:21.320+0000] {logging_mixin.py:137} INFO - [2023-03-10T02:07:21.319+0000] {dag.py:2690} INFO - Sync 1 DAGs
[2023-03-10T02:07:21.345+0000] {logging_mixin.py:137} INFO - [2023-03-10T02:07:21.345+0000] {dag.py:3441} INFO - Setting next_dagrun for example_branch_dop_operator_v3 to 2023-03-10T02:06:00+00:00, run_after=2023-03-10T02:07:00+00:00
[2023-03-10T02:07:21.364+0000] {processor.py:175} INFO - Processing /home/airflow/.local/lib/python3.7/site-packages/airflow/example_dags/example_branch_python_dop_operator_3.py took 0.087 seconds
[2023-03-10T02:07:51.740+0000] {processor.py:153} INFO - Started process (PID=1263) to work on /home/airflow/.local/lib/python3.7/site-packages/airflow/example_dags/example_branch_python_dop_operator_3.py
[2023-03-10T02:07:51.741+0000] {processor.py:743} INFO - Processing file /home/airflow/.local/lib/python3.7/site-packages/airflow/example_dags/example_branch_python_dop_operator_3.py for tasks to queue
[2023-03-10T02:07:51.742+0000] {logging_mixin.py:137} INFO - [2023-03-10T02:07:51.741+0000] {dagbag.py:538} INFO - Filling up the DagBag from /home/airflow/.local/lib/python3.7/site-packages/airflow/example_dags/example_branch_python_dop_operator_3.py
[2023-03-10T02:07:51.769+0000] {processor.py:753} INFO - DAG(s) dict_keys(['example_branch_dop_operator_v3']) retrieved from /home/airflow/.local/lib/python3.7/site-packages/airflow/example_dags/example_branch_python_dop_operator_3.py
[2023-03-10T02:07:51.796+0000] {logging_mixin.py:137} INFO - [2023-03-10T02:07:51.796+0000] {dag.py:2690} INFO - Sync 1 DAGs
[2023-03-10T02:07:51.827+0000] {logging_mixin.py:137} INFO - [2023-03-10T02:07:51.827+0000] {dag.py:3441} INFO - Setting next_dagrun for example_branch_dop_operator_v3 to 2023-03-10T02:06:00+00:00, run_after=2023-03-10T02:07:00+00:00
[2023-03-10T02:07:51.847+0000] {processor.py:175} INFO - Processing /home/airflow/.local/lib/python3.7/site-packages/airflow/example_dags/example_branch_python_dop_operator_3.py took 0.109 seconds
[2023-03-10T02:08:22.105+0000] {processor.py:153} INFO - Started process (PID=1535) to work on /home/airflow/.local/lib/python3.7/site-packages/airflow/example_dags/example_branch_python_dop_operator_3.py
[2023-03-10T02:08:22.106+0000] {processor.py:743} INFO - Processing file /home/airflow/.local/lib/python3.7/site-packages/airflow/example_dags/example_branch_python_dop_operator_3.py for tasks to queue
[2023-03-10T02:08:22.106+0000] {logging_mixin.py:137} INFO - [2023-03-10T02:08:22.106+0000] {dagbag.py:538} INFO - Filling up the DagBag from /home/airflow/.local/lib/python3.7/site-packages/airflow/example_dags/example_branch_python_dop_operator_3.py
[2023-03-10T02:08:22.124+0000] {processor.py:753} INFO - DAG(s) dict_keys(['example_branch_dop_operator_v3']) retrieved from /home/airflow/.local/lib/python3.7/site-packages/airflow/example_dags/example_branch_python_dop_operator_3.py
[2023-03-10T02:08:22.144+0000] {logging_mixin.py:137} INFO - [2023-03-10T02:08:22.144+0000] {dag.py:2690} INFO - Sync 1 DAGs
[2023-03-10T02:08:22.170+0000] {logging_mixin.py:137} INFO - [2023-03-10T02:08:22.170+0000] {dag.py:3441} INFO - Setting next_dagrun for example_branch_dop_operator_v3 to 2023-03-10T02:07:00+00:00, run_after=2023-03-10T02:08:00+00:00
[2023-03-10T02:08:22.188+0000] {processor.py:175} INFO - Processing /home/airflow/.local/lib/python3.7/site-packages/airflow/example_dags/example_branch_python_dop_operator_3.py took 0.085 seconds
[2023-03-10T02:08:52.632+0000] {processor.py:153} INFO - Started process (PID=1795) to work on /home/airflow/.local/lib/python3.7/site-packages/airflow/example_dags/example_branch_python_dop_operator_3.py
[2023-03-10T02:08:52.633+0000] {processor.py:743} INFO - Processing file /home/airflow/.local/lib/python3.7/site-packages/airflow/example_dags/example_branch_python_dop_operator_3.py for tasks to queue
[2023-03-10T02:08:52.633+0000] {logging_mixin.py:137} INFO - [2023-03-10T02:08:52.633+0000] {dagbag.py:538} INFO - Filling up the DagBag from /home/airflow/.local/lib/python3.7/site-packages/airflow/example_dags/example_branch_python_dop_operator_3.py
[2023-03-10T02:08:52.656+0000] {processor.py:753} INFO - DAG(s) dict_keys(['example_branch_dop_operator_v3']) retrieved from /home/airflow/.local/lib/python3.7/site-packages/airflow/example_dags/example_branch_python_dop_operator_3.py
[2023-03-10T02:08:52.679+0000] {logging_mixin.py:137} INFO - [2023-03-10T02:08:52.679+0000] {dag.py:2690} INFO - Sync 1 DAGs
[2023-03-10T02:08:52.707+0000] {logging_mixin.py:137} INFO - [2023-03-10T02:08:52.707+0000] {dag.py:3441} INFO - Setting next_dagrun for example_branch_dop_operator_v3 to 2023-03-10T02:07:00+00:00, run_after=2023-03-10T02:08:00+00:00
[2023-03-10T02:08:52.727+0000] {processor.py:175} INFO - Processing /home/airflow/.local/lib/python3.7/site-packages/airflow/example_dags/example_branch_python_dop_operator_3.py took 0.097 seconds
[2023-03-10T02:09:23.158+0000] {processor.py:153} INFO - Started process (PID=2065) to work on /home/airflow/.local/lib/python3.7/site-packages/airflow/example_dags/example_branch_python_dop_operator_3.py
[2023-03-10T02:09:23.158+0000] {processor.py:743} INFO - Processing file /home/airflow/.local/lib/python3.7/site-packages/airflow/example_dags/example_branch_python_dop_operator_3.py for tasks to queue
[2023-03-10T02:09:23.159+0000] {logging_mixin.py:137} INFO - [2023-03-10T02:09:23.159+0000] {dagbag.py:538} INFO - Filling up the DagBag from /home/airflow/.local/lib/python3.7/site-packages/airflow/example_dags/example_branch_python_dop_operator_3.py
[2023-03-10T02:09:23.178+0000] {processor.py:753} INFO - DAG(s) dict_keys(['example_branch_dop_operator_v3']) retrieved from /home/airflow/.local/lib/python3.7/site-packages/airflow/example_dags/example_branch_python_dop_operator_3.py
[2023-03-10T02:09:23.203+0000] {logging_mixin.py:137} INFO - [2023-03-10T02:09:23.203+0000] {dag.py:2690} INFO - Sync 1 DAGs
[2023-03-10T02:09:23.232+0000] {logging_mixin.py:137} INFO - [2023-03-10T02:09:23.232+0000] {dag.py:3441} INFO - Setting next_dagrun for example_branch_dop_operator_v3 to 2023-03-10T02:08:00+00:00, run_after=2023-03-10T02:09:00+00:00
[2023-03-10T02:09:23.251+0000] {processor.py:175} INFO - Processing /home/airflow/.local/lib/python3.7/site-packages/airflow/example_dags/example_branch_python_dop_operator_3.py took 0.095 seconds
