[2023-03-10T02:05:48.802+0000] {processor.py:153} INFO - Started process (PID=181) to work on /home/airflow/.local/lib/python3.7/site-packages/airflow/example_dags/example_task_group_decorator.py
[2023-03-10T02:05:48.802+0000] {processor.py:743} INFO - Processing file /home/airflow/.local/lib/python3.7/site-packages/airflow/example_dags/example_task_group_decorator.py for tasks to queue
[2023-03-10T02:05:48.803+0000] {logging_mixin.py:137} INFO - [2023-03-10T02:05:48.803+0000] {dagbag.py:538} INFO - Filling up the DagBag from /home/airflow/.local/lib/python3.7/site-packages/airflow/example_dags/example_task_group_decorator.py
[2023-03-10T02:05:48.863+0000] {processor.py:753} INFO - DAG(s) dict_keys(['example_task_group_decorator']) retrieved from /home/airflow/.local/lib/python3.7/site-packages/airflow/example_dags/example_task_group_decorator.py
[2023-03-10T02:05:48.889+0000] {logging_mixin.py:137} INFO - [2023-03-10T02:05:48.888+0000] {dag.py:2690} INFO - Sync 1 DAGs
[2023-03-10T02:05:48.911+0000] {logging_mixin.py:137} INFO - [2023-03-10T02:05:48.911+0000] {dag.py:3441} INFO - Setting next_dagrun for example_task_group_decorator to 2023-03-09T02:05:48.910850+00:00, run_after=2023-03-10T02:05:48.910850+00:00
[2023-03-10T02:05:48.936+0000] {processor.py:175} INFO - Processing /home/airflow/.local/lib/python3.7/site-packages/airflow/example_dags/example_task_group_decorator.py took 0.136 seconds
[2023-03-10T02:06:19.452+0000] {processor.py:153} INFO - Started process (PID=454) to work on /home/airflow/.local/lib/python3.7/site-packages/airflow/example_dags/example_task_group_decorator.py
[2023-03-10T02:06:19.453+0000] {processor.py:743} INFO - Processing file /home/airflow/.local/lib/python3.7/site-packages/airflow/example_dags/example_task_group_decorator.py for tasks to queue
[2023-03-10T02:06:19.453+0000] {logging_mixin.py:137} INFO - [2023-03-10T02:06:19.453+0000] {dagbag.py:538} INFO - Filling up the DagBag from /home/airflow/.local/lib/python3.7/site-packages/airflow/example_dags/example_task_group_decorator.py
[2023-03-10T02:06:19.477+0000] {processor.py:753} INFO - DAG(s) dict_keys(['example_task_group_decorator']) retrieved from /home/airflow/.local/lib/python3.7/site-packages/airflow/example_dags/example_task_group_decorator.py
[2023-03-10T02:06:19.500+0000] {logging_mixin.py:137} INFO - [2023-03-10T02:06:19.500+0000] {dag.py:2690} INFO - Sync 1 DAGs
[2023-03-10T02:06:19.522+0000] {logging_mixin.py:137} INFO - [2023-03-10T02:06:19.522+0000] {dag.py:3441} INFO - Setting next_dagrun for example_task_group_decorator to 2023-03-09T02:06:19.522045+00:00, run_after=2023-03-10T02:06:19.522045+00:00
[2023-03-10T02:06:19.542+0000] {processor.py:175} INFO - Processing /home/airflow/.local/lib/python3.7/site-packages/airflow/example_dags/example_task_group_decorator.py took 0.094 seconds
[2023-03-10T02:06:50.001+0000] {processor.py:153} INFO - Started process (PID=702) to work on /home/airflow/.local/lib/python3.7/site-packages/airflow/example_dags/example_task_group_decorator.py
[2023-03-10T02:06:50.006+0000] {processor.py:743} INFO - Processing file /home/airflow/.local/lib/python3.7/site-packages/airflow/example_dags/example_task_group_decorator.py for tasks to queue
[2023-03-10T02:06:50.007+0000] {logging_mixin.py:137} INFO - [2023-03-10T02:06:50.007+0000] {dagbag.py:538} INFO - Filling up the DagBag from /home/airflow/.local/lib/python3.7/site-packages/airflow/example_dags/example_task_group_decorator.py
[2023-03-10T02:06:50.033+0000] {processor.py:753} INFO - DAG(s) dict_keys(['example_task_group_decorator']) retrieved from /home/airflow/.local/lib/python3.7/site-packages/airflow/example_dags/example_task_group_decorator.py
[2023-03-10T02:06:50.058+0000] {logging_mixin.py:137} INFO - [2023-03-10T02:06:50.058+0000] {dag.py:2690} INFO - Sync 1 DAGs
[2023-03-10T02:06:50.083+0000] {logging_mixin.py:137} INFO - [2023-03-10T02:06:50.083+0000] {dag.py:3441} INFO - Setting next_dagrun for example_task_group_decorator to 2023-03-09T02:06:50.083417+00:00, run_after=2023-03-10T02:06:50.083417+00:00
[2023-03-10T02:06:50.108+0000] {processor.py:175} INFO - Processing /home/airflow/.local/lib/python3.7/site-packages/airflow/example_dags/example_task_group_decorator.py took 0.110 seconds
[2023-03-10T02:07:20.838+0000] {processor.py:153} INFO - Started process (PID=975) to work on /home/airflow/.local/lib/python3.7/site-packages/airflow/example_dags/example_task_group_decorator.py
[2023-03-10T02:07:20.844+0000] {processor.py:743} INFO - Processing file /home/airflow/.local/lib/python3.7/site-packages/airflow/example_dags/example_task_group_decorator.py for tasks to queue
[2023-03-10T02:07:20.844+0000] {logging_mixin.py:137} INFO - [2023-03-10T02:07:20.844+0000] {dagbag.py:538} INFO - Filling up the DagBag from /home/airflow/.local/lib/python3.7/site-packages/airflow/example_dags/example_task_group_decorator.py
[2023-03-10T02:07:20.866+0000] {processor.py:753} INFO - DAG(s) dict_keys(['example_task_group_decorator']) retrieved from /home/airflow/.local/lib/python3.7/site-packages/airflow/example_dags/example_task_group_decorator.py
[2023-03-10T02:07:20.888+0000] {logging_mixin.py:137} INFO - [2023-03-10T02:07:20.888+0000] {dag.py:2690} INFO - Sync 1 DAGs
[2023-03-10T02:07:20.909+0000] {logging_mixin.py:137} INFO - [2023-03-10T02:07:20.909+0000] {dag.py:3441} INFO - Setting next_dagrun for example_task_group_decorator to 2023-03-09T02:07:20.908923+00:00, run_after=2023-03-10T02:07:20.908923+00:00
[2023-03-10T02:07:20.928+0000] {processor.py:175} INFO - Processing /home/airflow/.local/lib/python3.7/site-packages/airflow/example_dags/example_task_group_decorator.py took 0.093 seconds
[2023-03-10T02:07:51.272+0000] {processor.py:153} INFO - Started process (PID=1223) to work on /home/airflow/.local/lib/python3.7/site-packages/airflow/example_dags/example_task_group_decorator.py
[2023-03-10T02:07:51.273+0000] {processor.py:743} INFO - Processing file /home/airflow/.local/lib/python3.7/site-packages/airflow/example_dags/example_task_group_decorator.py for tasks to queue
[2023-03-10T02:07:51.273+0000] {logging_mixin.py:137} INFO - [2023-03-10T02:07:51.273+0000] {dagbag.py:538} INFO - Filling up the DagBag from /home/airflow/.local/lib/python3.7/site-packages/airflow/example_dags/example_task_group_decorator.py
[2023-03-10T02:07:51.296+0000] {processor.py:753} INFO - DAG(s) dict_keys(['example_task_group_decorator']) retrieved from /home/airflow/.local/lib/python3.7/site-packages/airflow/example_dags/example_task_group_decorator.py
[2023-03-10T02:07:51.319+0000] {logging_mixin.py:137} INFO - [2023-03-10T02:07:51.318+0000] {dag.py:2690} INFO - Sync 1 DAGs
[2023-03-10T02:07:51.342+0000] {logging_mixin.py:137} INFO - [2023-03-10T02:07:51.342+0000] {dag.py:3441} INFO - Setting next_dagrun for example_task_group_decorator to 2023-03-09T02:07:51.342343+00:00, run_after=2023-03-10T02:07:51.342343+00:00
[2023-03-10T02:07:51.360+0000] {processor.py:175} INFO - Processing /home/airflow/.local/lib/python3.7/site-packages/airflow/example_dags/example_task_group_decorator.py took 0.089 seconds
[2023-03-10T02:08:21.631+0000] {processor.py:153} INFO - Started process (PID=1495) to work on /home/airflow/.local/lib/python3.7/site-packages/airflow/example_dags/example_task_group_decorator.py
[2023-03-10T02:08:21.631+0000] {processor.py:743} INFO - Processing file /home/airflow/.local/lib/python3.7/site-packages/airflow/example_dags/example_task_group_decorator.py for tasks to queue
[2023-03-10T02:08:21.632+0000] {logging_mixin.py:137} INFO - [2023-03-10T02:08:21.632+0000] {dagbag.py:538} INFO - Filling up the DagBag from /home/airflow/.local/lib/python3.7/site-packages/airflow/example_dags/example_task_group_decorator.py
[2023-03-10T02:08:21.653+0000] {processor.py:753} INFO - DAG(s) dict_keys(['example_task_group_decorator']) retrieved from /home/airflow/.local/lib/python3.7/site-packages/airflow/example_dags/example_task_group_decorator.py
[2023-03-10T02:08:21.676+0000] {logging_mixin.py:137} INFO - [2023-03-10T02:08:21.676+0000] {dag.py:2690} INFO - Sync 1 DAGs
[2023-03-10T02:08:21.700+0000] {logging_mixin.py:137} INFO - [2023-03-10T02:08:21.700+0000] {dag.py:3441} INFO - Setting next_dagrun for example_task_group_decorator to 2023-03-09T02:08:21.700547+00:00, run_after=2023-03-10T02:08:21.700547+00:00
[2023-03-10T02:08:21.720+0000] {processor.py:175} INFO - Processing /home/airflow/.local/lib/python3.7/site-packages/airflow/example_dags/example_task_group_decorator.py took 0.091 seconds
[2023-03-10T02:08:51.994+0000] {processor.py:153} INFO - Started process (PID=1755) to work on /home/airflow/.local/lib/python3.7/site-packages/airflow/example_dags/example_task_group_decorator.py
[2023-03-10T02:08:51.995+0000] {processor.py:743} INFO - Processing file /home/airflow/.local/lib/python3.7/site-packages/airflow/example_dags/example_task_group_decorator.py for tasks to queue
[2023-03-10T02:08:51.995+0000] {logging_mixin.py:137} INFO - [2023-03-10T02:08:51.995+0000] {dagbag.py:538} INFO - Filling up the DagBag from /home/airflow/.local/lib/python3.7/site-packages/airflow/example_dags/example_task_group_decorator.py
[2023-03-10T02:08:52.018+0000] {processor.py:753} INFO - DAG(s) dict_keys(['example_task_group_decorator']) retrieved from /home/airflow/.local/lib/python3.7/site-packages/airflow/example_dags/example_task_group_decorator.py
[2023-03-10T02:08:52.043+0000] {logging_mixin.py:137} INFO - [2023-03-10T02:08:52.043+0000] {dag.py:2690} INFO - Sync 1 DAGs
[2023-03-10T02:08:52.066+0000] {logging_mixin.py:137} INFO - [2023-03-10T02:08:52.066+0000] {dag.py:3441} INFO - Setting next_dagrun for example_task_group_decorator to 2023-03-09T02:08:52.066062+00:00, run_after=2023-03-10T02:08:52.066062+00:00
[2023-03-10T02:08:52.086+0000] {processor.py:175} INFO - Processing /home/airflow/.local/lib/python3.7/site-packages/airflow/example_dags/example_task_group_decorator.py took 0.094 seconds
[2023-03-10T02:09:22.650+0000] {processor.py:153} INFO - Started process (PID=2027) to work on /home/airflow/.local/lib/python3.7/site-packages/airflow/example_dags/example_task_group_decorator.py
[2023-03-10T02:09:22.650+0000] {processor.py:743} INFO - Processing file /home/airflow/.local/lib/python3.7/site-packages/airflow/example_dags/example_task_group_decorator.py for tasks to queue
[2023-03-10T02:09:22.651+0000] {logging_mixin.py:137} INFO - [2023-03-10T02:09:22.651+0000] {dagbag.py:538} INFO - Filling up the DagBag from /home/airflow/.local/lib/python3.7/site-packages/airflow/example_dags/example_task_group_decorator.py
[2023-03-10T02:09:22.674+0000] {processor.py:753} INFO - DAG(s) dict_keys(['example_task_group_decorator']) retrieved from /home/airflow/.local/lib/python3.7/site-packages/airflow/example_dags/example_task_group_decorator.py
[2023-03-10T02:09:22.698+0000] {logging_mixin.py:137} INFO - [2023-03-10T02:09:22.697+0000] {dag.py:2690} INFO - Sync 1 DAGs
[2023-03-10T02:09:22.719+0000] {logging_mixin.py:137} INFO - [2023-03-10T02:09:22.719+0000] {dag.py:3441} INFO - Setting next_dagrun for example_task_group_decorator to 2023-03-09T02:09:22.719260+00:00, run_after=2023-03-10T02:09:22.719260+00:00
[2023-03-10T02:09:22.738+0000] {processor.py:175} INFO - Processing /home/airflow/.local/lib/python3.7/site-packages/airflow/example_dags/example_task_group_decorator.py took 0.091 seconds
