[2023-03-10T02:05:49.902+0000] {processor.py:153} INFO - Started process (PID=272) to work on /home/airflow/.local/lib/python3.7/site-packages/airflow/example_dags/example_latest_only.py
[2023-03-10T02:05:49.903+0000] {processor.py:743} INFO - Processing file /home/airflow/.local/lib/python3.7/site-packages/airflow/example_dags/example_latest_only.py for tasks to queue
[2023-03-10T02:05:49.903+0000] {logging_mixin.py:137} INFO - [2023-03-10T02:05:49.903+0000] {dagbag.py:538} INFO - Filling up the DagBag from /home/airflow/.local/lib/python3.7/site-packages/airflow/example_dags/example_latest_only.py
[2023-03-10T02:05:49.917+0000] {processor.py:753} INFO - DAG(s) dict_keys(['latest_only']) retrieved from /home/airflow/.local/lib/python3.7/site-packages/airflow/example_dags/example_latest_only.py
[2023-03-10T02:05:49.929+0000] {logging_mixin.py:137} INFO - [2023-03-10T02:05:49.929+0000] {dag.py:2690} INFO - Sync 1 DAGs
[2023-03-10T02:05:49.953+0000] {logging_mixin.py:137} INFO - [2023-03-10T02:05:49.953+0000] {dag.py:3441} INFO - Setting next_dagrun for latest_only to 2023-03-09T22:05:49.952874+00:00, run_after=2023-03-10T02:05:49.952874+00:00
[2023-03-10T02:05:49.972+0000] {processor.py:175} INFO - Processing /home/airflow/.local/lib/python3.7/site-packages/airflow/example_dags/example_latest_only.py took 0.072 seconds
[2023-03-10T02:06:20.457+0000] {processor.py:153} INFO - Started process (PID=544) to work on /home/airflow/.local/lib/python3.7/site-packages/airflow/example_dags/example_latest_only.py
[2023-03-10T02:06:20.458+0000] {processor.py:743} INFO - Processing file /home/airflow/.local/lib/python3.7/site-packages/airflow/example_dags/example_latest_only.py for tasks to queue
[2023-03-10T02:06:20.458+0000] {logging_mixin.py:137} INFO - [2023-03-10T02:06:20.458+0000] {dagbag.py:538} INFO - Filling up the DagBag from /home/airflow/.local/lib/python3.7/site-packages/airflow/example_dags/example_latest_only.py
[2023-03-10T02:06:20.467+0000] {processor.py:753} INFO - DAG(s) dict_keys(['latest_only']) retrieved from /home/airflow/.local/lib/python3.7/site-packages/airflow/example_dags/example_latest_only.py
[2023-03-10T02:06:20.487+0000] {logging_mixin.py:137} INFO - [2023-03-10T02:06:20.487+0000] {dag.py:2690} INFO - Sync 1 DAGs
[2023-03-10T02:06:20.510+0000] {logging_mixin.py:137} INFO - [2023-03-10T02:06:20.510+0000] {dag.py:3441} INFO - Setting next_dagrun for latest_only to 2023-03-09T22:06:20.510279+00:00, run_after=2023-03-10T02:06:20.510279+00:00
[2023-03-10T02:06:20.528+0000] {processor.py:175} INFO - Processing /home/airflow/.local/lib/python3.7/site-packages/airflow/example_dags/example_latest_only.py took 0.073 seconds
[2023-03-10T02:06:51.352+0000] {processor.py:153} INFO - Started process (PID=792) to work on /home/airflow/.local/lib/python3.7/site-packages/airflow/example_dags/example_latest_only.py
[2023-03-10T02:06:51.352+0000] {processor.py:743} INFO - Processing file /home/airflow/.local/lib/python3.7/site-packages/airflow/example_dags/example_latest_only.py for tasks to queue
[2023-03-10T02:06:51.353+0000] {logging_mixin.py:137} INFO - [2023-03-10T02:06:51.353+0000] {dagbag.py:538} INFO - Filling up the DagBag from /home/airflow/.local/lib/python3.7/site-packages/airflow/example_dags/example_latest_only.py
[2023-03-10T02:06:51.364+0000] {processor.py:753} INFO - DAG(s) dict_keys(['latest_only']) retrieved from /home/airflow/.local/lib/python3.7/site-packages/airflow/example_dags/example_latest_only.py
[2023-03-10T02:06:51.388+0000] {logging_mixin.py:137} INFO - [2023-03-10T02:06:51.388+0000] {dag.py:2690} INFO - Sync 1 DAGs
[2023-03-10T02:06:51.413+0000] {logging_mixin.py:137} INFO - [2023-03-10T02:06:51.413+0000] {dag.py:3441} INFO - Setting next_dagrun for latest_only to 2023-03-09T22:06:51.413264+00:00, run_after=2023-03-10T02:06:51.413264+00:00
[2023-03-10T02:06:51.433+0000] {processor.py:175} INFO - Processing /home/airflow/.local/lib/python3.7/site-packages/airflow/example_dags/example_latest_only.py took 0.083 seconds
[2023-03-10T02:07:21.916+0000] {processor.py:153} INFO - Started process (PID=1065) to work on /home/airflow/.local/lib/python3.7/site-packages/airflow/example_dags/example_latest_only.py
[2023-03-10T02:07:21.917+0000] {processor.py:743} INFO - Processing file /home/airflow/.local/lib/python3.7/site-packages/airflow/example_dags/example_latest_only.py for tasks to queue
[2023-03-10T02:07:21.917+0000] {logging_mixin.py:137} INFO - [2023-03-10T02:07:21.917+0000] {dagbag.py:538} INFO - Filling up the DagBag from /home/airflow/.local/lib/python3.7/site-packages/airflow/example_dags/example_latest_only.py
[2023-03-10T02:07:21.930+0000] {processor.py:753} INFO - DAG(s) dict_keys(['latest_only']) retrieved from /home/airflow/.local/lib/python3.7/site-packages/airflow/example_dags/example_latest_only.py
[2023-03-10T02:07:21.956+0000] {logging_mixin.py:137} INFO - [2023-03-10T02:07:21.955+0000] {dag.py:2690} INFO - Sync 1 DAGs
[2023-03-10T02:07:21.981+0000] {logging_mixin.py:137} INFO - [2023-03-10T02:07:21.981+0000] {dag.py:3441} INFO - Setting next_dagrun for latest_only to 2023-03-09T22:07:21.981364+00:00, run_after=2023-03-10T02:07:21.981364+00:00
[2023-03-10T02:07:22.002+0000] {processor.py:175} INFO - Processing /home/airflow/.local/lib/python3.7/site-packages/airflow/example_dags/example_latest_only.py took 0.089 seconds
[2023-03-10T02:07:52.372+0000] {processor.py:153} INFO - Started process (PID=1315) to work on /home/airflow/.local/lib/python3.7/site-packages/airflow/example_dags/example_latest_only.py
[2023-03-10T02:07:52.373+0000] {processor.py:743} INFO - Processing file /home/airflow/.local/lib/python3.7/site-packages/airflow/example_dags/example_latest_only.py for tasks to queue
[2023-03-10T02:07:52.374+0000] {logging_mixin.py:137} INFO - [2023-03-10T02:07:52.374+0000] {dagbag.py:538} INFO - Filling up the DagBag from /home/airflow/.local/lib/python3.7/site-packages/airflow/example_dags/example_latest_only.py
[2023-03-10T02:07:52.384+0000] {processor.py:753} INFO - DAG(s) dict_keys(['latest_only']) retrieved from /home/airflow/.local/lib/python3.7/site-packages/airflow/example_dags/example_latest_only.py
[2023-03-10T02:07:52.404+0000] {logging_mixin.py:137} INFO - [2023-03-10T02:07:52.404+0000] {dag.py:2690} INFO - Sync 1 DAGs
[2023-03-10T02:07:52.427+0000] {logging_mixin.py:137} INFO - [2023-03-10T02:07:52.427+0000] {dag.py:3441} INFO - Setting next_dagrun for latest_only to 2023-03-09T22:07:52.427502+00:00, run_after=2023-03-10T02:07:52.427502+00:00
[2023-03-10T02:07:52.448+0000] {processor.py:175} INFO - Processing /home/airflow/.local/lib/python3.7/site-packages/airflow/example_dags/example_latest_only.py took 0.078 seconds
[2023-03-10T02:08:22.628+0000] {processor.py:153} INFO - Started process (PID=1585) to work on /home/airflow/.local/lib/python3.7/site-packages/airflow/example_dags/example_latest_only.py
[2023-03-10T02:08:22.629+0000] {processor.py:743} INFO - Processing file /home/airflow/.local/lib/python3.7/site-packages/airflow/example_dags/example_latest_only.py for tasks to queue
[2023-03-10T02:08:22.629+0000] {logging_mixin.py:137} INFO - [2023-03-10T02:08:22.629+0000] {dagbag.py:538} INFO - Filling up the DagBag from /home/airflow/.local/lib/python3.7/site-packages/airflow/example_dags/example_latest_only.py
[2023-03-10T02:08:22.640+0000] {processor.py:753} INFO - DAG(s) dict_keys(['latest_only']) retrieved from /home/airflow/.local/lib/python3.7/site-packages/airflow/example_dags/example_latest_only.py
[2023-03-10T02:08:22.665+0000] {logging_mixin.py:137} INFO - [2023-03-10T02:08:22.665+0000] {dag.py:2690} INFO - Sync 1 DAGs
[2023-03-10T02:08:22.692+0000] {logging_mixin.py:137} INFO - [2023-03-10T02:08:22.692+0000] {dag.py:3441} INFO - Setting next_dagrun for latest_only to 2023-03-09T22:08:22.692254+00:00, run_after=2023-03-10T02:08:22.692254+00:00
[2023-03-10T02:08:22.710+0000] {processor.py:175} INFO - Processing /home/airflow/.local/lib/python3.7/site-packages/airflow/example_dags/example_latest_only.py took 0.084 seconds
[2023-03-10T02:08:53.168+0000] {processor.py:153} INFO - Started process (PID=1843) to work on /home/airflow/.local/lib/python3.7/site-packages/airflow/example_dags/example_latest_only.py
[2023-03-10T02:08:53.168+0000] {processor.py:743} INFO - Processing file /home/airflow/.local/lib/python3.7/site-packages/airflow/example_dags/example_latest_only.py for tasks to queue
[2023-03-10T02:08:53.169+0000] {logging_mixin.py:137} INFO - [2023-03-10T02:08:53.169+0000] {dagbag.py:538} INFO - Filling up the DagBag from /home/airflow/.local/lib/python3.7/site-packages/airflow/example_dags/example_latest_only.py
[2023-03-10T02:08:53.185+0000] {processor.py:753} INFO - DAG(s) dict_keys(['latest_only']) retrieved from /home/airflow/.local/lib/python3.7/site-packages/airflow/example_dags/example_latest_only.py
[2023-03-10T02:08:53.215+0000] {logging_mixin.py:137} INFO - [2023-03-10T02:08:53.215+0000] {dag.py:2690} INFO - Sync 1 DAGs
[2023-03-10T02:08:53.240+0000] {logging_mixin.py:137} INFO - [2023-03-10T02:08:53.240+0000] {dag.py:3441} INFO - Setting next_dagrun for latest_only to 2023-03-09T22:08:53.240006+00:00, run_after=2023-03-10T02:08:53.240006+00:00
[2023-03-10T02:08:53.260+0000] {processor.py:175} INFO - Processing /home/airflow/.local/lib/python3.7/site-packages/airflow/example_dags/example_latest_only.py took 0.094 seconds
[2023-03-10T02:09:23.695+0000] {processor.py:153} INFO - Started process (PID=2115) to work on /home/airflow/.local/lib/python3.7/site-packages/airflow/example_dags/example_latest_only.py
[2023-03-10T02:09:23.696+0000] {processor.py:743} INFO - Processing file /home/airflow/.local/lib/python3.7/site-packages/airflow/example_dags/example_latest_only.py for tasks to queue
[2023-03-10T02:09:23.696+0000] {logging_mixin.py:137} INFO - [2023-03-10T02:09:23.696+0000] {dagbag.py:538} INFO - Filling up the DagBag from /home/airflow/.local/lib/python3.7/site-packages/airflow/example_dags/example_latest_only.py
[2023-03-10T02:09:23.707+0000] {processor.py:753} INFO - DAG(s) dict_keys(['latest_only']) retrieved from /home/airflow/.local/lib/python3.7/site-packages/airflow/example_dags/example_latest_only.py
[2023-03-10T02:09:23.728+0000] {logging_mixin.py:137} INFO - [2023-03-10T02:09:23.728+0000] {dag.py:2690} INFO - Sync 1 DAGs
[2023-03-10T02:09:23.752+0000] {logging_mixin.py:137} INFO - [2023-03-10T02:09:23.752+0000] {dag.py:3441} INFO - Setting next_dagrun for latest_only to 2023-03-09T22:09:23.752109+00:00, run_after=2023-03-10T02:09:23.752109+00:00
[2023-03-10T02:09:23.771+0000] {processor.py:175} INFO - Processing /home/airflow/.local/lib/python3.7/site-packages/airflow/example_dags/example_latest_only.py took 0.078 seconds
