[2023-03-10T02:05:50.789+0000] {processor.py:153} INFO - Started process (PID=344) to work on /home/airflow/.local/lib/python3.7/site-packages/airflow/example_dags/example_sla_dag.py
[2023-03-10T02:05:50.790+0000] {processor.py:743} INFO - Processing file /home/airflow/.local/lib/python3.7/site-packages/airflow/example_dags/example_sla_dag.py for tasks to queue
[2023-03-10T02:05:50.790+0000] {logging_mixin.py:137} INFO - [2023-03-10T02:05:50.790+0000] {dagbag.py:538} INFO - Filling up the DagBag from /home/airflow/.local/lib/python3.7/site-packages/airflow/example_dags/example_sla_dag.py
[2023-03-10T02:05:50.815+0000] {processor.py:753} INFO - DAG(s) dict_keys(['example_sla_dag']) retrieved from /home/airflow/.local/lib/python3.7/site-packages/airflow/example_dags/example_sla_dag.py
[2023-03-10T02:05:50.830+0000] {logging_mixin.py:137} INFO - [2023-03-10T02:05:50.830+0000] {dag.py:2690} INFO - Sync 1 DAGs
[2023-03-10T02:05:50.863+0000] {logging_mixin.py:137} INFO - [2023-03-10T02:05:50.862+0000] {dag.py:3441} INFO - Setting next_dagrun for example_sla_dag to 2023-03-10T02:02:00+00:00, run_after=2023-03-10T02:04:00+00:00
[2023-03-10T02:05:50.888+0000] {processor.py:175} INFO - Processing /home/airflow/.local/lib/python3.7/site-packages/airflow/example_dags/example_sla_dag.py took 0.104 seconds
[2023-03-10T02:06:21.445+0000] {processor.py:153} INFO - Started process (PID=611) to work on /home/airflow/.local/lib/python3.7/site-packages/airflow/example_dags/example_sla_dag.py
[2023-03-10T02:06:21.446+0000] {processor.py:743} INFO - Processing file /home/airflow/.local/lib/python3.7/site-packages/airflow/example_dags/example_sla_dag.py for tasks to queue
[2023-03-10T02:06:21.446+0000] {logging_mixin.py:137} INFO - [2023-03-10T02:06:21.446+0000] {dagbag.py:538} INFO - Filling up the DagBag from /home/airflow/.local/lib/python3.7/site-packages/airflow/example_dags/example_sla_dag.py
[2023-03-10T02:06:21.467+0000] {processor.py:753} INFO - DAG(s) dict_keys(['example_sla_dag']) retrieved from /home/airflow/.local/lib/python3.7/site-packages/airflow/example_dags/example_sla_dag.py
[2023-03-10T02:06:21.488+0000] {logging_mixin.py:137} INFO - [2023-03-10T02:06:21.488+0000] {dag.py:2690} INFO - Sync 1 DAGs
[2023-03-10T02:06:21.514+0000] {logging_mixin.py:137} INFO - [2023-03-10T02:06:21.514+0000] {dag.py:3441} INFO - Setting next_dagrun for example_sla_dag to 2023-03-10T02:04:00+00:00, run_after=2023-03-10T02:06:00+00:00
[2023-03-10T02:06:21.534+0000] {processor.py:175} INFO - Processing /home/airflow/.local/lib/python3.7/site-packages/airflow/example_dags/example_sla_dag.py took 0.091 seconds
[2023-03-10T02:06:52.151+0000] {processor.py:153} INFO - Started process (PID=857) to work on /home/airflow/.local/lib/python3.7/site-packages/airflow/example_dags/example_sla_dag.py
[2023-03-10T02:06:52.152+0000] {processor.py:743} INFO - Processing file /home/airflow/.local/lib/python3.7/site-packages/airflow/example_dags/example_sla_dag.py for tasks to queue
[2023-03-10T02:06:52.152+0000] {logging_mixin.py:137} INFO - [2023-03-10T02:06:52.152+0000] {dagbag.py:538} INFO - Filling up the DagBag from /home/airflow/.local/lib/python3.7/site-packages/airflow/example_dags/example_sla_dag.py
[2023-03-10T02:06:52.171+0000] {processor.py:753} INFO - DAG(s) dict_keys(['example_sla_dag']) retrieved from /home/airflow/.local/lib/python3.7/site-packages/airflow/example_dags/example_sla_dag.py
[2023-03-10T02:06:52.196+0000] {logging_mixin.py:137} INFO - [2023-03-10T02:06:52.195+0000] {dag.py:2690} INFO - Sync 1 DAGs
[2023-03-10T02:06:52.222+0000] {logging_mixin.py:137} INFO - [2023-03-10T02:06:52.222+0000] {dag.py:3441} INFO - Setting next_dagrun for example_sla_dag to 2023-03-10T02:04:00+00:00, run_after=2023-03-10T02:06:00+00:00
[2023-03-10T02:06:52.244+0000] {processor.py:175} INFO - Processing /home/airflow/.local/lib/python3.7/site-packages/airflow/example_dags/example_sla_dag.py took 0.095 seconds
[2023-03-10T02:07:22.751+0000] {processor.py:153} INFO - Started process (PID=1130) to work on /home/airflow/.local/lib/python3.7/site-packages/airflow/example_dags/example_sla_dag.py
[2023-03-10T02:07:22.751+0000] {processor.py:743} INFO - Processing file /home/airflow/.local/lib/python3.7/site-packages/airflow/example_dags/example_sla_dag.py for tasks to queue
[2023-03-10T02:07:22.752+0000] {logging_mixin.py:137} INFO - [2023-03-10T02:07:22.752+0000] {dagbag.py:538} INFO - Filling up the DagBag from /home/airflow/.local/lib/python3.7/site-packages/airflow/example_dags/example_sla_dag.py
[2023-03-10T02:07:22.771+0000] {processor.py:753} INFO - DAG(s) dict_keys(['example_sla_dag']) retrieved from /home/airflow/.local/lib/python3.7/site-packages/airflow/example_dags/example_sla_dag.py
[2023-03-10T02:07:22.792+0000] {logging_mixin.py:137} INFO - [2023-03-10T02:07:22.792+0000] {dag.py:2690} INFO - Sync 1 DAGs
[2023-03-10T02:07:22.818+0000] {logging_mixin.py:137} INFO - [2023-03-10T02:07:22.817+0000] {dag.py:3441} INFO - Setting next_dagrun for example_sla_dag to 2023-03-10T02:04:00+00:00, run_after=2023-03-10T02:06:00+00:00
[2023-03-10T02:07:22.836+0000] {processor.py:175} INFO - Processing /home/airflow/.local/lib/python3.7/site-packages/airflow/example_dags/example_sla_dag.py took 0.088 seconds
[2023-03-10T02:07:53.084+0000] {processor.py:153} INFO - Started process (PID=1378) to work on /home/airflow/.local/lib/python3.7/site-packages/airflow/example_dags/example_sla_dag.py
[2023-03-10T02:07:53.084+0000] {processor.py:743} INFO - Processing file /home/airflow/.local/lib/python3.7/site-packages/airflow/example_dags/example_sla_dag.py for tasks to queue
[2023-03-10T02:07:53.085+0000] {logging_mixin.py:137} INFO - [2023-03-10T02:07:53.085+0000] {dagbag.py:538} INFO - Filling up the DagBag from /home/airflow/.local/lib/python3.7/site-packages/airflow/example_dags/example_sla_dag.py
[2023-03-10T02:07:53.103+0000] {processor.py:753} INFO - DAG(s) dict_keys(['example_sla_dag']) retrieved from /home/airflow/.local/lib/python3.7/site-packages/airflow/example_dags/example_sla_dag.py
[2023-03-10T02:07:53.125+0000] {logging_mixin.py:137} INFO - [2023-03-10T02:07:53.125+0000] {dag.py:2690} INFO - Sync 1 DAGs
[2023-03-10T02:07:53.154+0000] {logging_mixin.py:137} INFO - [2023-03-10T02:07:53.154+0000] {dag.py:3441} INFO - Setting next_dagrun for example_sla_dag to 2023-03-10T02:04:00+00:00, run_after=2023-03-10T02:06:00+00:00
[2023-03-10T02:07:53.182+0000] {processor.py:175} INFO - Processing /home/airflow/.local/lib/python3.7/site-packages/airflow/example_dags/example_sla_dag.py took 0.101 seconds
[2023-03-10T02:08:23.392+0000] {processor.py:153} INFO - Started process (PID=1650) to work on /home/airflow/.local/lib/python3.7/site-packages/airflow/example_dags/example_sla_dag.py
[2023-03-10T02:08:23.393+0000] {processor.py:743} INFO - Processing file /home/airflow/.local/lib/python3.7/site-packages/airflow/example_dags/example_sla_dag.py for tasks to queue
[2023-03-10T02:08:23.393+0000] {logging_mixin.py:137} INFO - [2023-03-10T02:08:23.393+0000] {dagbag.py:538} INFO - Filling up the DagBag from /home/airflow/.local/lib/python3.7/site-packages/airflow/example_dags/example_sla_dag.py
[2023-03-10T02:08:23.412+0000] {processor.py:753} INFO - DAG(s) dict_keys(['example_sla_dag']) retrieved from /home/airflow/.local/lib/python3.7/site-packages/airflow/example_dags/example_sla_dag.py
[2023-03-10T02:08:23.434+0000] {logging_mixin.py:137} INFO - [2023-03-10T02:08:23.434+0000] {dag.py:2690} INFO - Sync 1 DAGs
[2023-03-10T02:08:23.459+0000] {logging_mixin.py:137} INFO - [2023-03-10T02:08:23.459+0000] {dag.py:3441} INFO - Setting next_dagrun for example_sla_dag to 2023-03-10T02:06:00+00:00, run_after=2023-03-10T02:08:00+00:00
[2023-03-10T02:08:23.476+0000] {processor.py:175} INFO - Processing /home/airflow/.local/lib/python3.7/site-packages/airflow/example_dags/example_sla_dag.py took 0.087 seconds
[2023-03-10T02:08:53.967+0000] {processor.py:153} INFO - Started process (PID=1908) to work on /home/airflow/.local/lib/python3.7/site-packages/airflow/example_dags/example_sla_dag.py
[2023-03-10T02:08:53.967+0000] {processor.py:743} INFO - Processing file /home/airflow/.local/lib/python3.7/site-packages/airflow/example_dags/example_sla_dag.py for tasks to queue
[2023-03-10T02:08:53.968+0000] {logging_mixin.py:137} INFO - [2023-03-10T02:08:53.968+0000] {dagbag.py:538} INFO - Filling up the DagBag from /home/airflow/.local/lib/python3.7/site-packages/airflow/example_dags/example_sla_dag.py
[2023-03-10T02:08:53.987+0000] {processor.py:753} INFO - DAG(s) dict_keys(['example_sla_dag']) retrieved from /home/airflow/.local/lib/python3.7/site-packages/airflow/example_dags/example_sla_dag.py
[2023-03-10T02:08:54.010+0000] {logging_mixin.py:137} INFO - [2023-03-10T02:08:54.010+0000] {dag.py:2690} INFO - Sync 1 DAGs
[2023-03-10T02:08:54.035+0000] {logging_mixin.py:137} INFO - [2023-03-10T02:08:54.034+0000] {dag.py:3441} INFO - Setting next_dagrun for example_sla_dag to 2023-03-10T02:06:00+00:00, run_after=2023-03-10T02:08:00+00:00
[2023-03-10T02:08:54.052+0000] {processor.py:175} INFO - Processing /home/airflow/.local/lib/python3.7/site-packages/airflow/example_dags/example_sla_dag.py took 0.088 seconds
[2023-03-10T02:09:24.617+0000] {processor.py:153} INFO - Started process (PID=2180) to work on /home/airflow/.local/lib/python3.7/site-packages/airflow/example_dags/example_sla_dag.py
[2023-03-10T02:09:24.617+0000] {processor.py:743} INFO - Processing file /home/airflow/.local/lib/python3.7/site-packages/airflow/example_dags/example_sla_dag.py for tasks to queue
[2023-03-10T02:09:24.618+0000] {logging_mixin.py:137} INFO - [2023-03-10T02:09:24.618+0000] {dagbag.py:538} INFO - Filling up the DagBag from /home/airflow/.local/lib/python3.7/site-packages/airflow/example_dags/example_sla_dag.py
[2023-03-10T02:09:24.637+0000] {processor.py:753} INFO - DAG(s) dict_keys(['example_sla_dag']) retrieved from /home/airflow/.local/lib/python3.7/site-packages/airflow/example_dags/example_sla_dag.py
[2023-03-10T02:09:24.660+0000] {logging_mixin.py:137} INFO - [2023-03-10T02:09:24.660+0000] {dag.py:2690} INFO - Sync 1 DAGs
[2023-03-10T02:09:24.685+0000] {logging_mixin.py:137} INFO - [2023-03-10T02:09:24.685+0000] {dag.py:3441} INFO - Setting next_dagrun for example_sla_dag to 2023-03-10T02:06:00+00:00, run_after=2023-03-10T02:08:00+00:00
[2023-03-10T02:09:24.705+0000] {processor.py:175} INFO - Processing /home/airflow/.local/lib/python3.7/site-packages/airflow/example_dags/example_sla_dag.py took 0.091 seconds
