[2023-03-10T02:05:50.227+0000] {processor.py:153} INFO - Started process (PID=302) to work on /home/airflow/.local/lib/python3.7/site-packages/airflow/example_dags/example_skip_dag.py
[2023-03-10T02:05:50.228+0000] {processor.py:743} INFO - Processing file /home/airflow/.local/lib/python3.7/site-packages/airflow/example_dags/example_skip_dag.py for tasks to queue
[2023-03-10T02:05:50.233+0000] {logging_mixin.py:137} INFO - [2023-03-10T02:05:50.228+0000] {dagbag.py:538} INFO - Filling up the DagBag from /home/airflow/.local/lib/python3.7/site-packages/airflow/example_dags/example_skip_dag.py
[2023-03-10T02:05:50.246+0000] {processor.py:753} INFO - DAG(s) dict_keys(['example_skip_dag']) retrieved from /home/airflow/.local/lib/python3.7/site-packages/airflow/example_dags/example_skip_dag.py
[2023-03-10T02:05:50.278+0000] {logging_mixin.py:137} INFO - [2023-03-10T02:05:50.278+0000] {dag.py:2690} INFO - Sync 1 DAGs
[2023-03-10T02:05:50.306+0000] {logging_mixin.py:137} INFO - [2023-03-10T02:05:50.306+0000] {dag.py:3441} INFO - Setting next_dagrun for example_skip_dag to 2023-03-09T02:05:50.306132+00:00, run_after=2023-03-10T02:05:50.306132+00:00
[2023-03-10T02:05:50.331+0000] {processor.py:175} INFO - Processing /home/airflow/.local/lib/python3.7/site-packages/airflow/example_dags/example_skip_dag.py took 0.109 seconds
[2023-03-10T02:06:20.919+0000] {processor.py:153} INFO - Started process (PID=576) to work on /home/airflow/.local/lib/python3.7/site-packages/airflow/example_dags/example_skip_dag.py
[2023-03-10T02:06:20.920+0000] {processor.py:743} INFO - Processing file /home/airflow/.local/lib/python3.7/site-packages/airflow/example_dags/example_skip_dag.py for tasks to queue
[2023-03-10T02:06:20.921+0000] {logging_mixin.py:137} INFO - [2023-03-10T02:06:20.920+0000] {dagbag.py:538} INFO - Filling up the DagBag from /home/airflow/.local/lib/python3.7/site-packages/airflow/example_dags/example_skip_dag.py
[2023-03-10T02:06:20.936+0000] {processor.py:753} INFO - DAG(s) dict_keys(['example_skip_dag']) retrieved from /home/airflow/.local/lib/python3.7/site-packages/airflow/example_dags/example_skip_dag.py
[2023-03-10T02:06:20.963+0000] {logging_mixin.py:137} INFO - [2023-03-10T02:06:20.963+0000] {dag.py:2690} INFO - Sync 1 DAGs
[2023-03-10T02:06:20.989+0000] {logging_mixin.py:137} INFO - [2023-03-10T02:06:20.989+0000] {dag.py:3441} INFO - Setting next_dagrun for example_skip_dag to 2023-03-09T02:06:20.989337+00:00, run_after=2023-03-10T02:06:20.989337+00:00
[2023-03-10T02:06:21.007+0000] {processor.py:175} INFO - Processing /home/airflow/.local/lib/python3.7/site-packages/airflow/example_dags/example_skip_dag.py took 0.092 seconds
[2023-03-10T02:06:51.682+0000] {processor.py:153} INFO - Started process (PID=822) to work on /home/airflow/.local/lib/python3.7/site-packages/airflow/example_dags/example_skip_dag.py
[2023-03-10T02:06:51.682+0000] {processor.py:743} INFO - Processing file /home/airflow/.local/lib/python3.7/site-packages/airflow/example_dags/example_skip_dag.py for tasks to queue
[2023-03-10T02:06:51.683+0000] {logging_mixin.py:137} INFO - [2023-03-10T02:06:51.683+0000] {dagbag.py:538} INFO - Filling up the DagBag from /home/airflow/.local/lib/python3.7/site-packages/airflow/example_dags/example_skip_dag.py
[2023-03-10T02:06:51.694+0000] {processor.py:753} INFO - DAG(s) dict_keys(['example_skip_dag']) retrieved from /home/airflow/.local/lib/python3.7/site-packages/airflow/example_dags/example_skip_dag.py
[2023-03-10T02:06:51.717+0000] {logging_mixin.py:137} INFO - [2023-03-10T02:06:51.717+0000] {dag.py:2690} INFO - Sync 1 DAGs
[2023-03-10T02:06:51.741+0000] {logging_mixin.py:137} INFO - [2023-03-10T02:06:51.740+0000] {dag.py:3441} INFO - Setting next_dagrun for example_skip_dag to 2023-03-09T02:06:51.740526+00:00, run_after=2023-03-10T02:06:51.740526+00:00
[2023-03-10T02:06:51.776+0000] {processor.py:175} INFO - Processing /home/airflow/.local/lib/python3.7/site-packages/airflow/example_dags/example_skip_dag.py took 0.096 seconds
[2023-03-10T02:07:22.350+0000] {processor.py:153} INFO - Started process (PID=1095) to work on /home/airflow/.local/lib/python3.7/site-packages/airflow/example_dags/example_skip_dag.py
[2023-03-10T02:07:22.351+0000] {processor.py:743} INFO - Processing file /home/airflow/.local/lib/python3.7/site-packages/airflow/example_dags/example_skip_dag.py for tasks to queue
[2023-03-10T02:07:22.351+0000] {logging_mixin.py:137} INFO - [2023-03-10T02:07:22.351+0000] {dagbag.py:538} INFO - Filling up the DagBag from /home/airflow/.local/lib/python3.7/site-packages/airflow/example_dags/example_skip_dag.py
[2023-03-10T02:07:22.363+0000] {processor.py:753} INFO - DAG(s) dict_keys(['example_skip_dag']) retrieved from /home/airflow/.local/lib/python3.7/site-packages/airflow/example_dags/example_skip_dag.py
[2023-03-10T02:07:22.385+0000] {logging_mixin.py:137} INFO - [2023-03-10T02:07:22.385+0000] {dag.py:2690} INFO - Sync 1 DAGs
[2023-03-10T02:07:22.409+0000] {logging_mixin.py:137} INFO - [2023-03-10T02:07:22.409+0000] {dag.py:3441} INFO - Setting next_dagrun for example_skip_dag to 2023-03-09T02:07:22.409615+00:00, run_after=2023-03-10T02:07:22.409615+00:00
[2023-03-10T02:07:22.431+0000] {processor.py:175} INFO - Processing /home/airflow/.local/lib/python3.7/site-packages/airflow/example_dags/example_skip_dag.py took 0.083 seconds
[2023-03-10T02:07:52.680+0000] {processor.py:153} INFO - Started process (PID=1343) to work on /home/airflow/.local/lib/python3.7/site-packages/airflow/example_dags/example_skip_dag.py
[2023-03-10T02:07:52.681+0000] {processor.py:743} INFO - Processing file /home/airflow/.local/lib/python3.7/site-packages/airflow/example_dags/example_skip_dag.py for tasks to queue
[2023-03-10T02:07:52.681+0000] {logging_mixin.py:137} INFO - [2023-03-10T02:07:52.681+0000] {dagbag.py:538} INFO - Filling up the DagBag from /home/airflow/.local/lib/python3.7/site-packages/airflow/example_dags/example_skip_dag.py
[2023-03-10T02:07:52.691+0000] {processor.py:753} INFO - DAG(s) dict_keys(['example_skip_dag']) retrieved from /home/airflow/.local/lib/python3.7/site-packages/airflow/example_dags/example_skip_dag.py
[2023-03-10T02:07:52.712+0000] {logging_mixin.py:137} INFO - [2023-03-10T02:07:52.712+0000] {dag.py:2690} INFO - Sync 1 DAGs
[2023-03-10T02:07:52.735+0000] {logging_mixin.py:137} INFO - [2023-03-10T02:07:52.735+0000] {dag.py:3441} INFO - Setting next_dagrun for example_skip_dag to 2023-03-09T02:07:52.734916+00:00, run_after=2023-03-10T02:07:52.734916+00:00
[2023-03-10T02:07:52.756+0000] {processor.py:175} INFO - Processing /home/airflow/.local/lib/python3.7/site-packages/airflow/example_dags/example_skip_dag.py took 0.078 seconds
[2023-03-10T02:08:22.949+0000] {processor.py:153} INFO - Started process (PID=1615) to work on /home/airflow/.local/lib/python3.7/site-packages/airflow/example_dags/example_skip_dag.py
[2023-03-10T02:08:22.949+0000] {processor.py:743} INFO - Processing file /home/airflow/.local/lib/python3.7/site-packages/airflow/example_dags/example_skip_dag.py for tasks to queue
[2023-03-10T02:08:22.950+0000] {logging_mixin.py:137} INFO - [2023-03-10T02:08:22.950+0000] {dagbag.py:538} INFO - Filling up the DagBag from /home/airflow/.local/lib/python3.7/site-packages/airflow/example_dags/example_skip_dag.py
[2023-03-10T02:08:22.960+0000] {processor.py:753} INFO - DAG(s) dict_keys(['example_skip_dag']) retrieved from /home/airflow/.local/lib/python3.7/site-packages/airflow/example_dags/example_skip_dag.py
[2023-03-10T02:08:22.981+0000] {logging_mixin.py:137} INFO - [2023-03-10T02:08:22.981+0000] {dag.py:2690} INFO - Sync 1 DAGs
[2023-03-10T02:08:23.004+0000] {logging_mixin.py:137} INFO - [2023-03-10T02:08:23.004+0000] {dag.py:3441} INFO - Setting next_dagrun for example_skip_dag to 2023-03-09T02:08:23.003822+00:00, run_after=2023-03-10T02:08:23.003822+00:00
[2023-03-10T02:08:23.022+0000] {processor.py:175} INFO - Processing /home/airflow/.local/lib/python3.7/site-packages/airflow/example_dags/example_skip_dag.py took 0.076 seconds
[2023-03-10T02:08:53.504+0000] {processor.py:153} INFO - Started process (PID=1873) to work on /home/airflow/.local/lib/python3.7/site-packages/airflow/example_dags/example_skip_dag.py
[2023-03-10T02:08:53.505+0000] {processor.py:743} INFO - Processing file /home/airflow/.local/lib/python3.7/site-packages/airflow/example_dags/example_skip_dag.py for tasks to queue
[2023-03-10T02:08:53.506+0000] {logging_mixin.py:137} INFO - [2023-03-10T02:08:53.506+0000] {dagbag.py:538} INFO - Filling up the DagBag from /home/airflow/.local/lib/python3.7/site-packages/airflow/example_dags/example_skip_dag.py
[2023-03-10T02:08:53.517+0000] {processor.py:753} INFO - DAG(s) dict_keys(['example_skip_dag']) retrieved from /home/airflow/.local/lib/python3.7/site-packages/airflow/example_dags/example_skip_dag.py
[2023-03-10T02:08:53.541+0000] {logging_mixin.py:137} INFO - [2023-03-10T02:08:53.541+0000] {dag.py:2690} INFO - Sync 1 DAGs
[2023-03-10T02:08:53.566+0000] {logging_mixin.py:137} INFO - [2023-03-10T02:08:53.566+0000] {dag.py:3441} INFO - Setting next_dagrun for example_skip_dag to 2023-03-09T02:08:53.566418+00:00, run_after=2023-03-10T02:08:53.566418+00:00
[2023-03-10T02:08:53.591+0000] {processor.py:175} INFO - Processing /home/airflow/.local/lib/python3.7/site-packages/airflow/example_dags/example_skip_dag.py took 0.089 seconds
[2023-03-10T02:09:24.133+0000] {processor.py:153} INFO - Started process (PID=2147) to work on /home/airflow/.local/lib/python3.7/site-packages/airflow/example_dags/example_skip_dag.py
[2023-03-10T02:09:24.133+0000] {processor.py:743} INFO - Processing file /home/airflow/.local/lib/python3.7/site-packages/airflow/example_dags/example_skip_dag.py for tasks to queue
[2023-03-10T02:09:24.134+0000] {logging_mixin.py:137} INFO - [2023-03-10T02:09:24.134+0000] {dagbag.py:538} INFO - Filling up the DagBag from /home/airflow/.local/lib/python3.7/site-packages/airflow/example_dags/example_skip_dag.py
[2023-03-10T02:09:24.143+0000] {processor.py:753} INFO - DAG(s) dict_keys(['example_skip_dag']) retrieved from /home/airflow/.local/lib/python3.7/site-packages/airflow/example_dags/example_skip_dag.py
[2023-03-10T02:09:24.165+0000] {logging_mixin.py:137} INFO - [2023-03-10T02:09:24.165+0000] {dag.py:2690} INFO - Sync 1 DAGs
[2023-03-10T02:09:24.187+0000] {logging_mixin.py:137} INFO - [2023-03-10T02:09:24.187+0000] {dag.py:3441} INFO - Setting next_dagrun for example_skip_dag to 2023-03-09T02:09:24.187506+00:00, run_after=2023-03-10T02:09:24.187506+00:00
[2023-03-10T02:09:24.207+0000] {processor.py:175} INFO - Processing /home/airflow/.local/lib/python3.7/site-packages/airflow/example_dags/example_skip_dag.py took 0.077 seconds
