[2023-03-10T02:05:49.996+0000] {processor.py:153} INFO - Started process (PID=282) to work on /home/airflow/.local/lib/python3.7/site-packages/airflow/example_dags/example_short_circuit_operator.py
[2023-03-10T02:05:49.997+0000] {processor.py:743} INFO - Processing file /home/airflow/.local/lib/python3.7/site-packages/airflow/example_dags/example_short_circuit_operator.py for tasks to queue
[2023-03-10T02:05:49.998+0000] {logging_mixin.py:137} INFO - [2023-03-10T02:05:49.997+0000] {dagbag.py:538} INFO - Filling up the DagBag from /home/airflow/.local/lib/python3.7/site-packages/airflow/example_dags/example_short_circuit_operator.py
[2023-03-10T02:05:50.013+0000] {processor.py:753} INFO - DAG(s) dict_keys(['example_short_circuit_operator']) retrieved from /home/airflow/.local/lib/python3.7/site-packages/airflow/example_dags/example_short_circuit_operator.py
[2023-03-10T02:05:50.024+0000] {logging_mixin.py:137} INFO - [2023-03-10T02:05:50.024+0000] {dag.py:2690} INFO - Sync 1 DAGs
[2023-03-10T02:05:50.047+0000] {logging_mixin.py:137} INFO - [2023-03-10T02:05:50.047+0000] {dag.py:3441} INFO - Setting next_dagrun for example_short_circuit_operator to 2023-03-09T02:05:50.047129+00:00, run_after=2023-03-10T02:05:50.047129+00:00
[2023-03-10T02:05:50.066+0000] {processor.py:175} INFO - Processing /home/airflow/.local/lib/python3.7/site-packages/airflow/example_dags/example_short_circuit_operator.py took 0.073 seconds
[2023-03-10T02:06:20.552+0000] {processor.py:153} INFO - Started process (PID=554) to work on /home/airflow/.local/lib/python3.7/site-packages/airflow/example_dags/example_short_circuit_operator.py
[2023-03-10T02:06:20.553+0000] {processor.py:743} INFO - Processing file /home/airflow/.local/lib/python3.7/site-packages/airflow/example_dags/example_short_circuit_operator.py for tasks to queue
[2023-03-10T02:06:20.554+0000] {logging_mixin.py:137} INFO - [2023-03-10T02:06:20.553+0000] {dagbag.py:538} INFO - Filling up the DagBag from /home/airflow/.local/lib/python3.7/site-packages/airflow/example_dags/example_short_circuit_operator.py
[2023-03-10T02:06:20.566+0000] {processor.py:753} INFO - DAG(s) dict_keys(['example_short_circuit_operator']) retrieved from /home/airflow/.local/lib/python3.7/site-packages/airflow/example_dags/example_short_circuit_operator.py
[2023-03-10T02:06:20.589+0000] {logging_mixin.py:137} INFO - [2023-03-10T02:06:20.589+0000] {dag.py:2690} INFO - Sync 1 DAGs
[2023-03-10T02:06:20.615+0000] {logging_mixin.py:137} INFO - [2023-03-10T02:06:20.615+0000] {dag.py:3441} INFO - Setting next_dagrun for example_short_circuit_operator to 2023-03-09T02:06:20.614986+00:00, run_after=2023-03-10T02:06:20.614986+00:00
[2023-03-10T02:06:20.636+0000] {processor.py:175} INFO - Processing /home/airflow/.local/lib/python3.7/site-packages/airflow/example_dags/example_short_circuit_operator.py took 0.086 seconds
[2023-03-10T02:06:51.456+0000] {processor.py:153} INFO - Started process (PID=802) to work on /home/airflow/.local/lib/python3.7/site-packages/airflow/example_dags/example_short_circuit_operator.py
[2023-03-10T02:06:51.457+0000] {processor.py:743} INFO - Processing file /home/airflow/.local/lib/python3.7/site-packages/airflow/example_dags/example_short_circuit_operator.py for tasks to queue
[2023-03-10T02:06:51.457+0000] {logging_mixin.py:137} INFO - [2023-03-10T02:06:51.457+0000] {dagbag.py:538} INFO - Filling up the DagBag from /home/airflow/.local/lib/python3.7/site-packages/airflow/example_dags/example_short_circuit_operator.py
[2023-03-10T02:06:51.471+0000] {processor.py:753} INFO - DAG(s) dict_keys(['example_short_circuit_operator']) retrieved from /home/airflow/.local/lib/python3.7/site-packages/airflow/example_dags/example_short_circuit_operator.py
[2023-03-10T02:06:51.497+0000] {logging_mixin.py:137} INFO - [2023-03-10T02:06:51.497+0000] {dag.py:2690} INFO - Sync 1 DAGs
[2023-03-10T02:06:51.519+0000] {logging_mixin.py:137} INFO - [2023-03-10T02:06:51.519+0000] {dag.py:3441} INFO - Setting next_dagrun for example_short_circuit_operator to 2023-03-09T02:06:51.519266+00:00, run_after=2023-03-10T02:06:51.519266+00:00
[2023-03-10T02:06:51.540+0000] {processor.py:175} INFO - Processing /home/airflow/.local/lib/python3.7/site-packages/airflow/example_dags/example_short_circuit_operator.py took 0.086 seconds
[2023-03-10T02:07:22.137+0000] {processor.py:153} INFO - Started process (PID=1077) to work on /home/airflow/.local/lib/python3.7/site-packages/airflow/example_dags/example_short_circuit_operator.py
[2023-03-10T02:07:22.138+0000] {processor.py:743} INFO - Processing file /home/airflow/.local/lib/python3.7/site-packages/airflow/example_dags/example_short_circuit_operator.py for tasks to queue
[2023-03-10T02:07:22.138+0000] {logging_mixin.py:137} INFO - [2023-03-10T02:07:22.138+0000] {dagbag.py:538} INFO - Filling up the DagBag from /home/airflow/.local/lib/python3.7/site-packages/airflow/example_dags/example_short_circuit_operator.py
[2023-03-10T02:07:22.150+0000] {processor.py:753} INFO - DAG(s) dict_keys(['example_short_circuit_operator']) retrieved from /home/airflow/.local/lib/python3.7/site-packages/airflow/example_dags/example_short_circuit_operator.py
[2023-03-10T02:07:22.173+0000] {logging_mixin.py:137} INFO - [2023-03-10T02:07:22.173+0000] {dag.py:2690} INFO - Sync 1 DAGs
[2023-03-10T02:07:22.195+0000] {logging_mixin.py:137} INFO - [2023-03-10T02:07:22.195+0000] {dag.py:3441} INFO - Setting next_dagrun for example_short_circuit_operator to 2023-03-09T02:07:22.195511+00:00, run_after=2023-03-10T02:07:22.195511+00:00
[2023-03-10T02:07:22.215+0000] {processor.py:175} INFO - Processing /home/airflow/.local/lib/python3.7/site-packages/airflow/example_dags/example_short_circuit_operator.py took 0.082 seconds
[2023-03-10T02:07:52.469+0000] {processor.py:153} INFO - Started process (PID=1323) to work on /home/airflow/.local/lib/python3.7/site-packages/airflow/example_dags/example_short_circuit_operator.py
[2023-03-10T02:07:52.470+0000] {processor.py:743} INFO - Processing file /home/airflow/.local/lib/python3.7/site-packages/airflow/example_dags/example_short_circuit_operator.py for tasks to queue
[2023-03-10T02:07:52.471+0000] {logging_mixin.py:137} INFO - [2023-03-10T02:07:52.470+0000] {dagbag.py:538} INFO - Filling up the DagBag from /home/airflow/.local/lib/python3.7/site-packages/airflow/example_dags/example_short_circuit_operator.py
[2023-03-10T02:07:52.483+0000] {processor.py:753} INFO - DAG(s) dict_keys(['example_short_circuit_operator']) retrieved from /home/airflow/.local/lib/python3.7/site-packages/airflow/example_dags/example_short_circuit_operator.py
[2023-03-10T02:07:52.506+0000] {logging_mixin.py:137} INFO - [2023-03-10T02:07:52.506+0000] {dag.py:2690} INFO - Sync 1 DAGs
[2023-03-10T02:07:52.529+0000] {logging_mixin.py:137} INFO - [2023-03-10T02:07:52.529+0000] {dag.py:3441} INFO - Setting next_dagrun for example_short_circuit_operator to 2023-03-09T02:07:52.529285+00:00, run_after=2023-03-10T02:07:52.529285+00:00
[2023-03-10T02:07:52.549+0000] {processor.py:175} INFO - Processing /home/airflow/.local/lib/python3.7/site-packages/airflow/example_dags/example_short_circuit_operator.py took 0.082 seconds
[2023-03-10T02:08:22.734+0000] {processor.py:153} INFO - Started process (PID=1595) to work on /home/airflow/.local/lib/python3.7/site-packages/airflow/example_dags/example_short_circuit_operator.py
[2023-03-10T02:08:22.735+0000] {processor.py:743} INFO - Processing file /home/airflow/.local/lib/python3.7/site-packages/airflow/example_dags/example_short_circuit_operator.py for tasks to queue
[2023-03-10T02:08:22.735+0000] {logging_mixin.py:137} INFO - [2023-03-10T02:08:22.735+0000] {dagbag.py:538} INFO - Filling up the DagBag from /home/airflow/.local/lib/python3.7/site-packages/airflow/example_dags/example_short_circuit_operator.py
[2023-03-10T02:08:22.749+0000] {processor.py:753} INFO - DAG(s) dict_keys(['example_short_circuit_operator']) retrieved from /home/airflow/.local/lib/python3.7/site-packages/airflow/example_dags/example_short_circuit_operator.py
[2023-03-10T02:08:22.773+0000] {logging_mixin.py:137} INFO - [2023-03-10T02:08:22.773+0000] {dag.py:2690} INFO - Sync 1 DAGs
[2023-03-10T02:08:22.798+0000] {logging_mixin.py:137} INFO - [2023-03-10T02:08:22.798+0000] {dag.py:3441} INFO - Setting next_dagrun for example_short_circuit_operator to 2023-03-09T02:08:22.798391+00:00, run_after=2023-03-10T02:08:22.798391+00:00
[2023-03-10T02:08:22.818+0000] {processor.py:175} INFO - Processing /home/airflow/.local/lib/python3.7/site-packages/airflow/example_dags/example_short_circuit_operator.py took 0.086 seconds
[2023-03-10T02:08:53.283+0000] {processor.py:153} INFO - Started process (PID=1853) to work on /home/airflow/.local/lib/python3.7/site-packages/airflow/example_dags/example_short_circuit_operator.py
[2023-03-10T02:08:53.284+0000] {processor.py:743} INFO - Processing file /home/airflow/.local/lib/python3.7/site-packages/airflow/example_dags/example_short_circuit_operator.py for tasks to queue
[2023-03-10T02:08:53.284+0000] {logging_mixin.py:137} INFO - [2023-03-10T02:08:53.284+0000] {dagbag.py:538} INFO - Filling up the DagBag from /home/airflow/.local/lib/python3.7/site-packages/airflow/example_dags/example_short_circuit_operator.py
[2023-03-10T02:08:53.297+0000] {processor.py:753} INFO - DAG(s) dict_keys(['example_short_circuit_operator']) retrieved from /home/airflow/.local/lib/python3.7/site-packages/airflow/example_dags/example_short_circuit_operator.py
[2023-03-10T02:08:53.322+0000] {logging_mixin.py:137} INFO - [2023-03-10T02:08:53.321+0000] {dag.py:2690} INFO - Sync 1 DAGs
[2023-03-10T02:08:53.345+0000] {logging_mixin.py:137} INFO - [2023-03-10T02:08:53.344+0000] {dag.py:3441} INFO - Setting next_dagrun for example_short_circuit_operator to 2023-03-09T02:08:53.344713+00:00, run_after=2023-03-10T02:08:53.344713+00:00
[2023-03-10T02:08:53.364+0000] {processor.py:175} INFO - Processing /home/airflow/.local/lib/python3.7/site-packages/airflow/example_dags/example_short_circuit_operator.py took 0.083 seconds
[2023-03-10T02:09:23.795+0000] {processor.py:153} INFO - Started process (PID=2125) to work on /home/airflow/.local/lib/python3.7/site-packages/airflow/example_dags/example_short_circuit_operator.py
[2023-03-10T02:09:23.795+0000] {processor.py:743} INFO - Processing file /home/airflow/.local/lib/python3.7/site-packages/airflow/example_dags/example_short_circuit_operator.py for tasks to queue
[2023-03-10T02:09:23.796+0000] {logging_mixin.py:137} INFO - [2023-03-10T02:09:23.796+0000] {dagbag.py:538} INFO - Filling up the DagBag from /home/airflow/.local/lib/python3.7/site-packages/airflow/example_dags/example_short_circuit_operator.py
[2023-03-10T02:09:23.809+0000] {processor.py:753} INFO - DAG(s) dict_keys(['example_short_circuit_operator']) retrieved from /home/airflow/.local/lib/python3.7/site-packages/airflow/example_dags/example_short_circuit_operator.py
[2023-03-10T02:09:23.834+0000] {logging_mixin.py:137} INFO - [2023-03-10T02:09:23.833+0000] {dag.py:2690} INFO - Sync 1 DAGs
[2023-03-10T02:09:23.857+0000] {logging_mixin.py:137} INFO - [2023-03-10T02:09:23.857+0000] {dag.py:3441} INFO - Setting next_dagrun for example_short_circuit_operator to 2023-03-09T02:09:23.856820+00:00, run_after=2023-03-10T02:09:23.856820+00:00
[2023-03-10T02:09:23.875+0000] {processor.py:175} INFO - Processing /home/airflow/.local/lib/python3.7/site-packages/airflow/example_dags/example_short_circuit_operator.py took 0.082 seconds
