[2023-03-10T02:05:49.390+0000] {processor.py:153} INFO - Started process (PID=227) to work on /home/airflow/.local/lib/python3.7/site-packages/airflow/example_dags/example_complex.py
[2023-03-10T02:05:49.390+0000] {processor.py:743} INFO - Processing file /home/airflow/.local/lib/python3.7/site-packages/airflow/example_dags/example_complex.py for tasks to queue
[2023-03-10T02:05:49.390+0000] {logging_mixin.py:137} INFO - [2023-03-10T02:05:49.390+0000] {dagbag.py:538} INFO - Filling up the DagBag from /home/airflow/.local/lib/python3.7/site-packages/airflow/example_dags/example_complex.py
[2023-03-10T02:05:49.402+0000] {logging_mixin.py:137} INFO - [2023-03-10T02:05:49.402+0000] {taskmixin.py:205} WARNING - Dependency <Task(BashOperator): create_entry_group>, delete_entry_group already registered for DAG: example_complex
[2023-03-10T02:05:49.403+0000] {logging_mixin.py:137} INFO - [2023-03-10T02:05:49.403+0000] {taskmixin.py:205} WARNING - Dependency <Task(BashOperator): delete_entry_group>, create_entry_group already registered for DAG: example_complex
[2023-03-10T02:05:49.403+0000] {logging_mixin.py:137} INFO - [2023-03-10T02:05:49.403+0000] {taskmixin.py:205} WARNING - Dependency <Task(BashOperator): create_entry_gcs>, delete_entry already registered for DAG: example_complex
[2023-03-10T02:05:49.403+0000] {logging_mixin.py:137} INFO - [2023-03-10T02:05:49.403+0000] {taskmixin.py:205} WARNING - Dependency <Task(BashOperator): delete_entry>, create_entry_gcs already registered for DAG: example_complex
[2023-03-10T02:05:49.403+0000] {logging_mixin.py:137} INFO - [2023-03-10T02:05:49.403+0000] {taskmixin.py:205} WARNING - Dependency <Task(BashOperator): create_tag>, delete_tag already registered for DAG: example_complex
[2023-03-10T02:05:49.403+0000] {logging_mixin.py:137} INFO - [2023-03-10T02:05:49.403+0000] {taskmixin.py:205} WARNING - Dependency <Task(BashOperator): delete_tag>, create_tag already registered for DAG: example_complex
[2023-03-10T02:05:49.409+0000] {processor.py:753} INFO - DAG(s) dict_keys(['example_complex']) retrieved from /home/airflow/.local/lib/python3.7/site-packages/airflow/example_dags/example_complex.py
[2023-03-10T02:05:49.421+0000] {logging_mixin.py:137} INFO - [2023-03-10T02:05:49.421+0000] {dag.py:2690} INFO - Sync 1 DAGs
[2023-03-10T02:05:49.446+0000] {logging_mixin.py:137} INFO - [2023-03-10T02:05:49.446+0000] {dag.py:3441} INFO - Setting next_dagrun for example_complex to None, run_after=None
[2023-03-10T02:05:49.469+0000] {processor.py:175} INFO - Processing /home/airflow/.local/lib/python3.7/site-packages/airflow/example_dags/example_complex.py took 0.082 seconds
[2023-03-10T02:06:20.000+0000] {processor.py:153} INFO - Started process (PID=499) to work on /home/airflow/.local/lib/python3.7/site-packages/airflow/example_dags/example_complex.py
[2023-03-10T02:06:20.001+0000] {processor.py:743} INFO - Processing file /home/airflow/.local/lib/python3.7/site-packages/airflow/example_dags/example_complex.py for tasks to queue
[2023-03-10T02:06:20.002+0000] {logging_mixin.py:137} INFO - [2023-03-10T02:06:20.001+0000] {dagbag.py:538} INFO - Filling up the DagBag from /home/airflow/.local/lib/python3.7/site-packages/airflow/example_dags/example_complex.py
[2023-03-10T02:06:20.011+0000] {logging_mixin.py:137} INFO - [2023-03-10T02:06:20.011+0000] {taskmixin.py:205} WARNING - Dependency <Task(BashOperator): create_entry_group>, delete_entry_group already registered for DAG: example_complex
[2023-03-10T02:06:20.011+0000] {logging_mixin.py:137} INFO - [2023-03-10T02:06:20.011+0000] {taskmixin.py:205} WARNING - Dependency <Task(BashOperator): delete_entry_group>, create_entry_group already registered for DAG: example_complex
[2023-03-10T02:06:20.012+0000] {logging_mixin.py:137} INFO - [2023-03-10T02:06:20.012+0000] {taskmixin.py:205} WARNING - Dependency <Task(BashOperator): create_entry_gcs>, delete_entry already registered for DAG: example_complex
[2023-03-10T02:06:20.012+0000] {logging_mixin.py:137} INFO - [2023-03-10T02:06:20.012+0000] {taskmixin.py:205} WARNING - Dependency <Task(BashOperator): delete_entry>, create_entry_gcs already registered for DAG: example_complex
[2023-03-10T02:06:20.012+0000] {logging_mixin.py:137} INFO - [2023-03-10T02:06:20.012+0000] {taskmixin.py:205} WARNING - Dependency <Task(BashOperator): create_tag>, delete_tag already registered for DAG: example_complex
[2023-03-10T02:06:20.012+0000] {logging_mixin.py:137} INFO - [2023-03-10T02:06:20.012+0000] {taskmixin.py:205} WARNING - Dependency <Task(BashOperator): delete_tag>, create_tag already registered for DAG: example_complex
[2023-03-10T02:06:20.019+0000] {processor.py:753} INFO - DAG(s) dict_keys(['example_complex']) retrieved from /home/airflow/.local/lib/python3.7/site-packages/airflow/example_dags/example_complex.py
[2023-03-10T02:06:20.045+0000] {logging_mixin.py:137} INFO - [2023-03-10T02:06:20.045+0000] {dag.py:2690} INFO - Sync 1 DAGs
[2023-03-10T02:06:20.071+0000] {logging_mixin.py:137} INFO - [2023-03-10T02:06:20.071+0000] {dag.py:3441} INFO - Setting next_dagrun for example_complex to None, run_after=None
[2023-03-10T02:06:20.091+0000] {processor.py:175} INFO - Processing /home/airflow/.local/lib/python3.7/site-packages/airflow/example_dags/example_complex.py took 0.093 seconds
[2023-03-10T02:06:50.743+0000] {processor.py:153} INFO - Started process (PID=747) to work on /home/airflow/.local/lib/python3.7/site-packages/airflow/example_dags/example_complex.py
[2023-03-10T02:06:50.744+0000] {processor.py:743} INFO - Processing file /home/airflow/.local/lib/python3.7/site-packages/airflow/example_dags/example_complex.py for tasks to queue
[2023-03-10T02:06:50.744+0000] {logging_mixin.py:137} INFO - [2023-03-10T02:06:50.744+0000] {dagbag.py:538} INFO - Filling up the DagBag from /home/airflow/.local/lib/python3.7/site-packages/airflow/example_dags/example_complex.py
[2023-03-10T02:06:50.753+0000] {logging_mixin.py:137} INFO - [2023-03-10T02:06:50.753+0000] {taskmixin.py:205} WARNING - Dependency <Task(BashOperator): create_entry_group>, delete_entry_group already registered for DAG: example_complex
[2023-03-10T02:06:50.754+0000] {logging_mixin.py:137} INFO - [2023-03-10T02:06:50.754+0000] {taskmixin.py:205} WARNING - Dependency <Task(BashOperator): delete_entry_group>, create_entry_group already registered for DAG: example_complex
[2023-03-10T02:06:50.754+0000] {logging_mixin.py:137} INFO - [2023-03-10T02:06:50.754+0000] {taskmixin.py:205} WARNING - Dependency <Task(BashOperator): create_entry_gcs>, delete_entry already registered for DAG: example_complex
[2023-03-10T02:06:50.754+0000] {logging_mixin.py:137} INFO - [2023-03-10T02:06:50.754+0000] {taskmixin.py:205} WARNING - Dependency <Task(BashOperator): delete_entry>, create_entry_gcs already registered for DAG: example_complex
[2023-03-10T02:06:50.754+0000] {logging_mixin.py:137} INFO - [2023-03-10T02:06:50.754+0000] {taskmixin.py:205} WARNING - Dependency <Task(BashOperator): create_tag>, delete_tag already registered for DAG: example_complex
[2023-03-10T02:06:50.754+0000] {logging_mixin.py:137} INFO - [2023-03-10T02:06:50.754+0000] {taskmixin.py:205} WARNING - Dependency <Task(BashOperator): delete_tag>, create_tag already registered for DAG: example_complex
[2023-03-10T02:06:50.762+0000] {processor.py:753} INFO - DAG(s) dict_keys(['example_complex']) retrieved from /home/airflow/.local/lib/python3.7/site-packages/airflow/example_dags/example_complex.py
[2023-03-10T02:06:50.791+0000] {logging_mixin.py:137} INFO - [2023-03-10T02:06:50.790+0000] {dag.py:2690} INFO - Sync 1 DAGs
[2023-03-10T02:06:50.816+0000] {logging_mixin.py:137} INFO - [2023-03-10T02:06:50.815+0000] {dag.py:3441} INFO - Setting next_dagrun for example_complex to None, run_after=None
[2023-03-10T02:06:50.835+0000] {processor.py:175} INFO - Processing /home/airflow/.local/lib/python3.7/site-packages/airflow/example_dags/example_complex.py took 0.095 seconds
[2023-03-10T02:07:21.372+0000] {processor.py:153} INFO - Started process (PID=1021) to work on /home/airflow/.local/lib/python3.7/site-packages/airflow/example_dags/example_complex.py
[2023-03-10T02:07:21.373+0000] {processor.py:743} INFO - Processing file /home/airflow/.local/lib/python3.7/site-packages/airflow/example_dags/example_complex.py for tasks to queue
[2023-03-10T02:07:21.373+0000] {logging_mixin.py:137} INFO - [2023-03-10T02:07:21.373+0000] {dagbag.py:538} INFO - Filling up the DagBag from /home/airflow/.local/lib/python3.7/site-packages/airflow/example_dags/example_complex.py
[2023-03-10T02:07:21.383+0000] {logging_mixin.py:137} INFO - [2023-03-10T02:07:21.382+0000] {taskmixin.py:205} WARNING - Dependency <Task(BashOperator): create_entry_group>, delete_entry_group already registered for DAG: example_complex
[2023-03-10T02:07:21.383+0000] {logging_mixin.py:137} INFO - [2023-03-10T02:07:21.383+0000] {taskmixin.py:205} WARNING - Dependency <Task(BashOperator): delete_entry_group>, create_entry_group already registered for DAG: example_complex
[2023-03-10T02:07:21.383+0000] {logging_mixin.py:137} INFO - [2023-03-10T02:07:21.383+0000] {taskmixin.py:205} WARNING - Dependency <Task(BashOperator): create_entry_gcs>, delete_entry already registered for DAG: example_complex
[2023-03-10T02:07:21.383+0000] {logging_mixin.py:137} INFO - [2023-03-10T02:07:21.383+0000] {taskmixin.py:205} WARNING - Dependency <Task(BashOperator): delete_entry>, create_entry_gcs already registered for DAG: example_complex
[2023-03-10T02:07:21.383+0000] {logging_mixin.py:137} INFO - [2023-03-10T02:07:21.383+0000] {taskmixin.py:205} WARNING - Dependency <Task(BashOperator): create_tag>, delete_tag already registered for DAG: example_complex
[2023-03-10T02:07:21.383+0000] {logging_mixin.py:137} INFO - [2023-03-10T02:07:21.383+0000] {taskmixin.py:205} WARNING - Dependency <Task(BashOperator): delete_tag>, create_tag already registered for DAG: example_complex
[2023-03-10T02:07:21.390+0000] {processor.py:753} INFO - DAG(s) dict_keys(['example_complex']) retrieved from /home/airflow/.local/lib/python3.7/site-packages/airflow/example_dags/example_complex.py
[2023-03-10T02:07:21.419+0000] {logging_mixin.py:137} INFO - [2023-03-10T02:07:21.419+0000] {dag.py:2690} INFO - Sync 1 DAGs
[2023-03-10T02:07:21.442+0000] {logging_mixin.py:137} INFO - [2023-03-10T02:07:21.442+0000] {dag.py:3441} INFO - Setting next_dagrun for example_complex to None, run_after=None
[2023-03-10T02:07:21.461+0000] {processor.py:175} INFO - Processing /home/airflow/.local/lib/python3.7/site-packages/airflow/example_dags/example_complex.py took 0.092 seconds
[2023-03-10T02:07:51.844+0000] {processor.py:153} INFO - Started process (PID=1268) to work on /home/airflow/.local/lib/python3.7/site-packages/airflow/example_dags/example_complex.py
[2023-03-10T02:07:51.844+0000] {processor.py:743} INFO - Processing file /home/airflow/.local/lib/python3.7/site-packages/airflow/example_dags/example_complex.py for tasks to queue
[2023-03-10T02:07:51.845+0000] {logging_mixin.py:137} INFO - [2023-03-10T02:07:51.844+0000] {dagbag.py:538} INFO - Filling up the DagBag from /home/airflow/.local/lib/python3.7/site-packages/airflow/example_dags/example_complex.py
[2023-03-10T02:07:51.853+0000] {logging_mixin.py:137} INFO - [2023-03-10T02:07:51.853+0000] {taskmixin.py:205} WARNING - Dependency <Task(BashOperator): create_entry_group>, delete_entry_group already registered for DAG: example_complex
[2023-03-10T02:07:51.853+0000] {logging_mixin.py:137} INFO - [2023-03-10T02:07:51.853+0000] {taskmixin.py:205} WARNING - Dependency <Task(BashOperator): delete_entry_group>, create_entry_group already registered for DAG: example_complex
[2023-03-10T02:07:51.854+0000] {logging_mixin.py:137} INFO - [2023-03-10T02:07:51.854+0000] {taskmixin.py:205} WARNING - Dependency <Task(BashOperator): create_entry_gcs>, delete_entry already registered for DAG: example_complex
[2023-03-10T02:07:51.854+0000] {logging_mixin.py:137} INFO - [2023-03-10T02:07:51.854+0000] {taskmixin.py:205} WARNING - Dependency <Task(BashOperator): delete_entry>, create_entry_gcs already registered for DAG: example_complex
[2023-03-10T02:07:51.854+0000] {logging_mixin.py:137} INFO - [2023-03-10T02:07:51.854+0000] {taskmixin.py:205} WARNING - Dependency <Task(BashOperator): create_tag>, delete_tag already registered for DAG: example_complex
[2023-03-10T02:07:51.854+0000] {logging_mixin.py:137} INFO - [2023-03-10T02:07:51.854+0000] {taskmixin.py:205} WARNING - Dependency <Task(BashOperator): delete_tag>, create_tag already registered for DAG: example_complex
[2023-03-10T02:07:51.860+0000] {processor.py:753} INFO - DAG(s) dict_keys(['example_complex']) retrieved from /home/airflow/.local/lib/python3.7/site-packages/airflow/example_dags/example_complex.py
[2023-03-10T02:07:51.889+0000] {logging_mixin.py:137} INFO - [2023-03-10T02:07:51.888+0000] {dag.py:2690} INFO - Sync 1 DAGs
[2023-03-10T02:07:51.910+0000] {logging_mixin.py:137} INFO - [2023-03-10T02:07:51.910+0000] {dag.py:3441} INFO - Setting next_dagrun for example_complex to None, run_after=None
[2023-03-10T02:07:51.929+0000] {processor.py:175} INFO - Processing /home/airflow/.local/lib/python3.7/site-packages/airflow/example_dags/example_complex.py took 0.088 seconds
[2023-03-10T02:08:22.152+0000] {processor.py:153} INFO - Started process (PID=1540) to work on /home/airflow/.local/lib/python3.7/site-packages/airflow/example_dags/example_complex.py
[2023-03-10T02:08:22.152+0000] {processor.py:743} INFO - Processing file /home/airflow/.local/lib/python3.7/site-packages/airflow/example_dags/example_complex.py for tasks to queue
[2023-03-10T02:08:22.153+0000] {logging_mixin.py:137} INFO - [2023-03-10T02:08:22.153+0000] {dagbag.py:538} INFO - Filling up the DagBag from /home/airflow/.local/lib/python3.7/site-packages/airflow/example_dags/example_complex.py
[2023-03-10T02:08:22.161+0000] {logging_mixin.py:137} INFO - [2023-03-10T02:08:22.161+0000] {taskmixin.py:205} WARNING - Dependency <Task(BashOperator): create_entry_group>, delete_entry_group already registered for DAG: example_complex
[2023-03-10T02:08:22.161+0000] {logging_mixin.py:137} INFO - [2023-03-10T02:08:22.161+0000] {taskmixin.py:205} WARNING - Dependency <Task(BashOperator): delete_entry_group>, create_entry_group already registered for DAG: example_complex
[2023-03-10T02:08:22.161+0000] {logging_mixin.py:137} INFO - [2023-03-10T02:08:22.161+0000] {taskmixin.py:205} WARNING - Dependency <Task(BashOperator): create_entry_gcs>, delete_entry already registered for DAG: example_complex
[2023-03-10T02:08:22.161+0000] {logging_mixin.py:137} INFO - [2023-03-10T02:08:22.161+0000] {taskmixin.py:205} WARNING - Dependency <Task(BashOperator): delete_entry>, create_entry_gcs already registered for DAG: example_complex
[2023-03-10T02:08:22.162+0000] {logging_mixin.py:137} INFO - [2023-03-10T02:08:22.162+0000] {taskmixin.py:205} WARNING - Dependency <Task(BashOperator): create_tag>, delete_tag already registered for DAG: example_complex
[2023-03-10T02:08:22.162+0000] {logging_mixin.py:137} INFO - [2023-03-10T02:08:22.162+0000] {taskmixin.py:205} WARNING - Dependency <Task(BashOperator): delete_tag>, create_tag already registered for DAG: example_complex
[2023-03-10T02:08:22.167+0000] {processor.py:753} INFO - DAG(s) dict_keys(['example_complex']) retrieved from /home/airflow/.local/lib/python3.7/site-packages/airflow/example_dags/example_complex.py
[2023-03-10T02:08:22.194+0000] {logging_mixin.py:137} INFO - [2023-03-10T02:08:22.194+0000] {dag.py:2690} INFO - Sync 1 DAGs
[2023-03-10T02:08:22.218+0000] {logging_mixin.py:137} INFO - [2023-03-10T02:08:22.217+0000] {dag.py:3441} INFO - Setting next_dagrun for example_complex to None, run_after=None
[2023-03-10T02:08:22.236+0000] {processor.py:175} INFO - Processing /home/airflow/.local/lib/python3.7/site-packages/airflow/example_dags/example_complex.py took 0.086 seconds
[2023-03-10T02:08:52.637+0000] {processor.py:153} INFO - Started process (PID=1798) to work on /home/airflow/.local/lib/python3.7/site-packages/airflow/example_dags/example_complex.py
[2023-03-10T02:08:52.638+0000] {processor.py:743} INFO - Processing file /home/airflow/.local/lib/python3.7/site-packages/airflow/example_dags/example_complex.py for tasks to queue
[2023-03-10T02:08:52.639+0000] {logging_mixin.py:137} INFO - [2023-03-10T02:08:52.639+0000] {dagbag.py:538} INFO - Filling up the DagBag from /home/airflow/.local/lib/python3.7/site-packages/airflow/example_dags/example_complex.py
[2023-03-10T02:08:52.649+0000] {logging_mixin.py:137} INFO - [2023-03-10T02:08:52.648+0000] {taskmixin.py:205} WARNING - Dependency <Task(BashOperator): create_entry_group>, delete_entry_group already registered for DAG: example_complex
[2023-03-10T02:08:52.649+0000] {logging_mixin.py:137} INFO - [2023-03-10T02:08:52.649+0000] {taskmixin.py:205} WARNING - Dependency <Task(BashOperator): delete_entry_group>, create_entry_group already registered for DAG: example_complex
[2023-03-10T02:08:52.649+0000] {logging_mixin.py:137} INFO - [2023-03-10T02:08:52.649+0000] {taskmixin.py:205} WARNING - Dependency <Task(BashOperator): create_entry_gcs>, delete_entry already registered for DAG: example_complex
[2023-03-10T02:08:52.649+0000] {logging_mixin.py:137} INFO - [2023-03-10T02:08:52.649+0000] {taskmixin.py:205} WARNING - Dependency <Task(BashOperator): delete_entry>, create_entry_gcs already registered for DAG: example_complex
[2023-03-10T02:08:52.649+0000] {logging_mixin.py:137} INFO - [2023-03-10T02:08:52.649+0000] {taskmixin.py:205} WARNING - Dependency <Task(BashOperator): create_tag>, delete_tag already registered for DAG: example_complex
[2023-03-10T02:08:52.649+0000] {logging_mixin.py:137} INFO - [2023-03-10T02:08:52.649+0000] {taskmixin.py:205} WARNING - Dependency <Task(BashOperator): delete_tag>, create_tag already registered for DAG: example_complex
[2023-03-10T02:08:52.656+0000] {processor.py:753} INFO - DAG(s) dict_keys(['example_complex']) retrieved from /home/airflow/.local/lib/python3.7/site-packages/airflow/example_dags/example_complex.py
[2023-03-10T02:08:52.684+0000] {logging_mixin.py:137} INFO - [2023-03-10T02:08:52.684+0000] {dag.py:2690} INFO - Sync 1 DAGs
[2023-03-10T02:08:52.708+0000] {logging_mixin.py:137} INFO - [2023-03-10T02:08:52.708+0000] {dag.py:3441} INFO - Setting next_dagrun for example_complex to None, run_after=None
[2023-03-10T02:08:52.727+0000] {processor.py:175} INFO - Processing /home/airflow/.local/lib/python3.7/site-packages/airflow/example_dags/example_complex.py took 0.093 seconds
[2023-03-10T02:09:23.232+0000] {processor.py:153} INFO - Started process (PID=2070) to work on /home/airflow/.local/lib/python3.7/site-packages/airflow/example_dags/example_complex.py
[2023-03-10T02:09:23.233+0000] {processor.py:743} INFO - Processing file /home/airflow/.local/lib/python3.7/site-packages/airflow/example_dags/example_complex.py for tasks to queue
[2023-03-10T02:09:23.233+0000] {logging_mixin.py:137} INFO - [2023-03-10T02:09:23.233+0000] {dagbag.py:538} INFO - Filling up the DagBag from /home/airflow/.local/lib/python3.7/site-packages/airflow/example_dags/example_complex.py
[2023-03-10T02:09:23.242+0000] {logging_mixin.py:137} INFO - [2023-03-10T02:09:23.242+0000] {taskmixin.py:205} WARNING - Dependency <Task(BashOperator): create_entry_group>, delete_entry_group already registered for DAG: example_complex
[2023-03-10T02:09:23.242+0000] {logging_mixin.py:137} INFO - [2023-03-10T02:09:23.242+0000] {taskmixin.py:205} WARNING - Dependency <Task(BashOperator): delete_entry_group>, create_entry_group already registered for DAG: example_complex
[2023-03-10T02:09:23.242+0000] {logging_mixin.py:137} INFO - [2023-03-10T02:09:23.242+0000] {taskmixin.py:205} WARNING - Dependency <Task(BashOperator): create_entry_gcs>, delete_entry already registered for DAG: example_complex
[2023-03-10T02:09:23.242+0000] {logging_mixin.py:137} INFO - [2023-03-10T02:09:23.242+0000] {taskmixin.py:205} WARNING - Dependency <Task(BashOperator): delete_entry>, create_entry_gcs already registered for DAG: example_complex
[2023-03-10T02:09:23.243+0000] {logging_mixin.py:137} INFO - [2023-03-10T02:09:23.243+0000] {taskmixin.py:205} WARNING - Dependency <Task(BashOperator): create_tag>, delete_tag already registered for DAG: example_complex
[2023-03-10T02:09:23.243+0000] {logging_mixin.py:137} INFO - [2023-03-10T02:09:23.243+0000] {taskmixin.py:205} WARNING - Dependency <Task(BashOperator): delete_tag>, create_tag already registered for DAG: example_complex
[2023-03-10T02:09:23.249+0000] {processor.py:753} INFO - DAG(s) dict_keys(['example_complex']) retrieved from /home/airflow/.local/lib/python3.7/site-packages/airflow/example_dags/example_complex.py
[2023-03-10T02:09:23.276+0000] {logging_mixin.py:137} INFO - [2023-03-10T02:09:23.276+0000] {dag.py:2690} INFO - Sync 1 DAGs
[2023-03-10T02:09:23.299+0000] {logging_mixin.py:137} INFO - [2023-03-10T02:09:23.299+0000] {dag.py:3441} INFO - Setting next_dagrun for example_complex to None, run_after=None
[2023-03-10T02:09:23.321+0000] {processor.py:175} INFO - Processing /home/airflow/.local/lib/python3.7/site-packages/airflow/example_dags/example_complex.py took 0.092 seconds
