[2023-03-10T02:05:50.314+0000] {processor.py:153} INFO - Started process (PID=307) to work on /home/airflow/.local/lib/python3.7/site-packages/airflow/example_dags/example_task_group.py
[2023-03-10T02:05:50.315+0000] {processor.py:743} INFO - Processing file /home/airflow/.local/lib/python3.7/site-packages/airflow/example_dags/example_task_group.py for tasks to queue
[2023-03-10T02:05:50.315+0000] {logging_mixin.py:137} INFO - [2023-03-10T02:05:50.315+0000] {dagbag.py:538} INFO - Filling up the DagBag from /home/airflow/.local/lib/python3.7/site-packages/airflow/example_dags/example_task_group.py
[2023-03-10T02:05:50.332+0000] {processor.py:753} INFO - DAG(s) dict_keys(['example_task_group']) retrieved from /home/airflow/.local/lib/python3.7/site-packages/airflow/example_dags/example_task_group.py
[2023-03-10T02:05:50.347+0000] {logging_mixin.py:137} INFO - [2023-03-10T02:05:50.347+0000] {dag.py:2690} INFO - Sync 1 DAGs
[2023-03-10T02:05:50.377+0000] {logging_mixin.py:137} INFO - [2023-03-10T02:05:50.377+0000] {dag.py:3441} INFO - Setting next_dagrun for example_task_group to 2023-03-09T02:05:50.377173+00:00, run_after=2023-03-10T02:05:50.377173+00:00
[2023-03-10T02:05:50.408+0000] {processor.py:175} INFO - Processing /home/airflow/.local/lib/python3.7/site-packages/airflow/example_dags/example_task_group.py took 0.100 seconds
[2023-03-10T02:06:21.030+0000] {processor.py:153} INFO - Started process (PID=581) to work on /home/airflow/.local/lib/python3.7/site-packages/airflow/example_dags/example_task_group.py
[2023-03-10T02:06:21.031+0000] {processor.py:743} INFO - Processing file /home/airflow/.local/lib/python3.7/site-packages/airflow/example_dags/example_task_group.py for tasks to queue
[2023-03-10T02:06:21.031+0000] {logging_mixin.py:137} INFO - [2023-03-10T02:06:21.031+0000] {dagbag.py:538} INFO - Filling up the DagBag from /home/airflow/.local/lib/python3.7/site-packages/airflow/example_dags/example_task_group.py
[2023-03-10T02:06:21.043+0000] {processor.py:753} INFO - DAG(s) dict_keys(['example_task_group']) retrieved from /home/airflow/.local/lib/python3.7/site-packages/airflow/example_dags/example_task_group.py
[2023-03-10T02:06:21.066+0000] {logging_mixin.py:137} INFO - [2023-03-10T02:06:21.066+0000] {dag.py:2690} INFO - Sync 1 DAGs
[2023-03-10T02:06:21.090+0000] {logging_mixin.py:137} INFO - [2023-03-10T02:06:21.090+0000] {dag.py:3441} INFO - Setting next_dagrun for example_task_group to 2023-03-09T02:06:21.090120+00:00, run_after=2023-03-10T02:06:21.090120+00:00
[2023-03-10T02:06:21.110+0000] {processor.py:175} INFO - Processing /home/airflow/.local/lib/python3.7/site-packages/airflow/example_dags/example_task_group.py took 0.082 seconds
[2023-03-10T02:06:51.750+0000] {processor.py:153} INFO - Started process (PID=827) to work on /home/airflow/.local/lib/python3.7/site-packages/airflow/example_dags/example_task_group.py
[2023-03-10T02:06:51.751+0000] {processor.py:743} INFO - Processing file /home/airflow/.local/lib/python3.7/site-packages/airflow/example_dags/example_task_group.py for tasks to queue
[2023-03-10T02:06:51.753+0000] {logging_mixin.py:137} INFO - [2023-03-10T02:06:51.752+0000] {dagbag.py:538} INFO - Filling up the DagBag from /home/airflow/.local/lib/python3.7/site-packages/airflow/example_dags/example_task_group.py
[2023-03-10T02:06:51.772+0000] {processor.py:753} INFO - DAG(s) dict_keys(['example_task_group']) retrieved from /home/airflow/.local/lib/python3.7/site-packages/airflow/example_dags/example_task_group.py
[2023-03-10T02:06:51.802+0000] {logging_mixin.py:137} INFO - [2023-03-10T02:06:51.801+0000] {dag.py:2690} INFO - Sync 1 DAGs
[2023-03-10T02:06:51.829+0000] {logging_mixin.py:137} INFO - [2023-03-10T02:06:51.829+0000] {dag.py:3441} INFO - Setting next_dagrun for example_task_group to 2023-03-09T02:06:51.829373+00:00, run_after=2023-03-10T02:06:51.829373+00:00
[2023-03-10T02:06:51.849+0000] {processor.py:175} INFO - Processing /home/airflow/.local/lib/python3.7/site-packages/airflow/example_dags/example_task_group.py took 0.104 seconds
[2023-03-10T02:07:22.375+0000] {processor.py:153} INFO - Started process (PID=1100) to work on /home/airflow/.local/lib/python3.7/site-packages/airflow/example_dags/example_task_group.py
[2023-03-10T02:07:22.376+0000] {processor.py:743} INFO - Processing file /home/airflow/.local/lib/python3.7/site-packages/airflow/example_dags/example_task_group.py for tasks to queue
[2023-03-10T02:07:22.376+0000] {logging_mixin.py:137} INFO - [2023-03-10T02:07:22.376+0000] {dagbag.py:538} INFO - Filling up the DagBag from /home/airflow/.local/lib/python3.7/site-packages/airflow/example_dags/example_task_group.py
[2023-03-10T02:07:22.388+0000] {processor.py:753} INFO - DAG(s) dict_keys(['example_task_group']) retrieved from /home/airflow/.local/lib/python3.7/site-packages/airflow/example_dags/example_task_group.py
[2023-03-10T02:07:22.411+0000] {logging_mixin.py:137} INFO - [2023-03-10T02:07:22.411+0000] {dag.py:2690} INFO - Sync 1 DAGs
[2023-03-10T02:07:22.437+0000] {logging_mixin.py:137} INFO - [2023-03-10T02:07:22.437+0000] {dag.py:3441} INFO - Setting next_dagrun for example_task_group to 2023-03-09T02:07:22.437318+00:00, run_after=2023-03-10T02:07:22.437318+00:00
[2023-03-10T02:07:22.458+0000] {processor.py:175} INFO - Processing /home/airflow/.local/lib/python3.7/site-packages/airflow/example_dags/example_task_group.py took 0.085 seconds
[2023-03-10T02:07:52.715+0000] {processor.py:153} INFO - Started process (PID=1348) to work on /home/airflow/.local/lib/python3.7/site-packages/airflow/example_dags/example_task_group.py
[2023-03-10T02:07:52.715+0000] {processor.py:743} INFO - Processing file /home/airflow/.local/lib/python3.7/site-packages/airflow/example_dags/example_task_group.py for tasks to queue
[2023-03-10T02:07:52.716+0000] {logging_mixin.py:137} INFO - [2023-03-10T02:07:52.716+0000] {dagbag.py:538} INFO - Filling up the DagBag from /home/airflow/.local/lib/python3.7/site-packages/airflow/example_dags/example_task_group.py
[2023-03-10T02:07:52.727+0000] {processor.py:753} INFO - DAG(s) dict_keys(['example_task_group']) retrieved from /home/airflow/.local/lib/python3.7/site-packages/airflow/example_dags/example_task_group.py
[2023-03-10T02:07:52.748+0000] {logging_mixin.py:137} INFO - [2023-03-10T02:07:52.748+0000] {dag.py:2690} INFO - Sync 1 DAGs
[2023-03-10T02:07:52.773+0000] {logging_mixin.py:137} INFO - [2023-03-10T02:07:52.773+0000] {dag.py:3441} INFO - Setting next_dagrun for example_task_group to 2023-03-09T02:07:52.773416+00:00, run_after=2023-03-10T02:07:52.773416+00:00
[2023-03-10T02:07:52.793+0000] {processor.py:175} INFO - Processing /home/airflow/.local/lib/python3.7/site-packages/airflow/example_dags/example_task_group.py took 0.080 seconds
[2023-03-10T02:08:23.041+0000] {processor.py:153} INFO - Started process (PID=1622) to work on /home/airflow/.local/lib/python3.7/site-packages/airflow/example_dags/example_task_group.py
[2023-03-10T02:08:23.041+0000] {processor.py:743} INFO - Processing file /home/airflow/.local/lib/python3.7/site-packages/airflow/example_dags/example_task_group.py for tasks to queue
[2023-03-10T02:08:23.042+0000] {logging_mixin.py:137} INFO - [2023-03-10T02:08:23.042+0000] {dagbag.py:538} INFO - Filling up the DagBag from /home/airflow/.local/lib/python3.7/site-packages/airflow/example_dags/example_task_group.py
[2023-03-10T02:08:23.053+0000] {processor.py:753} INFO - DAG(s) dict_keys(['example_task_group']) retrieved from /home/airflow/.local/lib/python3.7/site-packages/airflow/example_dags/example_task_group.py
[2023-03-10T02:08:23.073+0000] {logging_mixin.py:137} INFO - [2023-03-10T02:08:23.073+0000] {dag.py:2690} INFO - Sync 1 DAGs
[2023-03-10T02:08:23.096+0000] {logging_mixin.py:137} INFO - [2023-03-10T02:08:23.096+0000] {dag.py:3441} INFO - Setting next_dagrun for example_task_group to 2023-03-09T02:08:23.095974+00:00, run_after=2023-03-10T02:08:23.095974+00:00
[2023-03-10T02:08:23.112+0000] {processor.py:175} INFO - Processing /home/airflow/.local/lib/python3.7/site-packages/airflow/example_dags/example_task_group.py took 0.073 seconds
[2023-03-10T02:08:53.579+0000] {processor.py:153} INFO - Started process (PID=1878) to work on /home/airflow/.local/lib/python3.7/site-packages/airflow/example_dags/example_task_group.py
[2023-03-10T02:08:53.580+0000] {processor.py:743} INFO - Processing file /home/airflow/.local/lib/python3.7/site-packages/airflow/example_dags/example_task_group.py for tasks to queue
[2023-03-10T02:08:53.580+0000] {logging_mixin.py:137} INFO - [2023-03-10T02:08:53.580+0000] {dagbag.py:538} INFO - Filling up the DagBag from /home/airflow/.local/lib/python3.7/site-packages/airflow/example_dags/example_task_group.py
[2023-03-10T02:08:53.593+0000] {processor.py:753} INFO - DAG(s) dict_keys(['example_task_group']) retrieved from /home/airflow/.local/lib/python3.7/site-packages/airflow/example_dags/example_task_group.py
[2023-03-10T02:08:53.619+0000] {logging_mixin.py:137} INFO - [2023-03-10T02:08:53.619+0000] {dag.py:2690} INFO - Sync 1 DAGs
[2023-03-10T02:08:53.643+0000] {logging_mixin.py:137} INFO - [2023-03-10T02:08:53.643+0000] {dag.py:3441} INFO - Setting next_dagrun for example_task_group to 2023-03-09T02:08:53.643647+00:00, run_after=2023-03-10T02:08:53.643647+00:00
[2023-03-10T02:08:53.665+0000] {processor.py:175} INFO - Processing /home/airflow/.local/lib/python3.7/site-packages/airflow/example_dags/example_task_group.py took 0.088 seconds
[2023-03-10T02:09:24.232+0000] {processor.py:153} INFO - Started process (PID=2152) to work on /home/airflow/.local/lib/python3.7/site-packages/airflow/example_dags/example_task_group.py
[2023-03-10T02:09:24.233+0000] {processor.py:743} INFO - Processing file /home/airflow/.local/lib/python3.7/site-packages/airflow/example_dags/example_task_group.py for tasks to queue
[2023-03-10T02:09:24.234+0000] {logging_mixin.py:137} INFO - [2023-03-10T02:09:24.234+0000] {dagbag.py:538} INFO - Filling up the DagBag from /home/airflow/.local/lib/python3.7/site-packages/airflow/example_dags/example_task_group.py
[2023-03-10T02:09:24.250+0000] {processor.py:753} INFO - DAG(s) dict_keys(['example_task_group']) retrieved from /home/airflow/.local/lib/python3.7/site-packages/airflow/example_dags/example_task_group.py
[2023-03-10T02:09:24.272+0000] {logging_mixin.py:137} INFO - [2023-03-10T02:09:24.272+0000] {dag.py:2690} INFO - Sync 1 DAGs
[2023-03-10T02:09:24.295+0000] {logging_mixin.py:137} INFO - [2023-03-10T02:09:24.294+0000] {dag.py:3441} INFO - Setting next_dagrun for example_task_group to 2023-03-09T02:09:24.294685+00:00, run_after=2023-03-10T02:09:24.294685+00:00
[2023-03-10T02:09:24.316+0000] {processor.py:175} INFO - Processing /home/airflow/.local/lib/python3.7/site-packages/airflow/example_dags/example_task_group.py took 0.088 seconds
