[2023-03-10T02:05:50.440+0000] {processor.py:153} INFO - Started process (PID=317) to work on /home/airflow/.local/lib/python3.7/site-packages/airflow/example_dags/example_datasets.py
[2023-03-10T02:05:50.442+0000] {processor.py:743} INFO - Processing file /home/airflow/.local/lib/python3.7/site-packages/airflow/example_dags/example_datasets.py for tasks to queue
[2023-03-10T02:05:50.443+0000] {logging_mixin.py:137} INFO - [2023-03-10T02:05:50.442+0000] {dagbag.py:538} INFO - Filling up the DagBag from /home/airflow/.local/lib/python3.7/site-packages/airflow/example_dags/example_datasets.py
[2023-03-10T02:05:50.466+0000] {processor.py:753} INFO - DAG(s) dict_keys(['dataset_produces_2', 'dataset_consumes_unknown_never_scheduled', 'dataset_produces_1', 'dataset_consumes_1_never_scheduled', 'dataset_consumes_1', 'dataset_consumes_1_and_2']) retrieved from /home/airflow/.local/lib/python3.7/site-packages/airflow/example_dags/example_datasets.py
[2023-03-10T02:05:50.503+0000] {logging_mixin.py:137} INFO - [2023-03-10T02:05:50.503+0000] {dag.py:2690} INFO - Sync 6 DAGs
[2023-03-10T02:05:50.537+0000] {logging_mixin.py:137} INFO - [2023-03-10T02:05:50.536+0000] {dag.py:3441} INFO - Setting next_dagrun for dataset_consumes_1 to None, run_after=None
[2023-03-10T02:05:50.542+0000] {logging_mixin.py:137} INFO - [2023-03-10T02:05:50.542+0000] {dag.py:3441} INFO - Setting next_dagrun for dataset_consumes_1_and_2 to None, run_after=None
[2023-03-10T02:05:50.545+0000] {logging_mixin.py:137} INFO - [2023-03-10T02:05:50.545+0000] {dag.py:3441} INFO - Setting next_dagrun for dataset_consumes_1_never_scheduled to None, run_after=None
[2023-03-10T02:05:50.548+0000] {logging_mixin.py:137} INFO - [2023-03-10T02:05:50.548+0000] {dag.py:3441} INFO - Setting next_dagrun for dataset_consumes_unknown_never_scheduled to None, run_after=None
[2023-03-10T02:05:50.552+0000] {logging_mixin.py:137} INFO - [2023-03-10T02:05:50.552+0000] {dag.py:3441} INFO - Setting next_dagrun for dataset_produces_1 to 2023-03-09T00:00:00+00:00, run_after=2023-03-10T00:00:00+00:00
[2023-03-10T02:05:50.554+0000] {logging_mixin.py:137} INFO - [2023-03-10T02:05:50.554+0000] {dag.py:3441} INFO - Setting next_dagrun for dataset_produces_2 to None, run_after=None
[2023-03-10T02:05:50.611+0000] {processor.py:175} INFO - Processing /home/airflow/.local/lib/python3.7/site-packages/airflow/example_dags/example_datasets.py took 0.174 seconds
[2023-03-10T02:06:21.139+0000] {processor.py:153} INFO - Started process (PID=589) to work on /home/airflow/.local/lib/python3.7/site-packages/airflow/example_dags/example_datasets.py
[2023-03-10T02:06:21.140+0000] {processor.py:743} INFO - Processing file /home/airflow/.local/lib/python3.7/site-packages/airflow/example_dags/example_datasets.py for tasks to queue
[2023-03-10T02:06:21.140+0000] {logging_mixin.py:137} INFO - [2023-03-10T02:06:21.140+0000] {dagbag.py:538} INFO - Filling up the DagBag from /home/airflow/.local/lib/python3.7/site-packages/airflow/example_dags/example_datasets.py
[2023-03-10T02:06:21.154+0000] {processor.py:753} INFO - DAG(s) dict_keys(['dataset_consumes_unknown_never_scheduled', 'dataset_consumes_1_never_scheduled', 'dataset_produces_1', 'dataset_consumes_1', 'dataset_consumes_1_and_2', 'dataset_produces_2']) retrieved from /home/airflow/.local/lib/python3.7/site-packages/airflow/example_dags/example_datasets.py
[2023-03-10T02:06:21.237+0000] {logging_mixin.py:137} INFO - [2023-03-10T02:06:21.237+0000] {dag.py:2690} INFO - Sync 6 DAGs
[2023-03-10T02:06:21.262+0000] {logging_mixin.py:137} INFO - [2023-03-10T02:06:21.262+0000] {dag.py:3441} INFO - Setting next_dagrun for dataset_consumes_1 to None, run_after=None
[2023-03-10T02:06:21.265+0000] {logging_mixin.py:137} INFO - [2023-03-10T02:06:21.265+0000] {dag.py:3441} INFO - Setting next_dagrun for dataset_consumes_1_and_2 to None, run_after=None
[2023-03-10T02:06:21.266+0000] {logging_mixin.py:137} INFO - [2023-03-10T02:06:21.266+0000] {dag.py:3441} INFO - Setting next_dagrun for dataset_consumes_1_never_scheduled to None, run_after=None
[2023-03-10T02:06:21.268+0000] {logging_mixin.py:137} INFO - [2023-03-10T02:06:21.268+0000] {dag.py:3441} INFO - Setting next_dagrun for dataset_consumes_unknown_never_scheduled to None, run_after=None
[2023-03-10T02:06:21.270+0000] {logging_mixin.py:137} INFO - [2023-03-10T02:06:21.270+0000] {dag.py:3441} INFO - Setting next_dagrun for dataset_produces_1 to 2023-03-09T00:00:00+00:00, run_after=2023-03-10T00:00:00+00:00
[2023-03-10T02:06:21.272+0000] {logging_mixin.py:137} INFO - [2023-03-10T02:06:21.272+0000] {dag.py:3441} INFO - Setting next_dagrun for dataset_produces_2 to None, run_after=None
[2023-03-10T02:06:21.311+0000] {processor.py:175} INFO - Processing /home/airflow/.local/lib/python3.7/site-packages/airflow/example_dags/example_datasets.py took 0.175 seconds
[2023-03-10T02:06:51.872+0000] {processor.py:153} INFO - Started process (PID=837) to work on /home/airflow/.local/lib/python3.7/site-packages/airflow/example_dags/example_datasets.py
[2023-03-10T02:06:51.873+0000] {processor.py:743} INFO - Processing file /home/airflow/.local/lib/python3.7/site-packages/airflow/example_dags/example_datasets.py for tasks to queue
[2023-03-10T02:06:51.873+0000] {logging_mixin.py:137} INFO - [2023-03-10T02:06:51.873+0000] {dagbag.py:538} INFO - Filling up the DagBag from /home/airflow/.local/lib/python3.7/site-packages/airflow/example_dags/example_datasets.py
[2023-03-10T02:06:51.887+0000] {processor.py:753} INFO - DAG(s) dict_keys(['dataset_consumes_unknown_never_scheduled', 'dataset_produces_1', 'dataset_produces_2', 'dataset_consumes_1', 'dataset_consumes_1_never_scheduled', 'dataset_consumes_1_and_2']) retrieved from /home/airflow/.local/lib/python3.7/site-packages/airflow/example_dags/example_datasets.py
[2023-03-10T02:06:51.930+0000] {logging_mixin.py:137} INFO - [2023-03-10T02:06:51.929+0000] {dag.py:2690} INFO - Sync 6 DAGs
[2023-03-10T02:06:51.953+0000] {logging_mixin.py:137} INFO - [2023-03-10T02:06:51.953+0000] {dag.py:3441} INFO - Setting next_dagrun for dataset_consumes_1 to None, run_after=None
[2023-03-10T02:06:51.957+0000] {logging_mixin.py:137} INFO - [2023-03-10T02:06:51.956+0000] {dag.py:3441} INFO - Setting next_dagrun for dataset_consumes_1_and_2 to None, run_after=None
[2023-03-10T02:06:51.959+0000] {logging_mixin.py:137} INFO - [2023-03-10T02:06:51.959+0000] {dag.py:3441} INFO - Setting next_dagrun for dataset_consumes_1_never_scheduled to None, run_after=None
[2023-03-10T02:06:51.961+0000] {logging_mixin.py:137} INFO - [2023-03-10T02:06:51.961+0000] {dag.py:3441} INFO - Setting next_dagrun for dataset_consumes_unknown_never_scheduled to None, run_after=None
[2023-03-10T02:06:51.964+0000] {logging_mixin.py:137} INFO - [2023-03-10T02:06:51.963+0000] {dag.py:3441} INFO - Setting next_dagrun for dataset_produces_1 to 2023-03-09T00:00:00+00:00, run_after=2023-03-10T00:00:00+00:00
[2023-03-10T02:06:51.965+0000] {logging_mixin.py:137} INFO - [2023-03-10T02:06:51.965+0000] {dag.py:3441} INFO - Setting next_dagrun for dataset_produces_2 to None, run_after=None
[2023-03-10T02:06:52.003+0000] {processor.py:175} INFO - Processing /home/airflow/.local/lib/python3.7/site-packages/airflow/example_dags/example_datasets.py took 0.133 seconds
[2023-03-10T02:07:22.482+0000] {processor.py:153} INFO - Started process (PID=1110) to work on /home/airflow/.local/lib/python3.7/site-packages/airflow/example_dags/example_datasets.py
[2023-03-10T02:07:22.483+0000] {processor.py:743} INFO - Processing file /home/airflow/.local/lib/python3.7/site-packages/airflow/example_dags/example_datasets.py for tasks to queue
[2023-03-10T02:07:22.483+0000] {logging_mixin.py:137} INFO - [2023-03-10T02:07:22.483+0000] {dagbag.py:538} INFO - Filling up the DagBag from /home/airflow/.local/lib/python3.7/site-packages/airflow/example_dags/example_datasets.py
[2023-03-10T02:07:22.497+0000] {processor.py:753} INFO - DAG(s) dict_keys(['dataset_consumes_1_never_scheduled', 'dataset_produces_2', 'dataset_consumes_1_and_2', 'dataset_consumes_1', 'dataset_produces_1', 'dataset_consumes_unknown_never_scheduled']) retrieved from /home/airflow/.local/lib/python3.7/site-packages/airflow/example_dags/example_datasets.py
[2023-03-10T02:07:22.534+0000] {logging_mixin.py:137} INFO - [2023-03-10T02:07:22.534+0000] {dag.py:2690} INFO - Sync 6 DAGs
[2023-03-10T02:07:22.559+0000] {logging_mixin.py:137} INFO - [2023-03-10T02:07:22.559+0000] {dag.py:3441} INFO - Setting next_dagrun for dataset_consumes_1 to None, run_after=None
[2023-03-10T02:07:22.563+0000] {logging_mixin.py:137} INFO - [2023-03-10T02:07:22.563+0000] {dag.py:3441} INFO - Setting next_dagrun for dataset_consumes_1_and_2 to None, run_after=None
[2023-03-10T02:07:22.565+0000] {logging_mixin.py:137} INFO - [2023-03-10T02:07:22.565+0000] {dag.py:3441} INFO - Setting next_dagrun for dataset_consumes_1_never_scheduled to None, run_after=None
[2023-03-10T02:07:22.567+0000] {logging_mixin.py:137} INFO - [2023-03-10T02:07:22.567+0000] {dag.py:3441} INFO - Setting next_dagrun for dataset_consumes_unknown_never_scheduled to None, run_after=None
[2023-03-10T02:07:22.569+0000] {logging_mixin.py:137} INFO - [2023-03-10T02:07:22.569+0000] {dag.py:3441} INFO - Setting next_dagrun for dataset_produces_1 to 2023-03-09T00:00:00+00:00, run_after=2023-03-10T00:00:00+00:00
[2023-03-10T02:07:22.571+0000] {logging_mixin.py:137} INFO - [2023-03-10T02:07:22.571+0000] {dag.py:3441} INFO - Setting next_dagrun for dataset_produces_2 to None, run_after=None
[2023-03-10T02:07:22.605+0000] {processor.py:175} INFO - Processing /home/airflow/.local/lib/python3.7/site-packages/airflow/example_dags/example_datasets.py took 0.125 seconds
[2023-03-10T02:07:52.817+0000] {processor.py:153} INFO - Started process (PID=1358) to work on /home/airflow/.local/lib/python3.7/site-packages/airflow/example_dags/example_datasets.py
[2023-03-10T02:07:52.818+0000] {processor.py:743} INFO - Processing file /home/airflow/.local/lib/python3.7/site-packages/airflow/example_dags/example_datasets.py for tasks to queue
[2023-03-10T02:07:52.819+0000] {logging_mixin.py:137} INFO - [2023-03-10T02:07:52.818+0000] {dagbag.py:538} INFO - Filling up the DagBag from /home/airflow/.local/lib/python3.7/site-packages/airflow/example_dags/example_datasets.py
[2023-03-10T02:07:52.831+0000] {processor.py:753} INFO - DAG(s) dict_keys(['dataset_consumes_1_never_scheduled', 'dataset_consumes_unknown_never_scheduled', 'dataset_produces_2', 'dataset_produces_1', 'dataset_consumes_1_and_2', 'dataset_consumes_1']) retrieved from /home/airflow/.local/lib/python3.7/site-packages/airflow/example_dags/example_datasets.py
[2023-03-10T02:07:52.872+0000] {logging_mixin.py:137} INFO - [2023-03-10T02:07:52.872+0000] {dag.py:2690} INFO - Sync 6 DAGs
[2023-03-10T02:07:52.900+0000] {logging_mixin.py:137} INFO - [2023-03-10T02:07:52.900+0000] {dag.py:3441} INFO - Setting next_dagrun for dataset_consumes_1 to None, run_after=None
[2023-03-10T02:07:52.906+0000] {logging_mixin.py:137} INFO - [2023-03-10T02:07:52.906+0000] {dag.py:3441} INFO - Setting next_dagrun for dataset_consumes_1_and_2 to None, run_after=None
[2023-03-10T02:07:52.908+0000] {logging_mixin.py:137} INFO - [2023-03-10T02:07:52.908+0000] {dag.py:3441} INFO - Setting next_dagrun for dataset_consumes_1_never_scheduled to None, run_after=None
[2023-03-10T02:07:52.909+0000] {logging_mixin.py:137} INFO - [2023-03-10T02:07:52.909+0000] {dag.py:3441} INFO - Setting next_dagrun for dataset_consumes_unknown_never_scheduled to None, run_after=None
[2023-03-10T02:07:52.912+0000] {logging_mixin.py:137} INFO - [2023-03-10T02:07:52.912+0000] {dag.py:3441} INFO - Setting next_dagrun for dataset_produces_1 to 2023-03-09T00:00:00+00:00, run_after=2023-03-10T00:00:00+00:00
[2023-03-10T02:07:52.914+0000] {logging_mixin.py:137} INFO - [2023-03-10T02:07:52.913+0000] {dag.py:3441} INFO - Setting next_dagrun for dataset_produces_2 to None, run_after=None
[2023-03-10T02:07:52.951+0000] {processor.py:175} INFO - Processing /home/airflow/.local/lib/python3.7/site-packages/airflow/example_dags/example_datasets.py took 0.136 seconds
[2023-03-10T02:08:23.139+0000] {processor.py:153} INFO - Started process (PID=1630) to work on /home/airflow/.local/lib/python3.7/site-packages/airflow/example_dags/example_datasets.py
[2023-03-10T02:08:23.140+0000] {processor.py:743} INFO - Processing file /home/airflow/.local/lib/python3.7/site-packages/airflow/example_dags/example_datasets.py for tasks to queue
[2023-03-10T02:08:23.141+0000] {logging_mixin.py:137} INFO - [2023-03-10T02:08:23.141+0000] {dagbag.py:538} INFO - Filling up the DagBag from /home/airflow/.local/lib/python3.7/site-packages/airflow/example_dags/example_datasets.py
[2023-03-10T02:08:23.152+0000] {processor.py:753} INFO - DAG(s) dict_keys(['dataset_consumes_unknown_never_scheduled', 'dataset_consumes_1', 'dataset_consumes_1_and_2', 'dataset_produces_2', 'dataset_consumes_1_never_scheduled', 'dataset_produces_1']) retrieved from /home/airflow/.local/lib/python3.7/site-packages/airflow/example_dags/example_datasets.py
[2023-03-10T02:08:23.187+0000] {logging_mixin.py:137} INFO - [2023-03-10T02:08:23.187+0000] {dag.py:2690} INFO - Sync 6 DAGs
[2023-03-10T02:08:23.210+0000] {logging_mixin.py:137} INFO - [2023-03-10T02:08:23.210+0000] {dag.py:3441} INFO - Setting next_dagrun for dataset_consumes_1 to None, run_after=None
[2023-03-10T02:08:23.214+0000] {logging_mixin.py:137} INFO - [2023-03-10T02:08:23.214+0000] {dag.py:3441} INFO - Setting next_dagrun for dataset_consumes_1_and_2 to None, run_after=None
[2023-03-10T02:08:23.216+0000] {logging_mixin.py:137} INFO - [2023-03-10T02:08:23.216+0000] {dag.py:3441} INFO - Setting next_dagrun for dataset_consumes_1_never_scheduled to None, run_after=None
[2023-03-10T02:08:23.217+0000] {logging_mixin.py:137} INFO - [2023-03-10T02:08:23.217+0000] {dag.py:3441} INFO - Setting next_dagrun for dataset_consumes_unknown_never_scheduled to None, run_after=None
[2023-03-10T02:08:23.220+0000] {logging_mixin.py:137} INFO - [2023-03-10T02:08:23.219+0000] {dag.py:3441} INFO - Setting next_dagrun for dataset_produces_1 to 2023-03-09T00:00:00+00:00, run_after=2023-03-10T00:00:00+00:00
[2023-03-10T02:08:23.221+0000] {logging_mixin.py:137} INFO - [2023-03-10T02:08:23.221+0000] {dag.py:3441} INFO - Setting next_dagrun for dataset_produces_2 to None, run_after=None
[2023-03-10T02:08:23.254+0000] {processor.py:175} INFO - Processing /home/airflow/.local/lib/python3.7/site-packages/airflow/example_dags/example_datasets.py took 0.117 seconds
[2023-03-10T02:08:53.690+0000] {processor.py:153} INFO - Started process (PID=1888) to work on /home/airflow/.local/lib/python3.7/site-packages/airflow/example_dags/example_datasets.py
[2023-03-10T02:08:53.691+0000] {processor.py:743} INFO - Processing file /home/airflow/.local/lib/python3.7/site-packages/airflow/example_dags/example_datasets.py for tasks to queue
[2023-03-10T02:08:53.692+0000] {logging_mixin.py:137} INFO - [2023-03-10T02:08:53.692+0000] {dagbag.py:538} INFO - Filling up the DagBag from /home/airflow/.local/lib/python3.7/site-packages/airflow/example_dags/example_datasets.py
[2023-03-10T02:08:53.706+0000] {processor.py:753} INFO - DAG(s) dict_keys(['dataset_consumes_1', 'dataset_consumes_1_never_scheduled', 'dataset_consumes_1_and_2', 'dataset_consumes_unknown_never_scheduled', 'dataset_produces_2', 'dataset_produces_1']) retrieved from /home/airflow/.local/lib/python3.7/site-packages/airflow/example_dags/example_datasets.py
[2023-03-10T02:08:53.749+0000] {logging_mixin.py:137} INFO - [2023-03-10T02:08:53.749+0000] {dag.py:2690} INFO - Sync 6 DAGs
[2023-03-10T02:08:53.777+0000] {logging_mixin.py:137} INFO - [2023-03-10T02:08:53.777+0000] {dag.py:3441} INFO - Setting next_dagrun for dataset_consumes_1 to None, run_after=None
[2023-03-10T02:08:53.780+0000] {logging_mixin.py:137} INFO - [2023-03-10T02:08:53.780+0000] {dag.py:3441} INFO - Setting next_dagrun for dataset_consumes_1_and_2 to None, run_after=None
[2023-03-10T02:08:53.781+0000] {logging_mixin.py:137} INFO - [2023-03-10T02:08:53.781+0000] {dag.py:3441} INFO - Setting next_dagrun for dataset_consumes_1_never_scheduled to None, run_after=None
[2023-03-10T02:08:53.783+0000] {logging_mixin.py:137} INFO - [2023-03-10T02:08:53.782+0000] {dag.py:3441} INFO - Setting next_dagrun for dataset_consumes_unknown_never_scheduled to None, run_after=None
[2023-03-10T02:08:53.785+0000] {logging_mixin.py:137} INFO - [2023-03-10T02:08:53.785+0000] {dag.py:3441} INFO - Setting next_dagrun for dataset_produces_1 to 2023-03-09T00:00:00+00:00, run_after=2023-03-10T00:00:00+00:00
[2023-03-10T02:08:53.787+0000] {logging_mixin.py:137} INFO - [2023-03-10T02:08:53.787+0000] {dag.py:3441} INFO - Setting next_dagrun for dataset_produces_2 to None, run_after=None
[2023-03-10T02:08:53.824+0000] {processor.py:175} INFO - Processing /home/airflow/.local/lib/python3.7/site-packages/airflow/example_dags/example_datasets.py took 0.136 seconds
[2023-03-10T02:09:24.339+0000] {processor.py:153} INFO - Started process (PID=2162) to work on /home/airflow/.local/lib/python3.7/site-packages/airflow/example_dags/example_datasets.py
[2023-03-10T02:09:24.340+0000] {processor.py:743} INFO - Processing file /home/airflow/.local/lib/python3.7/site-packages/airflow/example_dags/example_datasets.py for tasks to queue
[2023-03-10T02:09:24.340+0000] {logging_mixin.py:137} INFO - [2023-03-10T02:09:24.340+0000] {dagbag.py:538} INFO - Filling up the DagBag from /home/airflow/.local/lib/python3.7/site-packages/airflow/example_dags/example_datasets.py
[2023-03-10T02:09:24.352+0000] {processor.py:753} INFO - DAG(s) dict_keys(['dataset_consumes_1_never_scheduled', 'dataset_consumes_unknown_never_scheduled', 'dataset_consumes_1', 'dataset_produces_1', 'dataset_consumes_1_and_2', 'dataset_produces_2']) retrieved from /home/airflow/.local/lib/python3.7/site-packages/airflow/example_dags/example_datasets.py
[2023-03-10T02:09:24.390+0000] {logging_mixin.py:137} INFO - [2023-03-10T02:09:24.390+0000] {dag.py:2690} INFO - Sync 6 DAGs
[2023-03-10T02:09:24.413+0000] {logging_mixin.py:137} INFO - [2023-03-10T02:09:24.412+0000] {dag.py:3441} INFO - Setting next_dagrun for dataset_consumes_1 to None, run_after=None
[2023-03-10T02:09:24.417+0000] {logging_mixin.py:137} INFO - [2023-03-10T02:09:24.416+0000] {dag.py:3441} INFO - Setting next_dagrun for dataset_consumes_1_and_2 to None, run_after=None
[2023-03-10T02:09:24.418+0000] {logging_mixin.py:137} INFO - [2023-03-10T02:09:24.418+0000] {dag.py:3441} INFO - Setting next_dagrun for dataset_consumes_1_never_scheduled to None, run_after=None
[2023-03-10T02:09:24.419+0000] {logging_mixin.py:137} INFO - [2023-03-10T02:09:24.419+0000] {dag.py:3441} INFO - Setting next_dagrun for dataset_consumes_unknown_never_scheduled to None, run_after=None
[2023-03-10T02:09:24.421+0000] {logging_mixin.py:137} INFO - [2023-03-10T02:09:24.421+0000] {dag.py:3441} INFO - Setting next_dagrun for dataset_produces_1 to 2023-03-09T00:00:00+00:00, run_after=2023-03-10T00:00:00+00:00
[2023-03-10T02:09:24.423+0000] {logging_mixin.py:137} INFO - [2023-03-10T02:09:24.423+0000] {dag.py:3441} INFO - Setting next_dagrun for dataset_produces_2 to None, run_after=None
[2023-03-10T02:09:24.461+0000] {processor.py:175} INFO - Processing /home/airflow/.local/lib/python3.7/site-packages/airflow/example_dags/example_datasets.py took 0.125 seconds
