[2023-03-10T02:05:49.274+0000] {processor.py:153} INFO - Started process (PID=217) to work on /home/airflow/.local/lib/python3.7/site-packages/airflow/example_dags/example_trigger_target_dag.py
[2023-03-10T02:05:49.275+0000] {processor.py:743} INFO - Processing file /home/airflow/.local/lib/python3.7/site-packages/airflow/example_dags/example_trigger_target_dag.py for tasks to queue
[2023-03-10T02:05:49.275+0000] {logging_mixin.py:137} INFO - [2023-03-10T02:05:49.275+0000] {dagbag.py:538} INFO - Filling up the DagBag from /home/airflow/.local/lib/python3.7/site-packages/airflow/example_dags/example_trigger_target_dag.py
[2023-03-10T02:05:49.295+0000] {processor.py:753} INFO - DAG(s) dict_keys(['example_trigger_target_dag']) retrieved from /home/airflow/.local/lib/python3.7/site-packages/airflow/example_dags/example_trigger_target_dag.py
[2023-03-10T02:05:49.308+0000] {logging_mixin.py:137} INFO - [2023-03-10T02:05:49.308+0000] {dag.py:2690} INFO - Sync 1 DAGs
[2023-03-10T02:05:49.336+0000] {logging_mixin.py:137} INFO - [2023-03-10T02:05:49.335+0000] {dag.py:3441} INFO - Setting next_dagrun for example_trigger_target_dag to None, run_after=None
[2023-03-10T02:05:49.364+0000] {processor.py:175} INFO - Processing /home/airflow/.local/lib/python3.7/site-packages/airflow/example_dags/example_trigger_target_dag.py took 0.092 seconds
[2023-03-10T02:06:19.898+0000] {processor.py:153} INFO - Started process (PID=489) to work on /home/airflow/.local/lib/python3.7/site-packages/airflow/example_dags/example_trigger_target_dag.py
[2023-03-10T02:06:19.898+0000] {processor.py:743} INFO - Processing file /home/airflow/.local/lib/python3.7/site-packages/airflow/example_dags/example_trigger_target_dag.py for tasks to queue
[2023-03-10T02:06:19.899+0000] {logging_mixin.py:137} INFO - [2023-03-10T02:06:19.899+0000] {dagbag.py:538} INFO - Filling up the DagBag from /home/airflow/.local/lib/python3.7/site-packages/airflow/example_dags/example_trigger_target_dag.py
[2023-03-10T02:06:19.915+0000] {processor.py:753} INFO - DAG(s) dict_keys(['example_trigger_target_dag']) retrieved from /home/airflow/.local/lib/python3.7/site-packages/airflow/example_dags/example_trigger_target_dag.py
[2023-03-10T02:06:19.936+0000] {logging_mixin.py:137} INFO - [2023-03-10T02:06:19.936+0000] {dag.py:2690} INFO - Sync 1 DAGs
[2023-03-10T02:06:19.959+0000] {logging_mixin.py:137} INFO - [2023-03-10T02:06:19.959+0000] {dag.py:3441} INFO - Setting next_dagrun for example_trigger_target_dag to None, run_after=None
[2023-03-10T02:06:19.977+0000] {processor.py:175} INFO - Processing /home/airflow/.local/lib/python3.7/site-packages/airflow/example_dags/example_trigger_target_dag.py took 0.081 seconds
[2023-03-10T02:06:50.616+0000] {processor.py:153} INFO - Started process (PID=737) to work on /home/airflow/.local/lib/python3.7/site-packages/airflow/example_dags/example_trigger_target_dag.py
[2023-03-10T02:06:50.617+0000] {processor.py:743} INFO - Processing file /home/airflow/.local/lib/python3.7/site-packages/airflow/example_dags/example_trigger_target_dag.py for tasks to queue
[2023-03-10T02:06:50.617+0000] {logging_mixin.py:137} INFO - [2023-03-10T02:06:50.617+0000] {dagbag.py:538} INFO - Filling up the DagBag from /home/airflow/.local/lib/python3.7/site-packages/airflow/example_dags/example_trigger_target_dag.py
[2023-03-10T02:06:50.637+0000] {processor.py:753} INFO - DAG(s) dict_keys(['example_trigger_target_dag']) retrieved from /home/airflow/.local/lib/python3.7/site-packages/airflow/example_dags/example_trigger_target_dag.py
[2023-03-10T02:06:50.665+0000] {logging_mixin.py:137} INFO - [2023-03-10T02:06:50.664+0000] {dag.py:2690} INFO - Sync 1 DAGs
[2023-03-10T02:06:50.691+0000] {logging_mixin.py:137} INFO - [2023-03-10T02:06:50.690+0000] {dag.py:3441} INFO - Setting next_dagrun for example_trigger_target_dag to None, run_after=None
[2023-03-10T02:06:50.715+0000] {processor.py:175} INFO - Processing /home/airflow/.local/lib/python3.7/site-packages/airflow/example_dags/example_trigger_target_dag.py took 0.101 seconds
[2023-03-10T02:07:21.270+0000] {processor.py:153} INFO - Started process (PID=1012) to work on /home/airflow/.local/lib/python3.7/site-packages/airflow/example_dags/example_trigger_target_dag.py
[2023-03-10T02:07:21.270+0000] {processor.py:743} INFO - Processing file /home/airflow/.local/lib/python3.7/site-packages/airflow/example_dags/example_trigger_target_dag.py for tasks to queue
[2023-03-10T02:07:21.271+0000] {logging_mixin.py:137} INFO - [2023-03-10T02:07:21.271+0000] {dagbag.py:538} INFO - Filling up the DagBag from /home/airflow/.local/lib/python3.7/site-packages/airflow/example_dags/example_trigger_target_dag.py
[2023-03-10T02:07:21.287+0000] {processor.py:753} INFO - DAG(s) dict_keys(['example_trigger_target_dag']) retrieved from /home/airflow/.local/lib/python3.7/site-packages/airflow/example_dags/example_trigger_target_dag.py
[2023-03-10T02:07:21.307+0000] {logging_mixin.py:137} INFO - [2023-03-10T02:07:21.307+0000] {dag.py:2690} INFO - Sync 1 DAGs
[2023-03-10T02:07:21.331+0000] {logging_mixin.py:137} INFO - [2023-03-10T02:07:21.331+0000] {dag.py:3441} INFO - Setting next_dagrun for example_trigger_target_dag to None, run_after=None
[2023-03-10T02:07:21.349+0000] {processor.py:175} INFO - Processing /home/airflow/.local/lib/python3.7/site-packages/airflow/example_dags/example_trigger_target_dag.py took 0.081 seconds
[2023-03-10T02:07:51.724+0000] {processor.py:153} INFO - Started process (PID=1258) to work on /home/airflow/.local/lib/python3.7/site-packages/airflow/example_dags/example_trigger_target_dag.py
[2023-03-10T02:07:51.725+0000] {processor.py:743} INFO - Processing file /home/airflow/.local/lib/python3.7/site-packages/airflow/example_dags/example_trigger_target_dag.py for tasks to queue
[2023-03-10T02:07:51.725+0000] {logging_mixin.py:137} INFO - [2023-03-10T02:07:51.725+0000] {dagbag.py:538} INFO - Filling up the DagBag from /home/airflow/.local/lib/python3.7/site-packages/airflow/example_dags/example_trigger_target_dag.py
[2023-03-10T02:07:51.744+0000] {processor.py:753} INFO - DAG(s) dict_keys(['example_trigger_target_dag']) retrieved from /home/airflow/.local/lib/python3.7/site-packages/airflow/example_dags/example_trigger_target_dag.py
[2023-03-10T02:07:51.771+0000] {logging_mixin.py:137} INFO - [2023-03-10T02:07:51.770+0000] {dag.py:2690} INFO - Sync 1 DAGs
[2023-03-10T02:07:51.803+0000] {logging_mixin.py:137} INFO - [2023-03-10T02:07:51.803+0000] {dag.py:3441} INFO - Setting next_dagrun for example_trigger_target_dag to None, run_after=None
[2023-03-10T02:07:51.820+0000] {processor.py:175} INFO - Processing /home/airflow/.local/lib/python3.7/site-packages/airflow/example_dags/example_trigger_target_dag.py took 0.098 seconds
[2023-03-10T02:08:22.050+0000] {processor.py:153} INFO - Started process (PID=1530) to work on /home/airflow/.local/lib/python3.7/site-packages/airflow/example_dags/example_trigger_target_dag.py
[2023-03-10T02:08:22.050+0000] {processor.py:743} INFO - Processing file /home/airflow/.local/lib/python3.7/site-packages/airflow/example_dags/example_trigger_target_dag.py for tasks to queue
[2023-03-10T02:08:22.051+0000] {logging_mixin.py:137} INFO - [2023-03-10T02:08:22.050+0000] {dagbag.py:538} INFO - Filling up the DagBag from /home/airflow/.local/lib/python3.7/site-packages/airflow/example_dags/example_trigger_target_dag.py
[2023-03-10T02:08:22.067+0000] {processor.py:753} INFO - DAG(s) dict_keys(['example_trigger_target_dag']) retrieved from /home/airflow/.local/lib/python3.7/site-packages/airflow/example_dags/example_trigger_target_dag.py
[2023-03-10T02:08:22.089+0000] {logging_mixin.py:137} INFO - [2023-03-10T02:08:22.088+0000] {dag.py:2690} INFO - Sync 1 DAGs
[2023-03-10T02:08:22.112+0000] {logging_mixin.py:137} INFO - [2023-03-10T02:08:22.111+0000] {dag.py:3441} INFO - Setting next_dagrun for example_trigger_target_dag to None, run_after=None
[2023-03-10T02:08:22.129+0000] {processor.py:175} INFO - Processing /home/airflow/.local/lib/python3.7/site-packages/airflow/example_dags/example_trigger_target_dag.py took 0.081 seconds
[2023-03-10T02:08:52.526+0000] {processor.py:153} INFO - Started process (PID=1788) to work on /home/airflow/.local/lib/python3.7/site-packages/airflow/example_dags/example_trigger_target_dag.py
[2023-03-10T02:08:52.527+0000] {processor.py:743} INFO - Processing file /home/airflow/.local/lib/python3.7/site-packages/airflow/example_dags/example_trigger_target_dag.py for tasks to queue
[2023-03-10T02:08:52.527+0000] {logging_mixin.py:137} INFO - [2023-03-10T02:08:52.527+0000] {dagbag.py:538} INFO - Filling up the DagBag from /home/airflow/.local/lib/python3.7/site-packages/airflow/example_dags/example_trigger_target_dag.py
[2023-03-10T02:08:52.544+0000] {processor.py:753} INFO - DAG(s) dict_keys(['example_trigger_target_dag']) retrieved from /home/airflow/.local/lib/python3.7/site-packages/airflow/example_dags/example_trigger_target_dag.py
[2023-03-10T02:08:52.565+0000] {logging_mixin.py:137} INFO - [2023-03-10T02:08:52.565+0000] {dag.py:2690} INFO - Sync 1 DAGs
[2023-03-10T02:08:52.588+0000] {logging_mixin.py:137} INFO - [2023-03-10T02:08:52.588+0000] {dag.py:3441} INFO - Setting next_dagrun for example_trigger_target_dag to None, run_after=None
[2023-03-10T02:08:52.608+0000] {processor.py:175} INFO - Processing /home/airflow/.local/lib/python3.7/site-packages/airflow/example_dags/example_trigger_target_dag.py took 0.084 seconds
[2023-03-10T02:09:23.118+0000] {processor.py:153} INFO - Started process (PID=2060) to work on /home/airflow/.local/lib/python3.7/site-packages/airflow/example_dags/example_trigger_target_dag.py
[2023-03-10T02:09:23.118+0000] {processor.py:743} INFO - Processing file /home/airflow/.local/lib/python3.7/site-packages/airflow/example_dags/example_trigger_target_dag.py for tasks to queue
[2023-03-10T02:09:23.119+0000] {logging_mixin.py:137} INFO - [2023-03-10T02:09:23.119+0000] {dagbag.py:538} INFO - Filling up the DagBag from /home/airflow/.local/lib/python3.7/site-packages/airflow/example_dags/example_trigger_target_dag.py
[2023-03-10T02:09:23.137+0000] {processor.py:753} INFO - DAG(s) dict_keys(['example_trigger_target_dag']) retrieved from /home/airflow/.local/lib/python3.7/site-packages/airflow/example_dags/example_trigger_target_dag.py
[2023-03-10T02:09:23.160+0000] {logging_mixin.py:137} INFO - [2023-03-10T02:09:23.160+0000] {dag.py:2690} INFO - Sync 1 DAGs
[2023-03-10T02:09:23.185+0000] {logging_mixin.py:137} INFO - [2023-03-10T02:09:23.185+0000] {dag.py:3441} INFO - Setting next_dagrun for example_trigger_target_dag to None, run_after=None
[2023-03-10T02:09:23.206+0000] {processor.py:175} INFO - Processing /home/airflow/.local/lib/python3.7/site-packages/airflow/example_dags/example_trigger_target_dag.py took 0.091 seconds
