[2023-03-10T02:05:49.578+0000] {processor.py:153} INFO - Started process (PID=242) to work on /home/airflow/.local/lib/python3.7/site-packages/airflow/example_dags/example_latest_only_with_trigger.py
[2023-03-10T02:05:49.578+0000] {processor.py:743} INFO - Processing file /home/airflow/.local/lib/python3.7/site-packages/airflow/example_dags/example_latest_only_with_trigger.py for tasks to queue
[2023-03-10T02:05:49.579+0000] {logging_mixin.py:137} INFO - [2023-03-10T02:05:49.579+0000] {dagbag.py:538} INFO - Filling up the DagBag from /home/airflow/.local/lib/python3.7/site-packages/airflow/example_dags/example_latest_only_with_trigger.py
[2023-03-10T02:05:49.596+0000] {processor.py:753} INFO - DAG(s) dict_keys(['latest_only_with_trigger']) retrieved from /home/airflow/.local/lib/python3.7/site-packages/airflow/example_dags/example_latest_only_with_trigger.py
[2023-03-10T02:05:49.608+0000] {logging_mixin.py:137} INFO - [2023-03-10T02:05:49.608+0000] {dag.py:2690} INFO - Sync 1 DAGs
[2023-03-10T02:05:49.643+0000] {logging_mixin.py:137} INFO - [2023-03-10T02:05:49.642+0000] {dag.py:3441} INFO - Setting next_dagrun for latest_only_with_trigger to 2023-03-09T22:05:49.642547+00:00, run_after=2023-03-10T02:05:49.642547+00:00
[2023-03-10T02:05:49.662+0000] {processor.py:175} INFO - Processing /home/airflow/.local/lib/python3.7/site-packages/airflow/example_dags/example_latest_only_with_trigger.py took 0.087 seconds
[2023-03-10T02:06:20.151+0000] {processor.py:153} INFO - Started process (PID=514) to work on /home/airflow/.local/lib/python3.7/site-packages/airflow/example_dags/example_latest_only_with_trigger.py
[2023-03-10T02:06:20.152+0000] {processor.py:743} INFO - Processing file /home/airflow/.local/lib/python3.7/site-packages/airflow/example_dags/example_latest_only_with_trigger.py for tasks to queue
[2023-03-10T02:06:20.152+0000] {logging_mixin.py:137} INFO - [2023-03-10T02:06:20.152+0000] {dagbag.py:538} INFO - Filling up the DagBag from /home/airflow/.local/lib/python3.7/site-packages/airflow/example_dags/example_latest_only_with_trigger.py
[2023-03-10T02:06:20.164+0000] {processor.py:753} INFO - DAG(s) dict_keys(['latest_only_with_trigger']) retrieved from /home/airflow/.local/lib/python3.7/site-packages/airflow/example_dags/example_latest_only_with_trigger.py
[2023-03-10T02:06:20.186+0000] {logging_mixin.py:137} INFO - [2023-03-10T02:06:20.186+0000] {dag.py:2690} INFO - Sync 1 DAGs
[2023-03-10T02:06:20.211+0000] {logging_mixin.py:137} INFO - [2023-03-10T02:06:20.211+0000] {dag.py:3441} INFO - Setting next_dagrun for latest_only_with_trigger to 2023-03-09T22:06:20.211095+00:00, run_after=2023-03-10T02:06:20.211095+00:00
[2023-03-10T02:06:20.232+0000] {processor.py:175} INFO - Processing /home/airflow/.local/lib/python3.7/site-packages/airflow/example_dags/example_latest_only_with_trigger.py took 0.084 seconds
[2023-03-10T02:06:50.881+0000] {processor.py:153} INFO - Started process (PID=762) to work on /home/airflow/.local/lib/python3.7/site-packages/airflow/example_dags/example_latest_only_with_trigger.py
[2023-03-10T02:06:50.882+0000] {processor.py:743} INFO - Processing file /home/airflow/.local/lib/python3.7/site-packages/airflow/example_dags/example_latest_only_with_trigger.py for tasks to queue
[2023-03-10T02:06:50.882+0000] {logging_mixin.py:137} INFO - [2023-03-10T02:06:50.882+0000] {dagbag.py:538} INFO - Filling up the DagBag from /home/airflow/.local/lib/python3.7/site-packages/airflow/example_dags/example_latest_only_with_trigger.py
[2023-03-10T02:06:50.893+0000] {processor.py:753} INFO - DAG(s) dict_keys(['latest_only_with_trigger']) retrieved from /home/airflow/.local/lib/python3.7/site-packages/airflow/example_dags/example_latest_only_with_trigger.py
[2023-03-10T02:06:50.933+0000] {logging_mixin.py:137} INFO - [2023-03-10T02:06:50.933+0000] {dag.py:2690} INFO - Sync 1 DAGs
[2023-03-10T02:06:50.963+0000] {logging_mixin.py:137} INFO - [2023-03-10T02:06:50.963+0000] {dag.py:3441} INFO - Setting next_dagrun for latest_only_with_trigger to 2023-03-09T22:06:50.963526+00:00, run_after=2023-03-10T02:06:50.963526+00:00
[2023-03-10T02:06:50.984+0000] {processor.py:175} INFO - Processing /home/airflow/.local/lib/python3.7/site-packages/airflow/example_dags/example_latest_only_with_trigger.py took 0.106 seconds
[2023-03-10T02:07:21.503+0000] {processor.py:153} INFO - Started process (PID=1035) to work on /home/airflow/.local/lib/python3.7/site-packages/airflow/example_dags/example_latest_only_with_trigger.py
[2023-03-10T02:07:21.504+0000] {processor.py:743} INFO - Processing file /home/airflow/.local/lib/python3.7/site-packages/airflow/example_dags/example_latest_only_with_trigger.py for tasks to queue
[2023-03-10T02:07:21.505+0000] {logging_mixin.py:137} INFO - [2023-03-10T02:07:21.504+0000] {dagbag.py:538} INFO - Filling up the DagBag from /home/airflow/.local/lib/python3.7/site-packages/airflow/example_dags/example_latest_only_with_trigger.py
[2023-03-10T02:07:21.520+0000] {processor.py:753} INFO - DAG(s) dict_keys(['latest_only_with_trigger']) retrieved from /home/airflow/.local/lib/python3.7/site-packages/airflow/example_dags/example_latest_only_with_trigger.py
[2023-03-10T02:07:21.548+0000] {logging_mixin.py:137} INFO - [2023-03-10T02:07:21.547+0000] {dag.py:2690} INFO - Sync 1 DAGs
[2023-03-10T02:07:21.571+0000] {logging_mixin.py:137} INFO - [2023-03-10T02:07:21.571+0000] {dag.py:3441} INFO - Setting next_dagrun for latest_only_with_trigger to 2023-03-09T22:07:21.570889+00:00, run_after=2023-03-10T02:07:21.570889+00:00
[2023-03-10T02:07:21.588+0000] {processor.py:175} INFO - Processing /home/airflow/.local/lib/python3.7/site-packages/airflow/example_dags/example_latest_only_with_trigger.py took 0.088 seconds
[2023-03-10T02:07:51.976+0000] {processor.py:153} INFO - Started process (PID=1283) to work on /home/airflow/.local/lib/python3.7/site-packages/airflow/example_dags/example_latest_only_with_trigger.py
[2023-03-10T02:07:51.977+0000] {processor.py:743} INFO - Processing file /home/airflow/.local/lib/python3.7/site-packages/airflow/example_dags/example_latest_only_with_trigger.py for tasks to queue
[2023-03-10T02:07:51.977+0000] {logging_mixin.py:137} INFO - [2023-03-10T02:07:51.977+0000] {dagbag.py:538} INFO - Filling up the DagBag from /home/airflow/.local/lib/python3.7/site-packages/airflow/example_dags/example_latest_only_with_trigger.py
[2023-03-10T02:07:51.987+0000] {processor.py:753} INFO - DAG(s) dict_keys(['latest_only_with_trigger']) retrieved from /home/airflow/.local/lib/python3.7/site-packages/airflow/example_dags/example_latest_only_with_trigger.py
[2023-03-10T02:07:52.007+0000] {logging_mixin.py:137} INFO - [2023-03-10T02:07:52.007+0000] {dag.py:2690} INFO - Sync 1 DAGs
[2023-03-10T02:07:52.030+0000] {logging_mixin.py:137} INFO - [2023-03-10T02:07:52.030+0000] {dag.py:3441} INFO - Setting next_dagrun for latest_only_with_trigger to 2023-03-09T22:07:52.030531+00:00, run_after=2023-03-10T02:07:52.030531+00:00
[2023-03-10T02:07:52.051+0000] {processor.py:175} INFO - Processing /home/airflow/.local/lib/python3.7/site-packages/airflow/example_dags/example_latest_only_with_trigger.py took 0.078 seconds
[2023-03-10T02:08:22.312+0000] {processor.py:153} INFO - Started process (PID=1555) to work on /home/airflow/.local/lib/python3.7/site-packages/airflow/example_dags/example_latest_only_with_trigger.py
[2023-03-10T02:08:22.313+0000] {processor.py:743} INFO - Processing file /home/airflow/.local/lib/python3.7/site-packages/airflow/example_dags/example_latest_only_with_trigger.py for tasks to queue
[2023-03-10T02:08:22.313+0000] {logging_mixin.py:137} INFO - [2023-03-10T02:08:22.313+0000] {dagbag.py:538} INFO - Filling up the DagBag from /home/airflow/.local/lib/python3.7/site-packages/airflow/example_dags/example_latest_only_with_trigger.py
[2023-03-10T02:08:22.323+0000] {processor.py:753} INFO - DAG(s) dict_keys(['latest_only_with_trigger']) retrieved from /home/airflow/.local/lib/python3.7/site-packages/airflow/example_dags/example_latest_only_with_trigger.py
[2023-03-10T02:08:22.344+0000] {logging_mixin.py:137} INFO - [2023-03-10T02:08:22.344+0000] {dag.py:2690} INFO - Sync 1 DAGs
[2023-03-10T02:08:22.366+0000] {logging_mixin.py:137} INFO - [2023-03-10T02:08:22.366+0000] {dag.py:3441} INFO - Setting next_dagrun for latest_only_with_trigger to 2023-03-09T22:08:22.366454+00:00, run_after=2023-03-10T02:08:22.366454+00:00
[2023-03-10T02:08:22.384+0000] {processor.py:175} INFO - Processing /home/airflow/.local/lib/python3.7/site-packages/airflow/example_dags/example_latest_only_with_trigger.py took 0.074 seconds
[2023-03-10T02:08:52.855+0000] {processor.py:153} INFO - Started process (PID=1815) to work on /home/airflow/.local/lib/python3.7/site-packages/airflow/example_dags/example_latest_only_with_trigger.py
[2023-03-10T02:08:52.855+0000] {processor.py:743} INFO - Processing file /home/airflow/.local/lib/python3.7/site-packages/airflow/example_dags/example_latest_only_with_trigger.py for tasks to queue
[2023-03-10T02:08:52.856+0000] {logging_mixin.py:137} INFO - [2023-03-10T02:08:52.856+0000] {dagbag.py:538} INFO - Filling up the DagBag from /home/airflow/.local/lib/python3.7/site-packages/airflow/example_dags/example_latest_only_with_trigger.py
[2023-03-10T02:08:52.866+0000] {processor.py:753} INFO - DAG(s) dict_keys(['latest_only_with_trigger']) retrieved from /home/airflow/.local/lib/python3.7/site-packages/airflow/example_dags/example_latest_only_with_trigger.py
[2023-03-10T02:08:52.890+0000] {logging_mixin.py:137} INFO - [2023-03-10T02:08:52.890+0000] {dag.py:2690} INFO - Sync 1 DAGs
[2023-03-10T02:08:52.913+0000] {logging_mixin.py:137} INFO - [2023-03-10T02:08:52.913+0000] {dag.py:3441} INFO - Setting next_dagrun for latest_only_with_trigger to 2023-03-09T22:08:52.913358+00:00, run_after=2023-03-10T02:08:52.913358+00:00
[2023-03-10T02:08:52.933+0000] {processor.py:175} INFO - Processing /home/airflow/.local/lib/python3.7/site-packages/airflow/example_dags/example_latest_only_with_trigger.py took 0.081 seconds
[2023-03-10T02:09:23.378+0000] {processor.py:153} INFO - Started process (PID=2085) to work on /home/airflow/.local/lib/python3.7/site-packages/airflow/example_dags/example_latest_only_with_trigger.py
[2023-03-10T02:09:23.379+0000] {processor.py:743} INFO - Processing file /home/airflow/.local/lib/python3.7/site-packages/airflow/example_dags/example_latest_only_with_trigger.py for tasks to queue
[2023-03-10T02:09:23.379+0000] {logging_mixin.py:137} INFO - [2023-03-10T02:09:23.379+0000] {dagbag.py:538} INFO - Filling up the DagBag from /home/airflow/.local/lib/python3.7/site-packages/airflow/example_dags/example_latest_only_with_trigger.py
[2023-03-10T02:09:23.391+0000] {processor.py:753} INFO - DAG(s) dict_keys(['latest_only_with_trigger']) retrieved from /home/airflow/.local/lib/python3.7/site-packages/airflow/example_dags/example_latest_only_with_trigger.py
[2023-03-10T02:09:23.414+0000] {logging_mixin.py:137} INFO - [2023-03-10T02:09:23.413+0000] {dag.py:2690} INFO - Sync 1 DAGs
[2023-03-10T02:09:23.438+0000] {logging_mixin.py:137} INFO - [2023-03-10T02:09:23.438+0000] {dag.py:3441} INFO - Setting next_dagrun for latest_only_with_trigger to 2023-03-09T22:09:23.438089+00:00, run_after=2023-03-10T02:09:23.438089+00:00
[2023-03-10T02:09:23.459+0000] {processor.py:175} INFO - Processing /home/airflow/.local/lib/python3.7/site-packages/airflow/example_dags/example_latest_only_with_trigger.py took 0.084 seconds
