[2023-03-10T02:05:49.494+0000] {processor.py:153} INFO - Started process (PID=237) to work on /home/airflow/.local/lib/python3.7/site-packages/airflow/example_dags/example_sensors.py
[2023-03-10T02:05:49.494+0000] {processor.py:743} INFO - Processing file /home/airflow/.local/lib/python3.7/site-packages/airflow/example_dags/example_sensors.py for tasks to queue
[2023-03-10T02:05:49.495+0000] {logging_mixin.py:137} INFO - [2023-03-10T02:05:49.495+0000] {dagbag.py:538} INFO - Filling up the DagBag from /home/airflow/.local/lib/python3.7/site-packages/airflow/example_dags/example_sensors.py
[2023-03-10T02:05:49.530+0000] {processor.py:753} INFO - DAG(s) dict_keys(['example_sensors']) retrieved from /home/airflow/.local/lib/python3.7/site-packages/airflow/example_dags/example_sensors.py
[2023-03-10T02:05:49.546+0000] {logging_mixin.py:137} INFO - [2023-03-10T02:05:49.545+0000] {dag.py:2690} INFO - Sync 1 DAGs
[2023-03-10T02:05:49.576+0000] {logging_mixin.py:137} INFO - [2023-03-10T02:05:49.576+0000] {dag.py:3441} INFO - Setting next_dagrun for example_sensors to None, run_after=None
[2023-03-10T02:05:49.598+0000] {processor.py:175} INFO - Processing /home/airflow/.local/lib/python3.7/site-packages/airflow/example_dags/example_sensors.py took 0.107 seconds
[2023-03-10T02:06:20.116+0000] {processor.py:153} INFO - Started process (PID=509) to work on /home/airflow/.local/lib/python3.7/site-packages/airflow/example_dags/example_sensors.py
[2023-03-10T02:06:20.117+0000] {processor.py:743} INFO - Processing file /home/airflow/.local/lib/python3.7/site-packages/airflow/example_dags/example_sensors.py for tasks to queue
[2023-03-10T02:06:20.118+0000] {logging_mixin.py:137} INFO - [2023-03-10T02:06:20.118+0000] {dagbag.py:538} INFO - Filling up the DagBag from /home/airflow/.local/lib/python3.7/site-packages/airflow/example_dags/example_sensors.py
[2023-03-10T02:06:20.133+0000] {processor.py:753} INFO - DAG(s) dict_keys(['example_sensors']) retrieved from /home/airflow/.local/lib/python3.7/site-packages/airflow/example_dags/example_sensors.py
[2023-03-10T02:06:20.158+0000] {logging_mixin.py:137} INFO - [2023-03-10T02:06:20.158+0000] {dag.py:2690} INFO - Sync 1 DAGs
[2023-03-10T02:06:20.181+0000] {logging_mixin.py:137} INFO - [2023-03-10T02:06:20.180+0000] {dag.py:3441} INFO - Setting next_dagrun for example_sensors to None, run_after=None
[2023-03-10T02:06:20.199+0000] {processor.py:175} INFO - Processing /home/airflow/.local/lib/python3.7/site-packages/airflow/example_dags/example_sensors.py took 0.085 seconds
[2023-03-10T02:06:50.858+0000] {processor.py:153} INFO - Started process (PID=757) to work on /home/airflow/.local/lib/python3.7/site-packages/airflow/example_dags/example_sensors.py
[2023-03-10T02:06:50.860+0000] {processor.py:743} INFO - Processing file /home/airflow/.local/lib/python3.7/site-packages/airflow/example_dags/example_sensors.py for tasks to queue
[2023-03-10T02:06:50.861+0000] {logging_mixin.py:137} INFO - [2023-03-10T02:06:50.860+0000] {dagbag.py:538} INFO - Filling up the DagBag from /home/airflow/.local/lib/python3.7/site-packages/airflow/example_dags/example_sensors.py
[2023-03-10T02:06:50.879+0000] {processor.py:753} INFO - DAG(s) dict_keys(['example_sensors']) retrieved from /home/airflow/.local/lib/python3.7/site-packages/airflow/example_dags/example_sensors.py
[2023-03-10T02:06:50.917+0000] {logging_mixin.py:137} INFO - [2023-03-10T02:06:50.917+0000] {dag.py:2690} INFO - Sync 1 DAGs
[2023-03-10T02:06:50.955+0000] {logging_mixin.py:137} INFO - [2023-03-10T02:06:50.955+0000] {dag.py:3441} INFO - Setting next_dagrun for example_sensors to None, run_after=None
[2023-03-10T02:06:50.978+0000] {processor.py:175} INFO - Processing /home/airflow/.local/lib/python3.7/site-packages/airflow/example_dags/example_sensors.py took 0.122 seconds
[2023-03-10T02:07:21.486+0000] {processor.py:153} INFO - Started process (PID=1032) to work on /home/airflow/.local/lib/python3.7/site-packages/airflow/example_dags/example_sensors.py
[2023-03-10T02:07:21.487+0000] {processor.py:743} INFO - Processing file /home/airflow/.local/lib/python3.7/site-packages/airflow/example_dags/example_sensors.py for tasks to queue
[2023-03-10T02:07:21.488+0000] {logging_mixin.py:137} INFO - [2023-03-10T02:07:21.487+0000] {dagbag.py:538} INFO - Filling up the DagBag from /home/airflow/.local/lib/python3.7/site-packages/airflow/example_dags/example_sensors.py
[2023-03-10T02:07:21.511+0000] {processor.py:753} INFO - DAG(s) dict_keys(['example_sensors']) retrieved from /home/airflow/.local/lib/python3.7/site-packages/airflow/example_dags/example_sensors.py
[2023-03-10T02:07:21.542+0000] {logging_mixin.py:137} INFO - [2023-03-10T02:07:21.542+0000] {dag.py:2690} INFO - Sync 1 DAGs
[2023-03-10T02:07:21.566+0000] {logging_mixin.py:137} INFO - [2023-03-10T02:07:21.566+0000] {dag.py:3441} INFO - Setting next_dagrun for example_sensors to None, run_after=None
[2023-03-10T02:07:21.582+0000] {processor.py:175} INFO - Processing /home/airflow/.local/lib/python3.7/site-packages/airflow/example_dags/example_sensors.py took 0.100 seconds
[2023-03-10T02:07:51.954+0000] {processor.py:153} INFO - Started process (PID=1278) to work on /home/airflow/.local/lib/python3.7/site-packages/airflow/example_dags/example_sensors.py
[2023-03-10T02:07:51.955+0000] {processor.py:743} INFO - Processing file /home/airflow/.local/lib/python3.7/site-packages/airflow/example_dags/example_sensors.py for tasks to queue
[2023-03-10T02:07:51.956+0000] {logging_mixin.py:137} INFO - [2023-03-10T02:07:51.955+0000] {dagbag.py:538} INFO - Filling up the DagBag from /home/airflow/.local/lib/python3.7/site-packages/airflow/example_dags/example_sensors.py
[2023-03-10T02:07:51.970+0000] {processor.py:753} INFO - DAG(s) dict_keys(['example_sensors']) retrieved from /home/airflow/.local/lib/python3.7/site-packages/airflow/example_dags/example_sensors.py
[2023-03-10T02:07:51.992+0000] {logging_mixin.py:137} INFO - [2023-03-10T02:07:51.992+0000] {dag.py:2690} INFO - Sync 1 DAGs
[2023-03-10T02:07:52.014+0000] {logging_mixin.py:137} INFO - [2023-03-10T02:07:52.014+0000] {dag.py:3441} INFO - Setting next_dagrun for example_sensors to None, run_after=None
[2023-03-10T02:07:52.032+0000] {processor.py:175} INFO - Processing /home/airflow/.local/lib/python3.7/site-packages/airflow/example_dags/example_sensors.py took 0.080 seconds
[2023-03-10T02:08:22.259+0000] {processor.py:153} INFO - Started process (PID=1550) to work on /home/airflow/.local/lib/python3.7/site-packages/airflow/example_dags/example_sensors.py
[2023-03-10T02:08:22.259+0000] {processor.py:743} INFO - Processing file /home/airflow/.local/lib/python3.7/site-packages/airflow/example_dags/example_sensors.py for tasks to queue
[2023-03-10T02:08:22.260+0000] {logging_mixin.py:137} INFO - [2023-03-10T02:08:22.260+0000] {dagbag.py:538} INFO - Filling up the DagBag from /home/airflow/.local/lib/python3.7/site-packages/airflow/example_dags/example_sensors.py
[2023-03-10T02:08:22.274+0000] {processor.py:753} INFO - DAG(s) dict_keys(['example_sensors']) retrieved from /home/airflow/.local/lib/python3.7/site-packages/airflow/example_dags/example_sensors.py
[2023-03-10T02:08:22.300+0000] {logging_mixin.py:137} INFO - [2023-03-10T02:08:22.299+0000] {dag.py:2690} INFO - Sync 1 DAGs
[2023-03-10T02:08:22.322+0000] {logging_mixin.py:137} INFO - [2023-03-10T02:08:22.322+0000] {dag.py:3441} INFO - Setting next_dagrun for example_sensors to None, run_after=None
[2023-03-10T02:08:22.340+0000] {processor.py:175} INFO - Processing /home/airflow/.local/lib/python3.7/site-packages/airflow/example_dags/example_sensors.py took 0.084 seconds
[2023-03-10T02:08:52.757+0000] {processor.py:153} INFO - Started process (PID=1808) to work on /home/airflow/.local/lib/python3.7/site-packages/airflow/example_dags/example_sensors.py
[2023-03-10T02:08:52.758+0000] {processor.py:743} INFO - Processing file /home/airflow/.local/lib/python3.7/site-packages/airflow/example_dags/example_sensors.py for tasks to queue
[2023-03-10T02:08:52.758+0000] {logging_mixin.py:137} INFO - [2023-03-10T02:08:52.758+0000] {dagbag.py:538} INFO - Filling up the DagBag from /home/airflow/.local/lib/python3.7/site-packages/airflow/example_dags/example_sensors.py
[2023-03-10T02:08:52.773+0000] {processor.py:753} INFO - DAG(s) dict_keys(['example_sensors']) retrieved from /home/airflow/.local/lib/python3.7/site-packages/airflow/example_dags/example_sensors.py
[2023-03-10T02:08:52.798+0000] {logging_mixin.py:137} INFO - [2023-03-10T02:08:52.798+0000] {dag.py:2690} INFO - Sync 1 DAGs
[2023-03-10T02:08:52.821+0000] {logging_mixin.py:137} INFO - [2023-03-10T02:08:52.821+0000] {dag.py:3441} INFO - Setting next_dagrun for example_sensors to None, run_after=None
[2023-03-10T02:08:52.840+0000] {processor.py:175} INFO - Processing /home/airflow/.local/lib/python3.7/site-packages/airflow/example_dags/example_sensors.py took 0.085 seconds
[2023-03-10T02:09:23.346+0000] {processor.py:153} INFO - Started process (PID=2080) to work on /home/airflow/.local/lib/python3.7/site-packages/airflow/example_dags/example_sensors.py
[2023-03-10T02:09:23.347+0000] {processor.py:743} INFO - Processing file /home/airflow/.local/lib/python3.7/site-packages/airflow/example_dags/example_sensors.py for tasks to queue
[2023-03-10T02:09:23.348+0000] {logging_mixin.py:137} INFO - [2023-03-10T02:09:23.348+0000] {dagbag.py:538} INFO - Filling up the DagBag from /home/airflow/.local/lib/python3.7/site-packages/airflow/example_dags/example_sensors.py
[2023-03-10T02:09:23.363+0000] {processor.py:753} INFO - DAG(s) dict_keys(['example_sensors']) retrieved from /home/airflow/.local/lib/python3.7/site-packages/airflow/example_dags/example_sensors.py
[2023-03-10T02:09:23.388+0000] {logging_mixin.py:137} INFO - [2023-03-10T02:09:23.388+0000] {dag.py:2690} INFO - Sync 1 DAGs
[2023-03-10T02:09:23.410+0000] {logging_mixin.py:137} INFO - [2023-03-10T02:09:23.410+0000] {dag.py:3441} INFO - Setting next_dagrun for example_sensors to None, run_after=None
[2023-03-10T02:09:23.429+0000] {processor.py:175} INFO - Processing /home/airflow/.local/lib/python3.7/site-packages/airflow/example_dags/example_sensors.py took 0.085 seconds
