[2023-03-10T02:05:49.162+0000] {processor.py:153} INFO - Started process (PID=207) to work on /home/airflow/.local/lib/python3.7/site-packages/airflow/example_dags/example_dag_decorator.py
[2023-03-10T02:05:49.163+0000] {processor.py:743} INFO - Processing file /home/airflow/.local/lib/python3.7/site-packages/airflow/example_dags/example_dag_decorator.py for tasks to queue
[2023-03-10T02:05:49.164+0000] {logging_mixin.py:137} INFO - [2023-03-10T02:05:49.163+0000] {dagbag.py:538} INFO - Filling up the DagBag from /home/airflow/.local/lib/python3.7/site-packages/airflow/example_dags/example_dag_decorator.py
[2023-03-10T02:05:49.181+0000] {logging_mixin.py:137} INFO - [2023-03-10T02:05:49.181+0000] {taskmixin.py:205} WARNING - Dependency <Task(_PythonDecoratedOperator): prepare_email>, send_email already registered for DAG: example_dag_decorator
[2023-03-10T02:05:49.181+0000] {logging_mixin.py:137} INFO - [2023-03-10T02:05:49.181+0000] {taskmixin.py:205} WARNING - Dependency <Task(EmailOperator): send_email>, prepare_email already registered for DAG: example_dag_decorator
[2023-03-10T02:05:49.196+0000] {processor.py:753} INFO - DAG(s) dict_keys(['example_dag_decorator']) retrieved from /home/airflow/.local/lib/python3.7/site-packages/airflow/example_dags/example_dag_decorator.py
[2023-03-10T02:05:49.207+0000] {logging_mixin.py:137} INFO - [2023-03-10T02:05:49.207+0000] {dag.py:2690} INFO - Sync 1 DAGs
[2023-03-10T02:05:49.229+0000] {logging_mixin.py:137} INFO - [2023-03-10T02:05:49.229+0000] {dag.py:3441} INFO - Setting next_dagrun for example_dag_decorator to None, run_after=None
[2023-03-10T02:05:49.250+0000] {processor.py:175} INFO - Processing /home/airflow/.local/lib/python3.7/site-packages/airflow/example_dags/example_dag_decorator.py took 0.090 seconds
[2023-03-10T02:06:19.738+0000] {processor.py:153} INFO - Started process (PID=479) to work on /home/airflow/.local/lib/python3.7/site-packages/airflow/example_dags/example_dag_decorator.py
[2023-03-10T02:06:19.739+0000] {processor.py:743} INFO - Processing file /home/airflow/.local/lib/python3.7/site-packages/airflow/example_dags/example_dag_decorator.py for tasks to queue
[2023-03-10T02:06:19.739+0000] {logging_mixin.py:137} INFO - [2023-03-10T02:06:19.739+0000] {dagbag.py:538} INFO - Filling up the DagBag from /home/airflow/.local/lib/python3.7/site-packages/airflow/example_dags/example_dag_decorator.py
[2023-03-10T02:06:19.754+0000] {logging_mixin.py:137} INFO - [2023-03-10T02:06:19.754+0000] {taskmixin.py:205} WARNING - Dependency <Task(_PythonDecoratedOperator): prepare_email>, send_email already registered for DAG: example_dag_decorator
[2023-03-10T02:06:19.754+0000] {logging_mixin.py:137} INFO - [2023-03-10T02:06:19.754+0000] {taskmixin.py:205} WARNING - Dependency <Task(EmailOperator): send_email>, prepare_email already registered for DAG: example_dag_decorator
[2023-03-10T02:06:19.764+0000] {processor.py:753} INFO - DAG(s) dict_keys(['example_dag_decorator']) retrieved from /home/airflow/.local/lib/python3.7/site-packages/airflow/example_dags/example_dag_decorator.py
[2023-03-10T02:06:19.830+0000] {logging_mixin.py:137} INFO - [2023-03-10T02:06:19.829+0000] {dag.py:2690} INFO - Sync 1 DAGs
[2023-03-10T02:06:19.853+0000] {logging_mixin.py:137} INFO - [2023-03-10T02:06:19.853+0000] {dag.py:3441} INFO - Setting next_dagrun for example_dag_decorator to None, run_after=None
[2023-03-10T02:06:19.875+0000] {processor.py:175} INFO - Processing /home/airflow/.local/lib/python3.7/site-packages/airflow/example_dags/example_dag_decorator.py took 0.139 seconds
[2023-03-10T02:06:50.380+0000] {processor.py:153} INFO - Started process (PID=727) to work on /home/airflow/.local/lib/python3.7/site-packages/airflow/example_dags/example_dag_decorator.py
[2023-03-10T02:06:50.381+0000] {processor.py:743} INFO - Processing file /home/airflow/.local/lib/python3.7/site-packages/airflow/example_dags/example_dag_decorator.py for tasks to queue
[2023-03-10T02:06:50.382+0000] {logging_mixin.py:137} INFO - [2023-03-10T02:06:50.382+0000] {dagbag.py:538} INFO - Filling up the DagBag from /home/airflow/.local/lib/python3.7/site-packages/airflow/example_dags/example_dag_decorator.py
[2023-03-10T02:06:50.407+0000] {logging_mixin.py:137} INFO - [2023-03-10T02:06:50.407+0000] {taskmixin.py:205} WARNING - Dependency <Task(_PythonDecoratedOperator): prepare_email>, send_email already registered for DAG: example_dag_decorator
[2023-03-10T02:06:50.408+0000] {logging_mixin.py:137} INFO - [2023-03-10T02:06:50.407+0000] {taskmixin.py:205} WARNING - Dependency <Task(EmailOperator): send_email>, prepare_email already registered for DAG: example_dag_decorator
[2023-03-10T02:06:50.429+0000] {processor.py:753} INFO - DAG(s) dict_keys(['example_dag_decorator']) retrieved from /home/airflow/.local/lib/python3.7/site-packages/airflow/example_dags/example_dag_decorator.py
[2023-03-10T02:06:50.522+0000] {logging_mixin.py:137} INFO - [2023-03-10T02:06:50.522+0000] {dag.py:2690} INFO - Sync 1 DAGs
[2023-03-10T02:06:50.559+0000] {logging_mixin.py:137} INFO - [2023-03-10T02:06:50.559+0000] {dag.py:3441} INFO - Setting next_dagrun for example_dag_decorator to None, run_after=None
[2023-03-10T02:06:50.590+0000] {processor.py:175} INFO - Processing /home/airflow/.local/lib/python3.7/site-packages/airflow/example_dags/example_dag_decorator.py took 0.212 seconds
[2023-03-10T02:07:21.124+0000] {processor.py:153} INFO - Started process (PID=1000) to work on /home/airflow/.local/lib/python3.7/site-packages/airflow/example_dags/example_dag_decorator.py
[2023-03-10T02:07:21.125+0000] {processor.py:743} INFO - Processing file /home/airflow/.local/lib/python3.7/site-packages/airflow/example_dags/example_dag_decorator.py for tasks to queue
[2023-03-10T02:07:21.125+0000] {logging_mixin.py:137} INFO - [2023-03-10T02:07:21.125+0000] {dagbag.py:538} INFO - Filling up the DagBag from /home/airflow/.local/lib/python3.7/site-packages/airflow/example_dags/example_dag_decorator.py
[2023-03-10T02:07:21.138+0000] {logging_mixin.py:137} INFO - [2023-03-10T02:07:21.137+0000] {taskmixin.py:205} WARNING - Dependency <Task(_PythonDecoratedOperator): prepare_email>, send_email already registered for DAG: example_dag_decorator
[2023-03-10T02:07:21.138+0000] {logging_mixin.py:137} INFO - [2023-03-10T02:07:21.138+0000] {taskmixin.py:205} WARNING - Dependency <Task(EmailOperator): send_email>, prepare_email already registered for DAG: example_dag_decorator
[2023-03-10T02:07:21.146+0000] {processor.py:753} INFO - DAG(s) dict_keys(['example_dag_decorator']) retrieved from /home/airflow/.local/lib/python3.7/site-packages/airflow/example_dags/example_dag_decorator.py
[2023-03-10T02:07:21.205+0000] {logging_mixin.py:137} INFO - [2023-03-10T02:07:21.205+0000] {dag.py:2690} INFO - Sync 1 DAGs
[2023-03-10T02:07:21.228+0000] {logging_mixin.py:137} INFO - [2023-03-10T02:07:21.227+0000] {dag.py:3441} INFO - Setting next_dagrun for example_dag_decorator to None, run_after=None
[2023-03-10T02:07:21.248+0000] {processor.py:175} INFO - Processing /home/airflow/.local/lib/python3.7/site-packages/airflow/example_dags/example_dag_decorator.py took 0.126 seconds
[2023-03-10T02:07:51.536+0000] {processor.py:153} INFO - Started process (PID=1248) to work on /home/airflow/.local/lib/python3.7/site-packages/airflow/example_dags/example_dag_decorator.py
[2023-03-10T02:07:51.537+0000] {processor.py:743} INFO - Processing file /home/airflow/.local/lib/python3.7/site-packages/airflow/example_dags/example_dag_decorator.py for tasks to queue
[2023-03-10T02:07:51.537+0000] {logging_mixin.py:137} INFO - [2023-03-10T02:07:51.537+0000] {dagbag.py:538} INFO - Filling up the DagBag from /home/airflow/.local/lib/python3.7/site-packages/airflow/example_dags/example_dag_decorator.py
[2023-03-10T02:07:51.551+0000] {logging_mixin.py:137} INFO - [2023-03-10T02:07:51.551+0000] {taskmixin.py:205} WARNING - Dependency <Task(_PythonDecoratedOperator): prepare_email>, send_email already registered for DAG: example_dag_decorator
[2023-03-10T02:07:51.551+0000] {logging_mixin.py:137} INFO - [2023-03-10T02:07:51.551+0000] {taskmixin.py:205} WARNING - Dependency <Task(EmailOperator): send_email>, prepare_email already registered for DAG: example_dag_decorator
[2023-03-10T02:07:51.560+0000] {processor.py:753} INFO - DAG(s) dict_keys(['example_dag_decorator']) retrieved from /home/airflow/.local/lib/python3.7/site-packages/airflow/example_dags/example_dag_decorator.py
[2023-03-10T02:07:51.624+0000] {logging_mixin.py:137} INFO - [2023-03-10T02:07:51.624+0000] {dag.py:2690} INFO - Sync 1 DAGs
[2023-03-10T02:07:51.646+0000] {logging_mixin.py:137} INFO - [2023-03-10T02:07:51.646+0000] {dag.py:3441} INFO - Setting next_dagrun for example_dag_decorator to None, run_after=None
[2023-03-10T02:07:51.666+0000] {processor.py:175} INFO - Processing /home/airflow/.local/lib/python3.7/site-packages/airflow/example_dags/example_dag_decorator.py took 0.132 seconds
[2023-03-10T02:08:21.893+0000] {processor.py:153} INFO - Started process (PID=1520) to work on /home/airflow/.local/lib/python3.7/site-packages/airflow/example_dags/example_dag_decorator.py
[2023-03-10T02:08:21.894+0000] {processor.py:743} INFO - Processing file /home/airflow/.local/lib/python3.7/site-packages/airflow/example_dags/example_dag_decorator.py for tasks to queue
[2023-03-10T02:08:21.894+0000] {logging_mixin.py:137} INFO - [2023-03-10T02:08:21.894+0000] {dagbag.py:538} INFO - Filling up the DagBag from /home/airflow/.local/lib/python3.7/site-packages/airflow/example_dags/example_dag_decorator.py
[2023-03-10T02:08:21.906+0000] {logging_mixin.py:137} INFO - [2023-03-10T02:08:21.906+0000] {taskmixin.py:205} WARNING - Dependency <Task(_PythonDecoratedOperator): prepare_email>, send_email already registered for DAG: example_dag_decorator
[2023-03-10T02:08:21.906+0000] {logging_mixin.py:137} INFO - [2023-03-10T02:08:21.906+0000] {taskmixin.py:205} WARNING - Dependency <Task(EmailOperator): send_email>, prepare_email already registered for DAG: example_dag_decorator
[2023-03-10T02:08:21.916+0000] {processor.py:753} INFO - DAG(s) dict_keys(['example_dag_decorator']) retrieved from /home/airflow/.local/lib/python3.7/site-packages/airflow/example_dags/example_dag_decorator.py
[2023-03-10T02:08:21.976+0000] {logging_mixin.py:137} INFO - [2023-03-10T02:08:21.976+0000] {dag.py:2690} INFO - Sync 1 DAGs
[2023-03-10T02:08:22.002+0000] {logging_mixin.py:137} INFO - [2023-03-10T02:08:22.001+0000] {dag.py:3441} INFO - Setting next_dagrun for example_dag_decorator to None, run_after=None
[2023-03-10T02:08:22.025+0000] {processor.py:175} INFO - Processing /home/airflow/.local/lib/python3.7/site-packages/airflow/example_dags/example_dag_decorator.py took 0.135 seconds
[2023-03-10T02:08:52.369+0000] {processor.py:153} INFO - Started process (PID=1780) to work on /home/airflow/.local/lib/python3.7/site-packages/airflow/example_dags/example_dag_decorator.py
[2023-03-10T02:08:52.370+0000] {processor.py:743} INFO - Processing file /home/airflow/.local/lib/python3.7/site-packages/airflow/example_dags/example_dag_decorator.py for tasks to queue
[2023-03-10T02:08:52.371+0000] {logging_mixin.py:137} INFO - [2023-03-10T02:08:52.371+0000] {dagbag.py:538} INFO - Filling up the DagBag from /home/airflow/.local/lib/python3.7/site-packages/airflow/example_dags/example_dag_decorator.py
[2023-03-10T02:08:52.384+0000] {logging_mixin.py:137} INFO - [2023-03-10T02:08:52.383+0000] {taskmixin.py:205} WARNING - Dependency <Task(_PythonDecoratedOperator): prepare_email>, send_email already registered for DAG: example_dag_decorator
[2023-03-10T02:08:52.384+0000] {logging_mixin.py:137} INFO - [2023-03-10T02:08:52.384+0000] {taskmixin.py:205} WARNING - Dependency <Task(EmailOperator): send_email>, prepare_email already registered for DAG: example_dag_decorator
[2023-03-10T02:08:52.394+0000] {processor.py:753} INFO - DAG(s) dict_keys(['example_dag_decorator']) retrieved from /home/airflow/.local/lib/python3.7/site-packages/airflow/example_dags/example_dag_decorator.py
[2023-03-10T02:08:52.455+0000] {logging_mixin.py:137} INFO - [2023-03-10T02:08:52.455+0000] {dag.py:2690} INFO - Sync 1 DAGs
[2023-03-10T02:08:52.478+0000] {logging_mixin.py:137} INFO - [2023-03-10T02:08:52.478+0000] {dag.py:3441} INFO - Setting next_dagrun for example_dag_decorator to None, run_after=None
[2023-03-10T02:08:52.498+0000] {processor.py:175} INFO - Processing /home/airflow/.local/lib/python3.7/site-packages/airflow/example_dags/example_dag_decorator.py took 0.131 seconds
[2023-03-10T02:09:23.001+0000] {processor.py:153} INFO - Started process (PID=2052) to work on /home/airflow/.local/lib/python3.7/site-packages/airflow/example_dags/example_dag_decorator.py
[2023-03-10T02:09:23.002+0000] {processor.py:743} INFO - Processing file /home/airflow/.local/lib/python3.7/site-packages/airflow/example_dags/example_dag_decorator.py for tasks to queue
[2023-03-10T02:09:23.003+0000] {logging_mixin.py:137} INFO - [2023-03-10T02:09:23.002+0000] {dagbag.py:538} INFO - Filling up the DagBag from /home/airflow/.local/lib/python3.7/site-packages/airflow/example_dags/example_dag_decorator.py
[2023-03-10T02:09:23.016+0000] {logging_mixin.py:137} INFO - [2023-03-10T02:09:23.016+0000] {taskmixin.py:205} WARNING - Dependency <Task(_PythonDecoratedOperator): prepare_email>, send_email already registered for DAG: example_dag_decorator
[2023-03-10T02:09:23.016+0000] {logging_mixin.py:137} INFO - [2023-03-10T02:09:23.016+0000] {taskmixin.py:205} WARNING - Dependency <Task(EmailOperator): send_email>, prepare_email already registered for DAG: example_dag_decorator
[2023-03-10T02:09:23.025+0000] {processor.py:753} INFO - DAG(s) dict_keys(['example_dag_decorator']) retrieved from /home/airflow/.local/lib/python3.7/site-packages/airflow/example_dags/example_dag_decorator.py
[2023-03-10T02:09:23.086+0000] {logging_mixin.py:137} INFO - [2023-03-10T02:09:23.086+0000] {dag.py:2690} INFO - Sync 1 DAGs
[2023-03-10T02:09:23.112+0000] {logging_mixin.py:137} INFO - [2023-03-10T02:09:23.112+0000] {dag.py:3441} INFO - Setting next_dagrun for example_dag_decorator to None, run_after=None
[2023-03-10T02:09:23.133+0000] {processor.py:175} INFO - Processing /home/airflow/.local/lib/python3.7/site-packages/airflow/example_dags/example_dag_decorator.py took 0.134 seconds
