[2023-03-10T02:05:49.744+0000] {processor.py:153} INFO - Started process (PID=257) to work on /home/airflow/.local/lib/python3.7/site-packages/airflow/example_dags/example_branch_day_of_week_operator.py
[2023-03-10T02:05:49.745+0000] {processor.py:743} INFO - Processing file /home/airflow/.local/lib/python3.7/site-packages/airflow/example_dags/example_branch_day_of_week_operator.py for tasks to queue
[2023-03-10T02:05:49.746+0000] {logging_mixin.py:137} INFO - [2023-03-10T02:05:49.746+0000] {dagbag.py:538} INFO - Filling up the DagBag from /home/airflow/.local/lib/python3.7/site-packages/airflow/example_dags/example_branch_day_of_week_operator.py
[2023-03-10T02:05:49.762+0000] {processor.py:753} INFO - DAG(s) dict_keys(['example_weekday_branch_operator']) retrieved from /home/airflow/.local/lib/python3.7/site-packages/airflow/example_dags/example_branch_day_of_week_operator.py
[2023-03-10T02:05:49.774+0000] {logging_mixin.py:137} INFO - [2023-03-10T02:05:49.774+0000] {dag.py:2690} INFO - Sync 1 DAGs
[2023-03-10T02:05:49.801+0000] {logging_mixin.py:137} INFO - [2023-03-10T02:05:49.801+0000] {dag.py:3441} INFO - Setting next_dagrun for example_weekday_branch_operator to 2023-03-09T00:00:00+00:00, run_after=2023-03-10T00:00:00+00:00
[2023-03-10T02:05:49.822+0000] {processor.py:175} INFO - Processing /home/airflow/.local/lib/python3.7/site-packages/airflow/example_dags/example_branch_day_of_week_operator.py took 0.081 seconds
[2023-03-10T02:06:20.328+0000] {processor.py:153} INFO - Started process (PID=529) to work on /home/airflow/.local/lib/python3.7/site-packages/airflow/example_dags/example_branch_day_of_week_operator.py
[2023-03-10T02:06:20.329+0000] {processor.py:743} INFO - Processing file /home/airflow/.local/lib/python3.7/site-packages/airflow/example_dags/example_branch_day_of_week_operator.py for tasks to queue
[2023-03-10T02:06:20.329+0000] {logging_mixin.py:137} INFO - [2023-03-10T02:06:20.329+0000] {dagbag.py:538} INFO - Filling up the DagBag from /home/airflow/.local/lib/python3.7/site-packages/airflow/example_dags/example_branch_day_of_week_operator.py
[2023-03-10T02:06:20.341+0000] {processor.py:753} INFO - DAG(s) dict_keys(['example_weekday_branch_operator']) retrieved from /home/airflow/.local/lib/python3.7/site-packages/airflow/example_dags/example_branch_day_of_week_operator.py
[2023-03-10T02:06:20.364+0000] {logging_mixin.py:137} INFO - [2023-03-10T02:06:20.363+0000] {dag.py:2690} INFO - Sync 1 DAGs
[2023-03-10T02:06:20.389+0000] {logging_mixin.py:137} INFO - [2023-03-10T02:06:20.389+0000] {dag.py:3441} INFO - Setting next_dagrun for example_weekday_branch_operator to 2023-03-09T00:00:00+00:00, run_after=2023-03-10T00:00:00+00:00
[2023-03-10T02:06:20.408+0000] {processor.py:175} INFO - Processing /home/airflow/.local/lib/python3.7/site-packages/airflow/example_dags/example_branch_day_of_week_operator.py took 0.083 seconds
[2023-03-10T02:06:51.121+0000] {processor.py:153} INFO - Started process (PID=777) to work on /home/airflow/.local/lib/python3.7/site-packages/airflow/example_dags/example_branch_day_of_week_operator.py
[2023-03-10T02:06:51.122+0000] {processor.py:743} INFO - Processing file /home/airflow/.local/lib/python3.7/site-packages/airflow/example_dags/example_branch_day_of_week_operator.py for tasks to queue
[2023-03-10T02:06:51.122+0000] {logging_mixin.py:137} INFO - [2023-03-10T02:06:51.122+0000] {dagbag.py:538} INFO - Filling up the DagBag from /home/airflow/.local/lib/python3.7/site-packages/airflow/example_dags/example_branch_day_of_week_operator.py
[2023-03-10T02:06:51.135+0000] {processor.py:753} INFO - DAG(s) dict_keys(['example_weekday_branch_operator']) retrieved from /home/airflow/.local/lib/python3.7/site-packages/airflow/example_dags/example_branch_day_of_week_operator.py
[2023-03-10T02:06:51.163+0000] {logging_mixin.py:137} INFO - [2023-03-10T02:06:51.163+0000] {dag.py:2690} INFO - Sync 1 DAGs
[2023-03-10T02:06:51.188+0000] {logging_mixin.py:137} INFO - [2023-03-10T02:06:51.188+0000] {dag.py:3441} INFO - Setting next_dagrun for example_weekday_branch_operator to 2023-03-09T00:00:00+00:00, run_after=2023-03-10T00:00:00+00:00
[2023-03-10T02:06:51.212+0000] {processor.py:175} INFO - Processing /home/airflow/.local/lib/python3.7/site-packages/airflow/example_dags/example_branch_day_of_week_operator.py took 0.093 seconds
[2023-03-10T02:07:21.713+0000] {processor.py:153} INFO - Started process (PID=1050) to work on /home/airflow/.local/lib/python3.7/site-packages/airflow/example_dags/example_branch_day_of_week_operator.py
[2023-03-10T02:07:21.713+0000] {processor.py:743} INFO - Processing file /home/airflow/.local/lib/python3.7/site-packages/airflow/example_dags/example_branch_day_of_week_operator.py for tasks to queue
[2023-03-10T02:07:21.714+0000] {logging_mixin.py:137} INFO - [2023-03-10T02:07:21.714+0000] {dagbag.py:538} INFO - Filling up the DagBag from /home/airflow/.local/lib/python3.7/site-packages/airflow/example_dags/example_branch_day_of_week_operator.py
[2023-03-10T02:07:21.728+0000] {processor.py:753} INFO - DAG(s) dict_keys(['example_weekday_branch_operator']) retrieved from /home/airflow/.local/lib/python3.7/site-packages/airflow/example_dags/example_branch_day_of_week_operator.py
[2023-03-10T02:07:21.753+0000] {logging_mixin.py:137} INFO - [2023-03-10T02:07:21.753+0000] {dag.py:2690} INFO - Sync 1 DAGs
[2023-03-10T02:07:21.777+0000] {logging_mixin.py:137} INFO - [2023-03-10T02:07:21.777+0000] {dag.py:3441} INFO - Setting next_dagrun for example_weekday_branch_operator to 2023-03-09T00:00:00+00:00, run_after=2023-03-10T00:00:00+00:00
[2023-03-10T02:07:21.795+0000] {processor.py:175} INFO - Processing /home/airflow/.local/lib/python3.7/site-packages/airflow/example_dags/example_branch_day_of_week_operator.py took 0.086 seconds
[2023-03-10T02:07:52.166+0000] {processor.py:153} INFO - Started process (PID=1300) to work on /home/airflow/.local/lib/python3.7/site-packages/airflow/example_dags/example_branch_day_of_week_operator.py
[2023-03-10T02:07:52.167+0000] {processor.py:743} INFO - Processing file /home/airflow/.local/lib/python3.7/site-packages/airflow/example_dags/example_branch_day_of_week_operator.py for tasks to queue
[2023-03-10T02:07:52.167+0000] {logging_mixin.py:137} INFO - [2023-03-10T02:07:52.167+0000] {dagbag.py:538} INFO - Filling up the DagBag from /home/airflow/.local/lib/python3.7/site-packages/airflow/example_dags/example_branch_day_of_week_operator.py
[2023-03-10T02:07:52.179+0000] {processor.py:753} INFO - DAG(s) dict_keys(['example_weekday_branch_operator']) retrieved from /home/airflow/.local/lib/python3.7/site-packages/airflow/example_dags/example_branch_day_of_week_operator.py
[2023-03-10T02:07:52.200+0000] {logging_mixin.py:137} INFO - [2023-03-10T02:07:52.200+0000] {dag.py:2690} INFO - Sync 1 DAGs
[2023-03-10T02:07:52.225+0000] {logging_mixin.py:137} INFO - [2023-03-10T02:07:52.225+0000] {dag.py:3441} INFO - Setting next_dagrun for example_weekday_branch_operator to 2023-03-09T00:00:00+00:00, run_after=2023-03-10T00:00:00+00:00
[2023-03-10T02:07:52.249+0000] {processor.py:175} INFO - Processing /home/airflow/.local/lib/python3.7/site-packages/airflow/example_dags/example_branch_day_of_week_operator.py took 0.085 seconds
[2023-03-10T02:08:22.469+0000] {processor.py:153} INFO - Started process (PID=1570) to work on /home/airflow/.local/lib/python3.7/site-packages/airflow/example_dags/example_branch_day_of_week_operator.py
[2023-03-10T02:08:22.470+0000] {processor.py:743} INFO - Processing file /home/airflow/.local/lib/python3.7/site-packages/airflow/example_dags/example_branch_day_of_week_operator.py for tasks to queue
[2023-03-10T02:08:22.471+0000] {logging_mixin.py:137} INFO - [2023-03-10T02:08:22.470+0000] {dagbag.py:538} INFO - Filling up the DagBag from /home/airflow/.local/lib/python3.7/site-packages/airflow/example_dags/example_branch_day_of_week_operator.py
[2023-03-10T02:08:22.490+0000] {processor.py:753} INFO - DAG(s) dict_keys(['example_weekday_branch_operator']) retrieved from /home/airflow/.local/lib/python3.7/site-packages/airflow/example_dags/example_branch_day_of_week_operator.py
[2023-03-10T02:08:22.516+0000] {logging_mixin.py:137} INFO - [2023-03-10T02:08:22.516+0000] {dag.py:2690} INFO - Sync 1 DAGs
[2023-03-10T02:08:22.542+0000] {logging_mixin.py:137} INFO - [2023-03-10T02:08:22.542+0000] {dag.py:3441} INFO - Setting next_dagrun for example_weekday_branch_operator to 2023-03-09T00:00:00+00:00, run_after=2023-03-10T00:00:00+00:00
[2023-03-10T02:08:22.561+0000] {processor.py:175} INFO - Processing /home/airflow/.local/lib/python3.7/site-packages/airflow/example_dags/example_branch_day_of_week_operator.py took 0.094 seconds
[2023-03-10T02:08:52.984+0000] {processor.py:153} INFO - Started process (PID=1828) to work on /home/airflow/.local/lib/python3.7/site-packages/airflow/example_dags/example_branch_day_of_week_operator.py
[2023-03-10T02:08:52.984+0000] {processor.py:743} INFO - Processing file /home/airflow/.local/lib/python3.7/site-packages/airflow/example_dags/example_branch_day_of_week_operator.py for tasks to queue
[2023-03-10T02:08:52.985+0000] {logging_mixin.py:137} INFO - [2023-03-10T02:08:52.984+0000] {dagbag.py:538} INFO - Filling up the DagBag from /home/airflow/.local/lib/python3.7/site-packages/airflow/example_dags/example_branch_day_of_week_operator.py
[2023-03-10T02:08:52.997+0000] {processor.py:753} INFO - DAG(s) dict_keys(['example_weekday_branch_operator']) retrieved from /home/airflow/.local/lib/python3.7/site-packages/airflow/example_dags/example_branch_day_of_week_operator.py
[2023-03-10T02:08:53.020+0000] {logging_mixin.py:137} INFO - [2023-03-10T02:08:53.020+0000] {dag.py:2690} INFO - Sync 1 DAGs
[2023-03-10T02:08:53.046+0000] {logging_mixin.py:137} INFO - [2023-03-10T02:08:53.046+0000] {dag.py:3441} INFO - Setting next_dagrun for example_weekday_branch_operator to 2023-03-09T00:00:00+00:00, run_after=2023-03-10T00:00:00+00:00
[2023-03-10T02:08:53.067+0000] {processor.py:175} INFO - Processing /home/airflow/.local/lib/python3.7/site-packages/airflow/example_dags/example_branch_day_of_week_operator.py took 0.086 seconds
[2023-03-10T02:09:23.568+0000] {processor.py:153} INFO - Started process (PID=2100) to work on /home/airflow/.local/lib/python3.7/site-packages/airflow/example_dags/example_branch_day_of_week_operator.py
[2023-03-10T02:09:23.569+0000] {processor.py:743} INFO - Processing file /home/airflow/.local/lib/python3.7/site-packages/airflow/example_dags/example_branch_day_of_week_operator.py for tasks to queue
[2023-03-10T02:09:23.569+0000] {logging_mixin.py:137} INFO - [2023-03-10T02:09:23.569+0000] {dagbag.py:538} INFO - Filling up the DagBag from /home/airflow/.local/lib/python3.7/site-packages/airflow/example_dags/example_branch_day_of_week_operator.py
[2023-03-10T02:09:23.583+0000] {processor.py:753} INFO - DAG(s) dict_keys(['example_weekday_branch_operator']) retrieved from /home/airflow/.local/lib/python3.7/site-packages/airflow/example_dags/example_branch_day_of_week_operator.py
[2023-03-10T02:09:23.604+0000] {logging_mixin.py:137} INFO - [2023-03-10T02:09:23.604+0000] {dag.py:2690} INFO - Sync 1 DAGs
[2023-03-10T02:09:23.627+0000] {logging_mixin.py:137} INFO - [2023-03-10T02:09:23.627+0000] {dag.py:3441} INFO - Setting next_dagrun for example_weekday_branch_operator to 2023-03-09T00:00:00+00:00, run_after=2023-03-10T00:00:00+00:00
[2023-03-10T02:09:23.648+0000] {processor.py:175} INFO - Processing /home/airflow/.local/lib/python3.7/site-packages/airflow/example_dags/example_branch_day_of_week_operator.py took 0.083 seconds
