[2023-03-10T02:05:50.069+0000] {processor.py:153} INFO - Started process (PID=287) to work on /home/airflow/.local/lib/python3.7/site-packages/airflow/example_dags/example_subdag_operator.py
[2023-03-10T02:05:50.070+0000] {processor.py:743} INFO - Processing file /home/airflow/.local/lib/python3.7/site-packages/airflow/example_dags/example_subdag_operator.py for tasks to queue
[2023-03-10T02:05:50.070+0000] {logging_mixin.py:137} INFO - [2023-03-10T02:05:50.070+0000] {dagbag.py:538} INFO - Filling up the DagBag from /home/airflow/.local/lib/python3.7/site-packages/airflow/example_dags/example_subdag_operator.py
[2023-03-10T02:05:50.101+0000] {processor.py:753} INFO - DAG(s) dict_keys(['example_subdag_operator.section-1', 'example_subdag_operator.section-2', 'example_subdag_operator']) retrieved from /home/airflow/.local/lib/python3.7/site-packages/airflow/example_dags/example_subdag_operator.py
[2023-03-10T02:05:50.105+0000] {logging_mixin.py:137} INFO - [2023-03-10T02:05:50.104+0000] {dag.py:2690} INFO - Sync 3 DAGs
[2023-03-10T02:05:50.134+0000] {logging_mixin.py:137} INFO - [2023-03-10T02:05:50.134+0000] {dag.py:3441} INFO - Setting next_dagrun for example_subdag_operator to 2022-01-01T00:00:00+00:00, run_after=2022-01-01T00:00:00+00:00
[2023-03-10T02:05:50.138+0000] {logging_mixin.py:137} INFO - [2023-03-10T02:05:50.138+0000] {dag.py:3441} INFO - Setting next_dagrun for example_subdag_operator.section-1 to None, run_after=None
[2023-03-10T02:05:50.139+0000] {logging_mixin.py:137} INFO - [2023-03-10T02:05:50.139+0000] {dag.py:3441} INFO - Setting next_dagrun for example_subdag_operator.section-2 to None, run_after=None
[2023-03-10T02:05:50.147+0000] {logging_mixin.py:137} INFO - [2023-03-10T02:05:50.147+0000] {dag.py:2690} INFO - Sync 2 DAGs
[2023-03-10T02:05:50.154+0000] {logging_mixin.py:137} INFO - [2023-03-10T02:05:50.154+0000] {dag.py:3441} INFO - Setting next_dagrun for example_subdag_operator.section-1 to None, run_after=None
[2023-03-10T02:05:50.154+0000] {logging_mixin.py:137} INFO - [2023-03-10T02:05:50.154+0000] {dag.py:3441} INFO - Setting next_dagrun for example_subdag_operator.section-2 to None, run_after=None
[2023-03-10T02:05:50.166+0000] {processor.py:175} INFO - Processing /home/airflow/.local/lib/python3.7/site-packages/airflow/example_dags/example_subdag_operator.py took 0.100 seconds
[2023-03-10T02:06:20.661+0000] {processor.py:153} INFO - Started process (PID=561) to work on /home/airflow/.local/lib/python3.7/site-packages/airflow/example_dags/example_subdag_operator.py
[2023-03-10T02:06:20.662+0000] {processor.py:743} INFO - Processing file /home/airflow/.local/lib/python3.7/site-packages/airflow/example_dags/example_subdag_operator.py for tasks to queue
[2023-03-10T02:06:20.662+0000] {logging_mixin.py:137} INFO - [2023-03-10T02:06:20.662+0000] {dagbag.py:538} INFO - Filling up the DagBag from /home/airflow/.local/lib/python3.7/site-packages/airflow/example_dags/example_subdag_operator.py
[2023-03-10T02:06:20.689+0000] {processor.py:753} INFO - DAG(s) dict_keys(['example_subdag_operator.section-1', 'example_subdag_operator.section-2', 'example_subdag_operator']) retrieved from /home/airflow/.local/lib/python3.7/site-packages/airflow/example_dags/example_subdag_operator.py
[2023-03-10T02:06:20.703+0000] {logging_mixin.py:137} INFO - [2023-03-10T02:06:20.703+0000] {dag.py:2690} INFO - Sync 3 DAGs
[2023-03-10T02:06:20.726+0000] {logging_mixin.py:137} INFO - [2023-03-10T02:06:20.726+0000] {dag.py:3441} INFO - Setting next_dagrun for example_subdag_operator to 2022-01-01T00:00:00+00:00, run_after=2022-01-01T00:00:00+00:00
[2023-03-10T02:06:20.730+0000] {logging_mixin.py:137} INFO - [2023-03-10T02:06:20.730+0000] {dag.py:3441} INFO - Setting next_dagrun for example_subdag_operator.section-1 to None, run_after=None
[2023-03-10T02:06:20.731+0000] {logging_mixin.py:137} INFO - [2023-03-10T02:06:20.731+0000] {dag.py:3441} INFO - Setting next_dagrun for example_subdag_operator.section-2 to None, run_after=None
[2023-03-10T02:06:20.738+0000] {logging_mixin.py:137} INFO - [2023-03-10T02:06:20.738+0000] {dag.py:2690} INFO - Sync 2 DAGs
[2023-03-10T02:06:20.746+0000] {logging_mixin.py:137} INFO - [2023-03-10T02:06:20.745+0000] {dag.py:3441} INFO - Setting next_dagrun for example_subdag_operator.section-1 to None, run_after=None
[2023-03-10T02:06:20.746+0000] {logging_mixin.py:137} INFO - [2023-03-10T02:06:20.746+0000] {dag.py:3441} INFO - Setting next_dagrun for example_subdag_operator.section-2 to None, run_after=None
[2023-03-10T02:06:20.761+0000] {processor.py:175} INFO - Processing /home/airflow/.local/lib/python3.7/site-packages/airflow/example_dags/example_subdag_operator.py took 0.102 seconds
[2023-03-10T02:06:51.500+0000] {processor.py:153} INFO - Started process (PID=807) to work on /home/airflow/.local/lib/python3.7/site-packages/airflow/example_dags/example_subdag_operator.py
[2023-03-10T02:06:51.500+0000] {processor.py:743} INFO - Processing file /home/airflow/.local/lib/python3.7/site-packages/airflow/example_dags/example_subdag_operator.py for tasks to queue
[2023-03-10T02:06:51.500+0000] {logging_mixin.py:137} INFO - [2023-03-10T02:06:51.500+0000] {dagbag.py:538} INFO - Filling up the DagBag from /home/airflow/.local/lib/python3.7/site-packages/airflow/example_dags/example_subdag_operator.py
[2023-03-10T02:06:51.529+0000] {processor.py:753} INFO - DAG(s) dict_keys(['example_subdag_operator.section-1', 'example_subdag_operator.section-2', 'example_subdag_operator']) retrieved from /home/airflow/.local/lib/python3.7/site-packages/airflow/example_dags/example_subdag_operator.py
[2023-03-10T02:06:51.546+0000] {logging_mixin.py:137} INFO - [2023-03-10T02:06:51.546+0000] {dag.py:2690} INFO - Sync 3 DAGs
[2023-03-10T02:06:51.571+0000] {logging_mixin.py:137} INFO - [2023-03-10T02:06:51.571+0000] {dag.py:3441} INFO - Setting next_dagrun for example_subdag_operator to 2022-01-01T00:00:00+00:00, run_after=2022-01-01T00:00:00+00:00
[2023-03-10T02:06:51.575+0000] {logging_mixin.py:137} INFO - [2023-03-10T02:06:51.575+0000] {dag.py:3441} INFO - Setting next_dagrun for example_subdag_operator.section-1 to None, run_after=None
[2023-03-10T02:06:51.577+0000] {logging_mixin.py:137} INFO - [2023-03-10T02:06:51.577+0000] {dag.py:3441} INFO - Setting next_dagrun for example_subdag_operator.section-2 to None, run_after=None
[2023-03-10T02:06:51.585+0000] {logging_mixin.py:137} INFO - [2023-03-10T02:06:51.585+0000] {dag.py:2690} INFO - Sync 2 DAGs
[2023-03-10T02:06:51.591+0000] {logging_mixin.py:137} INFO - [2023-03-10T02:06:51.590+0000] {dag.py:3441} INFO - Setting next_dagrun for example_subdag_operator.section-1 to None, run_after=None
[2023-03-10T02:06:51.591+0000] {logging_mixin.py:137} INFO - [2023-03-10T02:06:51.591+0000] {dag.py:3441} INFO - Setting next_dagrun for example_subdag_operator.section-2 to None, run_after=None
[2023-03-10T02:06:51.603+0000] {processor.py:175} INFO - Processing /home/airflow/.local/lib/python3.7/site-packages/airflow/example_dags/example_subdag_operator.py took 0.106 seconds
[2023-03-10T02:07:22.142+0000] {processor.py:153} INFO - Started process (PID=1080) to work on /home/airflow/.local/lib/python3.7/site-packages/airflow/example_dags/example_subdag_operator.py
[2023-03-10T02:07:22.143+0000] {processor.py:743} INFO - Processing file /home/airflow/.local/lib/python3.7/site-packages/airflow/example_dags/example_subdag_operator.py for tasks to queue
[2023-03-10T02:07:22.143+0000] {logging_mixin.py:137} INFO - [2023-03-10T02:07:22.143+0000] {dagbag.py:538} INFO - Filling up the DagBag from /home/airflow/.local/lib/python3.7/site-packages/airflow/example_dags/example_subdag_operator.py
[2023-03-10T02:07:22.170+0000] {processor.py:753} INFO - DAG(s) dict_keys(['example_subdag_operator.section-1', 'example_subdag_operator.section-2', 'example_subdag_operator']) retrieved from /home/airflow/.local/lib/python3.7/site-packages/airflow/example_dags/example_subdag_operator.py
[2023-03-10T02:07:22.185+0000] {logging_mixin.py:137} INFO - [2023-03-10T02:07:22.184+0000] {dag.py:2690} INFO - Sync 3 DAGs
[2023-03-10T02:07:22.207+0000] {logging_mixin.py:137} INFO - [2023-03-10T02:07:22.207+0000] {dag.py:3441} INFO - Setting next_dagrun for example_subdag_operator to 2022-01-01T00:00:00+00:00, run_after=2022-01-01T00:00:00+00:00
[2023-03-10T02:07:22.210+0000] {logging_mixin.py:137} INFO - [2023-03-10T02:07:22.210+0000] {dag.py:3441} INFO - Setting next_dagrun for example_subdag_operator.section-1 to None, run_after=None
[2023-03-10T02:07:22.212+0000] {logging_mixin.py:137} INFO - [2023-03-10T02:07:22.212+0000] {dag.py:3441} INFO - Setting next_dagrun for example_subdag_operator.section-2 to None, run_after=None
[2023-03-10T02:07:22.218+0000] {logging_mixin.py:137} INFO - [2023-03-10T02:07:22.218+0000] {dag.py:2690} INFO - Sync 2 DAGs
[2023-03-10T02:07:22.225+0000] {logging_mixin.py:137} INFO - [2023-03-10T02:07:22.225+0000] {dag.py:3441} INFO - Setting next_dagrun for example_subdag_operator.section-1 to None, run_after=None
[2023-03-10T02:07:22.225+0000] {logging_mixin.py:137} INFO - [2023-03-10T02:07:22.225+0000] {dag.py:3441} INFO - Setting next_dagrun for example_subdag_operator.section-2 to None, run_after=None
[2023-03-10T02:07:22.237+0000] {processor.py:175} INFO - Processing /home/airflow/.local/lib/python3.7/site-packages/airflow/example_dags/example_subdag_operator.py took 0.097 seconds
[2023-03-10T02:07:52.489+0000] {processor.py:153} INFO - Started process (PID=1328) to work on /home/airflow/.local/lib/python3.7/site-packages/airflow/example_dags/example_subdag_operator.py
[2023-03-10T02:07:52.490+0000] {processor.py:743} INFO - Processing file /home/airflow/.local/lib/python3.7/site-packages/airflow/example_dags/example_subdag_operator.py for tasks to queue
[2023-03-10T02:07:52.490+0000] {logging_mixin.py:137} INFO - [2023-03-10T02:07:52.490+0000] {dagbag.py:538} INFO - Filling up the DagBag from /home/airflow/.local/lib/python3.7/site-packages/airflow/example_dags/example_subdag_operator.py
[2023-03-10T02:07:52.517+0000] {processor.py:753} INFO - DAG(s) dict_keys(['example_subdag_operator.section-1', 'example_subdag_operator.section-2', 'example_subdag_operator']) retrieved from /home/airflow/.local/lib/python3.7/site-packages/airflow/example_dags/example_subdag_operator.py
[2023-03-10T02:07:52.532+0000] {logging_mixin.py:137} INFO - [2023-03-10T02:07:52.532+0000] {dag.py:2690} INFO - Sync 3 DAGs
[2023-03-10T02:07:52.554+0000] {logging_mixin.py:137} INFO - [2023-03-10T02:07:52.554+0000] {dag.py:3441} INFO - Setting next_dagrun for example_subdag_operator to 2022-01-01T00:00:00+00:00, run_after=2022-01-01T00:00:00+00:00
[2023-03-10T02:07:52.557+0000] {logging_mixin.py:137} INFO - [2023-03-10T02:07:52.557+0000] {dag.py:3441} INFO - Setting next_dagrun for example_subdag_operator.section-1 to None, run_after=None
[2023-03-10T02:07:52.558+0000] {logging_mixin.py:137} INFO - [2023-03-10T02:07:52.558+0000] {dag.py:3441} INFO - Setting next_dagrun for example_subdag_operator.section-2 to None, run_after=None
[2023-03-10T02:07:52.566+0000] {logging_mixin.py:137} INFO - [2023-03-10T02:07:52.566+0000] {dag.py:2690} INFO - Sync 2 DAGs
[2023-03-10T02:07:52.572+0000] {logging_mixin.py:137} INFO - [2023-03-10T02:07:52.572+0000] {dag.py:3441} INFO - Setting next_dagrun for example_subdag_operator.section-1 to None, run_after=None
[2023-03-10T02:07:52.573+0000] {logging_mixin.py:137} INFO - [2023-03-10T02:07:52.572+0000] {dag.py:3441} INFO - Setting next_dagrun for example_subdag_operator.section-2 to None, run_after=None
[2023-03-10T02:07:52.583+0000] {processor.py:175} INFO - Processing /home/airflow/.local/lib/python3.7/site-packages/airflow/example_dags/example_subdag_operator.py took 0.096 seconds
[2023-03-10T02:08:22.815+0000] {processor.py:153} INFO - Started process (PID=1600) to work on /home/airflow/.local/lib/python3.7/site-packages/airflow/example_dags/example_subdag_operator.py
[2023-03-10T02:08:22.815+0000] {processor.py:743} INFO - Processing file /home/airflow/.local/lib/python3.7/site-packages/airflow/example_dags/example_subdag_operator.py for tasks to queue
[2023-03-10T02:08:22.816+0000] {logging_mixin.py:137} INFO - [2023-03-10T02:08:22.815+0000] {dagbag.py:538} INFO - Filling up the DagBag from /home/airflow/.local/lib/python3.7/site-packages/airflow/example_dags/example_subdag_operator.py
[2023-03-10T02:08:22.842+0000] {processor.py:753} INFO - DAG(s) dict_keys(['example_subdag_operator.section-1', 'example_subdag_operator.section-2', 'example_subdag_operator']) retrieved from /home/airflow/.local/lib/python3.7/site-packages/airflow/example_dags/example_subdag_operator.py
[2023-03-10T02:08:22.858+0000] {logging_mixin.py:137} INFO - [2023-03-10T02:08:22.858+0000] {dag.py:2690} INFO - Sync 3 DAGs
[2023-03-10T02:08:22.880+0000] {logging_mixin.py:137} INFO - [2023-03-10T02:08:22.880+0000] {dag.py:3441} INFO - Setting next_dagrun for example_subdag_operator to 2022-01-01T00:00:00+00:00, run_after=2022-01-01T00:00:00+00:00
[2023-03-10T02:08:22.883+0000] {logging_mixin.py:137} INFO - [2023-03-10T02:08:22.883+0000] {dag.py:3441} INFO - Setting next_dagrun for example_subdag_operator.section-1 to None, run_after=None
[2023-03-10T02:08:22.884+0000] {logging_mixin.py:137} INFO - [2023-03-10T02:08:22.884+0000] {dag.py:3441} INFO - Setting next_dagrun for example_subdag_operator.section-2 to None, run_after=None
[2023-03-10T02:08:22.891+0000] {logging_mixin.py:137} INFO - [2023-03-10T02:08:22.891+0000] {dag.py:2690} INFO - Sync 2 DAGs
[2023-03-10T02:08:22.897+0000] {logging_mixin.py:137} INFO - [2023-03-10T02:08:22.897+0000] {dag.py:3441} INFO - Setting next_dagrun for example_subdag_operator.section-1 to None, run_after=None
[2023-03-10T02:08:22.897+0000] {logging_mixin.py:137} INFO - [2023-03-10T02:08:22.897+0000] {dag.py:3441} INFO - Setting next_dagrun for example_subdag_operator.section-2 to None, run_after=None
[2023-03-10T02:08:22.907+0000] {processor.py:175} INFO - Processing /home/airflow/.local/lib/python3.7/site-packages/airflow/example_dags/example_subdag_operator.py took 0.095 seconds
[2023-03-10T02:08:53.334+0000] {processor.py:153} INFO - Started process (PID=1858) to work on /home/airflow/.local/lib/python3.7/site-packages/airflow/example_dags/example_subdag_operator.py
[2023-03-10T02:08:53.334+0000] {processor.py:743} INFO - Processing file /home/airflow/.local/lib/python3.7/site-packages/airflow/example_dags/example_subdag_operator.py for tasks to queue
[2023-03-10T02:08:53.335+0000] {logging_mixin.py:137} INFO - [2023-03-10T02:08:53.335+0000] {dagbag.py:538} INFO - Filling up the DagBag from /home/airflow/.local/lib/python3.7/site-packages/airflow/example_dags/example_subdag_operator.py
[2023-03-10T02:08:53.363+0000] {processor.py:753} INFO - DAG(s) dict_keys(['example_subdag_operator.section-1', 'example_subdag_operator.section-2', 'example_subdag_operator']) retrieved from /home/airflow/.local/lib/python3.7/site-packages/airflow/example_dags/example_subdag_operator.py
[2023-03-10T02:08:53.380+0000] {logging_mixin.py:137} INFO - [2023-03-10T02:08:53.380+0000] {dag.py:2690} INFO - Sync 3 DAGs
[2023-03-10T02:08:53.403+0000] {logging_mixin.py:137} INFO - [2023-03-10T02:08:53.403+0000] {dag.py:3441} INFO - Setting next_dagrun for example_subdag_operator to 2022-01-01T00:00:00+00:00, run_after=2022-01-01T00:00:00+00:00
[2023-03-10T02:08:53.407+0000] {logging_mixin.py:137} INFO - [2023-03-10T02:08:53.407+0000] {dag.py:3441} INFO - Setting next_dagrun for example_subdag_operator.section-1 to None, run_after=None
[2023-03-10T02:08:53.408+0000] {logging_mixin.py:137} INFO - [2023-03-10T02:08:53.408+0000] {dag.py:3441} INFO - Setting next_dagrun for example_subdag_operator.section-2 to None, run_after=None
[2023-03-10T02:08:53.415+0000] {logging_mixin.py:137} INFO - [2023-03-10T02:08:53.415+0000] {dag.py:2690} INFO - Sync 2 DAGs
[2023-03-10T02:08:53.421+0000] {logging_mixin.py:137} INFO - [2023-03-10T02:08:53.420+0000] {dag.py:3441} INFO - Setting next_dagrun for example_subdag_operator.section-1 to None, run_after=None
[2023-03-10T02:08:53.421+0000] {logging_mixin.py:137} INFO - [2023-03-10T02:08:53.421+0000] {dag.py:3441} INFO - Setting next_dagrun for example_subdag_operator.section-2 to None, run_after=None
[2023-03-10T02:08:53.432+0000] {processor.py:175} INFO - Processing /home/airflow/.local/lib/python3.7/site-packages/airflow/example_dags/example_subdag_operator.py took 0.101 seconds
[2023-03-10T02:09:23.898+0000] {processor.py:153} INFO - Started process (PID=2132) to work on /home/airflow/.local/lib/python3.7/site-packages/airflow/example_dags/example_subdag_operator.py
[2023-03-10T02:09:23.899+0000] {processor.py:743} INFO - Processing file /home/airflow/.local/lib/python3.7/site-packages/airflow/example_dags/example_subdag_operator.py for tasks to queue
[2023-03-10T02:09:23.900+0000] {logging_mixin.py:137} INFO - [2023-03-10T02:09:23.900+0000] {dagbag.py:538} INFO - Filling up the DagBag from /home/airflow/.local/lib/python3.7/site-packages/airflow/example_dags/example_subdag_operator.py
[2023-03-10T02:09:23.928+0000] {processor.py:753} INFO - DAG(s) dict_keys(['example_subdag_operator.section-1', 'example_subdag_operator.section-2', 'example_subdag_operator']) retrieved from /home/airflow/.local/lib/python3.7/site-packages/airflow/example_dags/example_subdag_operator.py
[2023-03-10T02:09:23.943+0000] {logging_mixin.py:137} INFO - [2023-03-10T02:09:23.943+0000] {dag.py:2690} INFO - Sync 3 DAGs
[2023-03-10T02:09:23.964+0000] {logging_mixin.py:137} INFO - [2023-03-10T02:09:23.964+0000] {dag.py:3441} INFO - Setting next_dagrun for example_subdag_operator to 2022-01-01T00:00:00+00:00, run_after=2022-01-01T00:00:00+00:00
[2023-03-10T02:09:23.969+0000] {logging_mixin.py:137} INFO - [2023-03-10T02:09:23.969+0000] {dag.py:3441} INFO - Setting next_dagrun for example_subdag_operator.section-1 to None, run_after=None
[2023-03-10T02:09:23.970+0000] {logging_mixin.py:137} INFO - [2023-03-10T02:09:23.970+0000] {dag.py:3441} INFO - Setting next_dagrun for example_subdag_operator.section-2 to None, run_after=None
[2023-03-10T02:09:23.977+0000] {logging_mixin.py:137} INFO - [2023-03-10T02:09:23.976+0000] {dag.py:2690} INFO - Sync 2 DAGs
[2023-03-10T02:09:23.983+0000] {logging_mixin.py:137} INFO - [2023-03-10T02:09:23.983+0000] {dag.py:3441} INFO - Setting next_dagrun for example_subdag_operator.section-1 to None, run_after=None
[2023-03-10T02:09:23.983+0000] {logging_mixin.py:137} INFO - [2023-03-10T02:09:23.983+0000] {dag.py:3441} INFO - Setting next_dagrun for example_subdag_operator.section-2 to None, run_after=None
[2023-03-10T02:09:23.993+0000] {processor.py:175} INFO - Processing /home/airflow/.local/lib/python3.7/site-packages/airflow/example_dags/example_subdag_operator.py took 0.098 seconds
