[2023-03-10T02:05:51.155+0000] {processor.py:153} INFO - Started process (PID=371) to work on /home/airflow/.local/lib/python3.7/site-packages/airflow/example_dags/example_short_circuit_decorator.py
[2023-03-10T02:05:51.156+0000] {processor.py:743} INFO - Processing file /home/airflow/.local/lib/python3.7/site-packages/airflow/example_dags/example_short_circuit_decorator.py for tasks to queue
[2023-03-10T02:05:51.156+0000] {logging_mixin.py:137} INFO - [2023-03-10T02:05:51.156+0000] {dagbag.py:538} INFO - Filling up the DagBag from /home/airflow/.local/lib/python3.7/site-packages/airflow/example_dags/example_short_circuit_decorator.py
[2023-03-10T02:05:51.181+0000] {processor.py:753} INFO - DAG(s) dict_keys(['example_short_circuit_decorator']) retrieved from /home/airflow/.local/lib/python3.7/site-packages/airflow/example_dags/example_short_circuit_decorator.py
[2023-03-10T02:05:51.196+0000] {logging_mixin.py:137} INFO - [2023-03-10T02:05:51.196+0000] {dag.py:2690} INFO - Sync 1 DAGs
[2023-03-10T02:05:51.228+0000] {logging_mixin.py:137} INFO - [2023-03-10T02:05:51.227+0000] {dag.py:3441} INFO - Setting next_dagrun for example_short_circuit_decorator to 2023-03-09T02:05:51.227575+00:00, run_after=2023-03-10T02:05:51.227575+00:00
[2023-03-10T02:05:51.259+0000] {processor.py:175} INFO - Processing /home/airflow/.local/lib/python3.7/site-packages/airflow/example_dags/example_short_circuit_decorator.py took 0.108 seconds
[2023-03-10T02:06:21.702+0000] {processor.py:153} INFO - Started process (PID=634) to work on /home/airflow/.local/lib/python3.7/site-packages/airflow/example_dags/example_short_circuit_decorator.py
[2023-03-10T02:06:21.702+0000] {processor.py:743} INFO - Processing file /home/airflow/.local/lib/python3.7/site-packages/airflow/example_dags/example_short_circuit_decorator.py for tasks to queue
[2023-03-10T02:06:21.703+0000] {logging_mixin.py:137} INFO - [2023-03-10T02:06:21.703+0000] {dagbag.py:538} INFO - Filling up the DagBag from /home/airflow/.local/lib/python3.7/site-packages/airflow/example_dags/example_short_circuit_decorator.py
[2023-03-10T02:06:21.722+0000] {processor.py:753} INFO - DAG(s) dict_keys(['example_short_circuit_decorator']) retrieved from /home/airflow/.local/lib/python3.7/site-packages/airflow/example_dags/example_short_circuit_decorator.py
[2023-03-10T02:06:21.745+0000] {logging_mixin.py:137} INFO - [2023-03-10T02:06:21.745+0000] {dag.py:2690} INFO - Sync 1 DAGs
[2023-03-10T02:06:21.768+0000] {logging_mixin.py:137} INFO - [2023-03-10T02:06:21.768+0000] {dag.py:3441} INFO - Setting next_dagrun for example_short_circuit_decorator to 2023-03-09T02:06:21.768361+00:00, run_after=2023-03-10T02:06:21.768361+00:00
[2023-03-10T02:06:21.788+0000] {processor.py:175} INFO - Processing /home/airflow/.local/lib/python3.7/site-packages/airflow/example_dags/example_short_circuit_decorator.py took 0.089 seconds
[2023-03-10T02:06:52.596+0000] {processor.py:153} INFO - Started process (PID=884) to work on /home/airflow/.local/lib/python3.7/site-packages/airflow/example_dags/example_short_circuit_decorator.py
[2023-03-10T02:06:52.596+0000] {processor.py:743} INFO - Processing file /home/airflow/.local/lib/python3.7/site-packages/airflow/example_dags/example_short_circuit_decorator.py for tasks to queue
[2023-03-10T02:06:52.597+0000] {logging_mixin.py:137} INFO - [2023-03-10T02:06:52.597+0000] {dagbag.py:538} INFO - Filling up the DagBag from /home/airflow/.local/lib/python3.7/site-packages/airflow/example_dags/example_short_circuit_decorator.py
[2023-03-10T02:06:52.620+0000] {processor.py:753} INFO - DAG(s) dict_keys(['example_short_circuit_decorator']) retrieved from /home/airflow/.local/lib/python3.7/site-packages/airflow/example_dags/example_short_circuit_decorator.py
[2023-03-10T02:06:52.645+0000] {logging_mixin.py:137} INFO - [2023-03-10T02:06:52.645+0000] {dag.py:2690} INFO - Sync 1 DAGs
[2023-03-10T02:06:52.671+0000] {logging_mixin.py:137} INFO - [2023-03-10T02:06:52.671+0000] {dag.py:3441} INFO - Setting next_dagrun for example_short_circuit_decorator to 2023-03-09T02:06:52.671487+00:00, run_after=2023-03-10T02:06:52.671487+00:00
[2023-03-10T02:06:52.691+0000] {processor.py:175} INFO - Processing /home/airflow/.local/lib/python3.7/site-packages/airflow/example_dags/example_short_circuit_decorator.py took 0.098 seconds
[2023-03-10T02:07:22.982+0000] {processor.py:153} INFO - Started process (PID=1155) to work on /home/airflow/.local/lib/python3.7/site-packages/airflow/example_dags/example_short_circuit_decorator.py
[2023-03-10T02:07:22.983+0000] {processor.py:743} INFO - Processing file /home/airflow/.local/lib/python3.7/site-packages/airflow/example_dags/example_short_circuit_decorator.py for tasks to queue
[2023-03-10T02:07:22.983+0000] {logging_mixin.py:137} INFO - [2023-03-10T02:07:22.983+0000] {dagbag.py:538} INFO - Filling up the DagBag from /home/airflow/.local/lib/python3.7/site-packages/airflow/example_dags/example_short_circuit_decorator.py
[2023-03-10T02:07:23.004+0000] {processor.py:753} INFO - DAG(s) dict_keys(['example_short_circuit_decorator']) retrieved from /home/airflow/.local/lib/python3.7/site-packages/airflow/example_dags/example_short_circuit_decorator.py
[2023-03-10T02:07:23.027+0000] {logging_mixin.py:137} INFO - [2023-03-10T02:07:23.026+0000] {dag.py:2690} INFO - Sync 1 DAGs
[2023-03-10T02:07:23.048+0000] {logging_mixin.py:137} INFO - [2023-03-10T02:07:23.048+0000] {dag.py:3441} INFO - Setting next_dagrun for example_short_circuit_decorator to 2023-03-09T02:07:23.048257+00:00, run_after=2023-03-10T02:07:23.048257+00:00
[2023-03-10T02:07:23.069+0000] {processor.py:175} INFO - Processing /home/airflow/.local/lib/python3.7/site-packages/airflow/example_dags/example_short_circuit_decorator.py took 0.089 seconds
[2023-03-10T02:07:53.329+0000] {processor.py:153} INFO - Started process (PID=1403) to work on /home/airflow/.local/lib/python3.7/site-packages/airflow/example_dags/example_short_circuit_decorator.py
[2023-03-10T02:07:53.330+0000] {processor.py:743} INFO - Processing file /home/airflow/.local/lib/python3.7/site-packages/airflow/example_dags/example_short_circuit_decorator.py for tasks to queue
[2023-03-10T02:07:53.331+0000] {logging_mixin.py:137} INFO - [2023-03-10T02:07:53.331+0000] {dagbag.py:538} INFO - Filling up the DagBag from /home/airflow/.local/lib/python3.7/site-packages/airflow/example_dags/example_short_circuit_decorator.py
[2023-03-10T02:07:53.349+0000] {processor.py:753} INFO - DAG(s) dict_keys(['example_short_circuit_decorator']) retrieved from /home/airflow/.local/lib/python3.7/site-packages/airflow/example_dags/example_short_circuit_decorator.py
[2023-03-10T02:07:53.371+0000] {logging_mixin.py:137} INFO - [2023-03-10T02:07:53.371+0000] {dag.py:2690} INFO - Sync 1 DAGs
[2023-03-10T02:07:53.394+0000] {logging_mixin.py:137} INFO - [2023-03-10T02:07:53.394+0000] {dag.py:3441} INFO - Setting next_dagrun for example_short_circuit_decorator to 2023-03-09T02:07:53.394477+00:00, run_after=2023-03-10T02:07:53.394477+00:00
[2023-03-10T02:07:53.413+0000] {processor.py:175} INFO - Processing /home/airflow/.local/lib/python3.7/site-packages/airflow/example_dags/example_short_circuit_decorator.py took 0.085 seconds
[2023-03-10T02:08:23.644+0000] {processor.py:153} INFO - Started process (PID=1675) to work on /home/airflow/.local/lib/python3.7/site-packages/airflow/example_dags/example_short_circuit_decorator.py
[2023-03-10T02:08:23.645+0000] {processor.py:743} INFO - Processing file /home/airflow/.local/lib/python3.7/site-packages/airflow/example_dags/example_short_circuit_decorator.py for tasks to queue
[2023-03-10T02:08:23.646+0000] {logging_mixin.py:137} INFO - [2023-03-10T02:08:23.646+0000] {dagbag.py:538} INFO - Filling up the DagBag from /home/airflow/.local/lib/python3.7/site-packages/airflow/example_dags/example_short_circuit_decorator.py
[2023-03-10T02:08:23.664+0000] {processor.py:753} INFO - DAG(s) dict_keys(['example_short_circuit_decorator']) retrieved from /home/airflow/.local/lib/python3.7/site-packages/airflow/example_dags/example_short_circuit_decorator.py
[2023-03-10T02:08:23.687+0000] {logging_mixin.py:137} INFO - [2023-03-10T02:08:23.687+0000] {dag.py:2690} INFO - Sync 1 DAGs
[2023-03-10T02:08:23.709+0000] {logging_mixin.py:137} INFO - [2023-03-10T02:08:23.709+0000] {dag.py:3441} INFO - Setting next_dagrun for example_short_circuit_decorator to 2023-03-09T02:08:23.709611+00:00, run_after=2023-03-10T02:08:23.709611+00:00
[2023-03-10T02:08:23.730+0000] {processor.py:175} INFO - Processing /home/airflow/.local/lib/python3.7/site-packages/airflow/example_dags/example_short_circuit_decorator.py took 0.088 seconds
[2023-03-10T02:08:54.406+0000] {processor.py:153} INFO - Started process (PID=1935) to work on /home/airflow/.local/lib/python3.7/site-packages/airflow/example_dags/example_short_circuit_decorator.py
[2023-03-10T02:08:54.407+0000] {processor.py:743} INFO - Processing file /home/airflow/.local/lib/python3.7/site-packages/airflow/example_dags/example_short_circuit_decorator.py for tasks to queue
[2023-03-10T02:08:54.408+0000] {logging_mixin.py:137} INFO - [2023-03-10T02:08:54.408+0000] {dagbag.py:538} INFO - Filling up the DagBag from /home/airflow/.local/lib/python3.7/site-packages/airflow/example_dags/example_short_circuit_decorator.py
[2023-03-10T02:08:54.429+0000] {processor.py:753} INFO - DAG(s) dict_keys(['example_short_circuit_decorator']) retrieved from /home/airflow/.local/lib/python3.7/site-packages/airflow/example_dags/example_short_circuit_decorator.py
[2023-03-10T02:08:54.452+0000] {logging_mixin.py:137} INFO - [2023-03-10T02:08:54.451+0000] {dag.py:2690} INFO - Sync 1 DAGs
[2023-03-10T02:08:54.487+0000] {logging_mixin.py:137} INFO - [2023-03-10T02:08:54.487+0000] {dag.py:3441} INFO - Setting next_dagrun for example_short_circuit_decorator to 2023-03-09T02:08:54.486698+00:00, run_after=2023-03-10T02:08:54.486698+00:00
[2023-03-10T02:08:54.529+0000] {processor.py:175} INFO - Processing /home/airflow/.local/lib/python3.7/site-packages/airflow/example_dags/example_short_circuit_decorator.py took 0.126 seconds
[2023-03-10T02:09:24.911+0000] {processor.py:153} INFO - Started process (PID=2205) to work on /home/airflow/.local/lib/python3.7/site-packages/airflow/example_dags/example_short_circuit_decorator.py
[2023-03-10T02:09:24.911+0000] {processor.py:743} INFO - Processing file /home/airflow/.local/lib/python3.7/site-packages/airflow/example_dags/example_short_circuit_decorator.py for tasks to queue
[2023-03-10T02:09:24.912+0000] {logging_mixin.py:137} INFO - [2023-03-10T02:09:24.912+0000] {dagbag.py:538} INFO - Filling up the DagBag from /home/airflow/.local/lib/python3.7/site-packages/airflow/example_dags/example_short_circuit_decorator.py
[2023-03-10T02:09:24.932+0000] {processor.py:753} INFO - DAG(s) dict_keys(['example_short_circuit_decorator']) retrieved from /home/airflow/.local/lib/python3.7/site-packages/airflow/example_dags/example_short_circuit_decorator.py
[2023-03-10T02:09:24.957+0000] {logging_mixin.py:137} INFO - [2023-03-10T02:09:24.957+0000] {dag.py:2690} INFO - Sync 1 DAGs
[2023-03-10T02:09:24.983+0000] {logging_mixin.py:137} INFO - [2023-03-10T02:09:24.983+0000] {dag.py:3441} INFO - Setting next_dagrun for example_short_circuit_decorator to 2023-03-09T02:09:24.982798+00:00, run_after=2023-03-10T02:09:24.982798+00:00
[2023-03-10T02:09:25.004+0000] {processor.py:175} INFO - Processing /home/airflow/.local/lib/python3.7/site-packages/airflow/example_dags/example_short_circuit_decorator.py took 0.095 seconds
