[2023-03-10T02:05:49.791+0000] {processor.py:153} INFO - Started process (PID=262) to work on /home/airflow/.local/lib/python3.7/site-packages/airflow/example_dags/tutorial_dag.py
[2023-03-10T02:05:49.791+0000] {processor.py:743} INFO - Processing file /home/airflow/.local/lib/python3.7/site-packages/airflow/example_dags/tutorial_dag.py for tasks to queue
[2023-03-10T02:05:49.792+0000] {logging_mixin.py:137} INFO - [2023-03-10T02:05:49.792+0000] {dagbag.py:538} INFO - Filling up the DagBag from /home/airflow/.local/lib/python3.7/site-packages/airflow/example_dags/tutorial_dag.py
[2023-03-10T02:05:49.805+0000] {processor.py:753} INFO - DAG(s) dict_keys(['tutorial_dag']) retrieved from /home/airflow/.local/lib/python3.7/site-packages/airflow/example_dags/tutorial_dag.py
[2023-03-10T02:05:49.817+0000] {logging_mixin.py:137} INFO - [2023-03-10T02:05:49.816+0000] {dag.py:2690} INFO - Sync 1 DAGs
[2023-03-10T02:05:49.845+0000] {logging_mixin.py:137} INFO - [2023-03-10T02:05:49.845+0000] {dag.py:3441} INFO - Setting next_dagrun for tutorial_dag to None, run_after=None
[2023-03-10T02:05:49.877+0000] {processor.py:175} INFO - Processing /home/airflow/.local/lib/python3.7/site-packages/airflow/example_dags/tutorial_dag.py took 0.089 seconds
[2023-03-10T02:06:20.358+0000] {processor.py:153} INFO - Started process (PID=534) to work on /home/airflow/.local/lib/python3.7/site-packages/airflow/example_dags/tutorial_dag.py
[2023-03-10T02:06:20.359+0000] {processor.py:743} INFO - Processing file /home/airflow/.local/lib/python3.7/site-packages/airflow/example_dags/tutorial_dag.py for tasks to queue
[2023-03-10T02:06:20.359+0000] {logging_mixin.py:137} INFO - [2023-03-10T02:06:20.359+0000] {dagbag.py:538} INFO - Filling up the DagBag from /home/airflow/.local/lib/python3.7/site-packages/airflow/example_dags/tutorial_dag.py
[2023-03-10T02:06:20.368+0000] {processor.py:753} INFO - DAG(s) dict_keys(['tutorial_dag']) retrieved from /home/airflow/.local/lib/python3.7/site-packages/airflow/example_dags/tutorial_dag.py
[2023-03-10T02:06:20.391+0000] {logging_mixin.py:137} INFO - [2023-03-10T02:06:20.391+0000] {dag.py:2690} INFO - Sync 1 DAGs
[2023-03-10T02:06:20.414+0000] {logging_mixin.py:137} INFO - [2023-03-10T02:06:20.414+0000] {dag.py:3441} INFO - Setting next_dagrun for tutorial_dag to None, run_after=None
[2023-03-10T02:06:20.434+0000] {processor.py:175} INFO - Processing /home/airflow/.local/lib/python3.7/site-packages/airflow/example_dags/tutorial_dag.py took 0.078 seconds
[2023-03-10T02:06:51.232+0000] {processor.py:153} INFO - Started process (PID=784) to work on /home/airflow/.local/lib/python3.7/site-packages/airflow/example_dags/tutorial_dag.py
[2023-03-10T02:06:51.233+0000] {processor.py:743} INFO - Processing file /home/airflow/.local/lib/python3.7/site-packages/airflow/example_dags/tutorial_dag.py for tasks to queue
[2023-03-10T02:06:51.234+0000] {logging_mixin.py:137} INFO - [2023-03-10T02:06:51.234+0000] {dagbag.py:538} INFO - Filling up the DagBag from /home/airflow/.local/lib/python3.7/site-packages/airflow/example_dags/tutorial_dag.py
[2023-03-10T02:06:51.250+0000] {processor.py:753} INFO - DAG(s) dict_keys(['tutorial_dag']) retrieved from /home/airflow/.local/lib/python3.7/site-packages/airflow/example_dags/tutorial_dag.py
[2023-03-10T02:06:51.279+0000] {logging_mixin.py:137} INFO - [2023-03-10T02:06:51.279+0000] {dag.py:2690} INFO - Sync 1 DAGs
[2023-03-10T02:06:51.306+0000] {logging_mixin.py:137} INFO - [2023-03-10T02:06:51.306+0000] {dag.py:3441} INFO - Setting next_dagrun for tutorial_dag to None, run_after=None
[2023-03-10T02:06:51.326+0000] {processor.py:175} INFO - Processing /home/airflow/.local/lib/python3.7/site-packages/airflow/example_dags/tutorial_dag.py took 0.097 seconds
[2023-03-10T02:07:21.813+0000] {processor.py:153} INFO - Started process (PID=1057) to work on /home/airflow/.local/lib/python3.7/site-packages/airflow/example_dags/tutorial_dag.py
[2023-03-10T02:07:21.813+0000] {processor.py:743} INFO - Processing file /home/airflow/.local/lib/python3.7/site-packages/airflow/example_dags/tutorial_dag.py for tasks to queue
[2023-03-10T02:07:21.814+0000] {logging_mixin.py:137} INFO - [2023-03-10T02:07:21.813+0000] {dagbag.py:538} INFO - Filling up the DagBag from /home/airflow/.local/lib/python3.7/site-packages/airflow/example_dags/tutorial_dag.py
[2023-03-10T02:07:21.824+0000] {processor.py:753} INFO - DAG(s) dict_keys(['tutorial_dag']) retrieved from /home/airflow/.local/lib/python3.7/site-packages/airflow/example_dags/tutorial_dag.py
[2023-03-10T02:07:21.845+0000] {logging_mixin.py:137} INFO - [2023-03-10T02:07:21.845+0000] {dag.py:2690} INFO - Sync 1 DAGs
[2023-03-10T02:07:21.866+0000] {logging_mixin.py:137} INFO - [2023-03-10T02:07:21.866+0000] {dag.py:3441} INFO - Setting next_dagrun for tutorial_dag to None, run_after=None
[2023-03-10T02:07:21.885+0000] {processor.py:175} INFO - Processing /home/airflow/.local/lib/python3.7/site-packages/airflow/example_dags/tutorial_dag.py took 0.075 seconds
[2023-03-10T02:07:52.182+0000] {processor.py:153} INFO - Started process (PID=1303) to work on /home/airflow/.local/lib/python3.7/site-packages/airflow/example_dags/tutorial_dag.py
[2023-03-10T02:07:52.183+0000] {processor.py:743} INFO - Processing file /home/airflow/.local/lib/python3.7/site-packages/airflow/example_dags/tutorial_dag.py for tasks to queue
[2023-03-10T02:07:52.183+0000] {logging_mixin.py:137} INFO - [2023-03-10T02:07:52.183+0000] {dagbag.py:538} INFO - Filling up the DagBag from /home/airflow/.local/lib/python3.7/site-packages/airflow/example_dags/tutorial_dag.py
[2023-03-10T02:07:52.192+0000] {processor.py:753} INFO - DAG(s) dict_keys(['tutorial_dag']) retrieved from /home/airflow/.local/lib/python3.7/site-packages/airflow/example_dags/tutorial_dag.py
[2023-03-10T02:07:52.214+0000] {logging_mixin.py:137} INFO - [2023-03-10T02:07:52.214+0000] {dag.py:2690} INFO - Sync 1 DAGs
[2023-03-10T02:07:52.235+0000] {logging_mixin.py:137} INFO - [2023-03-10T02:07:52.234+0000] {dag.py:3441} INFO - Setting next_dagrun for tutorial_dag to None, run_after=None
[2023-03-10T02:07:52.254+0000] {processor.py:175} INFO - Processing /home/airflow/.local/lib/python3.7/site-packages/airflow/example_dags/tutorial_dag.py took 0.073 seconds
[2023-03-10T02:08:22.520+0000] {processor.py:153} INFO - Started process (PID=1575) to work on /home/airflow/.local/lib/python3.7/site-packages/airflow/example_dags/tutorial_dag.py
[2023-03-10T02:08:22.520+0000] {processor.py:743} INFO - Processing file /home/airflow/.local/lib/python3.7/site-packages/airflow/example_dags/tutorial_dag.py for tasks to queue
[2023-03-10T02:08:22.521+0000] {logging_mixin.py:137} INFO - [2023-03-10T02:08:22.521+0000] {dagbag.py:538} INFO - Filling up the DagBag from /home/airflow/.local/lib/python3.7/site-packages/airflow/example_dags/tutorial_dag.py
[2023-03-10T02:08:22.531+0000] {processor.py:753} INFO - DAG(s) dict_keys(['tutorial_dag']) retrieved from /home/airflow/.local/lib/python3.7/site-packages/airflow/example_dags/tutorial_dag.py
[2023-03-10T02:08:22.554+0000] {logging_mixin.py:137} INFO - [2023-03-10T02:08:22.554+0000] {dag.py:2690} INFO - Sync 1 DAGs
[2023-03-10T02:08:22.580+0000] {logging_mixin.py:137} INFO - [2023-03-10T02:08:22.580+0000] {dag.py:3441} INFO - Setting next_dagrun for tutorial_dag to None, run_after=None
[2023-03-10T02:08:22.603+0000] {processor.py:175} INFO - Processing /home/airflow/.local/lib/python3.7/site-packages/airflow/example_dags/tutorial_dag.py took 0.086 seconds
[2023-03-10T02:08:53.067+0000] {processor.py:153} INFO - Started process (PID=1833) to work on /home/airflow/.local/lib/python3.7/site-packages/airflow/example_dags/tutorial_dag.py
[2023-03-10T02:08:53.067+0000] {processor.py:743} INFO - Processing file /home/airflow/.local/lib/python3.7/site-packages/airflow/example_dags/tutorial_dag.py for tasks to queue
[2023-03-10T02:08:53.068+0000] {logging_mixin.py:137} INFO - [2023-03-10T02:08:53.068+0000] {dagbag.py:538} INFO - Filling up the DagBag from /home/airflow/.local/lib/python3.7/site-packages/airflow/example_dags/tutorial_dag.py
[2023-03-10T02:08:53.079+0000] {processor.py:753} INFO - DAG(s) dict_keys(['tutorial_dag']) retrieved from /home/airflow/.local/lib/python3.7/site-packages/airflow/example_dags/tutorial_dag.py
[2023-03-10T02:08:53.100+0000] {logging_mixin.py:137} INFO - [2023-03-10T02:08:53.100+0000] {dag.py:2690} INFO - Sync 1 DAGs
[2023-03-10T02:08:53.125+0000] {logging_mixin.py:137} INFO - [2023-03-10T02:08:53.125+0000] {dag.py:3441} INFO - Setting next_dagrun for tutorial_dag to None, run_after=None
[2023-03-10T02:08:53.144+0000] {processor.py:175} INFO - Processing /home/airflow/.local/lib/python3.7/site-packages/airflow/example_dags/tutorial_dag.py took 0.080 seconds
[2023-03-10T02:09:23.592+0000] {processor.py:153} INFO - Started process (PID=2105) to work on /home/airflow/.local/lib/python3.7/site-packages/airflow/example_dags/tutorial_dag.py
[2023-03-10T02:09:23.593+0000] {processor.py:743} INFO - Processing file /home/airflow/.local/lib/python3.7/site-packages/airflow/example_dags/tutorial_dag.py for tasks to queue
[2023-03-10T02:09:23.594+0000] {logging_mixin.py:137} INFO - [2023-03-10T02:09:23.594+0000] {dagbag.py:538} INFO - Filling up the DagBag from /home/airflow/.local/lib/python3.7/site-packages/airflow/example_dags/tutorial_dag.py
[2023-03-10T02:09:23.604+0000] {processor.py:753} INFO - DAG(s) dict_keys(['tutorial_dag']) retrieved from /home/airflow/.local/lib/python3.7/site-packages/airflow/example_dags/tutorial_dag.py
[2023-03-10T02:09:23.627+0000] {logging_mixin.py:137} INFO - [2023-03-10T02:09:23.627+0000] {dag.py:2690} INFO - Sync 1 DAGs
[2023-03-10T02:09:23.651+0000] {logging_mixin.py:137} INFO - [2023-03-10T02:09:23.651+0000] {dag.py:3441} INFO - Setting next_dagrun for tutorial_dag to None, run_after=None
[2023-03-10T02:09:23.670+0000] {processor.py:175} INFO - Processing /home/airflow/.local/lib/python3.7/site-packages/airflow/example_dags/tutorial_dag.py took 0.080 seconds
