[2023-03-10T02:05:50.782+0000] {processor.py:153} INFO - Started process (PID=341) to work on /home/airflow/.local/lib/python3.7/site-packages/airflow/example_dags/tutorial_taskflow_api_virtualenv.py
[2023-03-10T02:05:50.782+0000] {processor.py:743} INFO - Processing file /home/airflow/.local/lib/python3.7/site-packages/airflow/example_dags/tutorial_taskflow_api_virtualenv.py for tasks to queue
[2023-03-10T02:05:50.783+0000] {logging_mixin.py:137} INFO - [2023-03-10T02:05:50.783+0000] {dagbag.py:538} INFO - Filling up the DagBag from /home/airflow/.local/lib/python3.7/site-packages/airflow/example_dags/tutorial_taskflow_api_virtualenv.py
[2023-03-10T02:05:50.808+0000] {processor.py:753} INFO - DAG(s) dict_keys(['tutorial_taskflow_api_virtualenv']) retrieved from /home/airflow/.local/lib/python3.7/site-packages/airflow/example_dags/tutorial_taskflow_api_virtualenv.py
[2023-03-10T02:05:50.822+0000] {logging_mixin.py:137} INFO - [2023-03-10T02:05:50.822+0000] {dag.py:2690} INFO - Sync 1 DAGs
[2023-03-10T02:05:50.851+0000] {logging_mixin.py:137} INFO - [2023-03-10T02:05:50.851+0000] {dag.py:3441} INFO - Setting next_dagrun for tutorial_taskflow_api_virtualenv to None, run_after=None
[2023-03-10T02:05:50.875+0000] {processor.py:175} INFO - Processing /home/airflow/.local/lib/python3.7/site-packages/airflow/example_dags/tutorial_taskflow_api_virtualenv.py took 0.097 seconds
[2023-03-10T02:06:21.350+0000] {processor.py:153} INFO - Started process (PID=604) to work on /home/airflow/.local/lib/python3.7/site-packages/airflow/example_dags/tutorial_taskflow_api_virtualenv.py
[2023-03-10T02:06:21.350+0000] {processor.py:743} INFO - Processing file /home/airflow/.local/lib/python3.7/site-packages/airflow/example_dags/tutorial_taskflow_api_virtualenv.py for tasks to queue
[2023-03-10T02:06:21.351+0000] {logging_mixin.py:137} INFO - [2023-03-10T02:06:21.351+0000] {dagbag.py:538} INFO - Filling up the DagBag from /home/airflow/.local/lib/python3.7/site-packages/airflow/example_dags/tutorial_taskflow_api_virtualenv.py
[2023-03-10T02:06:21.369+0000] {processor.py:753} INFO - DAG(s) dict_keys(['tutorial_taskflow_api_virtualenv']) retrieved from /home/airflow/.local/lib/python3.7/site-packages/airflow/example_dags/tutorial_taskflow_api_virtualenv.py
[2023-03-10T02:06:21.392+0000] {logging_mixin.py:137} INFO - [2023-03-10T02:06:21.392+0000] {dag.py:2690} INFO - Sync 1 DAGs
[2023-03-10T02:06:21.416+0000] {logging_mixin.py:137} INFO - [2023-03-10T02:06:21.416+0000] {dag.py:3441} INFO - Setting next_dagrun for tutorial_taskflow_api_virtualenv to None, run_after=None
[2023-03-10T02:06:21.435+0000] {processor.py:175} INFO - Processing /home/airflow/.local/lib/python3.7/site-packages/airflow/example_dags/tutorial_taskflow_api_virtualenv.py took 0.088 seconds
[2023-03-10T02:06:52.147+0000] {processor.py:153} INFO - Started process (PID=854) to work on /home/airflow/.local/lib/python3.7/site-packages/airflow/example_dags/tutorial_taskflow_api_virtualenv.py
[2023-03-10T02:06:52.147+0000] {processor.py:743} INFO - Processing file /home/airflow/.local/lib/python3.7/site-packages/airflow/example_dags/tutorial_taskflow_api_virtualenv.py for tasks to queue
[2023-03-10T02:06:52.148+0000] {logging_mixin.py:137} INFO - [2023-03-10T02:06:52.148+0000] {dagbag.py:538} INFO - Filling up the DagBag from /home/airflow/.local/lib/python3.7/site-packages/airflow/example_dags/tutorial_taskflow_api_virtualenv.py
[2023-03-10T02:06:52.164+0000] {processor.py:753} INFO - DAG(s) dict_keys(['tutorial_taskflow_api_virtualenv']) retrieved from /home/airflow/.local/lib/python3.7/site-packages/airflow/example_dags/tutorial_taskflow_api_virtualenv.py
[2023-03-10T02:06:52.189+0000] {logging_mixin.py:137} INFO - [2023-03-10T02:06:52.189+0000] {dag.py:2690} INFO - Sync 1 DAGs
[2023-03-10T02:06:52.215+0000] {logging_mixin.py:137} INFO - [2023-03-10T02:06:52.215+0000] {dag.py:3441} INFO - Setting next_dagrun for tutorial_taskflow_api_virtualenv to None, run_after=None
[2023-03-10T02:06:52.237+0000] {processor.py:175} INFO - Processing /home/airflow/.local/lib/python3.7/site-packages/airflow/example_dags/tutorial_taskflow_api_virtualenv.py took 0.093 seconds
[2023-03-10T02:07:22.664+0000] {processor.py:153} INFO - Started process (PID=1125) to work on /home/airflow/.local/lib/python3.7/site-packages/airflow/example_dags/tutorial_taskflow_api_virtualenv.py
[2023-03-10T02:07:22.666+0000] {processor.py:743} INFO - Processing file /home/airflow/.local/lib/python3.7/site-packages/airflow/example_dags/tutorial_taskflow_api_virtualenv.py for tasks to queue
[2023-03-10T02:07:22.666+0000] {logging_mixin.py:137} INFO - [2023-03-10T02:07:22.666+0000] {dagbag.py:538} INFO - Filling up the DagBag from /home/airflow/.local/lib/python3.7/site-packages/airflow/example_dags/tutorial_taskflow_api_virtualenv.py
[2023-03-10T02:07:22.683+0000] {processor.py:753} INFO - DAG(s) dict_keys(['tutorial_taskflow_api_virtualenv']) retrieved from /home/airflow/.local/lib/python3.7/site-packages/airflow/example_dags/tutorial_taskflow_api_virtualenv.py
[2023-03-10T02:07:22.707+0000] {logging_mixin.py:137} INFO - [2023-03-10T02:07:22.707+0000] {dag.py:2690} INFO - Sync 1 DAGs
[2023-03-10T02:07:22.729+0000] {logging_mixin.py:137} INFO - [2023-03-10T02:07:22.729+0000] {dag.py:3441} INFO - Setting next_dagrun for tutorial_taskflow_api_virtualenv to None, run_after=None
[2023-03-10T02:07:22.750+0000] {processor.py:175} INFO - Processing /home/airflow/.local/lib/python3.7/site-packages/airflow/example_dags/tutorial_taskflow_api_virtualenv.py took 0.089 seconds
[2023-03-10T02:07:53.000+0000] {processor.py:153} INFO - Started process (PID=1373) to work on /home/airflow/.local/lib/python3.7/site-packages/airflow/example_dags/tutorial_taskflow_api_virtualenv.py
[2023-03-10T02:07:53.001+0000] {processor.py:743} INFO - Processing file /home/airflow/.local/lib/python3.7/site-packages/airflow/example_dags/tutorial_taskflow_api_virtualenv.py for tasks to queue
[2023-03-10T02:07:53.002+0000] {logging_mixin.py:137} INFO - [2023-03-10T02:07:53.002+0000] {dagbag.py:538} INFO - Filling up the DagBag from /home/airflow/.local/lib/python3.7/site-packages/airflow/example_dags/tutorial_taskflow_api_virtualenv.py
[2023-03-10T02:07:53.020+0000] {processor.py:753} INFO - DAG(s) dict_keys(['tutorial_taskflow_api_virtualenv']) retrieved from /home/airflow/.local/lib/python3.7/site-packages/airflow/example_dags/tutorial_taskflow_api_virtualenv.py
[2023-03-10T02:07:53.040+0000] {logging_mixin.py:137} INFO - [2023-03-10T02:07:53.040+0000] {dag.py:2690} INFO - Sync 1 DAGs
[2023-03-10T02:07:53.062+0000] {logging_mixin.py:137} INFO - [2023-03-10T02:07:53.062+0000] {dag.py:3441} INFO - Setting next_dagrun for tutorial_taskflow_api_virtualenv to None, run_after=None
[2023-03-10T02:07:53.081+0000] {processor.py:175} INFO - Processing /home/airflow/.local/lib/python3.7/site-packages/airflow/example_dags/tutorial_taskflow_api_virtualenv.py took 0.083 seconds
[2023-03-10T02:08:23.341+0000] {processor.py:153} INFO - Started process (PID=1645) to work on /home/airflow/.local/lib/python3.7/site-packages/airflow/example_dags/tutorial_taskflow_api_virtualenv.py
[2023-03-10T02:08:23.341+0000] {processor.py:743} INFO - Processing file /home/airflow/.local/lib/python3.7/site-packages/airflow/example_dags/tutorial_taskflow_api_virtualenv.py for tasks to queue
[2023-03-10T02:08:23.342+0000] {logging_mixin.py:137} INFO - [2023-03-10T02:08:23.342+0000] {dagbag.py:538} INFO - Filling up the DagBag from /home/airflow/.local/lib/python3.7/site-packages/airflow/example_dags/tutorial_taskflow_api_virtualenv.py
[2023-03-10T02:08:23.357+0000] {processor.py:753} INFO - DAG(s) dict_keys(['tutorial_taskflow_api_virtualenv']) retrieved from /home/airflow/.local/lib/python3.7/site-packages/airflow/example_dags/tutorial_taskflow_api_virtualenv.py
[2023-03-10T02:08:23.379+0000] {logging_mixin.py:137} INFO - [2023-03-10T02:08:23.379+0000] {dag.py:2690} INFO - Sync 1 DAGs
[2023-03-10T02:08:23.402+0000] {logging_mixin.py:137} INFO - [2023-03-10T02:08:23.402+0000] {dag.py:3441} INFO - Setting next_dagrun for tutorial_taskflow_api_virtualenv to None, run_after=None
[2023-03-10T02:08:23.421+0000] {processor.py:175} INFO - Processing /home/airflow/.local/lib/python3.7/site-packages/airflow/example_dags/tutorial_taskflow_api_virtualenv.py took 0.083 seconds
[2023-03-10T02:08:53.960+0000] {processor.py:153} INFO - Started process (PID=1905) to work on /home/airflow/.local/lib/python3.7/site-packages/airflow/example_dags/tutorial_taskflow_api_virtualenv.py
[2023-03-10T02:08:53.961+0000] {processor.py:743} INFO - Processing file /home/airflow/.local/lib/python3.7/site-packages/airflow/example_dags/tutorial_taskflow_api_virtualenv.py for tasks to queue
[2023-03-10T02:08:53.962+0000] {logging_mixin.py:137} INFO - [2023-03-10T02:08:53.962+0000] {dagbag.py:538} INFO - Filling up the DagBag from /home/airflow/.local/lib/python3.7/site-packages/airflow/example_dags/tutorial_taskflow_api_virtualenv.py
[2023-03-10T02:08:53.980+0000] {processor.py:753} INFO - DAG(s) dict_keys(['tutorial_taskflow_api_virtualenv']) retrieved from /home/airflow/.local/lib/python3.7/site-packages/airflow/example_dags/tutorial_taskflow_api_virtualenv.py
[2023-03-10T02:08:54.006+0000] {logging_mixin.py:137} INFO - [2023-03-10T02:08:54.006+0000] {dag.py:2690} INFO - Sync 1 DAGs
[2023-03-10T02:08:54.030+0000] {logging_mixin.py:137} INFO - [2023-03-10T02:08:54.030+0000] {dag.py:3441} INFO - Setting next_dagrun for tutorial_taskflow_api_virtualenv to None, run_after=None
[2023-03-10T02:08:54.050+0000] {processor.py:175} INFO - Processing /home/airflow/.local/lib/python3.7/site-packages/airflow/example_dags/tutorial_taskflow_api_virtualenv.py took 0.091 seconds
[2023-03-10T02:09:24.593+0000] {processor.py:153} INFO - Started process (PID=2175) to work on /home/airflow/.local/lib/python3.7/site-packages/airflow/example_dags/tutorial_taskflow_api_virtualenv.py
[2023-03-10T02:09:24.594+0000] {processor.py:743} INFO - Processing file /home/airflow/.local/lib/python3.7/site-packages/airflow/example_dags/tutorial_taskflow_api_virtualenv.py for tasks to queue
[2023-03-10T02:09:24.594+0000] {logging_mixin.py:137} INFO - [2023-03-10T02:09:24.594+0000] {dagbag.py:538} INFO - Filling up the DagBag from /home/airflow/.local/lib/python3.7/site-packages/airflow/example_dags/tutorial_taskflow_api_virtualenv.py
[2023-03-10T02:09:24.612+0000] {processor.py:753} INFO - DAG(s) dict_keys(['tutorial_taskflow_api_virtualenv']) retrieved from /home/airflow/.local/lib/python3.7/site-packages/airflow/example_dags/tutorial_taskflow_api_virtualenv.py
[2023-03-10T02:09:24.636+0000] {logging_mixin.py:137} INFO - [2023-03-10T02:09:24.636+0000] {dag.py:2690} INFO - Sync 1 DAGs
[2023-03-10T02:09:24.661+0000] {logging_mixin.py:137} INFO - [2023-03-10T02:09:24.661+0000] {dag.py:3441} INFO - Setting next_dagrun for tutorial_taskflow_api_virtualenv to None, run_after=None
[2023-03-10T02:09:24.683+0000] {processor.py:175} INFO - Processing /home/airflow/.local/lib/python3.7/site-packages/airflow/example_dags/tutorial_taskflow_api_virtualenv.py took 0.092 seconds
