[2023-03-30T04:56:20.302+0000] {taskinstance.py:1083} INFO - Dependencies all met for <TaskInstance: ufrn_etl.drop_grupos_pesquisa manual__2023-03-30T04:56:18.612398+00:00 [queued]>
[2023-03-30T04:56:20.320+0000] {taskinstance.py:1083} INFO - Dependencies all met for <TaskInstance: ufrn_etl.drop_grupos_pesquisa manual__2023-03-30T04:56:18.612398+00:00 [queued]>
[2023-03-30T04:56:20.320+0000] {taskinstance.py:1279} INFO - 
--------------------------------------------------------------------------------
[2023-03-30T04:56:20.320+0000] {taskinstance.py:1280} INFO - Starting attempt 1 of 2
[2023-03-30T04:56:20.320+0000] {taskinstance.py:1281} INFO - 
--------------------------------------------------------------------------------
[2023-03-30T04:56:20.346+0000] {taskinstance.py:1300} INFO - Executing <Task(PythonOperator): drop_grupos_pesquisa> on 2023-03-30 04:56:18.612398+00:00
[2023-03-30T04:56:20.357+0000] {standard_task_runner.py:55} INFO - Started process 3490 to run task
[2023-03-30T04:56:20.361+0000] {standard_task_runner.py:82} INFO - Running: ['***', 'tasks', 'run', 'ufrn_etl', 'drop_grupos_pesquisa', 'manual__2023-03-30T04:56:18.612398+00:00', '--job-id', '39', '--raw', '--subdir', 'DAGS_FOLDER/ufrn_dag.py', '--cfg-path', '/tmp/tmpp8iigwqe']
[2023-03-30T04:56:20.363+0000] {standard_task_runner.py:83} INFO - Job 39: Subtask drop_grupos_pesquisa
[2023-03-30T04:56:20.440+0000] {task_command.py:388} INFO - Running <TaskInstance: ufrn_etl.drop_grupos_pesquisa manual__2023-03-30T04:56:18.612398+00:00 [running]> on host 86c02526f58b
[2023-03-30T04:56:20.521+0000] {taskinstance.py:1509} INFO - Exporting the following env vars:
AIRFLOW_CTX_DAG_EMAIL=breno.nahuz@discente.ufma.br
AIRFLOW_CTX_DAG_OWNER=***
AIRFLOW_CTX_DAG_ID=ufrn_etl
AIRFLOW_CTX_TASK_ID=drop_grupos_pesquisa
AIRFLOW_CTX_EXECUTION_DATE=2023-03-30T04:56:18.612398+00:00
AIRFLOW_CTX_TRY_NUMBER=1
AIRFLOW_CTX_DAG_RUN_ID=manual__2023-03-30T04:56:18.612398+00:00
[2023-03-30T04:56:23.562+0000] {python.py:177} INFO - Done. Returned value was: {'status': 'Success droping collection.', 'count': 0}
[2023-03-30T04:56:23.600+0000] {taskinstance.py:1323} INFO - Marking task as SUCCESS. dag_id=ufrn_etl, task_id=drop_grupos_pesquisa, execution_date=20230330T045618, start_date=20230330T045620, end_date=20230330T045623
[2023-03-30T04:56:23.673+0000] {local_task_job.py:208} INFO - Task exited with return code 0
[2023-03-30T04:56:23.734+0000] {taskinstance.py:2578} INFO - 1 downstream tasks scheduled from follow-on schedule check
