[2023-03-30T04:58:51.422+0000] {taskinstance.py:1083} INFO - Dependencies all met for <TaskInstance: ufrn_etl.run_intake_tccs manual__2023-03-30T04:58:07.091481+00:00 [queued]>
[2023-03-30T04:58:51.433+0000] {taskinstance.py:1083} INFO - Dependencies all met for <TaskInstance: ufrn_etl.run_intake_tccs manual__2023-03-30T04:58:07.091481+00:00 [queued]>
[2023-03-30T04:58:51.434+0000] {taskinstance.py:1279} INFO - 
--------------------------------------------------------------------------------
[2023-03-30T04:58:51.434+0000] {taskinstance.py:1280} INFO - Starting attempt 1 of 2
[2023-03-30T04:58:51.434+0000] {taskinstance.py:1281} INFO - 
--------------------------------------------------------------------------------
[2023-03-30T04:58:51.445+0000] {taskinstance.py:1300} INFO - Executing <Task(PythonOperator): run_intake_tccs> on 2023-03-30 04:58:07.091481+00:00
[2023-03-30T04:58:51.451+0000] {standard_task_runner.py:55} INFO - Started process 3977 to run task
[2023-03-30T04:58:51.454+0000] {standard_task_runner.py:82} INFO - Running: ['***', 'tasks', 'run', 'ufrn_etl', 'run_intake_tccs', 'manual__2023-03-30T04:58:07.091481+00:00', '--job-id', '53', '--raw', '--subdir', 'DAGS_FOLDER/ufrn_dag.py', '--cfg-path', '/tmp/tmpc_bp6y2q']
[2023-03-30T04:58:51.455+0000] {standard_task_runner.py:83} INFO - Job 53: Subtask run_intake_tccs
[2023-03-30T04:58:51.506+0000] {task_command.py:388} INFO - Running <TaskInstance: ufrn_etl.run_intake_tccs manual__2023-03-30T04:58:07.091481+00:00 [running]> on host 86c02526f58b
[2023-03-30T04:58:51.570+0000] {taskinstance.py:1509} INFO - Exporting the following env vars:
AIRFLOW_CTX_DAG_EMAIL=breno.nahuz@discente.ufma.br
AIRFLOW_CTX_DAG_OWNER=***
AIRFLOW_CTX_DAG_ID=ufrn_etl
AIRFLOW_CTX_TASK_ID=run_intake_tccs
AIRFLOW_CTX_EXECUTION_DATE=2023-03-30T04:58:07.091481+00:00
AIRFLOW_CTX_TRY_NUMBER=1
AIRFLOW_CTX_DAG_RUN_ID=manual__2023-03-30T04:58:07.091481+00:00
[2023-03-30T04:58:51.571+0000] {logging_mixin.py:137} INFO - [INFO] - Getting data from https://dados.ufrn.br/dataset/69a3c9af-86d6-41c5-9cee-846974770b68/resource/7c01071b-81a4-4793-9a63-acfcd8a1aa83/download/tccs.csv
[2023-03-30T04:59:31.256+0000] {python.py:177} INFO - Done. Returned value was: Inserted tccs
[2023-03-30T04:59:31.283+0000] {taskinstance.py:1323} INFO - Marking task as SUCCESS. dag_id=ufrn_etl, task_id=run_intake_tccs, execution_date=20230330T045807, start_date=20230330T045851, end_date=20230330T045931
[2023-03-30T04:59:31.348+0000] {local_task_job.py:208} INFO - Task exited with return code 0
[2023-03-30T04:59:31.397+0000] {taskinstance.py:2578} INFO - 1 downstream tasks scheduled from follow-on schedule check
