[2023-03-30T04:58:08.462+0000] {taskinstance.py:1083} INFO - Dependencies all met for <TaskInstance: ufrn_etl.drop_unidades manual__2023-03-30T04:58:07.091481+00:00 [queued]>
[2023-03-30T04:58:08.481+0000] {taskinstance.py:1083} INFO - Dependencies all met for <TaskInstance: ufrn_etl.drop_unidades manual__2023-03-30T04:58:07.091481+00:00 [queued]>
[2023-03-30T04:58:08.482+0000] {taskinstance.py:1279} INFO - 
--------------------------------------------------------------------------------
[2023-03-30T04:58:08.482+0000] {taskinstance.py:1280} INFO - Starting attempt 1 of 2
[2023-03-30T04:58:08.482+0000] {taskinstance.py:1281} INFO - 
--------------------------------------------------------------------------------
[2023-03-30T04:58:08.506+0000] {taskinstance.py:1300} INFO - Executing <Task(PythonOperator): drop_unidades> on 2023-03-30 04:58:07.091481+00:00
[2023-03-30T04:58:08.520+0000] {standard_task_runner.py:55} INFO - Started process 3810 to run task
[2023-03-30T04:58:08.524+0000] {standard_task_runner.py:82} INFO - Running: ['***', 'tasks', 'run', 'ufrn_etl', 'drop_unidades', 'manual__2023-03-30T04:58:07.091481+00:00', '--job-id', '50', '--raw', '--subdir', 'DAGS_FOLDER/ufrn_dag.py', '--cfg-path', '/tmp/tmpfqt8zc16']
[2023-03-30T04:58:08.526+0000] {standard_task_runner.py:83} INFO - Job 50: Subtask drop_unidades
[2023-03-30T04:58:08.595+0000] {task_command.py:388} INFO - Running <TaskInstance: ufrn_etl.drop_unidades manual__2023-03-30T04:58:07.091481+00:00 [running]> on host 86c02526f58b
[2023-03-30T04:58:08.667+0000] {taskinstance.py:1509} INFO - Exporting the following env vars:
AIRFLOW_CTX_DAG_EMAIL=breno.nahuz@discente.ufma.br
AIRFLOW_CTX_DAG_OWNER=***
AIRFLOW_CTX_DAG_ID=ufrn_etl
AIRFLOW_CTX_TASK_ID=drop_unidades
AIRFLOW_CTX_EXECUTION_DATE=2023-03-30T04:58:07.091481+00:00
AIRFLOW_CTX_TRY_NUMBER=1
AIRFLOW_CTX_DAG_RUN_ID=manual__2023-03-30T04:58:07.091481+00:00
[2023-03-30T04:58:10.500+0000] {python.py:177} INFO - Done. Returned value was: {'status': 'Success droping collection.', 'count': 0}
[2023-03-30T04:58:10.523+0000] {taskinstance.py:1323} INFO - Marking task as SUCCESS. dag_id=ufrn_etl, task_id=drop_unidades, execution_date=20230330T045807, start_date=20230330T045808, end_date=20230330T045810
[2023-03-30T04:58:10.582+0000] {local_task_job.py:208} INFO - Task exited with return code 0
[2023-03-30T04:58:10.613+0000] {taskinstance.py:2578} INFO - 1 downstream tasks scheduled from follow-on schedule check
