[2023-03-30T04:58:11.800+0000] {taskinstance.py:1083} INFO - Dependencies all met for <TaskInstance: ufrn_etl.run_intake_docentes manual__2023-03-30T04:58:07.091481+00:00 [queued]>
[2023-03-30T04:58:11.814+0000] {taskinstance.py:1083} INFO - Dependencies all met for <TaskInstance: ufrn_etl.run_intake_docentes manual__2023-03-30T04:58:07.091481+00:00 [queued]>
[2023-03-30T04:58:11.815+0000] {taskinstance.py:1279} INFO - 
--------------------------------------------------------------------------------
[2023-03-30T04:58:11.815+0000] {taskinstance.py:1280} INFO - Starting attempt 1 of 2
[2023-03-30T04:58:11.815+0000] {taskinstance.py:1281} INFO - 
--------------------------------------------------------------------------------
[2023-03-30T04:58:11.831+0000] {taskinstance.py:1300} INFO - Executing <Task(PythonOperator): run_intake_docentes> on 2023-03-30 04:58:07.091481+00:00
[2023-03-30T04:58:11.836+0000] {standard_task_runner.py:55} INFO - Started process 3855 to run task
[2023-03-30T04:58:11.840+0000] {standard_task_runner.py:82} INFO - Running: ['***', 'tasks', 'run', 'ufrn_etl', 'run_intake_docentes', 'manual__2023-03-30T04:58:07.091481+00:00', '--job-id', '51', '--raw', '--subdir', 'DAGS_FOLDER/ufrn_dag.py', '--cfg-path', '/tmp/tmpc1j_3boy']
[2023-03-30T04:58:11.841+0000] {standard_task_runner.py:83} INFO - Job 51: Subtask run_intake_docentes
[2023-03-30T04:58:11.892+0000] {task_command.py:388} INFO - Running <TaskInstance: ufrn_etl.run_intake_docentes manual__2023-03-30T04:58:07.091481+00:00 [running]> on host 86c02526f58b
[2023-03-30T04:58:11.956+0000] {taskinstance.py:1509} INFO - Exporting the following env vars:
AIRFLOW_CTX_DAG_EMAIL=breno.nahuz@discente.ufma.br
AIRFLOW_CTX_DAG_OWNER=***
AIRFLOW_CTX_DAG_ID=ufrn_etl
AIRFLOW_CTX_TASK_ID=run_intake_docentes
AIRFLOW_CTX_EXECUTION_DATE=2023-03-30T04:58:07.091481+00:00
AIRFLOW_CTX_TRY_NUMBER=1
AIRFLOW_CTX_DAG_RUN_ID=manual__2023-03-30T04:58:07.091481+00:00
[2023-03-30T04:58:11.957+0000] {logging_mixin.py:137} INFO - [INFO] - Getting data from https://dados.ufrn.br/dataset/8bf1a468-48ff-4f4d-95ee-b17b7a3a5592/resource/6a8e5461-e748-45c6-aac6-432188d88dde/download/docentes.csv
[2023-03-30T04:58:26.449+0000] {python.py:177} INFO - Done. Returned value was: Inserted docentes
[2023-03-30T04:58:26.469+0000] {taskinstance.py:1323} INFO - Marking task as SUCCESS. dag_id=ufrn_etl, task_id=run_intake_docentes, execution_date=20230330T045807, start_date=20230330T045811, end_date=20230330T045826
[2023-03-30T04:58:26.497+0000] {local_task_job.py:208} INFO - Task exited with return code 0
[2023-03-30T04:58:26.527+0000] {taskinstance.py:2578} INFO - 1 downstream tasks scheduled from follow-on schedule check
